1 1084600 351353 0 0 23.9394 0
2 1084600 327936 0 0 23.6084 0
3 1084600 287402 0 0 22.7219 0
4 1084600 273841 0 0 22.3866 0
5 1084600 247984 0 0 21.6293 0
6 1084600 221122 0 0 20.6239 0
7 1084600 205602 0 0 20.0594 0
8 1084600 190980 0 0 19.4777 0
9 1084600 184334 0 0 19.3741 0
10 1084600 162368 0 0 18.3529 0
11 1084600 156974 0 0 18.1629 0
12 1084600 146379 0 0 17.6583 0
13 1084600 131655 0 0 16.8726 0
14 1084600 128147 0 0 16.7607 0
15 1084600 123315 0 0 16.5106 0
16 1084600 117331 0 0 16.2232 0
17 1084600 116084 0 0 16.1873 0
18 1084600 107968 0 0 15.7073 0
19 1084600 104846 0 0 15.5527 0
20 1084600 102084 0 0 15.3924 0
21 1084600 97222 0 0 15.0904 0
22 1084600 95136 0 0 14.9584 0
23 1084600 92356 0 0 14.7781 0
24 1084600 89063 0 0 14.5802 0
25 1084600 86438 0 0 14.4301 0
26 1084600 83547 0 0 14.2851 0
27 1084600 77671 0 0 13.9737 0
28 1084600 72268 0 0 13.6115 0
29 1084600 68121 0 0 13.3198 0
30 1084600 64446 0 0 13.0818 0
31 1084600 60819 0 0 12.8536 0
32 1084600 57707 0 0 12.6536 0
33 1084600 54911 0 0 12.4395 0
34 1084600 52379 0 0 12.2454 0
35 1084600 50471 0 0 12.1718 0
36 1084600 48625 0 0 12.0324 0
37 1084600 46063 0 0 11.8151 0
38 1084600 43210 0 0 11.6016 0
39 1084600 40525 0 0 11.3661 0
40 1084600 37587 0 0 11.1264 0
41 1084600 35543 0 0 10.9289 0
42 1084600 32475 0 0 10.6317 0
43 1084600 29794 0 0 10.3571 0
44 1084600 27518 0 0 10.1126 0
45 1084600 25710 0 0 9.92474 0
46 1084600 23874 0 0 9.73356 0
47 1084600 22364 0 0 9.54114 0
48 1084600 21271 0 0 9.40898 0
49 1084600 19831 0 0 9.22047 0
50 1084600 18605 0 0 9.0327 0
51 1084600 17450 0 0 8.8827 0
52 1084600 16686 0 0 8.73232 0
53 1084600 15385 0 0 8.56292 0
54 1084600 14390 0 0 8.38604 0
55 1084600 13653 0 0 8.27252 0
56 1084600 12681 0 0 8.10715 0
57 1084600 11795 0 0 7.9319 0
58 1084600 10912 0 0 7.77148 0
59 1084600 10298 0 0 7.62352 0
60 1084600 9725 0 0 7.52097 0
61 1084600 9190 0 0 7.3944 0
62 1084600 8596 0 0 7.2697 0
63 1084600 8107 0 0 7.1446 0
