1 1084600 351353 49.9046 51.648 23.9394 15.5087
2 1084600 327936 49.4965 51.3975 23.6084 15.5209
3 1084600 287402 48.2874 50.4794 22.7219 15.1129
4 1084600 273841 47.8528 50.116 22.3866 15.0108
5 1084600 247984 46.8465 49.2016 21.6293 14.6723
6 1084600 221122 45.5997 48.022 20.6239 14.3543
7 1084600 205602 44.8656 47.3926 20.0594 14.29
8 1084600 190980 44.0778 46.7352 19.4777 14.0476
9 1084600 184334 43.9224 46.6473 19.3741 14.1233
10 1084600 162368 42.697 45.3863 18.3529 13.6678
11 1084600 156974 42.4485 45.0345 18.1629 13.5927
12 1084600 146379 41.8033 44.3971 17.6583 13.2896
13 1084600 131655 40.8523 43.3454 16.8726 13.1793
14 1084600 128147 40.6876 43.1901 16.7607 13.1499
15 1084600 123315 40.3647 42.9505 16.5106 13.058
16 1084600 117331 40.0085 42.6356 16.2232 12.9079
17 1084600 116084 39.9332 42.5851 16.1873 12.843
18 1084600 107968 39.3455 42.0666 15.7073 12.7503
19 1084600 104846 39.1697 41.7283 15.5527 12.6061
20 1084600 102084 38.9464 41.538 15.3924 12.5126
21 1084600 97222 38.6147 41.0666 15.0904 12.422
22 1084600 95136 38.4691 40.8069 14.9584 12.3498
23 1084600 92356 38.2379 40.6193 14.7781 12.2243
24 1084600 89063 37.9971 40.3124 14.5802 12.1472
25 1084600 86438 37.829 39.9848 14.4301 12.0503
26 1084600 83547 37.6317 39.8409 14.2851 11.9918
27 1084600 77671 37.2391 39.3152 13.9737 11.7568
28 1084600 72268 36.8077 38.7921 13.6115 11.5895
29 1084600 68121 36.475 38.2371 13.3198 11.3518
30 1084600 64446 36.1879 37.8564 13.0818 11.1665
31 1084600 60819 35.8978 37.5279 12.8536 11.0455
32 1084600 57707 35.6429 37.1604 12.6536 10.9381
33 1084600 54911 35.3914 36.7745 12.4395 10.7912
34 1084600 52379 35.1723 36.4081 12.2454 10.6304
35 1084600 50471 35.0316 36.2785 12.1718 10.5967
36 1084600 48625 34.8571 36.0498 12.0324 10.4644
37 1084600 46063 34.6223 35.6982 11.8151 10.3948
38 1084600 43210 34.3425 35.3107 11.6016 10.2685
39 1084600 40525 34.0732 34.9214 11.3661 10.0957
40 1084600 37587 33.7917 34.5348 11.1264 9.9075
41 1084600 35543 33.577 34.1686 10.9289 9.74213
42 1084600 32475 33.2213 33.6478 10.6317 9.49615
43 1084600 29794 32.9334 33.2207 10.3571 9.25234
44 1084600 27518 32.6641 32.7388 10.1126 8.98061
45 1084600 25710 32.4432 32.3883 9.92474 8.79481
46 1084600 23874 32.2215 32.0182 9.73356 8.61792
47 1084600 22364 32.009 31.6585 9.54114 8.47889
48 1084600 21271 31.8651 31.4335 9.40898 8.29596
49 1084600 19831 31.6618 31.0784 9.22047 8.13555
50 1084600 18605 31.4666 30.7524 9.0327 7.98988
51 1084600 17450 31.2926 30.4552 8.8827 7.8344
52 1084600 16686 31.1414 30.1773 8.73232 7.69129
53 1084600 15385 30.9505 29.818 8.56292 7.46266
54 1084600 14390 30.7592 29.4427 8.38604 7.27578
55 1084600 13653 30.6328 29.2533 8.27252 7.16188
56 1084600 12681 30.4373 28.8826 8.10715 7.01637
57 1084600 11795 30.2397 28.5219 7.9319 6.85977
58 1084600 10912 30.0424 28.1666 7.77148 6.69366
59 1084600 10298 29.9012 27.9122 7.62352 6.53695
60 1084600 9725 29.7595 27.6723 7.52097 6.42935
61 1084600 9190 29.5973 27.4064 7.3944 6.2989
62 1084600 8596 29.424 27.116 7.2697 6.2289
63 1084600 8107 29.2645 26.8371 7.1446 6.05187
