1 1048280 328647 49.9862 50.1032 23.1141 13.629
2 1048280 306087 49.6305 49.8555 22.8115 13.6553
3 1048280 263407 48.5511 49.0987 22.146 13.1045
4 1048280 250448 48.1958 48.8693 21.9161 12.9359
5 1048280 225530 47.3127 48.2145 21.3904 12.548
6 1048280 200269 46.3027 47.5987 20.8341 12.4393
7 1048280 186427 45.661 47.2659 20.5166 12.3661
8 1048280 173202 44.9425 46.8604 20.1591 12.2978
9 1048280 168180 44.8028 46.7007 20.0722 12.3117
10 1048280 149445 43.7173 45.9826 19.4741 12.0425
11 1048280 145305 43.4647 45.7428 19.3558 12.0116
12 1048280 136180 42.8649 45.3485 19.0291 11.9426
13 1048280 124231 42.0125 44.8514 18.5554 11.9888
14 1048280 121436 41.8463 44.6692 18.4471 11.9017
15 1048280 117399 41.5282 44.5208 18.2841 11.9402
16 1048280 113031 41.2025 44.2676 18.0882 11.8958
17 1048280 111677 41.1078 44.2558 18.0482 11.9135
18 1048280 104835 40.5396 43.8817 17.6931 11.7612
19 1048280 102560 40.352 43.635 17.5871 11.6815
20 1048280 100103 40.1134 43.4931 17.4443 11.7205
21 1048280 96532 39.8177 43.1404 17.2182 11.5945
22 1048280 94910 39.6719 42.9868 17.1406 11.5937
23 1048280 92594 39.4467 42.8065 16.9889 11.5647
24 1048280 89783 39.1838 42.5338 16.821 11.5033
25 1048280 87847 39.0123 42.3208 16.7152 11.4466
26 1048280 85707 38.8105 42.1602 16.5859 11.3669
27 1048280 81199 38.3946 41.6722 16.3023 11.2337
28 1048280 76832 37.9181 41.2148 15.9932 11.2421
29 1048280 73423 37.584 40.7546 15.7565 11.058
30 1048280 70466 37.2841 40.335 15.5421 10.9456
31 1048280 67444 36.9301 40.0745 15.319 10.9005
32 1048280 64713 36.6432 39.666 15.1125 10.8605
33 1048280 62106 36.3483 39.2608 14.8935 10.7701
34 1048280 60178 36.1259 38.9594 14.7365 10.7538
35 1048280 58531 35.9423 38.7265 14.6155 10.6832
36 1048280 56807 35.7382 38.5038 14.4673 10.6844
37 1048280 54556 35.4607 38.1448 14.2592 10.5751
38 1048280 51829 35.1062 37.6313 13.9676 10.4843
39 1048280 49338 34.7819 37.3095 13.7498 10.3816
40 1048280 46559 34.438 36.8974 13.5091 10.3049
41 1048280 44483 34.1514 36.5476 13.3049 10.1864
42 1048280 41210 33.6739 35.9268 12.9555 10.1052
43 1048280 38472 33.2785 35.4514 12.7013 9.99471
44 1048280 36027 32.9073 34.9165 12.4164 9.90915
45 1048280 33997 32.5993 34.4706 12.1926 9.74017
46 1048280 32042 32.2912 34.0766 11.9789 9.66547
47 1048280 30284 31.9986 33.5987 11.7488 9.60478
48 1048280 29073 31.7822 33.2974 11.603 9.4902
49 1048280 27346 31.4758 32.8582 11.3754 9.32881
50 1048280 25750 31.1842 32.4165 11.1564 9.26243
51 1048280 24361 30.9154 32.0465 10.9795 9.20612
52 1048280 23101 30.6643 31.6814 10.8051 9.12277
53 1048280 21690 30.4009 31.1951 10.5908 8.9962
54 1048280 20528 30.1477 30.7839 10.3853 8.89889
55 1048280 19441 29.9325 30.4204 10.2352 8.85516
56 1048280 18150 29.6324 29.8371 9.97373 8.63187
57 1048280 17035 29.4011 29.447 9.80502 8.56912
58 1048280 15820 29.1164 28.9701 9.58222 8.34212
59 1048280 14949 28.923 28.6548 9.43426 8.27982
60 1048280 14160 28.7069 28.2615 9.27555 8.17054
61 1048280 13390 28.4571 27.7973 9.05665 8.04691
62 1048280 12693 28.2366 27.461 8.90076 7.86488
63 1048280 11894 28.0276 27.0555 8.737 7.73701
