1 1048280 328647 0 0 23.1141 0
2 1048280 306087 0 0 22.8115 0
3 1048280 263407 0 0 22.146 0
4 1048280 250448 0 0 21.9161 0
5 1048280 225530 0 0 21.3904 0
6 1048280 200269 0 0 20.8341 0
7 1048280 186427 0 0 20.5166 0
8 1048280 173202 0 0 20.1591 0
9 1048280 168180 0 0 20.0722 0
10 1048280 149445 0 0 19.4741 0
11 1048280 145305 0 0 19.3558 0
12 1048280 136180 0 0 19.0291 0
13 1048280 124231 0 0 18.5554 0
14 1048280 121436 0 0 18.4471 0
15 1048280 117399 0 0 18.2841 0
16 1048280 113031 0 0 18.0882 0
17 1048280 111677 0 0 18.0482 0
18 1048280 104835 0 0 17.6931 0
19 1048280 102560 0 0 17.5871 0
20 1048280 100103 0 0 17.4443 0
21 1048280 96532 0 0 17.2182 0
22 1048280 94910 0 0 17.1406 0
23 1048280 92594 0 0 16.9889 0
24 1048280 89783 0 0 16.821 0
25 1048280 87847 0 0 16.7152 0
26 1048280 85707 0 0 16.5859 0
27 1048280 81199 0 0 16.3023 0
28 1048280 76832 0 0 15.9932 0
29 1048280 73423 0 0 15.7565 0
30 1048280 70466 0 0 15.5421 0
31 1048280 67444 0 0 15.319 0
32 1048280 64713 0 0 15.1125 0
33 1048280 62106 0 0 14.8935 0
34 1048280 60178 0 0 14.7365 0
35 1048280 58531 0 0 14.6155 0
36 1048280 56807 0 0 14.4673 0
37 1048280 54556 0 0 14.2592 0
38 1048280 51829 0 0 13.9676 0
39 1048280 49338 0 0 13.7498 0
40 1048280 46559 0 0 13.5091 0
41 1048280 44483 0 0 13.3049 0
42 1048280 41210 0 0 12.9555 0
43 1048280 38472 0 0 12.7013 0
44 1048280 36027 0 0 12.4164 0
45 1048280 33997 0 0 12.1926 0
46 1048280 32042 0 0 11.9789 0
47 1048280 30284 0 0 11.7488 0
48 1048280 29073 0 0 11.603 0
49 1048280 27346 0 0 11.3754 0
50 1048280 25750 0 0 11.1564 0
51 1048280 24361 0 0 10.9795 0
52 1048280 23101 0 0 10.8051 0
53 1048280 21690 0 0 10.5908 0
54 1048280 20528 0 0 10.3853 0
55 1048280 19441 0 0 10.2352 0
56 1048280 18150 0 0 9.97373 0
57 1048280 17035 0 0 9.80502 0
58 1048280 15820 0 0 9.58222 0
59 1048280 14949 0 0 9.43426 0
60 1048280 14160 0 0 9.27555 0
61 1048280 13390 0 0 9.05665 0
62 1048280 12693 0 0 8.90076 0
63 1048280 11894 0 0 8.737 0
