1 1843200 45712 0 0 23.5905 0
2 1843200 38840 0 0 23.1494 0
3 1843200 27709 0 0 22.4333 0
4 1843200 24088 0 0 22.1261 0
5 1843200 19030 0 0 21.6772 0
6 1843200 14964 0 0 21.1996 0
7 1843200 12859 0 0 20.921 0
8 1843200 11212 0 0 20.632 0
9 1843200 10021 0 0 20.4868 0
10 1843200 8131 0 0 20.0519 0
11 1843200 7555 0 0 19.934 0
12 1843200 6854 0 0 19.6927 0
13 1843200 5782 0 0 19.345 0
14 1843200 5495 0 0 19.2469 0
15 1843200 5366 0 0 19.1402 0
16 1843200 5087 0 0 19.0163 0
17 1843200 5023 0 0 19.0037 0
18 1843200 4593 0 0 18.7777 0
19 1843200 4465 0 0 18.6961 0
20 1843200 4529 0 0 18.6404 0
21 1843200 4132 0 0 18.4899 0
22 1843200 4044 0 0 18.3976 0
23 1843200 3939 0 0 18.3102 0
24 1843200 3821 0 0 18.2311 0
25 1843200 3683 0 0 18.134 0
26 1843200 3564 0 0 18.0615 0
27 1843200 3403 0 0 17.9204 0
28 1843200 3160 0 0 17.7252 0
29 1843200 2999 0 0 17.5764 0
30 1843200 2864 0 0 17.3774 0
31 1843200 2724 0 0 17.235 0
32 1843200 2646 0 0 17.0626 0
33 1843200 2539 0 0 16.9138 0
34 1843200 2428 0 0 16.8059 0
35 1843200 2336 0 0 16.7286 0
36 1843200 2298 0 0 16.638 0
37 1843200 2277 0 0 16.5149 0
38 1843200 2213 0 0 16.3428 0
39 1843200 2025 0 0 16.204 0
40 1843200 1947 0 0 16.041 0
41 1843200 1861 0 0 15.8843 0
42 1843200 1801 0 0 15.6885 0
43 1843200 1738 0 0 15.5287 0
44 1843200 1655 0 0 15.3115 0
45 1843200 1581 0 0 15.0988 0
46 1843200 1500 0 0 14.9872 0
47 1843200 1486 0 0 14.8306 0
48 1843200 1419 0 0 14.7063 0
49 1843200 1378 0 0 14.5443 0
50 1843200 1305 0 0 14.3573 0
51 1843200 1220 0 0 14.2725 0
52 1843200 1227 0 0 14.2329 0
53 1843200 1175 0 0 13.9698 0
54 1843200 1117 0 0 13.8899 0
55 1843200 1074 0 0 13.7525 0
56 1843200 1039 0 0 13.5742 0
57 1843200 959 0 0 13.4273 0
58 1843200 871 0 0 13.289 0
59 1843200 844 0 0 13.1976 0
60 1843200 777 0 0 13.0813 0
61 1843200 788 0 0 12.9946 0
62 1843200 758 0 0 12.8318 0
63 1843200 287 0 0 12.4881 0
