1 1843200 55550 0 0 23.92 0
2 1843200 50884 0 0 23.628 0
3 1843200 38739 0 0 22.9743 0
4 1843200 36007 0 0 22.7241 0
5 1843200 30006 0 0 22.2309 0
6 1843200 24786 0 0 21.6623 0
7 1843200 22261 0 0 21.366 0
8 1843200 19996 0 0 21.0661 0
9 1843200 18885 0 0 20.9521 0
10 1843200 15880 0 0 20.4331 0
11 1843200 15274 0 0 20.3142 0
12 1843200 14085 0 0 20.078 0
13 1843200 12591 0 0 19.6898 0
14 1843200 12227 0 0 19.6045 0
15 1843200 11842 0 0 19.5086 0
16 1843200 11184 0 0 19.3677 0
17 1843200 11109 0 0 19.3598 0
18 1843200 10390 0 0 19.1096 0
19 1843200 10096 0 0 19.0256 0
20 1843200 9858 0 0 18.9306 0
21 1843200 9368 0 0 18.7776 0
22 1843200 9198 0 0 18.7006 0
23 1843200 9042 0 0 18.6171 0
24 1843200 8572 0 0 18.4763 0
25 1843200 8411 0 0 18.3775 0
26 1843200 8159 0 0 18.298 0
27 1843200 7752 0 0 18.1169 0
28 1843200 7311 0 0 17.8688 0
29 1843200 6982 0 0 17.7587 0
30 1843200 6634 0 0 17.5461 0
31 1843200 6416 0 0 17.4403 0
32 1843200 6187 0 0 17.2693 0
33 1843200 5991 0 0 17.1299 0
34 1843200 5818 0 0 17.0026 0
35 1843200 5706 0 0 16.9569 0
36 1843200 5557 0 0 16.853 0
37 1843200 5396 0 0 16.7347 0
38 1843200 5184 0 0 16.5634 0
39 1843200 5000 0 0 16.4295 0
40 1843200 4806 0 0 16.2809 0
41 1843200 4646 0 0 16.1154 0
42 1843200 4437 0 0 15.9011 0
43 1843200 4243 0 0 15.704 0
44 1843200 4051 0 0 15.4648 0
45 1843200 3910 0 0 15.2818 0
46 1843200 3737 0 0 15.1471 0
47 1843200 3601 0 0 14.9895 0
48 1843200 3504 0 0 14.8406 0
49 1843200 3356 0 0 14.6478 0
50 1843200 3283 0 0 14.5131 0
51 1843200 3169 0 0 14.4332 0
52 1843200 3095 0 0 14.3306 0
53 1843200 2957 0 0 14.1039 0
54 1843200 2869 0 0 13.9872 0
55 1843200 2804 0 0 13.8856 0
56 1843200 2716 0 0 13.6923 0
57 1843200 2629 0 0 13.5887 0
58 1843200 2554 0 0 13.4514 0
59 1843200 2482 0 0 13.349 0
60 1843200 2445 0 0 13.2878 0
61 1843200 2391 0 0 13.1747 0
62 1843200 2344 0 0 13.0803 0
63 1843200 2291 0 0 12.9937 0
