1 1002048 630974 0 0 28.6327 0
2 1002048 595644 0 0 28.1989 0
3 1002048 542281 0 0 26.8916 0
4 1002048 518429 0 0 26.4444 0
5 1002048 480041 0 0 25.3834 0
6 1002048 433801 0 0 23.8695 0
7 1002048 407025 0 0 23.1019 0
8 1002048 381964 0 0 22.3065 0
9 1002048 371635 0 0 22.1512 0
10 1002048 334071 0 0 20.9027 0
11 1002048 324888 0 0 20.7085 0
12 1002048 305084 0 0 20.0799 0
13 1002048 278328 0 0 19.0803 0
14 1002048 272475 0 0 18.9299 0
15 1002048 263149 0 0 18.6132 0
16 1002048 253161 0 0 18.2413 0
17 1002048 250114 0 0 18.1829 0
18 1002048 234155 0 0 17.5943 0
19 1002048 229136 0 0 17.4268 0
20 1002048 223038 0 0 17.1942 0
21 1002048 214823 0 0 16.8788 0
22 1002048 211046 0 0 16.7571 0
23 1002048 205523 0 0 16.522 0
24 1002048 199097 0 0 16.2689 0
25 1002048 194816 0 0 16.138 0
26 1002048 189646 0 0 15.9366 0
27 1002048 179358 0 0 15.5544 0
28 1002048 169300 0 0 15.1158 0
29 1002048 161881 0 0 14.838 0
30 1002048 154788 0 0 14.5596 0
31 1002048 147750 0 0 14.2771 0
32 1002048 141654 0 0 14.0299 0
33 1002048 135878 0 0 13.7841 0
34 1002048 131105 0 0 13.5472 0
35 1002048 127236 0 0 13.4201 0
36 1002048 123214 0 0 13.2501 0
37 1002048 118268 0 0 13.0182 0
38 1002048 112049 0 0 12.7258 0
39 1002048 106083 0 0 12.4476 0
40 1002048 99900 0 0 12.1857 0
41 1002048 95207 0 0 11.9755 0
42 1002048 88011 0 0 11.6108 0
43 1002048 81744 0 0 11.3158 0
44 1002048 76631 0 0 11.0169 0
45 1002048 71717 0 0 10.7544 0
46 1002048 67682 0 0 10.5385 0
47 1002048 63665 0 0 10.3043 0
48 1002048 61132 0 0 10.1429 0
49 1002048 57232 0 0 9.90181 0
50 1002048 53723 0 0 9.6535 0
51 1002048 50711 0 0 9.44243 0
52 1002048 48112 0 0 9.24185 0
53 1002048 45005 0 0 9.04521 0
54 1002048 42262 0 0 8.82491 0
55 1002048 40033 0 0 8.6603 0
56 1002048 37281 0 0 8.45099 0
57 1002048 35060 0 0 8.25034 0
58 1002048 32663 0 0 8.03834 0
59 1002048 30745 0 0 7.88539 0
60 1002048 29062 0 0 7.73721 0
61 1002048 27584 0 0 7.5574 0
62 1002048 25998 0 0 7.38177 0
63 1002048 24443 0 0 7.21851 0
