1 1019592 710459 49.1633 57.9082 29.1479 15.1964
2 1019592 672495 48.7282 57.6499 28.6879 15.1873
3 1019592 619051 47.141 56.4451 27.0818 15.0703
4 1019592 592228 46.6296 56.0909 26.5781 15.1117
5 1019592 552074 45.3407 54.8765 25.2696 15.1878
6 1019592 501910 43.8295 53.3638 23.5282 15.0323
7 1019592 473315 42.9362 52.7003 22.6586 15.0432
8 1019592 446253 41.9802 51.61 21.7613 15.0107
9 1019592 434333 41.7903 51.1423 21.5956 15.026
10 1019592 393384 40.427 49.6035 20.2843 14.9789
11 1019592 382444 40.1 49.1321 20.0503 15.0237
12 1019592 359992 39.344 48.1669 19.3635 14.8661
13 1019592 330813 38.2624 46.6597 18.3653 14.9338
14 1019592 324098 38.0645 46.3239 18.1954 14.8214
15 1019592 313711 37.6854 46.0026 17.8698 14.8513
16 1019592 303056 37.2925 45.4229 17.506 14.6203
17 1019592 298884 37.1432 45.3216 17.4114 14.7305
18 1019592 281657 36.4691 44.5383 16.8174 14.7494
19 1019592 275681 36.264 44.1094 16.6368 14.6492
20 1019592 269083 35.9783 43.8665 16.3954 14.5928
21 1019592 259542 35.6234 43.3008 16.0539 14.6152
22 1019592 254960 35.4499 42.9465 15.8983 14.5827
23 1019592 248900 35.198 42.7022 15.6636 14.4738
24 1019592 241445 34.8902 42.2125 15.3975 14.3694
25 1019592 235945 34.6931 41.8285 15.2215 14.3072
26 1019592 229792 34.4491 41.4945 15.004 14.3592
27 1019592 217597 33.9753 40.7652 14.5929 14.2889
28 1019592 205150 33.4479 39.9283 14.1016 14.2315
29 1019592 195769 33.0742 39.3235 13.7826 14.0706
30 1019592 186891 32.7164 38.6957 13.4501 13.9381
31 1019592 178115 32.3222 38.2093 13.1124 13.751
32 1019592 170509 32.0242 37.7203 12.8508 13.8841
33 1019592 162931 31.6949 37.1208 12.5349 13.6966
34 1019592 156935 31.4447 36.6775 12.3088 13.4891
35 1019592 151809 31.2201 36.2795 12.1305 13.3809
36 1019592 146830 31.0026 36.0132 11.9497 13.4864
37 1019592 140191 30.7089 35.5438 11.6725 13.3309
38 1019592 132316 30.3474 34.9251 11.3458 13.1702
39 1019592 124695 29.9888 34.4361 11.0396 13.0637
40 1019592 116811 29.6188 33.8951 10.7046 12.9645
41 1019592 110690 29.3171 33.3633 10.4153 12.7912
42 1019592 101279 28.854 32.5417 9.96551 12.4141
43 1019592 93593 28.4567 31.8717 9.58574 12.3377
44 1019592 86964 28.1099 31.1439 9.21685 12.0237
45 1019592 80990 27.792 30.5954 8.91338 11.8331
46 1019592 75500 27.4926 29.9995 8.59865 11.5789
47 1019592 70638 27.2147 29.4276 8.30547 11.32
48 1019592 67240 27.016 29.1094 8.13641 11.2069
49 1019592 62768 26.7371 28.6067 7.85631 10.9699
50 1019592 58584 26.4555 27.9859 7.54821 10.6614
51 1019592 54811 26.2166 27.563 7.32646 10.4901
52 1019592 51566 25.9833 27.0713 7.06163 10.2291
53 1019592 47824 25.7513 26.5899 6.82204 9.9982
54 1019592 44314 25.5028 26.0627 6.54808 9.68629
55 1019592 41683 25.3112 25.6956 6.35759 9.53166
56 1019592 38235 25.0501 25.0808 6.05134 9.13415
57 1019592 35221 24.8037 24.5246 5.77655 8.77849
58 1019592 31839 24.5545 23.998 5.49544 8.43545
59 1019592 29655 24.363 23.6259 5.30424 8.19076
60 1019592 27525 24.1759 23.2511 5.1222 7.97357
61 1019592 25387 23.9521 22.8019 4.89514 7.6965
62 1019592 23361 23.7469 22.4215 4.70011 7.45238
63 1019592 21279 23.5485 22.0564 4.50925 7.22694
