1 1019592 710459 0 0 29.1479 0
2 1019592 672495 0 0 28.6879 0
3 1019592 619051 0 0 27.0818 0
4 1019592 592228 0 0 26.5781 0
5 1019592 552074 0 0 25.2696 0
6 1019592 501910 0 0 23.5282 0
7 1019592 473315 0 0 22.6586 0
8 1019592 446253 0 0 21.7613 0
9 1019592 434333 0 0 21.5956 0
10 1019592 393384 0 0 20.2843 0
11 1019592 382444 0 0 20.0503 0
12 1019592 359992 0 0 19.3635 0
13 1019592 330813 0 0 18.3653 0
14 1019592 324098 0 0 18.1954 0
15 1019592 313711 0 0 17.8698 0
16 1019592 303056 0 0 17.506 0
17 1019592 298884 0 0 17.4114 0
18 1019592 281657 0 0 16.8174 0
19 1019592 275681 0 0 16.6368 0
20 1019592 269083 0 0 16.3954 0
21 1019592 259542 0 0 16.0539 0
22 1019592 254960 0 0 15.8983 0
23 1019592 248900 0 0 15.6636 0
24 1019592 241445 0 0 15.3975 0
25 1019592 235945 0 0 15.2215 0
26 1019592 229792 0 0 15.004 0
27 1019592 217597 0 0 14.5929 0
28 1019592 205150 0 0 14.1016 0
29 1019592 195769 0 0 13.7826 0
30 1019592 186891 0 0 13.4501 0
31 1019592 178115 0 0 13.1124 0
32 1019592 170509 0 0 12.8508 0
33 1019592 162931 0 0 12.5349 0
34 1019592 156935 0 0 12.3088 0
35 1019592 151809 0 0 12.1305 0
36 1019592 146830 0 0 11.9497 0
37 1019592 140191 0 0 11.6725 0
38 1019592 132316 0 0 11.3458 0
39 1019592 124695 0 0 11.0396 0
40 1019592 116811 0 0 10.7046 0
41 1019592 110690 0 0 10.4153 0
42 1019592 101279 0 0 9.96551 0
43 1019592 93593 0 0 9.58574 0
44 1019592 86964 0 0 9.21685 0
45 1019592 80990 0 0 8.91338 0
46 1019592 75500 0 0 8.59865 0
47 1019592 70638 0 0 8.30547 0
48 1019592 67240 0 0 8.13641 0
49 1019592 62768 0 0 7.85631 0
50 1019592 58584 0 0 7.54821 0
51 1019592 54811 0 0 7.32646 0
52 1019592 51566 0 0 7.06163 0
53 1019592 47824 0 0 6.82204 0
54 1019592 44314 0 0 6.54808 0
55 1019592 41683 0 0 6.35759 0
56 1019592 38235 0 0 6.05134 0
57 1019592 35221 0 0 5.77655 0
58 1019592 31839 0 0 5.49544 0
59 1019592 29655 0 0 5.30424 0
60 1019592 27525 0 0 5.1222 0
61 1019592 25387 0 0 4.89514 0
62 1019592 23361 0 0 4.70011 0
63 1019592 21279 0 0 4.50925 0
