1 921600 634487 0 0 26.6391 0
2 921600 599386 0 0 26.1065 0
3 921600 546454 0 0 24.5012 0
4 921600 522291 0 0 24.0076 0
5 921600 482765 0 0 22.8899 0
6 921600 435219 0 0 21.4174 0
7 921600 407797 0 0 20.7249 0
8 921600 382047 0 0 20.0239 0
9 921600 372008 0 0 19.8821 0
10 921600 333622 0 0 18.7789 0
11 921600 324659 0 0 18.6012 0
12 921600 304524 0 0 18.0305 0
13 921600 278466 0 0 17.1835 0
14 921600 272617 0 0 17.0445 0
15 921600 263379 0 0 16.7576 0
16 921600 253699 0 0 16.4532 0
17 921600 250630 0 0 16.3955 0
18 921600 234802 0 0 15.8755 0
19 921600 230069 0 0 15.7276 0
20 921600 224150 0 0 15.5248 0
21 921600 216015 0 0 15.2107 0
22 921600 212383 0 0 15.0716 0
23 921600 206792 0 0 14.8659 0
24 921600 200357 0 0 14.6363 0
25 921600 196005 0 0 14.4767 0
26 921600 190946 0 0 14.2905 0
27 921600 181093 0 0 13.9429 0
28 921600 170934 0 0 13.5185 0
29 921600 163490 0 0 13.1992 0
30 921600 156715 0 0 12.9331 0
31 921600 149829 0 0 12.6562 0
32 921600 143963 0 0 12.4122 0
33 921600 138188 0 0 12.1528 0
34 921600 133629 0 0 11.9727 0
35 921600 129450 0 0 11.8441 0
36 921600 125601 0 0 11.6355 0
37 921600 120643 0 0 11.4133 0
38 921600 114589 0 0 11.1039 0
39 921600 108406 0 0 10.8118 0
40 921600 102384 0 0 10.5224 0
41 921600 97734 0 0 10.3104 0
42 921600 90344 0 0 9.95 0
43 921600 83724 0 0 9.60862 0
44 921600 78641 0 0 9.32834 0
45 921600 73778 0 0 9.04078 0
46 921600 69289 0 0 8.80769 0
47 921600 65180 0 0 8.54228 0
48 921600 62293 0 0 8.35806 0
49 921600 58334 0 0 8.11901 0
50 921600 54637 0 0 7.88674 0
51 921600 51544 0 0 7.66103 0
52 921600 48862 0 0 7.44772 0
53 921600 45420 0 0 7.23843 0
54 921600 42472 0 0 7.00784 0
55 921600 40120 0 0 6.83829 0
56 921600 37217 0 0 6.61867 0
57 921600 34295 0 0 6.4072 0
58 921600 31488 0 0 6.16295 0
59 921600 29550 0 0 6.00336 0
60 921600 27497 0 0 5.81888 0
61 921600 25548 0 0 5.61784 0
62 921600 23819 0 0 5.44653 0
63 921600 21898 0 0 5.25609 0
