1 921600 427318 0 0 25.5756 0
2 921600 398386 0 0 24.9267 0
3 921600 346267 0 0 23.3335 0
4 921600 323373 0 0 22.5644 0
5 921600 285444 0 0 21.5629 0
6 921600 244724 0 0 20.4703 0
7 921600 221802 0 0 19.913 0
8 921600 201006 0 0 19.3219 0
9 921600 193002 0 0 19.0651 0
10 921600 164179 0 0 18.1881 0
11 921600 157870 0 0 17.9453 0
12 921600 145040 0 0 17.4969 0
13 921600 128706 0 0 16.8244 0
14 921600 124585 0 0 16.6453 0
15 921600 120388 0 0 16.4613 0
16 921600 114651 0 0 16.1904 0
17 921600 112785 0 0 16.1406 0
18 921600 103640 0 0 15.6968 0
19 921600 101043 0 0 15.5732 0
20 921600 97784 0 0 15.4058 0
21 921600 93186 0 0 15.141 0
22 921600 91659 0 0 15.0252 0
23 921600 87476 0 0 14.8235 0
24 921600 84233 0 0 14.6324 0
25 921600 81361 0 0 14.4836 0
26 921600 78929 0 0 14.313 0
27 921600 73753 0 0 13.9936 0
28 921600 68775 0 0 13.6234 0
29 921600 64731 0 0 13.333 0
30 921600 61030 0 0 13.0559 0
31 921600 57903 0 0 12.8205 0
32 921600 55117 0 0 12.6002 0
33 921600 52047 0 0 12.347 0
34 921600 49859 0 0 12.1654 0
35 921600 47756 0 0 12.0217 0
36 921600 45919 0 0 11.8464 0
37 921600 43865 0 0 11.6264 0
38 921600 40985 0 0 11.3873 0
39 921600 38429 0 0 11.0919 0
40 921600 36256 0 0 10.8488 0
41 921600 34147 0 0 10.6438 0
42 921600 31243 0 0 10.2833 0
43 921600 28402 0 0 9.96601 0
44 921600 26430 0 0 9.66361 0
45 921600 24681 0 0 9.41806 0
46 921600 22885 0 0 9.18569 0
47 921600 21310 0 0 8.93308 0
48 921600 20361 0 0 8.76576 0
49 921600 18922 0 0 8.5139 0
50 921600 17533 0 0 8.26832 0
51 921600 16360 0 0 8.04848 0
52 921600 15387 0 0 7.85327 0
53 921600 14196 0 0 7.66079 0
54 921600 13076 0 0 7.44055 0
55 921600 12115 0 0 7.26248 0
56 921600 11089 0 0 7.05075 0
57 921600 10094 0 0 6.83168 0
58 921600 9091 0 0 6.59722 0
59 921600 8451 0 0 6.41949 0
60 921600 7681 0 0 6.24841 0
61 921600 7012 0 0 6.00307 0
62 921600 6586 0 0 5.84481 0
63 921600 2809 0 0 5.10267 0
