1 921600 444263 0 0 25.8511 0
2 921600 412796 0 0 25.1864 0
3 921600 361616 0 0 23.5995 0
4 921600 336700 0 0 22.7641 0
5 921600 299430 0 0 21.6639 0
6 921600 258108 0 0 20.5276 0
7 921600 234785 0 0 19.9447 0
8 921600 213137 0 0 19.3438 0
9 921600 203511 0 0 19.0679 0
10 921600 173992 0 0 18.1121 0
11 921600 166624 0 0 17.8827 0
12 921600 153447 0 0 17.3967 0
13 921600 135287 0 0 16.6878 0
14 921600 130532 0 0 16.5092 0
15 921600 126127 0 0 16.3045 0
16 921600 119390 0 0 16.0332 0
17 921600 118187 0 0 15.9966 0
18 921600 108794 0 0 15.5241 0
19 921600 106033 0 0 15.3978 0
20 921600 102386 0 0 15.2369 0
21 921600 97345 0 0 14.9583 0
22 921600 95468 0 0 14.829 0
23 921600 91074 0 0 14.6139 0
24 921600 87573 0 0 14.4452 0
25 921600 84995 0 0 14.2975 0
26 921600 82113 0 0 14.1176 0
27 921600 76155 0 0 13.7935 0
28 921600 70328 0 0 13.4237 0
29 921600 66551 0 0 13.1254 0
30 921600 61572 0 0 12.8473 0
31 921600 58657 0 0 12.5998 0
32 921600 55774 0 0 12.3834 0
33 921600 52689 0 0 12.1429 0
34 921600 50185 0 0 11.9579 0
35 921600 48052 0 0 11.8226 0
36 921600 46331 0 0 11.6461 0
37 921600 43731 0 0 11.419 0
38 921600 40945 0 0 11.1653 0
39 921600 37837 0 0 10.8631 0
40 921600 35459 0 0 10.6181 0
41 921600 33588 0 0 10.4144 0
42 921600 30212 0 0 10.0395 0
43 921600 28003 0 0 9.73515 0
44 921600 25736 0 0 9.42779 0
45 921600 23858 0 0 9.20297 0
46 921600 21960 0 0 8.95859 0
47 921600 20554 0 0 8.72076 0
48 921600 19398 0 0 8.52763 0
49 921600 18166 0 0 8.29049 0
50 921600 16756 0 0 8.0513 0
51 921600 15690 0 0 7.82354 0
52 921600 14966 0 0 7.63266 0
53 921600 13707 0 0 7.43697 0
54 921600 12607 0 0 7.2134 0
55 921600 11654 0 0 7.04141 0
56 921600 10537 0 0 6.81676 0
57 921600 9655 0 0 6.61342 0
58 921600 8692 0 0 6.37813 0
59 921600 7971 0 0 6.2055 0
60 921600 7324 0 0 6.03497 0
61 921600 6861 0 0 5.81482 0
62 921600 6181 0 0 5.64389 0
63 921600 2089 0 0 5.09815 0
