1 202752 20470 0 0 21.0664 0
2 202752 17177 0 0 20.1396 0
3 202752 12118 0 0 19.161 0
4 202752 10782 0 0 18.7735 0
5 202752 8425 0 0 18.3559 0
6 202752 6397 0 0 17.9368 0
7 202752 5553 0 0 17.6257 0
8 202752 4808 0 0 17.3345 0
9 202752 4298 0 0 17.1772 0
10 202752 3501 0 0 16.6849 0
11 202752 3279 0 0 16.5602 0
12 202752 2984 0 0 16.3134 0
13 202752 2534 0 0 15.9034 0
14 202752 2313 0 0 15.7741 0
15 202752 2291 0 0 15.6561 0
16 202752 2097 0 0 15.496 0
17 202752 2045 0 0 15.4431 0
18 202752 1927 0 0 15.2285 0
19 202752 1865 0 0 15.1413 0
20 202752 1790 0 0 15.0518 0
21 202752 1726 0 0 14.9278 0
22 202752 1702 0 0 14.8987 0
23 202752 1557 0 0 14.7523 0
24 202752 1535 0 0 14.6111 0
25 202752 1417 0 0 14.5341 0
26 202752 1395 0 0 14.3869 0
27 202752 1257 0 0 14.1859 0
28 202752 1213 0 0 14.0096 0
29 202752 1100 0 0 13.7658 0
30 202752 1062 0 0 13.5938 0
31 202752 995 0 0 13.4072 0
32 202752 973 0 0 13.2572 0
33 202752 859 0 0 13.0111 0
34 202752 865 0 0 12.9323 0
35 202752 848 0 0 12.759 0
36 202752 798 0 0 12.7072 0
37 202752 777 0 0 12.5573 0
38 202752 773 0 0 12.3752 0
39 202752 676 0 0 12.1223 0
40 202752 617 0 0 11.9313 0
41 202752 606 0 0 11.6897 0
42 202752 557 0 0 11.5168 0
43 202752 527 0 0 11.298 0
44 202752 486 0 0 10.9636 0
45 202752 463 0 0 10.7357 0
46 202752 452 0 0 10.534 0
47 202752 445 0 0 10.4093 0
48 202752 432 0 0 10.2503 0
49 202752 399 0 0 10.0252 0
50 202752 397 0 0 9.95834 0
51 202752 377 0 0 9.81118 0
52 202752 343 0 0 9.5808 0
53 202752 330 0 0 9.35477 0
54 202752 318 0 0 9.03847 0
55 202752 298 0 0 9.00914 0
56 202752 306 0 0 8.76285 0
57 202752 312 0 0 8.61722 0
58 202752 288 0 0 8.32499 0
59 202752 257 0 0 8.14926 0
60 202752 239 0 0 8.0461 0
61 202752 240 0 0 7.85634 0
62 202752 217 0 0 7.71885 0
63 202752 207 0 0 7.60889 0
