1 202752 32063 0 0 21.4534 0
2 202752 29473 0 0 20.8894 0
3 202752 24096 0 0 19.8505 0
4 202752 22751 0 0 19.5233 0
5 202752 19831 0 0 18.9848 0
6 202752 17152 0 0 18.3276 0
7 202752 15616 0 0 17.9263 0
8 202752 14314 0 0 17.6034 0
9 202752 13815 0 0 17.4934 0
10 202752 11941 0 0 16.9068 0
11 202752 11558 0 0 16.7969 0
12 202752 10736 0 0 16.5235 0
13 202752 9610 0 0 16.0678 0
14 202752 9442 0 0 15.992 0
15 202752 9080 0 0 15.8722 0
16 202752 8599 0 0 15.668 0
17 202752 8541 0 0 15.6338 0
18 202752 7927 0 0 15.3814 0
19 202752 7713 0 0 15.3075 0
20 202752 7564 0 0 15.1967 0
21 202752 7286 0 0 15.0293 0
22 202752 7110 0 0 14.9929 0
23 202752 6975 0 0 14.8619 0
24 202752 6743 0 0 14.7041 0
25 202752 6559 0 0 14.6393 0
26 202752 6387 0 0 14.4825 0
27 202752 5970 0 0 14.2614 0
28 202752 5670 0 0 14.0416 0
29 202752 5413 0 0 13.8065 0
30 202752 5192 0 0 13.6278 0
31 202752 4936 0 0 13.4341 0
32 202752 4739 0 0 13.2418 0
33 202752 4530 0 0 13.0014 0
34 202752 4346 0 0 12.8992 0
35 202752 4200 0 0 12.7285 0
36 202752 4151 0 0 12.6702 0
37 202752 3943 0 0 12.4938 0
38 202752 3695 0 0 12.2478 0
39 202752 3532 0 0 12.0511 0
40 202752 3335 0 0 11.8866 0
41 202752 3181 0 0 11.6097 0
42 202752 2982 0 0 11.4168 0
43 202752 2798 0 0 11.1771 0
44 202752 2639 0 0 10.874 0
45 202752 2497 0 0 10.7002 0
46 202752 2383 0 0 10.456 0
47 202752 2296 0 0 10.2971 0
48 202752 2214 0 0 10.1586 0
49 202752 2082 0 0 9.89822 0
50 202752 2003 0 0 9.78807 0
51 202752 1915 0 0 9.59996 0
52 202752 1844 0 0 9.44499 0
53 202752 1744 0 0 9.15886 0
54 202752 1621 0 0 8.8243 0
55 202752 1529 0 0 8.78605 0
56 202752 1465 0 0 8.50456 0
57 202752 1359 0 0 8.28669 0
58 202752 1278 0 0 8.04902 0
59 202752 1195 0 0 7.92667 0
60 202752 1165 0 0 7.77337 0
61 202752 1111 0 0 7.62027 0
62 202752 1050 0 0 7.51667 0
63 202752 1013 0 0 7.40857 0
