1 1843200 444263 0 0 25.8511 0
2 1843200 412796 0 0 25.1864 0
3 1843200 361616 0 0 23.5995 0
4 1843200 336700 0 0 22.7641 0
5 1843200 299430 0 0 21.6639 0
6 1843200 258108 0 0 20.5276 0
7 1843200 234785 0 0 19.9447 0
8 1843200 213137 0 0 19.3438 0
9 1843200 203511 0 0 19.0679 0
10 1843200 173992 0 0 18.1121 0
11 1843200 166624 0 0 17.8827 0
12 1843200 153447 0 0 17.3967 0
13 1843200 135287 0 0 16.6878 0
14 1843200 130532 0 0 16.5092 0
15 1843200 126127 0 0 16.3045 0
16 1843200 119390 0 0 16.0332 0
17 1843200 118187 0 0 15.9966 0
18 1843200 108794 0 0 15.5241 0
19 1843200 106033 0 0 15.3978 0
20 1843200 102386 0 0 15.2369 0
21 1843200 97345 0 0 14.9583 0
22 1843200 95468 0 0 14.829 0
23 1843200 91074 0 0 14.6139 0
24 1843200 87573 0 0 14.4452 0
25 1843200 84995 0 0 14.2975 0
26 1843200 82113 0 0 14.1176 0
27 1843200 76155 0 0 13.7935 0
28 1843200 70328 0 0 13.4237 0
29 1843200 66551 0 0 13.1254 0
30 1843200 61572 0 0 12.8473 0
31 1843200 58657 0 0 12.5998 0
32 1843200 55774 0 0 12.3834 0
33 1843200 52689 0 0 12.1429 0
34 1843200 50185 0 0 11.9579 0
35 1843200 48052 0 0 11.8226 0
36 1843200 46331 0 0 11.6461 0
37 1843200 43731 0 0 11.419 0
38 1843200 40945 0 0 11.1653 0
39 1843200 37837 0 0 10.8631 0
40 1843200 35459 0 0 10.6181 0
41 1843200 33588 0 0 10.4144 0
42 1843200 30212 0 0 10.0395 0
43 1843200 28003 0 0 9.73515 0
44 1843200 25736 0 0 9.42779 0
45 1843200 23858 0 0 9.20297 0
46 1843200 21960 0 0 8.95859 0
47 1843200 20554 0 0 8.72076 0
48 1843200 19398 0 0 8.52763 0
49 1843200 18166 0 0 8.29049 0
50 1843200 16756 0 0 8.0513 0
51 1843200 15690 0 0 7.82354 0
52 1843200 14966 0 0 7.63266 0
53 1843200 13707 0 0 7.43697 0
54 1843200 12607 0 0 7.2134 0
55 1843200 11654 0 0 7.04141 0
56 1843200 10537 0 0 6.81676 0
57 1843200 9655 0 0 6.61342 0
58 1843200 8692 0 0 6.37813 0
59 1843200 7971 0 0 6.2055 0
60 1843200 7324 0 0 6.03497 0
61 1843200 6861 0 0 5.81482 0
62 1843200 6181 0 0 5.64389 0
63 1843200 2089 0 0 5.09815 0
