1 1843200 634487 0 0 26.6391 0
2 1843200 599386 0 0 26.1065 0
3 1843200 546454 0 0 24.5012 0
4 1843200 522291 0 0 24.0076 0
5 1843200 482765 0 0 22.8899 0
6 1843200 435219 0 0 21.4174 0
7 1843200 407797 0 0 20.7249 0
8 1843200 382047 0 0 20.0239 0
9 1843200 372008 0 0 19.8821 0
10 1843200 333622 0 0 18.7789 0
11 1843200 324659 0 0 18.6012 0
12 1843200 304524 0 0 18.0305 0
13 1843200 278466 0 0 17.1835 0
14 1843200 272617 0 0 17.0445 0
15 1843200 263379 0 0 16.7576 0
16 1843200 253699 0 0 16.4532 0
17 1843200 250630 0 0 16.3955 0
18 1843200 234802 0 0 15.8755 0
19 1843200 230069 0 0 15.7276 0
20 1843200 224150 0 0 15.5248 0
21 1843200 216015 0 0 15.2107 0
22 1843200 212383 0 0 15.0716 0
23 1843200 206792 0 0 14.8659 0
24 1843200 200357 0 0 14.6363 0
25 1843200 196005 0 0 14.4767 0
26 1843200 190946 0 0 14.2905 0
27 1843200 181093 0 0 13.9429 0
28 1843200 170934 0 0 13.5185 0
29 1843200 163490 0 0 13.1992 0
30 1843200 156715 0 0 12.9331 0
31 1843200 149829 0 0 12.6562 0
32 1843200 143963 0 0 12.4122 0
33 1843200 138188 0 0 12.1528 0
34 1843200 133629 0 0 11.9727 0
35 1843200 129450 0 0 11.8441 0
36 1843200 125601 0 0 11.6355 0
37 1843200 120643 0 0 11.4133 0
38 1843200 114589 0 0 11.1039 0
39 1843200 108406 0 0 10.8118 0
40 1843200 102384 0 0 10.5224 0
41 1843200 97734 0 0 10.3104 0
42 1843200 90344 0 0 9.95 0
43 1843200 83724 0 0 9.60862 0
44 1843200 78641 0 0 9.32834 0
45 1843200 73778 0 0 9.04078 0
46 1843200 69289 0 0 8.80769 0
47 1843200 65180 0 0 8.54228 0
48 1843200 62293 0 0 8.35806 0
49 1843200 58334 0 0 8.11901 0
50 1843200 54637 0 0 7.88674 0
51 1843200 51544 0 0 7.66103 0
52 1843200 48862 0 0 7.44772 0
53 1843200 45420 0 0 7.23843 0
54 1843200 42472 0 0 7.00784 0
55 1843200 40120 0 0 6.83829 0
56 1843200 37217 0 0 6.61867 0
57 1843200 34295 0 0 6.4072 0
58 1843200 31488 0 0 6.16295 0
59 1843200 29550 0 0 6.00336 0
60 1843200 27497 0 0 5.81888 0
61 1843200 25548 0 0 5.61784 0
62 1843200 23819 0 0 5.44653 0
63 1843200 21898 0 0 5.25609 0
