1 76032 3450 0 0 21.7025 0
2 76032 2753 0 0 20.8549 0
3 76032 1891 0 0 20.0519 0
4 76032 1510 0 0 19.4189 0
5 76032 1097 0 0 18.8108 0
6 76032 778 0 0 17.8755 0
7 76032 668 0 0 17.3594 0
8 76032 547 0 0 16.8162 0
9 76032 452 0 0 16.6027 0
10 76032 347 0 0 15.6445 0
11 76032 290 0 0 15.5247 0
12 76032 271 0 0 15.0113 0
13 76032 216 0 0 14.2425 0
14 76032 182 0 0 14.1588 0
15 76032 187 0 0 13.9328 0
16 76032 161 0 0 13.5904 0
17 76032 172 0 0 13.616 0
18 76032 161 0 0 13.1158 0
19 76032 144 0 0 13.0449 0
20 76032 149 0 0 12.8618 0
21 76032 137 0 0 12.6004 0
22 76032 155 0 0 12.5562 0
23 76032 127 0 0 12.4059 0
24 76032 129 0 0 12.2184 0
25 76032 125 0 0 12.11 0
26 76032 126 0 0 11.9515 0
27 76032 99 0 0 11.6514 0
28 76032 99 0 0 11.3336 0
29 76032 115 0 0 11.1403 0
30 76032 84 0 0 10.8757 0
31 76032 99 0 0 10.6793 0
32 76032 110 0 0 10.5872 0
33 76032 114 0 0 10.3526 0
34 76032 93 0 0 10.2107 0
35 76032 94 0 0 10.0997 0
36 76032 111 0 0 9.99852 0
37 76032 112 0 0 9.88132 0
38 76032 90 0 0 9.61865 0
39 76032 86 0 0 9.48782 0
40 76032 89 0 0 9.2488 0
41 76032 74 0 0 9.15262 0
42 76032 100 0 0 8.94777 0
43 76032 72 0 0 8.75207 0
44 76032 78 0 0 8.48391 0
45 76032 70 0 0 8.45205 0
46 76032 84 0 0 8.30905 0
47 76032 58 0 0 8.08278 0
48 76032 68 0 0 7.89699 0
49 76032 63 0 0 7.79028 0
50 76032 63 0 0 7.70856 0
51 76032 59 0 0 7.55443 0
52 76032 48 0 0 7.46652 0
53 76032 76 0 0 7.42576 0
54 76032 62 0 0 7.17547 0
55 76032 57 0 0 7.15757 0
56 76032 51 0 0 7.06259 0
57 76032 41 0 0 6.96951 0
58 76032 54 0 0 6.92615 0
59 76032 56 0 0 6.80018 0
60 76032 48 0 0 6.78095 0
61 76032 55 0 0 6.74932 0
62 76032 50 0 0 6.64708 0
63 76032 39 0 0 6.58221 0
