1 25344 3349 0 0 21.839 0
2 25344 2791 0 0 20.9997 0
3 25344 1813 0 0 20.1058 0
4 25344 1525 0 0 19.4435 0
5 25344 1061 0 0 18.7982 0
6 25344 725 0 0 17.8458 0
7 25344 612 0 0 17.3411 0
8 25344 544 0 0 16.752 0
9 25344 459 0 0 16.5013 0
10 25344 344 0 0 15.5935 0
11 25344 296 0 0 15.4628 0
12 25344 237 0 0 14.9381 0
13 25344 232 0 0 14.2042 0
14 25344 192 0 0 14.1144 0
15 25344 191 0 0 13.8817 0
16 25344 175 0 0 13.5633 0
17 25344 171 0 0 13.5863 0
18 25344 158 0 0 13.0672 0
19 25344 159 0 0 13.0139 0
20 25344 157 0 0 12.8247 0
21 25344 132 0 0 12.5566 0
22 25344 141 0 0 12.4887 0
23 25344 120 0 0 12.3416 0
24 25344 122 0 0 12.188 0
25 25344 125 0 0 12.0701 0
26 25344 111 0 0 11.9158 0
27 25344 112 0 0 11.6327 0
28 25344 90 0 0 11.3172 0
29 25344 70 0 0 11.129 0
30 25344 84 0 0 10.8608 0
31 25344 76 0 0 10.6843 0
32 25344 69 0 0 10.5681 0
33 25344 89 0 0 10.353 0
34 25344 70 0 0 10.2048 0
35 25344 64 0 0 10.0921 0
36 25344 69 0 0 9.99782 0
37 25344 47 0 0 9.85826 0
38 25344 68 0 0 9.63621 0
39 25344 55 0 0 9.4718 0
40 25344 62 0 0 9.26252 0
41 25344 56 0 0 9.14398 0
42 25344 43 0 0 8.94958 0
43 25344 41 0 0 8.74768 0
44 25344 45 0 0 8.4938 0
45 25344 37 0 0 8.45811 0
46 25344 32 0 0 8.30854 0
47 25344 38 0 0 8.08445 0
48 25344 37 0 0 7.90878 0
49 25344 30 0 0 7.79084 0
50 25344 36 0 0 7.70754 0
51 25344 30 0 0 7.55666 0
52 25344 41 0 0 7.48334 0
53 25344 37 0 0 7.4382 0
54 25344 47 0 0 7.20474 0
55 25344 33 0 0 7.17116 0
56 25344 34 0 0 7.07179 0
57 25344 32 0 0 6.98041 0
58 25344 27 0 0 6.93142 0
59 25344 28 0 0 6.81825 0
60 25344 29 0 0 6.79449 0
61 25344 24 0 0 6.75515 0
62 25344 25 0 0 6.64278 0
63 25344 21 0 0 6.57807 0
