1 76032 11004 0 0 22.2519 0
2 76032 10304 0 0 21.9156 0
3 76032 9084 0 0 20.8313 0
4 76032 8607 0 0 20.3948 0
5 76032 7832 0 0 19.5781 0
6 76032 6911 0 0 18.3991 0
7 76032 6385 0 0 17.7396 0
8 76032 5900 0 0 17.0773 0
9 76032 5708 0 0 16.9396 0
10 76032 4975 0 0 15.8047 0
11 76032 4861 0 0 15.7395 0
12 76032 4509 0 0 15.165 0
13 76032 4008 0 0 14.3697 0
14 76032 3909 0 0 14.3092 0
15 76032 3754 0 0 14.0421 0
16 76032 3564 0 0 13.6808 0
17 76032 3555 0 0 13.7037 0
18 76032 3269 0 0 13.142 0
19 76032 3192 0 0 13.0681 0
20 76032 3107 0 0 12.8791 0
21 76032 2942 0 0 12.606 0
22 76032 2905 0 0 12.5465 0
23 76032 2838 0 0 12.4207 0
24 76032 2740 0 0 12.2194 0
25 76032 2681 0 0 12.1071 0
26 76032 2587 0 0 11.9427 0
27 76032 2440 0 0 11.6534 0
28 76032 2252 0 0 11.3301 0
29 76032 2176 0 0 11.1118 0
30 76032 2064 0 0 10.8759 0
31 76032 1981 0 0 10.6599 0
32 76032 1890 0 0 10.5498 0
33 76032 1787 0 0 10.2957 0
34 76032 1723 0 0 10.1807 0
35 76032 1664 0 0 10.0524 0
36 76032 1617 0 0 9.94227 0
37 76032 1551 0 0 9.82045 0
38 76032 1466 0 0 9.57093 0
39 76032 1392 0 0 9.44468 0
40 76032 1304 0 0 9.19515 0
41 76032 1252 0 0 9.0937 0
42 76032 1179 0 0 8.85724 0
43 76032 1096 0 0 8.68645 0
44 76032 1026 0 0 8.42898 0
45 76032 1000 0 0 8.38955 0
46 76032 927 0 0 8.22582 0
47 76032 879 0 0 8.03576 0
48 76032 829 0 0 7.85296 0
49 76032 774 0 0 7.71655 0
50 76032 738 0 0 7.64966 0
51 76032 693 0 0 7.49028 0
52 76032 677 0 0 7.42101 0
53 76032 625 0 0 7.33063 0
54 76032 575 0 0 7.1316 0
55 76032 562 0 0 7.08796 0
56 76032 528 0 0 6.9974 0
57 76032 500 0 0 6.93323 0
58 76032 478 0 0 6.87792 0
59 76032 438 0 0 6.77265 0
60 76032 425 0 0 6.7496 0
61 76032 405 0 0 6.66491 0
62 76032 393 0 0 6.60582 0
63 76032 382 0 0 6.56053 0
