1 811008 179060 0 0 25.4302 0
2 811008 169142 0 0 25.0182 0
3 811008 151372 0 0 23.6129 0
4 811008 144734 0 0 23.1877 0
5 811008 131928 0 0 22.1288 0
6 811008 117887 0 0 20.8945 0
7 811008 109471 0 0 20.1243 0
8 811008 101565 0 0 19.3617 0
9 811008 98472 0 0 19.2007 0
10 811008 87070 0 0 18.0477 0
11 811008 84479 0 0 17.8481 0
12 811008 78929 0 0 17.2659 0
13 811008 71490 0 0 16.4114 0
14 811008 69813 0 0 16.2395 0
15 811008 67372 0 0 15.9587 0
16 811008 64689 0 0 15.6313 0
17 811008 63949 0 0 15.572 0
18 811008 59752 0 0 15.054 0
19 811008 58322 0 0 14.8882 0
20 811008 56931 0 0 14.6925 0
21 811008 54626 0 0 14.3942 0
22 811008 53602 0 0 14.2374 0
23 811008 52243 0 0 14.0333 0
24 811008 50556 0 0 13.7519 0
25 811008 49166 0 0 13.6019 0
26 811008 47734 0 0 13.3953 0
27 811008 44946 0 0 13.005 0
28 811008 42200 0 0 12.553 0
29 811008 40170 0 0 12.2526 0
30 811008 38256 0 0 11.9488 0
31 811008 36451 0 0 11.6446 0
32 811008 34750 0 0 11.4025 0
33 811008 33212 0 0 11.095 0
34 811008 31898 0 0 10.8236 0
35 811008 30847 0 0 10.6292 0
36 811008 29733 0 0 10.4322 0
37 811008 28375 0 0 10.177 0
38 811008 26772 0 0 9.88866 0
39 811008 25195 0 0 9.53686 0
40 811008 23630 0 0 9.20998 0
41 811008 22361 0 0 8.94914 0
42 811008 20344 0 0 8.47244 0
43 811008 18658 0 0 8.13367 0
44 811008 17310 0 0 7.79202 0
45 811008 15990 0 0 7.5018 0
46 811008 14847 0 0 7.2222 0
47 811008 13880 0 0 6.95181 0
48 811008 13128 0 0 6.76973 0
49 811008 12137 0 0 6.52437 0
50 811008 11239 0 0 6.26911 0
51 811008 10450 0 0 6.01489 0
52 811008 9833 0 0 5.84474 0
53 811008 9048 0 0 5.62748 0
54 811008 8312 0 0 5.43554 0
55 811008 7737 0 0 5.26956 0
56 811008 7111 0 0 5.10623 0
57 811008 6500 0 0 4.92316 0
58 811008 5863 0 0 4.74953 0
59 811008 5383 0 0 4.59214 0
60 811008 4958 0 0 4.46549 0
61 811008 4681 0 0 4.35539 0
62 811008 4313 0 0 4.25504 0
63 811008 3999 0 0 4.14077 0
