1 811008 140409 0 0 25.2381 0
2 811008 130113 0 0 24.6364 0
3 811008 110594 0 0 23.0649 0
4 811008 103070 0 0 22.4225 0
5 811008 89753 0 0 21.3314 0
6 811008 75638 0 0 20.2442 0
7 811008 67613 0 0 19.5413 0
8 811008 60359 0 0 18.8475 0
9 811008 56932 0 0 18.5097 0
10 811008 46291 0 0 17.3736 0
11 811008 43633 0 0 17.1121 0
12 811008 38902 0 0 16.5683 0
13 811008 32348 0 0 15.7464 0
14 811008 30592 0 0 15.5473 0
15 811008 29300 0 0 15.3474 0
16 811008 27072 0 0 15.0511 0
17 811008 26604 0 0 14.9997 0
18 811008 23325 0 0 14.4955 0
19 811008 22603 0 0 14.3792 0
20 811008 21381 0 0 14.2075 0
21 811008 19725 0 0 13.9101 0
22 811008 18981 0 0 13.7775 0
23 811008 17960 0 0 13.5881 0
24 811008 16776 0 0 13.3622 0
25 811008 16003 0 0 13.1816 0
26 811008 14998 0 0 13.0345 0
27 811008 13450 0 0 12.7175 0
28 811008 12122 0 0 12.3697 0
29 811008 11137 0 0 12.0715 0
30 811008 10084 0 0 11.7915 0
31 811008 9408 0 0 11.5284 0
32 811008 8838 0 0 11.3094 0
33 811008 8373 0 0 11.053 0
34 811008 7866 0 0 10.8554 0
35 811008 7584 0 0 10.709 0
36 811008 7260 0 0 10.5199 0
37 811008 6647 0 0 10.2447 0
38 811008 6374 0 0 10.0102 0
39 811008 5907 0 0 9.70428 0
40 811008 5426 0 0 9.40907 0
41 811008 5232 0 0 9.17933 0
42 811008 4853 0 0 8.75511 0
43 811008 4461 0 0 8.42023 0
44 811008 4215 0 0 8.09289 0
45 811008 3844 0 0 7.79078 0
46 811008 3609 0 0 7.5249 0
47 811008 3392 0 0 7.26726 0
48 811008 3249 0 0 7.08958 0
49 811008 3085 0 0 6.82833 0
50 811008 2821 0 0 6.54471 0
51 811008 2715 0 0 6.30744 0
52 811008 2564 0 0 6.11792 0
53 811008 2356 0 0 5.9008 0
54 811008 2173 0 0 5.67451 0
55 811008 1970 0 0 5.48488 0
56 811008 1911 0 0 5.28905 0
57 811008 1714 0 0 5.11688 0
58 811008 1602 0 0 4.90466 0
59 811008 1466 0 0 4.73515 0
60 811008 1336 0 0 4.60569 0
61 811008 1282 0 0 4.48858 0
62 811008 1133 0 0 4.37782 0
63 811008 536 0 0 4.15137 0
