1 1216512 179060 0 0 25.4302 0
2 1216512 169142 0 0 25.0182 0
3 1216512 151372 0 0 23.6129 0
4 1216512 144734 0 0 23.1877 0
5 1216512 131928 0 0 22.1288 0
6 1216512 117887 0 0 20.8945 0
7 1216512 109471 0 0 20.1243 0
8 1216512 101565 0 0 19.3617 0
9 1216512 98472 0 0 19.2007 0
10 1216512 87070 0 0 18.0477 0
11 1216512 84479 0 0 17.8481 0
12 1216512 78929 0 0 17.2659 0
13 1216512 71490 0 0 16.4114 0
14 1216512 69813 0 0 16.2395 0
15 1216512 67372 0 0 15.9587 0
16 1216512 64689 0 0 15.6313 0
17 1216512 63949 0 0 15.572 0
18 1216512 59752 0 0 15.054 0
19 1216512 58322 0 0 14.8882 0
20 1216512 56931 0 0 14.6925 0
21 1216512 54626 0 0 14.3942 0
22 1216512 53602 0 0 14.2374 0
23 1216512 52243 0 0 14.0333 0
24 1216512 50556 0 0 13.7519 0
25 1216512 49166 0 0 13.6019 0
26 1216512 47734 0 0 13.3953 0
27 1216512 44946 0 0 13.005 0
28 1216512 42200 0 0 12.553 0
29 1216512 40170 0 0 12.2526 0
30 1216512 38256 0 0 11.9488 0
31 1216512 36451 0 0 11.6446 0
32 1216512 34750 0 0 11.4025 0
33 1216512 33212 0 0 11.095 0
34 1216512 31898 0 0 10.8236 0
35 1216512 30847 0 0 10.6292 0
36 1216512 29733 0 0 10.4322 0
37 1216512 28375 0 0 10.177 0
38 1216512 26772 0 0 9.88866 0
39 1216512 25195 0 0 9.53686 0
40 1216512 23630 0 0 9.20998 0
41 1216512 22361 0 0 8.94914 0
42 1216512 20344 0 0 8.47244 0
43 1216512 18658 0 0 8.13367 0
44 1216512 17310 0 0 7.79202 0
45 1216512 15990 0 0 7.5018 0
46 1216512 14847 0 0 7.2222 0
47 1216512 13880 0 0 6.95181 0
48 1216512 13128 0 0 6.76973 0
49 1216512 12137 0 0 6.52437 0
50 1216512 11239 0 0 6.26911 0
51 1216512 10450 0 0 6.01489 0
52 1216512 9833 0 0 5.84474 0
53 1216512 9048 0 0 5.62748 0
54 1216512 8312 0 0 5.43554 0
55 1216512 7737 0 0 5.26956 0
56 1216512 7111 0 0 5.10623 0
57 1216512 6500 0 0 4.92316 0
58 1216512 5863 0 0 4.74953 0
59 1216512 5383 0 0 4.59214 0
60 1216512 4958 0 0 4.46549 0
61 1216512 4681 0 0 4.35539 0
62 1216512 4313 0 0 4.25504 0
63 1216512 3999 0 0 4.14077 0
