1 1216512 140409 0 0 25.2381 0
2 1216512 130113 0 0 24.6364 0
3 1216512 110594 0 0 23.0649 0
4 1216512 103070 0 0 22.4225 0
5 1216512 89753 0 0 21.3314 0
6 1216512 75638 0 0 20.2442 0
7 1216512 67613 0 0 19.5413 0
8 1216512 60359 0 0 18.8475 0
9 1216512 56932 0 0 18.5097 0
10 1216512 46291 0 0 17.3736 0
11 1216512 43633 0 0 17.1121 0
12 1216512 38902 0 0 16.5683 0
13 1216512 32348 0 0 15.7464 0
14 1216512 30592 0 0 15.5473 0
15 1216512 29300 0 0 15.3474 0
16 1216512 27072 0 0 15.0511 0
17 1216512 26604 0 0 14.9997 0
18 1216512 23325 0 0 14.4955 0
19 1216512 22603 0 0 14.3792 0
20 1216512 21381 0 0 14.2075 0
21 1216512 19725 0 0 13.9101 0
22 1216512 18981 0 0 13.7775 0
23 1216512 17960 0 0 13.5881 0
24 1216512 16776 0 0 13.3622 0
25 1216512 16003 0 0 13.1816 0
26 1216512 14998 0 0 13.0345 0
27 1216512 13450 0 0 12.7175 0
28 1216512 12122 0 0 12.3697 0
29 1216512 11137 0 0 12.0715 0
30 1216512 10084 0 0 11.7915 0
31 1216512 9408 0 0 11.5284 0
32 1216512 8838 0 0 11.3094 0
33 1216512 8373 0 0 11.053 0
34 1216512 7866 0 0 10.8554 0
35 1216512 7584 0 0 10.709 0
36 1216512 7260 0 0 10.5199 0
37 1216512 6647 0 0 10.2447 0
38 1216512 6374 0 0 10.0102 0
39 1216512 5907 0 0 9.70428 0
40 1216512 5426 0 0 9.40907 0
41 1216512 5232 0 0 9.17933 0
42 1216512 4853 0 0 8.75511 0
43 1216512 4461 0 0 8.42023 0
44 1216512 4215 0 0 8.09289 0
45 1216512 3844 0 0 7.79078 0
46 1216512 3609 0 0 7.5249 0
47 1216512 3392 0 0 7.26726 0
48 1216512 3249 0 0 7.08958 0
49 1216512 3085 0 0 6.82833 0
50 1216512 2821 0 0 6.54471 0
51 1216512 2715 0 0 6.30744 0
52 1216512 2564 0 0 6.11792 0
53 1216512 2356 0 0 5.9008 0
54 1216512 2173 0 0 5.67451 0
55 1216512 1970 0 0 5.48488 0
56 1216512 1911 0 0 5.28905 0
57 1216512 1714 0 0 5.11688 0
58 1216512 1602 0 0 4.90466 0
59 1216512 1466 0 0 4.73515 0
60 1216512 1336 0 0 4.60569 0
61 1216512 1282 0 0 4.48858 0
62 1216512 1133 0 0 4.37782 0
63 1216512 536 0 0 4.15137 0
