1 1216512 136824 0 0 25.094 0
2 1216512 127208 0 0 24.4616 0
3 1216512 108613 0 0 23.051 0
4 1216512 100270 0 0 22.3735 0
5 1216512 87946 0 0 21.4121 0
6 1216512 73993 0 0 20.3564 0
7 1216512 66607 0 0 19.6383 0
8 1216512 58872 0 0 18.9195 0
9 1216512 55366 0 0 18.5979 0
10 1216512 44589 0 0 17.4908 0
11 1216512 42019 0 0 17.2127 0
12 1216512 37308 0 0 16.681 0
13 1216512 31305 0 0 15.9692 0
14 1216512 29674 0 0 15.7102 0
15 1216512 28407 0 0 15.5373 0
16 1216512 26159 0 0 15.2434 0
17 1216512 25918 0 0 15.186 0
18 1216512 22673 0 0 14.7051 0
19 1216512 21922 0 0 14.571 0
20 1216512 21104 0 0 14.4222 0
21 1216512 19315 0 0 14.0896 0
22 1216512 18628 0 0 13.9905 0
23 1216512 17415 0 0 13.7813 0
24 1216512 16488 0 0 13.5611 0
25 1216512 15590 0 0 13.4003 0
26 1216512 14991 0 0 13.2672 0
27 1216512 13243 0 0 12.9045 0
28 1216512 11957 0 0 12.5629 0
29 1216512 10819 0 0 12.2537 0
30 1216512 9851 0 0 11.9822 0
31 1216512 9330 0 0 11.7397 0
32 1216512 8606 0 0 11.4728 0
33 1216512 8009 0 0 11.2345 0
34 1216512 7611 0 0 11.0252 0
35 1216512 7289 0 0 10.8507 0
36 1216512 6885 0 0 10.6682 0
37 1216512 6469 0 0 10.4088 0
38 1216512 6106 0 0 10.1564 0
39 1216512 5652 0 0 9.8538 0
40 1216512 5315 0 0 9.58402 0
41 1216512 5063 0 0 9.35284 0
42 1216512 4702 0 0 8.93605 0
43 1216512 4352 0 0 8.59489 0
44 1216512 4082 0 0 8.27433 0
45 1216512 3775 0 0 7.95686 0
46 1216512 3539 0 0 7.68661 0
47 1216512 3324 0 0 7.42161 0
48 1216512 3134 0 0 7.2115 0
49 1216512 2978 0 0 6.95443 0
50 1216512 2731 0 0 6.6702 0
51 1216512 2591 0 0 6.43235 0
52 1216512 2434 0 0 6.25271 0
53 1216512 2338 0 0 6.00673 0
54 1216512 2191 0 0 5.77864 0
55 1216512 2071 0 0 5.60559 0
56 1216512 1907 0 0 5.39331 0
57 1216512 1735 0 0 5.21854 0
58 1216512 1616 0 0 4.97054 0
59 1216512 1474 0 0 4.81114 0
60 1216512 1467 0 0 4.67462 0
61 1216512 1293 0 0 4.52963 0
62 1216512 1211 0 0 4.4263 0
63 1216512 710 0 0 4.13848 0
