1 202752 25887 0 0 21.8113 0
2 202752 24052 0 0 21.3855 0
3 202752 19540 0 0 20.3397 0
4 202752 18452 0 0 20.0173 0
5 202752 15903 0 0 19.4214 0
6 202752 13560 0 0 18.8228 0
7 202752 12358 0 0 18.4589 0
8 202752 11247 0 0 18.1438 0
9 202752 10868 0 0 18.0583 0
10 202752 9521 0 0 17.6099 0
11 202752 9244 0 0 17.5309 0
12 202752 8678 0 0 17.2857 0
13 202752 7876 0 0 16.9428 0
14 202752 7715 0 0 16.8603 0
15 202752 7437 0 0 16.7412 0
16 202752 7132 0 0 16.5642 0
17 202752 7063 0 0 16.5504 0
18 202752 6631 0 0 16.3007 0
19 202752 6464 0 0 16.1859 0
20 202752 6316 0 0 16.1408 0
21 202752 6037 0 0 15.9188 0
22 202752 5936 0 0 15.8399 0
23 202752 5823 0 0 15.7992 0
24 202752 5665 0 0 15.6231 0
25 202752 5527 0 0 15.5222 0
26 202752 5407 0 0 15.4777 0
27 202752 5108 0 0 15.2372 0
28 202752 4838 0 0 15.0049 0
29 202752 4645 0 0 14.7878 0
30 202752 4447 0 0 14.6614 0
31 202752 4272 0 0 14.4983 0
32 202752 4101 0 0 14.3605 0
33 202752 3951 0 0 14.2022 0
34 202752 3875 0 0 14.1432 0
35 202752 3734 0 0 14.0097 0
36 202752 3632 0 0 13.9867 0
37 202752 3504 0 0 13.8316 0
38 202752 3392 0 0 13.6712 0
39 202752 3231 0 0 13.4378 0
40 202752 3081 0 0 13.2727 0
41 202752 2972 0 0 13.161 0
42 202752 2771 0 0 12.8393 0
43 202752 2661 0 0 12.6038 0
44 202752 2518 0 0 12.3812 0
45 202752 2438 0 0 12.1868 0
46 202752 2309 0 0 11.9201 0
47 202752 2206 0 0 11.771 0
48 202752 2117 0 0 11.6522 0
49 202752 2027 0 0 11.4389 0
50 202752 1950 0 0 11.2165 0
51 202752 1858 0 0 11.0144 0
52 202752 1809 0 0 10.8246 0
53 202752 1695 0 0 10.562 0
54 202752 1625 0 0 10.4272 0
55 202752 1553 0 0 10.2886 0
56 202752 1482 0 0 10.0727 0
57 202752 1428 0 0 9.92546 0
58 202752 1354 0 0 9.75876 0
59 202752 1280 0 0 9.60599 0
60 202752 1212 0 0 9.36788 0
61 202752 1168 0 0 9.24396 0
62 202752 1123 0 0 9.02129 0
63 202752 1075 0 0 8.90889 0
