1 101376 6674 0 0 21.6991 0
2 101376 5261 0 0 21.1247 0
3 101376 3653 0 0 20.1082 0
4 101376 2949 0 0 19.7265 0
5 101376 2323 0 0 19.158 0
6 101376 1536 0 0 18.5891 0
7 101376 1372 0 0 18.3034 0
8 101376 1205 0 0 18.0215 0
9 101376 926 0 0 17.8989 0
10 101376 699 0 0 17.4938 0
11 101376 564 0 0 17.3726 0
12 101376 583 0 0 17.1617 0
13 101376 453 0 0 16.8202 0
14 101376 422 0 0 16.7248 0
15 101376 468 0 0 16.6229 0
16 101376 386 0 0 16.4771 0
17 101376 408 0 0 16.4691 0
18 101376 346 0 0 16.2345 0
19 101376 338 0 0 16.1229 0
20 101376 373 0 0 16.092 0
21 101376 375 0 0 15.9341 0
22 101376 391 0 0 15.8598 0
23 101376 390 0 0 15.8307 0
24 101376 363 0 0 15.6689 0
25 101376 388 0 0 15.5861 0
26 101376 314 0 0 15.5015 0
27 101376 321 0 0 15.299 0
28 101376 317 0 0 15.0688 0
29 101376 283 0 0 14.8493 0
30 101376 264 0 0 14.747 0
31 101376 244 0 0 14.5926 0
32 101376 238 0 0 14.4451 0
33 101376 200 0 0 14.2779 0
34 101376 235 0 0 14.238 0
35 101376 196 0 0 14.1111 0
36 101376 202 0 0 14.0755 0
37 101376 213 0 0 13.9278 0
38 101376 219 0 0 13.7945 0
39 101376 197 0 0 13.5735 0
40 101376 190 0 0 13.4254 0
41 101376 158 0 0 13.2805 0
42 101376 185 0 0 13.0588 0
43 101376 205 0 0 12.8382 0
44 101376 192 0 0 12.6026 0
45 101376 203 0 0 12.4529 0
46 101376 192 0 0 12.1731 0
47 101376 165 0 0 11.9553 0
48 101376 164 0 0 11.7975 0
49 101376 163 0 0 11.6428 0
50 101376 188 0 0 11.4318 0
51 101376 159 0 0 11.1924 0
52 101376 147 0 0 10.965 0
53 101376 151 0 0 10.7241 0
54 101376 130 0 0 10.5782 0
55 101376 129 0 0 10.4213 0
56 101376 134 0 0 10.2037 0
57 101376 151 0 0 10.0634 0
58 101376 125 0 0 9.91985 0
59 101376 107 0 0 9.7253 0
60 101376 133 0 0 9.51875 0
61 101376 122 0 0 9.3631 0
62 101376 117 0 0 9.16017 0
63 101376 110 0 0 9.04421 0
