1 1843200 474299 0 0 29.3522 0
2 1843200 444187 0 0 28.7606 0
3 1843200 390817 0 0 27.0819 0
4 1843200 369792 0 0 26.3832 0
5 1843200 327739 0 0 25.0979 0
6 1843200 275330 0 0 23.4666 0
7 1843200 244290 0 0 22.6804 0
8 1843200 214818 0 0 21.8941 0
9 1843200 206157 0 0 21.5661 0
10 1843200 162586 0 0 20.4327 0
11 1843200 156025 0 0 20.1865 0
12 1843200 137918 0 0 19.6928 0
13 1843200 114675 0 0 19.0486 0
14 1843200 109069 0 0 18.8568 0
15 1843200 103284 0 0 18.6853 0
16 1843200 95366 0 0 18.4454 0
17 1843200 94474 0 0 18.3902 0
18 1843200 83683 0 0 18.0241 0
19 1843200 81084 0 0 17.8986 0
20 1843200 78514 0 0 17.7797 0
21 1843200 72994 0 0 17.5474 0
22 1843200 70771 0 0 17.4397 0
23 1843200 67119 0 0 17.2618 0
24 1843200 64275 0 0 17.1058 0
25 1843200 60898 0 0 16.9693 0
26 1843200 58104 0 0 16.7987 0
27 1843200 52847 0 0 16.5393 0
28 1843200 47647 0 0 16.2091 0
29 1843200 44648 0 0 15.9841 0
30 1843200 40843 0 0 15.7065 0
31 1843200 38137 0 0 15.4861 0
32 1843200 35656 0 0 15.3041 0
33 1843200 33443 0 0 15.0603 0
34 1843200 31613 0 0 14.8866 0
35 1843200 30331 0 0 14.7472 0
36 1843200 28602 0 0 14.6132 0
37 1843200 26644 0 0 14.3916 0
38 1843200 24796 0 0 14.1513 0
39 1843200 22747 0 0 13.8902 0
40 1843200 21052 0 0 13.6503 0
41 1843200 19810 0 0 13.4434 0
42 1843200 17847 0 0 13.1212 0
43 1843200 16217 0 0 12.7699 0
44 1843200 14922 0 0 12.4736 0
45 1843200 13703 0 0 12.2029 0
46 1843200 12389 0 0 11.9435 0
47 1843200 11824 0 0 11.709 0
48 1843200 10950 0 0 11.5136 0
49 1843200 10003 0 0 11.2194 0
50 1843200 9331 0 0 10.934 0
51 1843200 8581 0 0 10.636 0
52 1843200 8006 0 0 10.377 0
53 1843200 7412 0 0 10.1096 0
54 1843200 6860 0 0 9.8057 0
55 1843200 6161 0 0 9.51083 0
56 1843200 5784 0 0 9.22506 0
57 1843200 5408 0 0 8.91911 0
58 1843200 4953 0 0 8.57613 0
59 1843200 4469 0 0 8.3292 0
60 1843200 4265 0 0 8.052 0
61 1843200 4039 0 0 7.76057 0
62 1843200 3781 0 0 7.4581 0
63 1843200 1213 0 0 6.64103 0
