1 304128 6674 0 0 21.6991 0
2 304128 5261 0 0 21.1247 0
3 304128 3653 0 0 20.1082 0
4 304128 2949 0 0 19.7265 0
5 304128 2323 0 0 19.158 0
6 304128 1536 0 0 18.5891 0
7 304128 1372 0 0 18.3034 0
8 304128 1205 0 0 18.0215 0
9 304128 926 0 0 17.8989 0
10 304128 699 0 0 17.4938 0
11 304128 564 0 0 17.3726 0
12 304128 583 0 0 17.1617 0
13 304128 453 0 0 16.8202 0
14 304128 422 0 0 16.7248 0
15 304128 468 0 0 16.6229 0
16 304128 386 0 0 16.4771 0
17 304128 408 0 0 16.4691 0
18 304128 346 0 0 16.2345 0
19 304128 338 0 0 16.1229 0
20 304128 373 0 0 16.092 0
21 304128 375 0 0 15.9341 0
22 304128 391 0 0 15.8598 0
23 304128 390 0 0 15.8307 0
24 304128 363 0 0 15.6689 0
25 304128 388 0 0 15.5861 0
26 304128 314 0 0 15.5015 0
27 304128 321 0 0 15.299 0
28 304128 317 0 0 15.0688 0
29 304128 283 0 0 14.8493 0
30 304128 264 0 0 14.747 0
31 304128 244 0 0 14.5926 0
32 304128 238 0 0 14.4451 0
33 304128 200 0 0 14.2779 0
34 304128 235 0 0 14.238 0
35 304128 196 0 0 14.1111 0
36 304128 202 0 0 14.0755 0
37 304128 213 0 0 13.9278 0
38 304128 219 0 0 13.7945 0
39 304128 197 0 0 13.5735 0
40 304128 190 0 0 13.4254 0
41 304128 158 0 0 13.2805 0
42 304128 185 0 0 13.0588 0
43 304128 205 0 0 12.8382 0
44 304128 192 0 0 12.6026 0
45 304128 203 0 0 12.4529 0
46 304128 192 0 0 12.1731 0
47 304128 165 0 0 11.9553 0
48 304128 164 0 0 11.7975 0
49 304128 163 0 0 11.6428 0
50 304128 188 0 0 11.4318 0
51 304128 159 0 0 11.1924 0
52 304128 147 0 0 10.965 0
53 304128 151 0 0 10.7241 0
54 304128 130 0 0 10.5782 0
55 304128 129 0 0 10.4213 0
56 304128 134 0 0 10.2037 0
57 304128 151 0 0 10.0634 0
58 304128 125 0 0 9.91985 0
59 304128 107 0 0 9.7253 0
60 304128 133 0 0 9.51875 0
61 304128 122 0 0 9.3631 0
62 304128 117 0 0 9.16017 0
63 304128 110 0 0 9.04421 0
