1 101376 5553 0 0 21.7159 0
2 101376 4517 0 0 21.1365 0
3 101376 3051 0 0 20.1438 0
4 101376 2332 0 0 19.7235 0
5 101376 1822 0 0 19.2104 0
6 101376 1192 0 0 18.6153 0
7 101376 1016 0 0 18.3513 0
8 101376 814 0 0 18.0559 0
9 101376 712 0 0 17.9442 0
10 101376 506 0 0 17.5282 0
11 101376 495 0 0 17.4234 0
12 101376 398 0 0 17.2065 0
13 101376 377 0 0 16.8543 0
14 101376 267 0 0 16.7599 0
15 101376 312 0 0 16.6737 0
16 101376 264 0 0 16.5152 0
17 101376 245 0 0 16.4935 0
18 101376 245 0 0 16.2921 0
19 101376 204 0 0 16.1669 0
20 101376 243 0 0 16.1479 0
21 101376 203 0 0 15.9781 0
22 101376 205 0 0 15.8878 0
23 101376 151 0 0 15.8532 0
24 101376 172 0 0 15.6901 0
25 101376 184 0 0 15.6075 0
26 101376 170 0 0 15.502 0
27 101376 164 0 0 15.3294 0
28 101376 120 0 0 15.0754 0
29 101376 126 0 0 14.851 0
30 101376 136 0 0 14.77 0
31 101376 108 0 0 14.5978 0
32 101376 117 0 0 14.4783 0
33 101376 112 0 0 14.3057 0
34 101376 97 0 0 14.2426 0
35 101376 113 0 0 14.1401 0
36 101376 109 0 0 14.0893 0
37 101376 93 0 0 13.9461 0
38 101376 92 0 0 13.8161 0
39 101376 103 0 0 13.5894 0
40 101376 80 0 0 13.444 0
41 101376 89 0 0 13.3061 0
42 101376 61 0 0 13.0654 0
43 101376 62 0 0 12.8605 0
44 101376 56 0 0 12.6032 0
45 101376 49 0 0 12.4943 0
46 101376 54 0 0 12.1955 0
47 101376 63 0 0 12.015 0
48 101376 67 0 0 11.8468 0
49 101376 56 0 0 11.6701 0
50 101376 59 0 0 11.4796 0
51 101376 51 0 0 11.2158 0
52 101376 44 0 0 10.9876 0
53 101376 62 0 0 10.7719 0
54 101376 38 0 0 10.5869 0
55 101376 38 0 0 10.4443 0
56 101376 40 0 0 10.2201 0
57 101376 40 0 0 10.0706 0
58 101376 49 0 0 9.93124 0
59 101376 54 0 0 9.74763 0
60 101376 51 0 0 9.53419 0
61 101376 46 0 0 9.37181 0
62 101376 33 0 0 9.16471 0
63 101376 38 0 0 9.0519 0
