1 304128 25887 0 0 21.8113 0
2 304128 24052 0 0 21.3855 0
3 304128 19540 0 0 20.3397 0
4 304128 18452 0 0 20.0173 0
5 304128 15903 0 0 19.4214 0
6 304128 13560 0 0 18.8228 0
7 304128 12358 0 0 18.4589 0
8 304128 11247 0 0 18.1438 0
9 304128 10868 0 0 18.0583 0
10 304128 9521 0 0 17.6099 0
11 304128 9244 0 0 17.5309 0
12 304128 8678 0 0 17.2857 0
13 304128 7876 0 0 16.9428 0
14 304128 7715 0 0 16.8603 0
15 304128 7437 0 0 16.7412 0
16 304128 7132 0 0 16.5642 0
17 304128 7063 0 0 16.5504 0
18 304128 6631 0 0 16.3007 0
19 304128 6464 0 0 16.1859 0
20 304128 6316 0 0 16.1408 0
21 304128 6037 0 0 15.9188 0
22 304128 5936 0 0 15.8399 0
23 304128 5823 0 0 15.7992 0
24 304128 5665 0 0 15.6231 0
25 304128 5527 0 0 15.5222 0
26 304128 5407 0 0 15.4777 0
27 304128 5108 0 0 15.2372 0
28 304128 4838 0 0 15.0049 0
29 304128 4645 0 0 14.7878 0
30 304128 4447 0 0 14.6614 0
31 304128 4272 0 0 14.4983 0
32 304128 4101 0 0 14.3605 0
33 304128 3951 0 0 14.2022 0
34 304128 3875 0 0 14.1432 0
35 304128 3734 0 0 14.0097 0
36 304128 3632 0 0 13.9867 0
37 304128 3504 0 0 13.8316 0
38 304128 3392 0 0 13.6712 0
39 304128 3231 0 0 13.4378 0
40 304128 3081 0 0 13.2727 0
41 304128 2972 0 0 13.161 0
42 304128 2771 0 0 12.8393 0
43 304128 2661 0 0 12.6038 0
44 304128 2518 0 0 12.3812 0
45 304128 2438 0 0 12.1868 0
46 304128 2309 0 0 11.9201 0
47 304128 2206 0 0 11.771 0
48 304128 2117 0 0 11.6522 0
49 304128 2027 0 0 11.4389 0
50 304128 1950 0 0 11.2165 0
51 304128 1858 0 0 11.0144 0
52 304128 1809 0 0 10.8246 0
53 304128 1695 0 0 10.562 0
54 304128 1625 0 0 10.4272 0
55 304128 1553 0 0 10.2886 0
56 304128 1482 0 0 10.0727 0
57 304128 1428 0 0 9.92546 0
58 304128 1354 0 0 9.75876 0
59 304128 1280 0 0 9.60599 0
60 304128 1212 0 0 9.36788 0
61 304128 1168 0 0 9.24396 0
62 304128 1123 0 0 9.02129 0
63 304128 1075 0 0 8.90889 0
