1 304128 32063 0 0 21.4534 0
2 304128 29473 0 0 20.8894 0
3 304128 24096 0 0 19.8505 0
4 304128 22751 0 0 19.5233 0
5 304128 19831 0 0 18.9848 0
6 304128 17152 0 0 18.3276 0
7 304128 15616 0 0 17.9263 0
8 304128 14314 0 0 17.6034 0
9 304128 13815 0 0 17.4934 0
10 304128 11941 0 0 16.9068 0
11 304128 11558 0 0 16.7969 0
12 304128 10736 0 0 16.5235 0
13 304128 9610 0 0 16.0678 0
14 304128 9442 0 0 15.992 0
15 304128 9080 0 0 15.8722 0
16 304128 8599 0 0 15.668 0
17 304128 8541 0 0 15.6338 0
18 304128 7927 0 0 15.3814 0
19 304128 7713 0 0 15.3075 0
20 304128 7564 0 0 15.1967 0
21 304128 7286 0 0 15.0293 0
22 304128 7110 0 0 14.9929 0
23 304128 6975 0 0 14.8619 0
24 304128 6743 0 0 14.7041 0
25 304128 6559 0 0 14.6393 0
26 304128 6387 0 0 14.4825 0
27 304128 5970 0 0 14.2614 0
28 304128 5670 0 0 14.0416 0
29 304128 5413 0 0 13.8065 0
30 304128 5192 0 0 13.6278 0
31 304128 4936 0 0 13.4341 0
32 304128 4739 0 0 13.2418 0
33 304128 4530 0 0 13.0014 0
34 304128 4346 0 0 12.8992 0
35 304128 4200 0 0 12.7285 0
36 304128 4151 0 0 12.6702 0
37 304128 3943 0 0 12.4938 0
38 304128 3695 0 0 12.2478 0
39 304128 3532 0 0 12.0511 0
40 304128 3335 0 0 11.8866 0
41 304128 3181 0 0 11.6097 0
42 304128 2982 0 0 11.4168 0
43 304128 2798 0 0 11.1771 0
44 304128 2639 0 0 10.874 0
45 304128 2497 0 0 10.7002 0
46 304128 2383 0 0 10.456 0
47 304128 2296 0 0 10.2971 0
48 304128 2214 0 0 10.1586 0
49 304128 2082 0 0 9.89822 0
50 304128 2003 0 0 9.78807 0
51 304128 1915 0 0 9.59996 0
52 304128 1844 0 0 9.44499 0
53 304128 1744 0 0 9.15886 0
54 304128 1621 0 0 8.8243 0
55 304128 1529 0 0 8.78605 0
56 304128 1465 0 0 8.50456 0
57 304128 1359 0 0 8.28669 0
58 304128 1278 0 0 8.04902 0
59 304128 1195 0 0 7.92667 0
60 304128 1165 0 0 7.77337 0
61 304128 1111 0 0 7.62027 0
62 304128 1050 0 0 7.51667 0
63 304128 1013 0 0 7.40857 0
