1 304128 20470 0 0 21.0664 0
2 304128 17177 0 0 20.1396 0
3 304128 12118 0 0 19.161 0
4 304128 10782 0 0 18.7735 0
5 304128 8425 0 0 18.3559 0
6 304128 6397 0 0 17.9368 0
7 304128 5553 0 0 17.6257 0
8 304128 4808 0 0 17.3345 0
9 304128 4298 0 0 17.1772 0
10 304128 3501 0 0 16.6849 0
11 304128 3279 0 0 16.5602 0
12 304128 2984 0 0 16.3134 0
13 304128 2534 0 0 15.9034 0
14 304128 2313 0 0 15.7741 0
15 304128 2291 0 0 15.6561 0
16 304128 2097 0 0 15.496 0
17 304128 2045 0 0 15.4431 0
18 304128 1927 0 0 15.2285 0
19 304128 1865 0 0 15.1413 0
20 304128 1790 0 0 15.0518 0
21 304128 1726 0 0 14.9278 0
22 304128 1702 0 0 14.8987 0
23 304128 1557 0 0 14.7523 0
24 304128 1535 0 0 14.6111 0
25 304128 1417 0 0 14.5341 0
26 304128 1395 0 0 14.3869 0
27 304128 1257 0 0 14.1859 0
28 304128 1213 0 0 14.0096 0
29 304128 1100 0 0 13.7658 0
30 304128 1062 0 0 13.5938 0
31 304128 995 0 0 13.4072 0
32 304128 973 0 0 13.2572 0
33 304128 859 0 0 13.0111 0
34 304128 865 0 0 12.9323 0
35 304128 848 0 0 12.759 0
36 304128 798 0 0 12.7072 0
37 304128 777 0 0 12.5573 0
38 304128 773 0 0 12.3752 0
39 304128 676 0 0 12.1223 0
40 304128 617 0 0 11.9313 0
41 304128 606 0 0 11.6897 0
42 304128 557 0 0 11.5168 0
43 304128 527 0 0 11.298 0
44 304128 486 0 0 10.9636 0
45 304128 463 0 0 10.7357 0
46 304128 452 0 0 10.534 0
47 304128 445 0 0 10.4093 0
48 304128 432 0 0 10.2503 0
49 304128 399 0 0 10.0252 0
50 304128 397 0 0 9.95834 0
51 304128 377 0 0 9.81118 0
52 304128 343 0 0 9.5808 0
53 304128 330 0 0 9.35477 0
54 304128 318 0 0 9.03847 0
55 304128 298 0 0 9.00914 0
56 304128 306 0 0 8.76285 0
57 304128 312 0 0 8.61722 0
58 304128 288 0 0 8.32499 0
59 304128 257 0 0 8.14926 0
60 304128 239 0 0 8.0461 0
61 304128 240 0 0 7.85634 0
62 304128 217 0 0 7.71885 0
63 304128 207 0 0 7.60889 0
