1 101376 20590 0 0 21.1382 0
2 101376 17295 0 0 20.2157 0
3 101376 12278 0 0 19.2608 0
4 101376 10369 0 0 18.8148 0
5 101376 8269 0 0 18.4241 0
6 101376 6415 0 0 17.9415 0
7 101376 5566 0 0 17.6449 0
8 101376 4861 0 0 17.3296 0
9 101376 4532 0 0 17.201 0
10 101376 3733 0 0 16.7072 0
11 101376 3494 0 0 16.6048 0
12 101376 3133 0 0 16.3516 0
13 101376 2722 0 0 15.9 0
14 101376 2610 0 0 15.7858 0
15 101376 2473 0 0 15.6659 0
16 101376 2232 0 0 15.4967 0
17 101376 2284 0 0 15.4751 0
18 101376 2103 0 0 15.2392 0
19 101376 2021 0 0 15.1466 0
20 101376 1968 0 0 15.0914 0
21 101376 1785 0 0 14.9363 0
22 101376 1768 0 0 14.9331 0
23 101376 1725 0 0 14.8028 0
24 101376 1662 0 0 14.6371 0
25 101376 1585 0 0 14.5521 0
26 101376 1508 0 0 14.3898 0
27 101376 1367 0 0 14.21 0
28 101376 1277 0 0 13.9877 0
29 101376 1155 0 0 13.7553 0
30 101376 1078 0 0 13.5822 0
31 101376 1001 0 0 13.3826 0
32 101376 970 0 0 13.2283 0
33 101376 890 0 0 12.9994 0
34 101376 873 0 0 12.9077 0
35 101376 822 0 0 12.6972 0
36 101376 798 0 0 12.6445 0
37 101376 735 0 0 12.5183 0
38 101376 710 0 0 12.3323 0
39 101376 651 0 0 12.0772 0
40 101376 584 0 0 11.8621 0
41 101376 548 0 0 11.6134 0
42 101376 528 0 0 11.5048 0
43 101376 491 0 0 11.2485 0
44 101376 469 0 0 10.9723 0
45 101376 434 0 0 10.7294 0
46 101376 399 0 0 10.5171 0
47 101376 371 0 0 10.3862 0
48 101376 359 0 0 10.2525 0
49 101376 360 0 0 10.0297 0
50 101376 304 0 0 9.94457 0
51 101376 302 0 0 9.82986 0
52 101376 290 0 0 9.57548 0
53 101376 277 0 0 9.35177 0
54 101376 287 0 0 9.09378 0
55 101376 225 0 0 8.96944 0
56 101376 197 0 0 8.72344 0
57 101376 211 0 0 8.61093 0
58 101376 181 0 0 8.29001 0
59 101376 186 0 0 8.15891 0
60 101376 175 0 0 8.02684 0
61 101376 163 0 0 7.83422 0
62 101376 157 0 0 7.70042 0
63 101376 133 0 0 7.57061 0
