1 1015560 403461 49.2214 54.8041 26.279 15.8816
2 1015560 378958 48.7482 54.3739 25.7729 15.8102
3 1015560 326117 47.1525 53.0609 24.1862 15.7592
4 1015560 310625 46.6752 52.6179 23.7275 15.6503
5 1015560 272363 45.5253 51.3422 22.6395 15.6851
6 1015560 234102 44.1439 49.5362 21.2442 15.3613
7 1015560 211687 43.4404 48.6393 20.6287 15.2937
8 1015560 191795 42.7308 47.6663 20.015 15.2079
9 1015560 185617 42.571 47.3712 19.8869 15.142
10 1015560 158022 41.508 45.8439 18.9581 14.8574
11 1015560 153366 41.34 45.4965 18.8191 14.9685
12 1015560 141653 40.8132 44.6196 18.372 14.7105
13 1015560 125575 40.0496 43.3853 17.7093 14.4068
14 1015560 122322 39.9153 43.1946 17.6149 14.396
15 1015560 117460 39.6729 42.9124 17.4245 14.3712
16 1015560 111683 39.3957 42.4969 17.182 14.3054
17 1015560 110745 39.3399 42.4241 17.151 14.2392
18 1015560 102533 38.8572 41.7647 16.7524 14.1705
19 1015560 99904 38.7414 41.5179 16.6533 14.0018
20 1015560 97216 38.5582 41.2966 16.5127 14.0404
21 1015560 92728 38.3002 40.8059 16.2693 13.8872
22 1015560 90983 38.1817 40.5684 16.1734 13.8129
23 1015560 88388 37.9786 40.2601 15.9894 13.8147
24 1015560 85096 37.7747 39.9191 15.8145 13.6907
25 1015560 82881 37.6473 39.6669 15.6961 13.5372
26 1015560 80391 37.4868 39.5242 15.5865 13.6
27 1015560 75330 37.1651 39.0186 15.3136 13.4722
28 1015560 70545 36.7825 38.4088 14.9844 13.3393
29 1015560 67044 36.4955 37.8684 14.7327 13.1587
30 1015560 63539 36.2331 37.4443 14.4986 13.0723
31 1015560 60693 35.9904 37.0656 14.2867 12.892
32 1015560 57961 35.7783 36.7068 14.0979 12.8319
33 1015560 55520 35.5282 36.2275 13.8701 12.6244
34 1015560 53303 35.3297 35.9135 13.6891 12.5315
35 1015560 51546 35.2008 35.734 13.5961 12.4895
36 1015560 50073 35.0618 35.5132 13.4634 12.4187
37 1015560 47879 34.8266 35.147 13.2603 12.3307
38 1015560 45518 34.5559 34.6563 13.0198 12.1778
39 1015560 43125 34.3171 34.3146 12.812 12.0416
40 1015560 40723 34.0515 33.9374 12.5808 11.9239
41 1015560 39034 33.8631 33.6077 12.4166 11.8456
42 1015560 36125 33.4709 32.9527 12.0675 11.6091
43 1015560 33774 33.184 32.5554 11.8165 11.4855
44 1015560 31763 32.8778 31.9966 11.5201 11.1861
45 1015560 29815 32.625 31.5854 11.2801 11.042
46 1015560 28209 32.3761 31.2076 11.0639 10.8999
47 1015560 26733 32.1152 30.7612 10.8089 10.7203
48 1015560 25569 31.9377 30.4814 10.66 10.6563
49 1015560 24287 31.7031 30.1394 10.4291 10.4665
50 1015560 22909 31.4213 29.6464 10.1623 10.2591
51 1015560 21637 31.2123 29.3296 9.94663 10.1011
52 1015560 20706 31.0127 29.015 9.77486 9.92491
53 1015560 19374 30.7502 28.5244 9.50511 9.71466
54 1015560 18334 30.4935 28.0743 9.25319 9.4614
55 1015560 17479 30.3058 27.7869 9.06891 9.31361
56 1015560 16351 30.0377 27.3522 8.82599 9.10126
57 1015560 15370 29.7801 26.9579 8.57039 8.89611
58 1015560 14186 29.5082 26.4965 8.32703 8.67846
59 1015560 13432 29.3146 26.2208 8.13 8.51004
60 1015560 12707 29.1216 25.9117 7.9703 8.39393
61 1015560 11995 28.887 25.5694 7.75778 8.18127
62 1015560 11236 28.6341 25.1695 7.51527 7.98988
63 1015560 10425 28.3797 24.7938 7.29536 7.7844
