1 1015560 403461 0 0 26.279 0
2 1015560 378958 0 0 25.7729 0
3 1015560 326117 0 0 24.1862 0
4 1015560 310625 0 0 23.7275 0
5 1015560 272363 0 0 22.6395 0
6 1015560 234102 0 0 21.2442 0
7 1015560 211687 0 0 20.6287 0
8 1015560 191795 0 0 20.015 0
9 1015560 185617 0 0 19.8869 0
10 1015560 158022 0 0 18.9581 0
11 1015560 153366 0 0 18.8191 0
12 1015560 141653 0 0 18.372 0
13 1015560 125575 0 0 17.7093 0
14 1015560 122322 0 0 17.6149 0
15 1015560 117460 0 0 17.4245 0
16 1015560 111683 0 0 17.182 0
17 1015560 110745 0 0 17.151 0
18 1015560 102533 0 0 16.7524 0
19 1015560 99904 0 0 16.6533 0
20 1015560 97216 0 0 16.5127 0
21 1015560 92728 0 0 16.2693 0
22 1015560 90983 0 0 16.1734 0
23 1015560 88388 0 0 15.9894 0
24 1015560 85096 0 0 15.8145 0
25 1015560 82881 0 0 15.6961 0
26 1015560 80391 0 0 15.5865 0
27 1015560 75330 0 0 15.3136 0
28 1015560 70545 0 0 14.9844 0
29 1015560 67044 0 0 14.7327 0
30 1015560 63539 0 0 14.4986 0
31 1015560 60693 0 0 14.2867 0
32 1015560 57961 0 0 14.0979 0
33 1015560 55520 0 0 13.8701 0
34 1015560 53303 0 0 13.6891 0
35 1015560 51546 0 0 13.5961 0
36 1015560 50073 0 0 13.4634 0
37 1015560 47879 0 0 13.2603 0
38 1015560 45518 0 0 13.0198 0
39 1015560 43125 0 0 12.812 0
40 1015560 40723 0 0 12.5808 0
41 1015560 39034 0 0 12.4166 0
42 1015560 36125 0 0 12.0675 0
43 1015560 33774 0 0 11.8165 0
44 1015560 31763 0 0 11.5201 0
45 1015560 29815 0 0 11.2801 0
46 1015560 28209 0 0 11.0639 0
47 1015560 26733 0 0 10.8089 0
48 1015560 25569 0 0 10.66 0
49 1015560 24287 0 0 10.4291 0
50 1015560 22909 0 0 10.1623 0
51 1015560 21637 0 0 9.94663 0
52 1015560 20706 0 0 9.77486 0
53 1015560 19374 0 0 9.50511 0
54 1015560 18334 0 0 9.25319 0
55 1015560 17479 0 0 9.06891 0
56 1015560 16351 0 0 8.82599 0
57 1015560 15370 0 0 8.57039 0
58 1015560 14186 0 0 8.32703 0
59 1015560 13432 0 0 8.13 0
60 1015560 12707 0 0 7.9703 0
61 1015560 11995 0 0 7.75778 0
62 1015560 11236 0 0 7.51527 0
63 1015560 10425 0 0 7.29536 0
