1 1314144 598688 0 0 25.1055 0
2 1314144 561858 0 0 24.82 0
3 1314144 502458 0 0 24.101 0
4 1314144 479007 0 0 23.8621 0
5 1314144 442662 0 0 23.3868 0
6 1314144 400632 0 0 22.77 0
7 1314144 377297 0 0 22.3966 0
8 1314144 355072 0 0 21.9507 0
9 1314144 345300 0 0 21.8412 0
10 1314144 312666 0 0 21.1235 0
11 1314144 304080 0 0 20.9614 0
12 1314144 286352 0 0 20.5342 0
13 1314144 263287 0 0 19.8873 0
14 1314144 258103 0 0 19.7698 0
15 1314144 250054 0 0 19.5256 0
16 1314144 241366 0 0 19.2563 0
17 1314144 238283 0 0 19.1929 0
18 1314144 224674 0 0 18.7156 0
19 1314144 219943 0 0 18.5757 0
20 1314144 214872 0 0 18.3747 0
21 1314144 207244 0 0 18.0734 0
22 1314144 203608 0 0 17.9479 0
23 1314144 198716 0 0 17.7449 0
24 1314144 192901 0 0 17.4932 0
25 1314144 188698 0 0 17.3317 0
26 1314144 183904 0 0 17.1441 0
27 1314144 173800 0 0 16.7794 0
28 1314144 164256 0 0 16.3481 0
29 1314144 156907 0 0 16.0516 0
30 1314144 149935 0 0 15.7788 0
31 1314144 143005 0 0 15.4598 0
32 1314144 136939 0 0 15.196 0
33 1314144 131099 0 0 14.9071 0
34 1314144 126347 0 0 14.6887 0
35 1314144 122296 0 0 14.5362 0
36 1314144 118440 0 0 14.3516 0
37 1314144 113178 0 0 14.0773 0
38 1314144 107324 0 0 13.7852 0
39 1314144 100944 0 0 13.4241 0
40 1314144 94767 0 0 13.104 0
41 1314144 90161 0 0 12.8573 0
42 1314144 82748 0 0 12.4171 0
43 1314144 76450 0 0 12.0674 0
44 1314144 71389 0 0 11.7083 0
45 1314144 66641 0 0 11.4187 0
46 1314144 62376 0 0 11.1332 0
47 1314144 58427 0 0 10.839 0
48 1314144 55965 0 0 10.6559 0
49 1314144 52435 0 0 10.385 0
50 1314144 49006 0 0 10.1247 0
51 1314144 45942 0 0 9.86494 0
52 1314144 43539 0 0 9.64089 0
53 1314144 40485 0 0 9.40229 0
54 1314144 37858 0 0 9.16387 0
55 1314144 35632 0 0 8.95806 0
56 1314144 33095 0 0 8.67826 0
57 1314144 30575 0 0 8.40693 0
58 1314144 28118 0 0 8.16996 0
59 1314144 26433 0 0 8.00468 0
60 1314144 24851 0 0 7.83225 0
61 1314144 23408 0 0 7.64974 0
62 1314144 21643 0 0 7.43386 0
63 1314144 20233 0 0 7.27456 0
