1 1314144 598688 49.6045 51.8287 25.1055 18.6544
2 1314144 561858 49.2132 51.5534 24.82 18.4434
3 1314144 502458 47.8543 50.6612 24.101 16.826
4 1314144 479007 47.4214 50.3654 23.8621 16.2113
5 1314144 442662 46.343 49.9278 23.3868 15.8315
6 1314144 400632 45.0769 49.3886 22.77 15.8034
7 1314144 377297 44.293 49.0127 22.3966 15.6048
8 1314144 355072 43.4343 48.5106 21.9507 15.5998
9 1314144 345300 43.256 48.3174 21.8412 15.574
10 1314144 312666 42.0213 47.4485 21.1235 15.4611
11 1314144 304080 41.7302 47.174 20.9614 15.2314
12 1314144 286352 41.0323 46.6723 20.5342 15.2556
13 1314144 263287 40.0375 45.9828 19.8873 15.4384
14 1314144 258103 39.8627 45.7824 19.7698 15.4236
15 1314144 250054 39.4994 45.5328 19.5256 15.3525
16 1314144 241366 39.1252 45.2148 19.2563 15.1537
17 1314144 238283 38.993 45.1308 19.1929 15.1804
18 1314144 224674 38.3471 44.5884 18.7156 15.1721
19 1314144 219943 38.1484 44.3058 18.5757 15.1567
20 1314144 214872 37.8709 44.0883 18.3747 15.1779
21 1314144 207244 37.5316 43.6872 18.0734 14.8898
22 1314144 203608 37.3646 43.3524 17.9479 14.7597
23 1314144 198716 37.1083 43.1524 17.7449 14.7676
24 1314144 192901 36.8083 42.7343 17.4932 14.5672
25 1314144 188698 36.6329 42.4532 17.3317 14.1781
26 1314144 183904 36.3954 42.1662 17.1441 14.1901
27 1314144 173800 35.9372 41.596 16.7794 14.0789
28 1314144 164256 35.4292 40.9594 16.3481 13.9598
29 1314144 156907 35.0758 40.409 16.0516 13.9041
30 1314144 149935 34.7364 39.8873 15.7788 13.8775
31 1314144 143005 34.3522 39.4385 15.4598 13.8188
32 1314144 136939 34.0502 38.9662 15.196 13.7292
33 1314144 131099 33.7423 38.4529 14.9071 13.6072
34 1314144 126347 33.4877 38.0057 14.6887 13.5224
35 1314144 122296 33.2791 37.7104 14.5362 13.4321
36 1314144 118440 33.0731 37.4701 14.3516 13.4292
37 1314144 113178 32.7836 37.0379 14.0773 13.324
38 1314144 107324 32.4444 36.4739 13.7852 13.1994
39 1314144 100944 32.0764 35.9557 13.4241 13.0417
40 1314144 94767 31.7106 35.4263 13.104 12.9237
41 1314144 90161 31.4403 34.999 12.8573 12.8347
42 1314144 82748 30.9737 34.1821 12.4171 12.65
43 1314144 76450 30.572 33.5803 12.0674 12.4924
44 1314144 71389 30.2289 32.9604 11.7083 12.1976
45 1314144 66641 29.9036 32.4103 11.4187 12.0568
46 1314144 62376 29.627 31.9138 11.1332 11.9054
47 1314144 58427 29.3387 31.3567 10.839 11.7501
48 1314144 55965 29.1495 31.0322 10.6559 11.6594
49 1314144 52435 28.8781 30.5823 10.385 11.4394
50 1314144 49006 28.5882 30.0292 10.1247 11.2476
51 1314144 45942 28.3375 29.579 9.86494 11.0115
52 1314144 43539 28.118 29.16 9.64089 10.8835
53 1314144 40485 27.8743 28.6611 9.40229 10.6416
54 1314144 37858 27.633 28.1802 9.16387 10.4427
55 1314144 35632 27.4305 27.8167 8.95806 10.2076
56 1314144 33095 27.1794 27.1949 8.67826 9.94439
57 1314144 30575 26.9312 26.6813 8.40693 9.57526
58 1314144 28118 26.6866 26.1672 8.16996 9.35402
59 1314144 26433 26.5011 25.8458 8.00468 9.09819
60 1314144 24851 26.3098 25.4769 7.83225 9.04501
61 1314144 23408 26.1148 25.0951 7.64974 8.83214
62 1314144 21643 25.8938 24.6548 7.43386 8.53585
63 1314144 20233 25.6923 24.2689 7.27456 8.37975
