1 994560 694313 0 0 34.7291 0
2 994560 659276 0 0 34.3055 0
3 994560 616880 0 0 32.7142 0
4 994560 593263 0 0 32.2358 0
5 994560 565051 0 0 31.027 0
6 994560 527914 0 0 29.6674 0
7 994560 509595 0 0 28.7782 0
8 994560 492567 0 0 27.8227 0
9 994560 481120 0 0 27.6671 0
10 994560 454484 0 0 26.391 0
11 994560 444230 0 0 26.0097 0
12 994560 426279 0 0 25.2495 0
13 994560 405451 0 0 24.1321 0
14 994560 398868 0 0 23.9619 0
15 994560 391104 0 0 23.5794 0
16 994560 383126 0 0 23.2054 0
17 994560 378192 0 0 23.0219 0
18 994560 364688 0 0 22.3783 0
19 994560 358917 0 0 22.1473 0
20 994560 353527 0 0 21.8192 0
21 994560 346433 0 0 21.5334 0
22 994560 341542 0 0 21.3473 0
23 994560 336902 0 0 21.1208 0
24 994560 330735 0 0 20.796 0
25 994560 325562 0 0 20.6011 0
26 994560 320718 0 0 20.3574 0
27 994560 309929 0 0 19.8748 0
28 994560 299998 0 0 19.3502 0
29 994560 291455 0 0 18.9986 0
30 994560 283396 0 0 18.6565 0
31 994560 275684 0 0 18.2034 0
32 994560 268554 0 0 17.9078 0
33 994560 261339 0 0 17.5858 0
34 994560 255275 0 0 17.3185 0
35 994560 249099 0 0 17.0417 0
36 994560 243756 0 0 16.7919 0
37 994560 237923 0 0 16.509 0
38 994560 230070 0 0 16.1084 0
39 994560 221621 0 0 15.6842 0
40 994560 212814 0 0 15.2176 0
41 994560 205698 0 0 14.8721 0
42 994560 194214 0 0 14.248 0
43 994560 184124 0 0 13.6906 0
44 994560 174790 0 0 13.1812 0
45 994560 166397 0 0 12.718 0
46 994560 158084 0 0 12.2758 0
47 994560 150330 0 0 11.8165 0
48 994560 144270 0 0 11.4663 0
49 994560 135890 0 0 10.9607 0
50 994560 127849 0 0 10.4476 0
51 994560 119848 0 0 9.95255 0
52 994560 112827 0 0 9.54703 0
53 994560 104558 0 0 9.06608 0
54 994560 97189 0 0 8.6103 0
55 994560 90279 0 0 8.19144 0
56 994560 81982 0 0 7.68085 0
57 994560 74397 0 0 7.1802 0
58 994560 66961 0 0 6.72972 0
59 994560 60768 0 0 6.29684 0
60 994560 54721 0 0 5.87278 0
61 994560 49240 0 0 5.51083 0
62 994560 43866 0 0 5.11913 0
63 994560 38664 0 0 4.75116 0
