1 988416 232919 49.895 49.2505 22.0305 14.1552
2 988416 214449 49.5539 48.9677 21.7235 13.9521
3 988416 178067 48.5779 48.2015 21.1371 13.0415
4 988416 168256 48.2555 47.9372 20.9376 12.7361
5 988416 149110 47.487 47.2973 20.5416 12.0245
6 988416 131229 46.5669 46.7712 20.1185 11.5958
7 988416 122646 46.0293 46.5296 19.9341 11.5652
8 988416 114438 45.4174 46.2418 19.7277 11.3806
9 988416 110810 45.2825 46.1011 19.6578 11.2323
10 988416 99221 44.3443 45.5243 19.2716 10.9054
11 988416 96531 44.1227 45.3602 19.195 10.8448
12 988416 90852 43.5774 45.0704 18.9863 10.6689
13 988416 83659 42.8161 44.6807 18.6632 10.7419
14 988416 81954 42.7005 44.582 18.6154 10.6716
15 988416 79653 42.3995 44.473 18.5124 10.732
16 988416 76798 42.1014 44.2722 18.367 10.7056
17 988416 76032 42.0095 44.2553 18.3442 10.6974
18 988416 72188 41.4945 43.9353 18.1206 10.5977
19 988416 70563 41.315 43.7931 18.0452 10.5754
20 988416 69281 41.0815 43.6865 17.955 10.5707
21 988416 67184 40.8194 43.4144 17.8019 10.5001
22 988416 66147 40.686 43.2765 17.726 10.4314
23 988416 64868 40.49 43.1807 17.6412 10.4369
24 988416 63189 40.2332 42.9179 17.4916 10.3684
25 988416 61949 40.0703 42.7177 17.3985 10.3063
26 988416 60683 39.8782 42.5906 17.3099 10.2556
27 988416 57973 39.4985 42.2278 17.0903 10.1612
28 988416 55379 39.0546 41.8092 16.8628 10.0648
29 988416 53398 38.7522 41.4145 16.6754 9.9727
30 988416 51319 38.4315 41.0136 16.484 9.91813
31 988416 49605 38.0984 40.7663 16.3148 9.85432
32 988416 47931 37.8192 40.3574 16.1279 9.75771
33 988416 46450 37.5572 40.0748 15.9636 9.68334
34 988416 45117 37.3311 39.8067 15.8295 9.67917
35 988416 43988 37.1398 39.6274 15.7309 9.62256
36 988416 42995 36.9434 39.4621 15.6171 9.59895
37 988416 41595 36.6763 39.1287 15.4058 9.62486
38 988416 39876 36.3315 38.7214 15.1955 9.54035
39 988416 38265 35.9846 38.3771 14.9698 9.49807
40 988416 36389 35.6046 38.0197 14.7466 9.39959
41 988416 35000 35.3089 37.7152 14.5469 9.36757
42 988416 32768 34.812 37.1428 14.2437 9.29844
43 988416 30806 34.3709 36.7641 13.9766 9.22842
44 988416 28952 33.9264 36.2338 13.6496 9.11928
45 988416 27142 33.5032 35.8048 13.3728 9.03831
46 988416 25598 33.1316 35.4417 13.1289 9.02288
47 988416 24143 32.7587 34.9759 12.8417 8.96283
48 988416 23074 32.4955 34.6645 12.6502 8.86614
49 988416 21571 32.1036 34.2513 12.3439 8.81083
50 988416 20174 31.7128 33.7888 12.0044 8.69635
51 988416 18811 31.3589 33.3224 11.7103 8.64254
52 988416 17873 31.0901 32.9948 11.5133 8.56363
53 988416 16611 30.7691 32.508 11.2006 8.46796
54 988416 15635 30.482 32.0623 11.0071 8.39861
55 988416 14693 30.2072 31.6436 10.7281 8.26499
56 988416 13637 29.8727 31.0791 10.4265 8.15874
57 988416 12755 29.569 30.5567 10.1513 8.04822
58 988416 11817 29.2788 30.0701 9.8837 7.89379
59 988416 11114 29.043 29.6634 9.66293 7.77993
60 988416 10394 28.8067 29.2588 9.45517 7.69023
61 988416 9755 28.559 28.7032 9.16647 7.53968
62 988416 9156 28.3452 28.289 8.99319 7.40915
63 988416 8608 28.1379 27.8474 8.79831 7.26312
