1 1005312 467013 0 0 24.538 0
2 1005312 437288 0 0 23.9036 0
3 1005312 383103 0 0 22.3469 0
4 1005312 363957 0 0 21.9354 0
5 1005312 327758 0 0 21.0425 0
6 1005312 291480 0 0 20.0036 0
7 1005312 271298 0 0 19.5177 0
8 1005312 252557 0 0 19.0453 0
9 1005312 245095 0 0 18.9681 0
10 1005312 217486 0 0 18.1679 0
11 1005312 210901 0 0 17.9934 0
12 1005312 197300 0 0 17.5702 0
13 1005312 178405 0 0 16.8999 0
14 1005312 174329 0 0 16.7769 0
15 1005312 167985 0 0 16.5446 0
16 1005312 160683 0 0 16.2799 0
17 1005312 158726 0 0 16.2359 0
18 1005312 147842 0 0 15.7628 0
19 1005312 144402 0 0 15.639 0
20 1005312 140540 0 0 15.4434 0
21 1005312 134416 0 0 15.1808 0
22 1005312 132068 0 0 15.0693 0
23 1005312 128227 0 0 14.8624 0
24 1005312 123849 0 0 14.6501 0
25 1005312 120586 0 0 14.5151 0
26 1005312 116979 0 0 14.3256 0
27 1005312 109936 0 0 13.9897 0
28 1005312 103004 0 0 13.5936 0
29 1005312 97787 0 0 13.2867 0
30 1005312 92809 0 0 13.0136 0
31 1005312 88393 0 0 12.7566 0
32 1005312 84275 0 0 12.5343 0
33 1005312 80654 0 0 12.3067 0
34 1005312 77667 0 0 12.0772 0
35 1005312 75090 0 0 11.9259 0
36 1005312 72600 0 0 11.7953 0
37 1005312 69560 0 0 11.5713 0
38 1005312 65701 0 0 11.3026 0
39 1005312 62008 0 0 11.0281 0
40 1005312 58304 0 0 10.7373 0
41 1005312 55364 0 0 10.5365 0
42 1005312 51093 0 0 10.145 0
43 1005312 47475 0 0 9.82951 0
44 1005312 44502 0 0 9.5314 0
45 1005312 41666 0 0 9.27679 0
46 1005312 39144 0 0 9.06052 0
47 1005312 36972 0 0 8.82361 0
48 1005312 35608 0 0 8.66799 0
49 1005312 33375 0 0 8.433 0
50 1005312 31515 0 0 8.2148 0
51 1005312 29653 0 0 8.00367 0
52 1005312 28253 0 0 7.83095 0
53 1005312 26432 0 0 7.62369 0
54 1005312 24734 0 0 7.40345 0
55 1005312 23519 0 0 7.25221 0
56 1005312 22232 0 0 7.047 0
57 1005312 20833 0 0 6.85221 0
58 1005312 19338 0 0 6.62897 0
59 1005312 18341 0 0 6.48369 0
60 1005312 17399 0 0 6.33076 0
61 1005312 16581 0 0 6.18277 0
62 1005312 15429 0 0 5.99279 0
63 1005312 14594 0 0 5.86805 0
