1 1005312 467013 49.1961 53.5872 24.538 27.0347
2 1005312 437288 48.693 53.1278 23.9036 26.4199
3 1005312 383103 47.1222 51.938 22.3469 24.6245
4 1005312 363957 46.6599 51.4757 21.9354 24.1991
5 1005312 327758 45.5474 50.3791 21.0425 22.7032
6 1005312 291480 44.2791 48.9687 20.0036 21.0098
7 1005312 271298 43.5237 48.2403 19.5177 20.2189
8 1005312 252557 42.7205 47.5494 19.0453 19.7458
9 1005312 245095 42.5624 47.472 18.9681 19.8304
10 1005312 217486 41.3604 46.2424 18.1679 18.6901
11 1005312 210901 41.1062 45.8262 17.9934 18.4216
12 1005312 197300 40.4558 45.2389 17.5702 17.9941
13 1005312 178405 39.4977 44.2551 16.8999 17.3899
14 1005312 174329 39.3334 44.0331 16.7769 17.2987
15 1005312 167985 38.9861 43.7733 16.5446 17.1766
16 1005312 160683 38.6246 43.4194 16.2799 17.0303
17 1005312 158726 38.5301 43.352 16.2359 17.0354
18 1005312 147842 37.9088 42.7762 15.7628 16.6741
19 1005312 144402 37.7416 42.5079 15.639 16.5357
20 1005312 140540 37.487 42.2742 15.4434 16.3612
21 1005312 134416 37.1704 41.8805 15.1808 16.133
22 1005312 132068 37.0313 41.5696 15.0693 15.9529
23 1005312 128227 36.7869 41.398 14.8624 15.8855
24 1005312 123849 36.5195 41.0284 14.6501 15.7515
25 1005312 120586 36.3607 40.7422 14.5151 15.6044
26 1005312 116979 36.1388 40.4955 14.3256 15.4773
27 1005312 109936 35.7564 39.9447 13.9897 15.2059
28 1005312 103004 35.2932 39.3087 13.5936 14.8625
29 1005312 97787 34.9724 38.7437 13.2867 14.4652
30 1005312 92809 34.6709 38.2442 13.0136 14.1439
31 1005312 88393 34.3478 37.8865 12.7566 13.9869
32 1005312 84275 34.094 37.4883 12.5343 13.7935
33 1005312 80654 33.8336 37.0495 12.3067 13.597
34 1005312 77667 33.617 36.5959 12.0772 13.3413
35 1005312 75090 33.4583 36.3291 11.9259 13.259
36 1005312 72600 33.274 36.077 11.7953 13.1105
37 1005312 69560 33.0406 35.6941 11.5713 12.9634
38 1005312 65701 32.7403 35.2052 11.3026 12.7713
39 1005312 62008 32.4366 34.7426 11.0281 12.4608
40 1005312 58304 32.1311 34.2853 10.7373 12.202
41 1005312 55364 31.8932 33.8884 10.5365 11.9646
42 1005312 51093 31.4886 33.2068 10.145 11.5821
43 1005312 47475 31.1366 32.6036 9.82951 11.2096
44 1005312 44502 30.8319 32.0392 9.5314 10.8186
45 1005312 41666 30.5515 31.595 9.27679 10.5053
46 1005312 39144 30.2867 31.1666 9.06052 10.314
47 1005312 36972 30.0245 30.7003 8.82361 10.0574
48 1005312 35608 29.8499 30.4086 8.66799 9.88232
49 1005312 33375 29.5808 29.9643 8.433 9.6102
50 1005312 31515 29.3286 29.5639 8.2148 9.40162
51 1005312 29653 29.0838 29.1671 8.00367 9.13654
52 1005312 28253 28.8871 28.8361 7.83095 8.92349
53 1005312 26432 28.6379 28.3658 7.62369 8.70151
54 1005312 24734 28.3757 27.9021 7.40345 8.44242
55 1005312 23519 28.1861 27.5779 7.25221 8.26921
56 1005312 22232 27.942 27.0518 7.047 7.99139
57 1005312 20833 27.6986 26.6563 6.85221 7.81499
58 1005312 19338 27.4366 26.1161 6.62897 7.52395
59 1005312 18341 27.2463 25.7938 6.48369 7.31457
60 1005312 17399 27.0461 25.4517 6.33076 7.15124
61 1005312 16581 26.8437 25.1072 6.18277 6.95633
62 1005312 15429 26.5879 24.6849 5.99279 6.7843
63 1005312 14594 26.384 24.3704 5.86805 6.65041
