1 50688 3450 0 0 21.7025 0
2 50688 2753 0 0 20.8549 0
3 50688 1891 0 0 20.0519 0
4 50688 1510 0 0 19.4189 0
5 50688 1097 0 0 18.8108 0
6 50688 778 0 0 17.8755 0
7 50688 668 0 0 17.3594 0
8 50688 547 0 0 16.8162 0
9 50688 452 0 0 16.6027 0
10 50688 347 0 0 15.6445 0
11 50688 290 0 0 15.5247 0
12 50688 271 0 0 15.0113 0
13 50688 216 0 0 14.2425 0
14 50688 182 0 0 14.1588 0
15 50688 187 0 0 13.9328 0
16 50688 161 0 0 13.5904 0
17 50688 172 0 0 13.616 0
18 50688 161 0 0 13.1158 0
19 50688 144 0 0 13.0449 0
20 50688 149 0 0 12.8618 0
21 50688 137 0 0 12.6004 0
22 50688 155 0 0 12.5562 0
23 50688 127 0 0 12.4059 0
24 50688 129 0 0 12.2184 0
25 50688 125 0 0 12.11 0
26 50688 126 0 0 11.9515 0
27 50688 99 0 0 11.6514 0
28 50688 99 0 0 11.3336 0
29 50688 115 0 0 11.1403 0
30 50688 84 0 0 10.8757 0
31 50688 99 0 0 10.6793 0
32 50688 110 0 0 10.5872 0
33 50688 114 0 0 10.3526 0
34 50688 93 0 0 10.2107 0
35 50688 94 0 0 10.0997 0
36 50688 111 0 0 9.99852 0
37 50688 112 0 0 9.88132 0
38 50688 90 0 0 9.61865 0
39 50688 86 0 0 9.48782 0
40 50688 89 0 0 9.2488 0
41 50688 74 0 0 9.15262 0
42 50688 100 0 0 8.94777 0
43 50688 72 0 0 8.75207 0
44 50688 78 0 0 8.48391 0
45 50688 70 0 0 8.45205 0
46 50688 84 0 0 8.30905 0
47 50688 58 0 0 8.08278 0
48 50688 68 0 0 7.89699 0
49 50688 63 0 0 7.79028 0
50 50688 63 0 0 7.70856 0
51 50688 59 0 0 7.55443 0
52 50688 48 0 0 7.46652 0
53 50688 76 0 0 7.42576 0
54 50688 62 0 0 7.17547 0
55 50688 57 0 0 7.15757 0
56 50688 51 0 0 7.06259 0
57 50688 41 0 0 6.96951 0
58 50688 54 0 0 6.92615 0
59 50688 56 0 0 6.80018 0
60 50688 48 0 0 6.78095 0
61 50688 55 0 0 6.74932 0
62 50688 50 0 0 6.64708 0
63 50688 39 0 0 6.58221 0
