1 25344 11004 0 0 22.2519 0
2 25344 10304 0 0 21.9156 0
3 25344 9084 0 0 20.8313 0
4 25344 8607 0 0 20.3948 0
5 25344 7832 0 0 19.5781 0
6 25344 6911 0 0 18.3991 0
7 25344 6385 0 0 17.7396 0
8 25344 5900 0 0 17.0773 0
9 25344 5708 0 0 16.9396 0
10 25344 4975 0 0 15.8047 0
11 25344 4861 0 0 15.7395 0
12 25344 4509 0 0 15.165 0
13 25344 4008 0 0 14.3697 0
14 25344 3909 0 0 14.3092 0
15 25344 3754 0 0 14.0421 0
16 25344 3564 0 0 13.6808 0
17 25344 3555 0 0 13.7037 0
18 25344 3269 0 0 13.142 0
19 25344 3192 0 0 13.0681 0
20 25344 3107 0 0 12.8791 0
21 25344 2942 0 0 12.606 0
22 25344 2905 0 0 12.5465 0
23 25344 2838 0 0 12.4207 0
24 25344 2740 0 0 12.2194 0
25 25344 2681 0 0 12.1071 0
26 25344 2587 0 0 11.9427 0
27 25344 2440 0 0 11.6534 0
28 25344 2252 0 0 11.3301 0
29 25344 2176 0 0 11.1118 0
30 25344 2064 0 0 10.8759 0
31 25344 1981 0 0 10.6599 0
32 25344 1890 0 0 10.5498 0
33 25344 1787 0 0 10.2957 0
34 25344 1723 0 0 10.1807 0
35 25344 1664 0 0 10.0524 0
36 25344 1617 0 0 9.94227 0
37 25344 1551 0 0 9.82045 0
38 25344 1466 0 0 9.57093 0
39 25344 1392 0 0 9.44468 0
40 25344 1304 0 0 9.19515 0
41 25344 1252 0 0 9.0937 0
42 25344 1179 0 0 8.85724 0
43 25344 1096 0 0 8.68645 0
44 25344 1026 0 0 8.42898 0
45 25344 1000 0 0 8.38955 0
46 25344 927 0 0 8.22582 0
47 25344 879 0 0 8.03576 0
48 25344 829 0 0 7.85296 0
49 25344 774 0 0 7.71655 0
50 25344 738 0 0 7.64966 0
51 25344 693 0 0 7.49028 0
52 25344 677 0 0 7.42101 0
53 25344 625 0 0 7.33063 0
54 25344 575 0 0 7.1316 0
55 25344 562 0 0 7.08796 0
56 25344 528 0 0 6.9974 0
57 25344 500 0 0 6.93323 0
58 25344 478 0 0 6.87792 0
59 25344 438 0 0 6.77265 0
60 25344 425 0 0 6.7496 0
61 25344 405 0 0 6.66491 0
62 25344 393 0 0 6.60582 0
63 25344 382 0 0 6.56053 0
