1 924064 521483 0 0 25.3339 0
2 924064 491286 0 0 24.9673 0
3 924064 445498 0 0 24.103 0
4 924064 425564 0 0 23.793 0
5 924064 394661 0 0 23.0778 0
6 924064 357525 0 0 22.1942 0
7 924064 336562 0 0 21.6588 0
8 924064 316871 0 0 21.0534 0
9 924064 308232 0 0 20.9133 0
10 924064 278313 0 0 19.9324 0
11 924064 270642 0 0 19.7044 0
12 924064 254533 0 0 19.1429 0
13 924064 233297 0 0 18.2769 0
14 924064 228401 0 0 18.1395 0
15 924064 220889 0 0 17.8586 0
16 924064 212830 0 0 17.5059 0
17 924064 210150 0 0 17.435 0
18 924064 197284 0 0 16.8787 0
19 924064 193086 0 0 16.7152 0
20 924064 188256 0 0 16.4868 0
21 924064 181315 0 0 16.1791 0
22 924064 178179 0 0 16.0397 0
23 924064 173949 0 0 15.8251 0
24 924064 168483 0 0 15.5561 0
25 924064 164625 0 0 15.4029 0
26 924064 160291 0 0 15.2112 0
27 924064 151671 0 0 14.8061 0
28 924064 142816 0 0 14.3323 0
29 924064 136353 0 0 14.0449 0
30 924064 130275 0 0 13.7296 0
31 924064 124322 0 0 13.4135 0
32 924064 119198 0 0 13.1633 0
33 924064 114148 0 0 12.8931 0
34 924064 109904 0 0 12.6713 0
35 924064 106483 0 0 12.5255 0
36 924064 103076 0 0 12.3378 0
37 924064 98329 0 0 12.0824 0
38 924064 93237 0 0 11.7808 0
39 924064 87768 0 0 11.4377 0
40 924064 82344 0 0 11.0988 0
41 924064 78237 0 0 10.8727 0
42 924064 72054 0 0 10.4535 0
43 924064 66584 0 0 10.112 0
44 924064 62040 0 0 9.76648 0
45 924064 57914 0 0 9.50951 0
46 924064 54293 0 0 9.2255 0
47 924064 51028 0 0 8.94195 0
48 924064 48568 0 0 8.75984 0
49 924064 45424 0 0 8.5288 0
50 924064 42287 0 0 8.23801 0
51 924064 39803 0 0 8.02979 0
52 924064 37689 0 0 7.80781 0
53 924064 34929 0 0 7.57232 0
54 924064 32559 0 0 7.30787 0
55 924064 30494 0 0 7.12065 0
56 924064 28075 0 0 6.85982 0
57 924064 25879 0 0 6.57598 0
58 924064 23634 0 0 6.33324 0
59 924064 22066 0 0 6.14936 0
60 924064 20523 0 0 5.97638 0
61 924064 19037 0 0 5.78888 0
62 924064 17632 0 0 5.60578 0
63 924064 16180 0 0 5.42813 0
