1 924064 521483 49.4649 53.2885 25.3339 21.0396
2 924064 491286 49.0355 52.9744 24.9673 20.6961
3 924064 445498 47.6526 52.156 24.103 20.2647
4 924064 425564 47.1718 51.8454 23.793 19.8384
5 924064 394661 46.032 51.0449 23.0778 19.3474
6 924064 357525 44.6936 50.1639 22.1942 18.8926
7 924064 336562 43.8585 49.6909 21.6588 18.3701
8 924064 316871 42.9599 49.103 21.0534 18.544
9 924064 308232 42.7682 48.8764 20.9133 18.5274
10 924064 278313 41.4576 47.8648 19.9324 18.2122
11 924064 270642 41.135 47.4619 19.7044 17.6699
12 924064 254533 40.3886 46.8335 19.1429 17.3915
13 924064 233297 39.3191 45.8714 18.2769 17.2389
14 924064 228401 39.1348 45.6191 18.1395 16.817
15 924064 220889 38.7606 45.4077 17.8586 17.1652
16 924064 212830 38.3518 44.9641 17.5059 17.0111
17 924064 210150 38.2191 44.882 17.435 17.0825
18 924064 197284 37.5499 44.2931 16.8787 16.7959
19 924064 193086 37.3448 43.9394 16.7152 16.6791
20 924064 188256 37.0582 43.6943 16.4868 16.7166
21 924064 181315 36.7175 43.2795 16.1791 16.4466
22 924064 178179 36.5506 42.9452 16.0397 16.3034
23 924064 173949 36.3055 42.72 15.8251 16.2606
24 924064 168483 35.9968 42.3329 15.5561 16.0437
25 924064 164625 35.8048 42.0199 15.4029 16.0705
26 924064 160291 35.5587 41.7276 15.2112 16.0114
27 924064 151671 35.0962 41.0502 14.8061 15.8696
28 924064 142816 34.5897 40.2815 14.3323 15.5071
29 924064 136353 34.2229 39.7443 14.0449 15.1605
30 924064 130275 33.8825 39.153 13.7296 15.0841
31 924064 124322 33.5106 38.6987 13.4135 14.8779
32 924064 119198 33.2149 38.1973 13.1633 14.6548
33 924064 114148 32.9168 37.7164 12.8931 14.3841
34 924064 109904 32.6595 37.2706 12.6713 14.4425
35 924064 106483 32.4525 36.9735 12.5255 14.1834
36 924064 103076 32.233 36.7158 12.3378 14.0543
37 924064 98329 31.9463 36.2202 12.0824 13.9698
38 924064 93237 31.6016 35.6765 11.7808 13.9405
39 924064 87768 31.2417 35.035 11.4377 13.6828
40 924064 82344 30.8687 34.4948 11.0988 13.4591
41 924064 78237 30.592 34.0628 10.8727 13.284
42 924064 72054 30.1469 33.2992 10.4535 12.9585
43 924064 66584 29.7335 32.6583 10.112 12.6406
44 924064 62040 29.3881 31.9882 9.76648 12.3624
45 924064 57914 29.0643 31.4938 9.50951 12.1872
46 924064 54293 28.7777 30.9618 9.2255 11.9504
47 924064 51028 28.4959 30.4258 8.94195 11.6614
48 924064 48568 28.2802 30.0414 8.75984 11.5292
49 924064 45424 28.0101 29.6354 8.5288 11.2259
50 924064 42287 27.7088 29.0578 8.23801 11.0388
51 924064 39803 27.4769 28.6742 8.02979 10.8577
52 924064 37689 27.2492 28.2131 7.80781 10.6512
53 924064 34929 26.9927 27.7173 7.57232 10.395
54 924064 32559 26.7379 27.1616 7.30787 10.0251
55 924064 30494 26.5253 26.7946 7.12065 9.83362
56 924064 28075 26.2525 26.2498 6.85982 9.51833
57 924064 25879 26.011 25.6461 6.57598 9.19355
58 924064 23634 25.7625 25.1215 6.33324 8.88226
59 924064 22066 25.57 24.7784 6.14936 8.65721
60 924064 20523 25.3713 24.3944 5.97638 8.41503
61 924064 19037 25.1556 23.9726 5.78888 8.18819
62 924064 17632 24.9608 23.5862 5.60578 7.97554
63 924064 16180 24.7581 23.2027 5.42813 7.75861
