1 1176240 407238 49.5851 49.9884 22.2483 13.9603
2 1176240 376667 49.1674 49.6487 21.8284 13.8675
3 1176240 320475 48.0431 48.7421 21.1009 13.0082
4 1176240 303839 47.6811 48.4197 20.8749 12.7916
5 1176240 274489 46.8376 47.852 20.4637 12.3266
6 1176240 245291 45.8215 47.3366 20.0106 12.115
7 1176240 229093 45.2017 47.09 19.8055 12.0539
8 1176240 213942 44.5246 46.7519 19.5741 11.9847
9 1176240 208304 44.3879 46.598 19.5095 11.8589
10 1176240 186073 43.3694 45.9921 19.1212 11.6841
11 1176240 181194 43.1257 45.7335 19.0362 11.6673
12 1176240 170198 42.536 45.4043 18.8108 11.5783
13 1176240 155798 41.7103 45.0002 18.4906 11.5912
14 1176240 152711 41.5567 44.8491 18.4224 11.5839
15 1176240 147624 41.257 44.776 18.3179 11.5903
16 1176240 142254 40.9404 44.5657 18.1946 11.5416
17 1176240 140559 40.8276 44.5223 18.162 11.5528
18 1176240 132058 40.2614 44.1883 17.9231 11.4893
19 1176240 129235 40.0874 44.0329 17.866 11.5331
20 1176240 125958 39.8407 43.8531 17.7636 11.5111
21 1176240 121699 39.5573 43.5709 17.6106 11.3981
22 1176240 119610 39.4082 43.3616 17.5266 11.3531
23 1176240 116570 39.1903 43.2512 17.432 11.372
24 1176240 113157 38.9267 42.9578 17.3016 11.2706
25 1176240 110797 38.7659 42.774 17.1908 11.0509
26 1176240 108117 38.5562 42.5654 17.085 10.9702
27 1176240 102718 38.1531 42.1422 16.8812 10.8579
28 1176240 97146 37.6954 41.6643 16.6555 10.8166
29 1176240 93328 37.3906 41.2316 16.5107 10.8214
30 1176240 89568 37.0863 40.8142 16.3449 10.7954
31 1176240 85621 36.7327 40.5207 16.163 10.7012
32 1176240 82632 36.477 40.1537 16.0237 10.7147
33 1176240 79452 36.1885 39.6982 15.8363 10.6219
34 1176240 76958 35.9735 39.3834 15.7222 10.5807
35 1176240 74724 35.7723 39.1618 15.6303 10.5419
36 1176240 72708 35.5775 38.9441 15.5108 10.5191
37 1176240 69748 35.3085 38.6544 15.3284 10.4859
38 1176240 66618 34.9814 38.1405 15.147 10.4307
39 1176240 63317 34.6456 37.7557 14.9555 10.3578
40 1176240 59791 34.2863 37.3415 14.739 10.386
41 1176240 57207 33.999 36.9719 14.5803 10.3187
42 1176240 53221 33.5273 36.3406 14.2779 10.2169
43 1176240 49619 33.0991 35.7981 13.9976 10.2066
44 1176240 46582 32.7318 35.2823 13.7599 10.0745
45 1176240 43847 32.3813 34.7746 13.535 10.0194
46 1176240 41462 32.0593 34.3027 13.2989 10.0161
47 1176240 39320 31.7545 33.8734 13.09 9.8942
48 1176240 37617 31.5214 33.5364 12.9253 9.89547
49 1176240 35462 31.2057 33.0246 12.6705 9.76143
50 1176240 33430 30.8736 32.541 12.4399 9.712
51 1176240 31600 30.5876 32.0782 12.2309 9.59385
52 1176240 30041 30.321 31.6932 12.0263 9.52751
53 1176240 28068 30.0215 31.1733 11.7825 9.43236
54 1176240 26559 29.7553 30.7162 11.5933 9.4168
55 1176240 25208 29.5134 30.3418 11.4014 9.36506
56 1176240 23553 29.2006 29.7583 11.1148 9.1943
57 1176240 21929 28.9 29.2341 10.8548 9.05858
58 1176240 20388 28.6275 28.6529 10.6127 8.92614
59 1176240 19184 28.3819 28.2241 10.4041 8.85515
60 1176240 17953 28.167 27.8537 10.2273 8.7272
61 1176240 17014 27.9289 27.404 9.99385 8.60561
62 1176240 16095 27.6851 26.9652 9.79225 8.4571
63 1176240 14973 27.4464 26.5458 9.58878 8.3234
