1 1176240 407238 0 0 22.2483 0
2 1176240 376667 0 0 21.8284 0
3 1176240 320475 0 0 21.1009 0
4 1176240 303839 0 0 20.8749 0
5 1176240 274489 0 0 20.4637 0
6 1176240 245291 0 0 20.0106 0
7 1176240 229093 0 0 19.8055 0
8 1176240 213942 0 0 19.5741 0
9 1176240 208304 0 0 19.5095 0
10 1176240 186073 0 0 19.1212 0
11 1176240 181194 0 0 19.0362 0
12 1176240 170198 0 0 18.8108 0
13 1176240 155798 0 0 18.4906 0
14 1176240 152711 0 0 18.4224 0
15 1176240 147624 0 0 18.3179 0
16 1176240 142254 0 0 18.1946 0
17 1176240 140559 0 0 18.162 0
18 1176240 132058 0 0 17.9231 0
19 1176240 129235 0 0 17.866 0
20 1176240 125958 0 0 17.7636 0
21 1176240 121699 0 0 17.6106 0
22 1176240 119610 0 0 17.5266 0
23 1176240 116570 0 0 17.432 0
24 1176240 113157 0 0 17.3016 0
25 1176240 110797 0 0 17.1908 0
26 1176240 108117 0 0 17.085 0
27 1176240 102718 0 0 16.8812 0
28 1176240 97146 0 0 16.6555 0
29 1176240 93328 0 0 16.5107 0
30 1176240 89568 0 0 16.3449 0
31 1176240 85621 0 0 16.163 0
32 1176240 82632 0 0 16.0237 0
33 1176240 79452 0 0 15.8363 0
34 1176240 76958 0 0 15.7222 0
35 1176240 74724 0 0 15.6303 0
36 1176240 72708 0 0 15.5108 0
37 1176240 69748 0 0 15.3284 0
38 1176240 66618 0 0 15.147 0
39 1176240 63317 0 0 14.9555 0
40 1176240 59791 0 0 14.739 0
41 1176240 57207 0 0 14.5803 0
42 1176240 53221 0 0 14.2779 0
43 1176240 49619 0 0 13.9976 0
44 1176240 46582 0 0 13.7599 0
45 1176240 43847 0 0 13.535 0
46 1176240 41462 0 0 13.2989 0
47 1176240 39320 0 0 13.09 0
48 1176240 37617 0 0 12.9253 0
49 1176240 35462 0 0 12.6705 0
50 1176240 33430 0 0 12.4399 0
51 1176240 31600 0 0 12.2309 0
52 1176240 30041 0 0 12.0263 0
53 1176240 28068 0 0 11.7825 0
54 1176240 26559 0 0 11.5933 0
55 1176240 25208 0 0 11.4014 0
56 1176240 23553 0 0 11.1148 0
57 1176240 21929 0 0 10.8548 0
58 1176240 20388 0 0 10.6127 0
59 1176240 19184 0 0 10.4041 0
60 1176240 17953 0 0 10.2273 0
61 1176240 17014 0 0 9.99385 0
62 1176240 16095 0 0 9.79225 0
63 1176240 14973 0 0 9.58878 0
