1 966408 670041 0 0 30.4812 0
2 966408 634783 0 0 30.0629 0
3 966408 582697 0 0 28.5058 0
4 966408 558111 0 0 28.0316 0
5 966408 519571 0 0 26.7951 0
6 966408 471656 0 0 25.3565 0
7 966408 443870 0 0 24.4906 0
8 966408 417514 0 0 23.5857 0
9 966408 407247 0 0 23.4276 0
10 966408 367719 0 0 22.1052 0
11 966408 358056 0 0 21.8421 0
12 966408 336674 0 0 21.1382 0
13 966408 308703 0 0 20.0791 0
14 966408 302543 0 0 19.9108 0
15 966408 292764 0 0 19.561 0
16 966408 282388 0 0 19.1854 0
17 966408 278612 0 0 19.0741 0
18 966408 261742 0 0 18.4133 0
19 966408 256311 0 0 18.225 0
20 966408 249968 0 0 17.948 0
21 966408 241141 0 0 17.6034 0
22 966408 237054 0 0 17.4596 0
23 966408 231105 0 0 17.1925 0
24 966408 224456 0 0 16.9155 0
25 966408 219657 0 0 16.7394 0
26 966408 214062 0 0 16.5045 0
27 966408 202979 0 0 16.0622 0
28 966408 191627 0 0 15.5445 0
29 966408 183067 0 0 15.1961 0
30 966408 175230 0 0 14.8565 0
31 966408 167246 0 0 14.4835 0
32 966408 160773 0 0 14.1968 0
33 966408 154022 0 0 13.895 0
34 966408 148663 0 0 13.6343 0
35 966408 143951 0 0 13.4295 0
36 966408 139583 0 0 13.216 0
37 966408 133792 0 0 12.9247 0
38 966408 126856 0 0 12.5644 0
39 966408 119887 0 0 12.2328 0
40 966408 112747 0 0 11.8319 0
41 966408 107540 0 0 11.5648 0
42 966408 98973 0 0 11.0374 0
43 966408 91925 0 0 10.5982 0
44 966408 85743 0 0 10.2145 0
45 966408 80324 0 0 9.84884 0
46 966408 75187 0 0 9.52248 0
47 966408 70663 0 0 9.1924 0
48 966408 67278 0 0 8.94745 0
49 966408 63095 0 0 8.61808 0
50 966408 58985 0 0 8.25963 0
51 966408 55200 0 0 7.94282 0
52 966408 52192 0 0 7.65707 0
53 966408 48202 0 0 7.33946 0
54 966408 44949 0 0 7.0077 0
55 966408 42018 0 0 6.76722 0
56 966408 38645 0 0 6.43345 0
57 966408 35607 0 0 6.15965 0
58 966408 32355 0 0 5.76093 0
59 966408 30060 0 0 5.53632 0
60 966408 27952 0 0 5.32011 0
61 966408 25796 0 0 5.0559 0
62 966408 23440 0 0 4.81433 0
63 966408 21363 0 0 4.59592 0
