1 966408 670041 49.1232 58.4388 30.4812 17.5607
2 966408 634783 48.7115 58.2785 30.0629 18.0344
3 966408 582697 47.123 57.1156 28.5058 18.0742
4 966408 558111 46.6277 56.6755 28.0316 18.0522
5 966408 519571 45.3637 55.668 26.7951 17.8119
6 966408 471656 43.9522 54.2664 25.3565 17.8263
7 966408 443870 43.0498 53.5135 24.4906 18.0679
8 966408 417514 42.1094 52.4804 23.5857 18.022
9 966408 407247 41.924 52.0115 23.4276 17.8746
10 966408 367719 40.5912 50.4798 22.1052 17.7241
11 966408 358056 40.2847 50.0866 21.8421 17.4114
12 966408 336674 39.5402 49.1392 21.1382 17.9578
13 966408 308703 38.4653 47.6749 20.0791 17.581
14 966408 302543 38.2803 47.2666 19.9108 17.645
15 966408 292764 37.9082 46.8484 19.561 17.6067
16 966408 282388 37.5187 46.263 19.1854 17.4677
17 966408 278612 37.3859 46.1273 19.0741 17.455
18 966408 261742 36.7129 45.3981 18.4133 17.5124
19 966408 256311 36.5143 44.9133 18.225 17.4496
20 966408 249968 36.2265 44.5356 17.948 17.3487
21 966408 241141 35.8862 43.9969 17.6034 17.3983
22 966408 237054 35.7239 43.6217 17.4596 17.3512
23 966408 231105 35.4656 43.3395 17.1925 17.3636
24 966408 224456 35.1705 42.8886 16.9155 17.0158
25 966408 219657 34.9935 42.5401 16.7394 17.0451
26 966408 214062 34.7533 42.1942 16.5045 16.8409
27 966408 202979 34.2927 41.3422 16.0622 16.9012
28 966408 191627 33.7835 40.5142 15.5445 16.7697
29 966408 183067 33.416 39.8377 15.1961 16.7184
30 966408 175230 33.0685 39.217 14.8565 16.575
31 966408 167246 32.6848 38.6501 14.4835 16.4536
32 966408 160773 32.3884 38.1428 14.1968 16.212
33 966408 154022 32.0796 37.5784 13.895 16.3071
34 966408 148663 31.8204 37.0986 13.6343 16.3952
35 966408 143951 31.6027 36.6682 13.4295 16.2521
36 966408 139583 31.3888 36.3398 13.216 15.9263
37 966408 133792 31.1071 35.8158 12.9247 15.7688
38 966408 126856 30.75 35.1897 12.5644 15.5806
39 966408 119887 30.3907 34.689 12.2328 15.6502
40 966408 112747 30.0152 34.0654 11.8319 15.2875
41 966408 107540 29.7256 33.6198 11.5648 15.1795
42 966408 98973 29.236 32.7154 11.0374 14.7854
43 966408 91925 28.8214 32.0234 10.5982 14.4105
44 966408 85743 28.4488 31.3288 10.2145 14.1054
45 966408 80324 28.1154 30.7286 9.84884 13.96
46 966408 75187 27.7984 30.1793 9.52248 13.5644
47 966408 70663 27.4909 29.6505 9.1924 13.2784
48 966408 67278 27.2655 29.2189 8.94745 13.0499
49 966408 63095 26.9645 28.6745 8.61808 12.7329
50 966408 58985 26.6561 28.0575 8.25963 12.2887
51 966408 55200 26.3835 27.5418 7.94282 11.9966
52 966408 52192 26.1432 27.0546 7.65707 11.6453
53 966408 48202 25.8643 26.4907 7.33946 11.282
54 966408 44949 25.5945 25.9295 7.0077 10.8333
55 966408 42018 25.3773 25.5355 6.76722 10.5751
56 966408 38645 25.0899 24.9424 6.43345 10.1302
57 966408 35607 24.8337 24.4526 6.15965 9.77552
58 966408 32355 24.5491 23.7559 5.76093 9.13963
59 966408 30060 24.3445 23.3706 5.53632 8.84452
60 966408 27952 24.1327 22.9562 5.32011 8.57022
61 966408 25796 23.8995 22.5146 5.0559 8.17877
62 966408 23440 23.6641 22.0733 4.81433 7.84852
63 966408 21363 23.4378 21.6681 4.59592 7.57793
