1 1192672 694248 0 0 26.1669 0
2 1192672 655699 0 0 25.8031 0
3 1192672 597796 0 0 24.7965 0
4 1192672 572126 0 0 24.451 0
5 1192672 531417 0 0 23.6321 0
6 1192672 482628 0 0 22.5647 0
7 1192672 455516 0 0 21.9732 0
8 1192672 429901 0 0 21.3724 0
9 1192672 418387 0 0 21.2647 0
10 1192672 380635 0 0 20.2788 0
11 1192672 370242 0 0 20.0709 0
12 1192672 349625 0 0 19.5457 0
13 1192672 323597 0 0 18.7719 0
14 1192672 316985 0 0 18.6295 0
15 1192672 308080 0 0 18.3845 0
16 1192672 298668 0 0 18.104 0
17 1192672 294586 0 0 18.0275 0
18 1192672 279455 0 0 17.5221 0
19 1192672 273413 0 0 17.3539 0
20 1192672 267718 0 0 17.1547 0
21 1192672 259262 0 0 16.8594 0
22 1192672 254641 0 0 16.7152 0
23 1192672 249602 0 0 16.5236 0
24 1192672 243254 0 0 16.2848 0
25 1192672 237902 0 0 16.1293 0
26 1192672 232466 0 0 15.9275 0
27 1192672 220911 0 0 15.5395 0
28 1192672 209779 0 0 15.0963 0
29 1192672 200884 0 0 14.751 0
30 1192672 192518 0 0 14.4484 0
31 1192672 184508 0 0 14.1274 0
32 1192672 177107 0 0 13.8482 0
33 1192672 169603 0 0 13.5518 0
34 1192672 163389 0 0 13.3057 0
35 1192672 158106 0 0 13.1298 0
36 1192672 153130 0 0 12.9176 0
37 1192672 146690 0 0 12.6511 0
38 1192672 138696 0 0 12.3195 0
39 1192672 130672 0 0 11.9677 0
40 1192672 122451 0 0 11.6014 0
41 1192672 116243 0 0 11.3393 0
42 1192672 105868 0 0 10.848 0
43 1192672 97298 0 0 10.4491 0
44 1192672 89918 0 0 10.0821 0
45 1192672 83309 0 0 9.72931 0
46 1192672 77244 0 0 9.41635 0
47 1192672 72082 0 0 9.13168 0
48 1192672 68161 0 0 8.89003 0
49 1192672 63251 0 0 8.62209 0
50 1192672 58654 0 0 8.28912 0
51 1192672 54629 0 0 8.03598 0
52 1192672 51238 0 0 7.8053 0
53 1192672 47164 0 0 7.53743 0
54 1192672 43555 0 0 7.29082 0
55 1192672 40673 0 0 7.09093 0
56 1192672 37067 0 0 6.83241 0
57 1192672 34067 0 0 6.5569 0
58 1192672 30856 0 0 6.32617 0
59 1192672 28549 0 0 6.14419 0
60 1192672 26468 0 0 5.97632 0
61 1192672 24513 0 0 5.78752 0
62 1192672 22547 0 0 5.6117 0
63 1192672 20689 0 0 5.45662 0
