1 1192672 694248 49.5175 53.6298 26.1669 24.7375
2 1192672 655699 49.1032 53.3584 25.8031 24.2488
3 1192672 597796 47.6542 52.4458 24.7965 23.0924
4 1192672 572126 47.1748 52.138 24.451 22.7785
5 1192672 531417 46.0229 51.2246 23.6321 21.8797
6 1192672 482628 44.6645 50.1132 22.5647 21.1
7 1192672 455516 43.8189 49.4997 21.9732 20.6579
8 1192672 429901 42.9352 48.8236 21.3724 20.442
9 1192672 418387 42.7666 48.6394 21.2647 20.4142
10 1192672 380635 41.5093 47.4966 20.2788 19.677
11 1192672 370242 41.1708 47.1237 20.0709 19.4306
12 1192672 349625 40.4222 46.4645 19.5457 19.0859
13 1192672 323597 39.3854 45.4741 18.7719 18.72
14 1192672 316985 39.1845 45.2116 18.6295 18.5991
15 1192672 308080 38.8324 44.9765 18.3845 18.5353
16 1192672 298668 38.457 44.6271 18.104 18.3634
17 1192672 294586 38.3006 44.5472 18.0275 18.3792
18 1192672 279455 37.6369 43.9399 17.5221 18.1357
19 1192672 273413 37.4102 43.6228 17.3539 17.9616
20 1192672 267718 37.1149 43.4224 17.1547 17.8816
21 1192672 259262 36.7666 42.9567 16.8594 17.6628
22 1192672 254641 36.5794 42.6555 16.7152 17.5222
23 1192672 249602 36.3259 42.4845 16.5236 17.4208
24 1192672 243254 36.0198 42.0868 16.2848 17.3041
25 1192672 237902 35.8172 41.8042 16.1293 17.2041
26 1192672 232466 35.5609 41.5309 15.9275 17.1285
27 1192672 220911 35.0683 40.9213 15.5395 16.8162
28 1192672 209779 34.5232 40.3036 15.0963 16.5149
29 1192672 200884 34.1115 39.6591 14.751 16.2401
30 1192672 192518 33.7325 39.1458 14.4484 15.9722
31 1192672 184508 33.3158 38.7551 14.1274 15.8517
32 1192672 177107 32.982 38.2764 13.8482 15.686
33 1192672 169603 32.6308 37.7721 13.5518 15.4486
34 1192672 163389 32.3424 37.3401 13.3057 15.2481
35 1192672 158106 32.0934 37.005 13.1298 15.1764
36 1192672 153130 31.8408 36.7263 12.9176 15.0146
37 1192672 146690 31.5309 36.322 12.6511 14.9324
38 1192672 138696 31.1326 35.8041 12.3195 14.7474
39 1192672 130672 30.7171 35.2444 11.9677 14.552
40 1192672 122451 30.2895 34.751 11.6014 14.3038
41 1192672 116243 29.9634 34.3236 11.3393 14.1473
42 1192672 105868 29.4259 33.5317 10.848 13.7273
43 1192672 97298 28.9706 32.8611 10.4491 13.4532
44 1192672 89918 28.5685 32.2345 10.0821 13.1251
45 1192672 83309 28.2133 31.6408 9.72931 12.8113
46 1192672 77244 27.8846 31.0897 9.41635 12.5265
47 1192672 72082 27.5906 30.5314 9.13168 12.2466
48 1192672 68161 27.3573 30.1569 8.89003 12.0289
49 1192672 63251 27.0688 29.6504 8.62209 11.7929
50 1192672 58654 26.7701 28.9969 8.28912 11.4464
51 1192672 54629 26.5263 28.5529 8.03598 11.194
52 1192672 51238 26.304 28.1021 7.8053 10.9409
53 1192672 47164 26.0643 27.5378 7.53743 10.6162
54 1192672 43555 25.8328 27.0206 7.29082 10.2768
55 1192672 40673 25.6423 26.6485 7.09093 10.0078
56 1192672 37067 25.3958 26.073 6.83241 9.6659
57 1192672 34067 25.1848 25.4921 6.5569 9.30397
58 1192672 30856 24.9626 25.0033 6.32617 8.98675
59 1192672 28549 24.7901 24.5966 6.14419 8.72108
60 1192672 26468 24.6223 24.2347 5.97632 8.5071
61 1192672 24513 24.439 23.8428 5.78752 8.25873
62 1192672 22547 24.2581 23.4452 5.6117 8.01877
63 1192672 20689 24.103 23.1147 5.45662 7.82116
