1 2073600 593738 0 0 22.6826 0
2 2073600 551839 0 0 22.1768 0
3 2073600 454784 0 0 20.6333 0
4 2073600 430891 0 0 20.1628 0
5 2073600 358707 0 0 19.0201 0
6 2073600 287122 0 0 17.2167 0
7 2073600 244168 0 0 16.5945 0
8 2073600 206270 0 0 16.0063 0
9 2073600 196390 0 0 15.9008 0
10 2073600 148539 0 0 15.0534 0
11 2073600 142067 0 0 14.9599 0
12 2073600 125277 0 0 14.6013 0
13 2073600 104254 0 0 14.0975 0
14 2073600 99795 0 0 14.0139 0
15 2073600 94226 0 0 13.8798 0
16 2073600 87364 0 0 13.715 0
17 2073600 86444 0 0 13.7004 0
18 2073600 78128 0 0 13.423 0
19 2073600 75007 0 0 13.3294 0
20 2073600 72515 0 0 13.2418 0
21 2073600 67485 0 0 13.0515 0
22 2073600 65827 0 0 12.9886 0
23 2073600 63526 0 0 12.8803 0
24 2073600 60310 0 0 12.7589 0
25 2073600 58095 0 0 12.6797 0
26 2073600 55904 0 0 12.6014 0
27 2073600 50985 0 0 12.4191 0
28 2073600 46875 0 0 12.2031 0
29 2073600 43953 0 0 12.052 0
30 2073600 40878 0 0 11.873 0
31 2073600 38999 0 0 11.7672 0
32 2073600 36659 0 0 11.6513 0
33 2073600 34733 0 0 11.4808 0
34 2073600 33014 0 0 11.3844 0
35 2073600 31828 0 0 11.3338 0
36 2073600 30893 0 0 11.2632 0
37 2073600 29285 0 0 11.1582 0
38 2073600 27530 0 0 11.041 0
39 2073600 25865 0 0 10.9285 0
40 2073600 24510 0 0 10.8368 0
41 2073600 23239 0 0 10.7171 0
42 2073600 21451 0 0 10.5729 0
43 2073600 19999 0 0 10.4224 0
44 2073600 18819 0 0 10.2855 0
45 2073600 17788 0 0 10.1758 0
46 2073600 16823 0 0 10.0635 0
47 2073600 16062 0 0 9.98039 0
48 2073600 15616 0 0 9.90473 0
49 2073600 14911 0 0 9.80742 0
50 2073600 14207 0 0 9.70766 0
51 2073600 13711 0 0 9.62728 0
52 2073600 13269 0 0 9.56027 0
53 2073600 12640 0 0 9.45808 0
54 2073600 12143 0 0 9.35626 0
55 2073600 11744 0 0 9.29048 0
56 2073600 11170 0 0 9.17446 0
57 2073600 10727 0 0 9.09461 0
58 2073600 10159 0 0 8.99427 0
59 2073600 9756 0 0 8.90207 0
60 2073600 9356 0 0 8.81182 0
61 2073600 9079 0 0 8.72088 0
62 2073600 8739 0 0 8.64322 0
63 2073600 8398 0 0 8.55682 0
