1 2073600 593738 49.3916 51.2577 22.6826 21.0572
2 2073600 551839 48.8732 50.8604 22.1768 20.9306
3 2073600 454784 47.3112 49.5914 20.6333 19.7082
4 2073600 430891 46.814 49.1841 20.1628 19.8569
5 2073600 358707 45.6672 48.0295 19.0201 18.6743
6 2073600 287122 43.9123 46.254 17.2167 16.9451
7 2073600 244168 43.2814 45.4544 16.5945 16.4946
8 2073600 206270 42.6778 44.6512 16.0063 15.9716
9 2073600 196390 42.5544 44.4352 15.9008 15.8167
10 2073600 148539 41.6978 43.1215 15.0534 14.5104
11 2073600 142067 41.5861 42.856 14.9599 14.4292
12 2073600 125277 41.2178 42.2361 14.6013 13.8004
13 2073600 104254 40.7076 41.3161 14.0975 13.0863
14 2073600 99795 40.6156 41.1627 14.0139 12.9435
15 2073600 94226 40.4678 40.9477 13.8798 12.8197
16 2073600 87364 40.2971 40.6723 13.715 12.5861
17 2073600 86444 40.273 40.6366 13.7004 12.5874
18 2073600 78128 40.0012 40.1807 13.423 12.1587
19 2073600 75007 39.9036 39.9481 13.3294 11.9607
20 2073600 72515 39.8126 39.811 13.2418 11.7983
21 2073600 67485 39.6314 39.4206 13.0515 11.4456
22 2073600 65827 39.5549 39.2533 12.9886 11.3881
23 2073600 63526 39.4491 39.0789 12.8803 11.1877
24 2073600 60310 39.3192 38.8381 12.7589 11.0067
25 2073600 58095 39.2348 38.6534 12.6797 10.8784
26 2073600 55904 39.1478 38.5424 12.6014 10.8087
27 2073600 50985 38.9592 38.1801 12.4191 10.521
28 2073600 46875 38.7343 37.777 12.2031 10.2101
29 2073600 43953 38.5573 37.4616 12.052 9.90891
30 2073600 40878 38.3718 37.1165 11.873 9.62777
31 2073600 38999 38.2596 36.9498 11.7672 9.49589
32 2073600 36659 38.1125 36.6923 11.6513 9.31767
33 2073600 34733 37.963 36.3421 11.4808 9.09448
34 2073600 33014 37.8499 36.1339 11.3844 8.99451
35 2073600 31828 37.7892 36.0403 11.3338 8.91856
36 2073600 30893 37.7156 35.903 11.2632 8.79159
37 2073600 29285 37.5911 35.706 11.1582 8.6934
38 2073600 27530 37.4431 35.4464 11.041 8.60849
39 2073600 25865 37.314 35.2459 10.9285 8.41114
40 2073600 24510 37.1924 35.0384 10.8368 8.32548
41 2073600 23239 37.0557 34.8264 10.7171 8.14284
42 2073600 21451 36.8691 34.5047 10.5729 7.95706
43 2073600 19999 36.6957 34.2138 10.4224 7.68529
44 2073600 18819 36.5281 33.9379 10.2855 7.46376
45 2073600 17788 36.3907 33.7307 10.1758 7.2652
46 2073600 16823 36.2428 33.4623 10.0635 7.1206
47 2073600 16062 36.1324 33.2876 9.98039 6.99831
48 2073600 15616 36.0268 33.1151 9.90473 6.89026
49 2073600 14911 35.8932 32.9055 9.80742 6.76728
50 2073600 14207 35.7505 32.6715 9.70766 6.66339
51 2073600 13711 35.6379 32.5016 9.62728 6.5473
52 2073600 13269 35.5216 32.3299 9.56027 6.48533
53 2073600 12640 35.3649 32.0863 9.45808 6.31704
54 2073600 12143 35.2004 31.8193 9.35626 6.1711
55 2073600 11744 35.1049 31.6867 9.29048 6.08597
56 2073600 11170 34.8936 31.398 9.17446 5.98022
57 2073600 10727 34.7582 31.1746 9.09461 5.95727
58 2073600 10159 34.5624 30.9125 8.99427 5.82649
59 2073600 9756 34.4021 30.6726 8.90207 5.72135
60 2073600 9356 34.2433 30.4743 8.81182 5.62688
61 2073600 9079 34.0689 30.2269 8.72088 5.49121
62 2073600 8739 33.9099 30.0304 8.64322 5.46888
63 2073600 8398 33.728 29.7706 8.55682 5.38576
