1 990592 432535 49.3184 54.7123 27.5666 29.028
2 990592 406128 48.8618 54.3873 27.0984 28.2739
3 990592 349454 47.3585 53.1815 25.7042 26.5068
4 990592 332310 46.9016 52.7763 25.2827 26.4149
5 990592 293527 45.8025 51.6824 24.2872 25.284
6 990592 254408 44.5408 50.0736 23.065 23.935
7 990592 232118 43.823 49.3203 22.4298 23.0955
8 990592 211779 43.0916 48.427 21.7831 22.6078
9 990592 205462 42.9134 48.2266 21.6343 22.6004
10 990592 176795 41.7933 46.8165 20.6251 21.5069
11 990592 171591 41.5895 46.4075 20.4367 21.2484
12 990592 159118 41.0325 45.6312 19.9436 20.721
13 990592 142010 40.205 44.3931 19.1899 19.8581
14 990592 139011 40.0626 44.1343 19.0467 19.7786
15 990592 133521 39.8004 43.8067 18.8086 19.6157
16 990592 127205 39.4825 43.3604 18.5138 19.335
17 990592 126135 39.422 43.292 18.4626 19.4475
18 990592 117226 38.9244 42.5999 17.9978 18.9625
19 990592 114508 38.7946 42.3478 17.8841 18.7596
20 990592 111304 38.5915 42.0799 17.7076 18.6324
21 990592 106607 38.3272 41.5918 17.4346 18.3071
22 990592 104643 38.1878 41.2641 17.3082 18.179
23 990592 101860 37.9999 41.0245 17.1385 18.059
24 990592 98348 37.7891 40.6811 16.9314 17.8463
25 990592 95929 37.6298 40.3801 16.7775 17.7009
26 990592 93053 37.4412 40.1351 16.6034 17.5647
27 990592 87504 37.1158 39.1374 16.1549 16.8545
28 990592 82249 36.7289 38.4184 15.7512 16.4777
29 990592 78446 36.4739 37.896 15.4911 16.1539
30 990592 74650 36.2132 37.4267 15.2384 15.8997
31 990592 71406 35.9511 36.9869 14.9596 15.6311
32 990592 68351 35.7428 36.6239 14.7605 15.4335
33 990592 65387 35.4844 36.0796 14.4944 15.1603
34 990592 63098 35.2869 35.7333 14.2984 14.9154
35 990592 61049 35.1422 35.502 14.1738 14.8926
36 990592 59492 34.9976 35.2897 14.0205 14.7469
37 990592 56996 34.7661 34.8743 13.7854 14.5423
38 990592 54235 34.494 34.3781 13.508 14.2776
39 990592 51557 34.2277 33.9636 13.2532 14.0205
40 990592 48865 33.9292 33.5152 12.9589 13.7305
41 990592 46909 33.7213 33.1931 12.7688 13.551
42 990592 43582 33.2887 32.4588 12.3024 13.0277
43 990592 40713 32.937 31.8969 11.9346 12.6339
44 990592 38429 32.6224 31.3828 11.6058 12.244
45 990592 36181 32.3244 30.9389 11.3141 11.9686
46 990592 34198 32.1178 30.404 11.0347 11.5706
47 990592 32453 31.8306 29.9427 10.7748 11.2773
48 990592 31237 31.6316 29.6558 10.5743 11.0778
49 990592 29555 31.3844 29.2812 10.3155 10.7834
50 990592 27976 31.1044 28.8509 10.0344 10.4327
51 990592 26584 30.8763 28.5229 9.84002 10.1867
52 990592 25377 30.6425 28.1532 9.61696 9.91729
53 990592 23809 30.3769 27.7723 9.40976 9.70912
54 990592 22538 30.0794 27.3208 9.17325 9.42193
55 990592 21387 29.89 27.0739 9.03218 9.25585
56 990592 20134 29.597 26.6384 8.80357 8.99255
57 990592 18909 29.3412 26.2696 8.60984 8.77898
58 990592 17717 29.0274 25.837 8.37131 8.4573
59 990592 16690 28.7923 25.5146 8.19748 8.26407
60 990592 15855 28.5504 25.2008 8.02604 8.05611
61 990592 15122 28.2714 24.8209 7.8644 7.85914
62 990592 14226 28.0235 24.4736 7.70086 7.6935
63 990592 13321 27.7561 24.1188 7.51455 7.47159
