1 929248 190789 50.4226 49.4802 22.5851 14.5763
2 929248 177221 50.0993 49.2367 22.3041 14.4935
3 929248 144351 49.1554 48.3911 21.5826 13.9399
4 929248 136710 48.8372 48.0853 21.3384 13.7836
5 929248 118150 48.1289 47.2993 20.8016 13.295
6 929248 101210 47.3095 46.3729 20.1592 12.8239
7 929248 92189 46.8586 45.9207 19.8553 12.6581
8 929248 83864 46.3889 45.4866 19.5716 12.5114
9 929248 80835 46.2999 45.4205 19.5032 12.5446
10 929248 69603 45.5651 44.6616 19.0142 12.157
11 929248 67395 45.387 44.3631 18.8688 12.1022
12 929248 62760 45.0103 43.919 18.6313 11.9171
13 929248 56550 44.485 43.389 18.3048 11.7621
14 929248 55073 44.3787 43.2455 18.2191 11.6616
15 929248 53294 44.2293 43.1739 18.1634 11.6807
16 929248 50707 44.0333 43.0556 18.053 11.6934
17 929248 50338 44.0048 43.0108 18.0455 11.6506
18 929248 46953 43.6507 42.6916 17.8265 11.4823
19 929248 45907 43.5229 42.4681 17.7217 11.4802
20 929248 44652 43.3957 42.3854 17.6666 11.4183
21 929248 42984 43.1559 42.07 17.4928 11.3427
22 929248 42156 43.0613 41.8882 17.4042 11.288
23 929248 41065 42.9195 41.8078 17.3382 11.2129
24 929248 39671 42.7536 41.6526 17.2458 11.1915
25 929248 38864 42.6121 41.4161 17.1362 11.0976
26 929248 37835 42.5029 41.3232 17.0595 11.0456
27 929248 35744 42.2445 41.0257 16.895 11.001
28 929248 33662 41.9002 40.6012 16.6689 10.83
29 929248 32303 41.6611 40.2534 16.5104 10.7303
30 929248 30914 41.437 39.9408 16.3367 10.6011
31 929248 29635 41.2345 39.7849 16.2176 10.591
32 929248 28468 41.0394 39.5083 16.0772 10.4935
33 929248 27392 40.8002 39.185 15.9322 10.4098
34 929248 26522 40.6264 38.9359 15.8081 10.3127
35 929248 25890 40.5568 38.9083 15.7752 10.3083
36 929248 25161 40.405 38.6916 15.6613 10.2265
37 929248 24276 40.1996 38.4802 15.5352 10.1871
38 929248 23246 39.9922 38.2169 15.3897 10.1052
39 929248 22180 39.773 38.0074 15.247 10.0514
40 929248 21144 39.5519 37.7571 15.0852 9.93555
41 929248 20328 39.3276 37.4754 14.94 9.87513
42 929248 19098 38.9966 37.058 14.7204 9.72683
43 929248 18034 38.6927 36.6929 14.503 9.55501
44 929248 17059 38.3937 36.2815 14.2678 9.37884
45 929248 16255 38.1761 36.0266 14.1147 9.31992
46 929248 15540 37.906 35.7056 13.927 9.17855
47 929248 14896 37.6617 35.3499 13.776 9.1068
48 929248 14437 37.5292 35.1775 13.6531 8.99874
49 929248 13805 37.2648 34.8345 13.4216 8.86559
50 929248 13183 37.0089 34.5078 13.2214 8.77359
51 929248 12659 36.8141 34.2868 13.0661 8.67098
52 929248 12252 36.6004 33.985 12.878 8.56952
53 929248 11566 36.3099 33.6457 12.6828 8.42527
54 929248 11110 36.0267 33.2314 12.4448 8.29718
55 929248 10633 35.8549 32.9551 12.3099 8.18729
56 929248 10114 35.4931 32.4926 12.0533 8.04258
57 929248 9583 35.225 32.1196 11.8283 7.92452
58 929248 9068 34.9183 31.679 11.6024 7.79524
59 929248 8701 34.6698 31.3883 11.4721 7.73396
60 929248 8349 34.4404 31.1117 11.2952 7.62874
61 929248 8100 34.2083 30.7786 11.1154 7.52422
62 929248 7747 33.8892 30.3989 10.8735 7.40051
63 929248 7490 33.6921 30.1107 10.7122 7.28023
