1 1136220 389530 49.5881 50.8317 22.84 14.8927
2 1136220 360749 49.0985 50.441 22.3498 14.6555
3 1136220 302756 47.8423 49.3946 21.234 14.3175
4 1136220 287139 47.4511 49.0846 20.9089 14.3088
5 1136220 251926 46.5632 48.1275 20.1719 13.8218
6 1136220 217962 45.5041 46.9485 19.2392 13.5264
7 1136220 199370 44.9545 46.4306 18.8354 13.2902
8 1136220 182176 44.3471 45.8531 18.4105 13.2194
9 1136220 176162 44.2272 45.7456 18.3244 13.1115
10 1136220 152397 43.3111 44.7814 17.6469 12.823
11 1136220 147821 43.1133 44.4801 17.5211 12.7664
12 1136220 137375 42.6289 44.006 17.1941 12.6308
13 1136220 123376 41.8972 43.1959 16.6812 12.329
14 1136220 120271 41.7539 43.01 16.5764 12.3173
15 1136220 116006 41.5145 42.8306 16.4328 12.315
16 1136220 110341 41.2475 42.5743 16.2313 12.2196
17 1136220 109199 41.1719 42.544 16.1986 12.2559
18 1136220 101866 40.729 42.1562 15.8938 12.126
19 1136220 99355 40.5679 41.9303 15.7875 11.9944
20 1136220 96823 40.3846 41.7737 15.662 11.9805
21 1136220 92809 40.1162 41.382 15.4525 11.8804
22 1136220 91270 39.9968 41.2163 15.375 11.7902
23 1136220 88579 39.8086 41.0611 15.2345 11.7525
24 1136220 85360 39.5757 40.7422 15.0649 11.6419
25 1136220 83413 39.4253 40.5343 14.9568 11.5732
26 1136220 81165 39.265 40.4244 14.86 11.5691
27 1136220 76276 38.9178 40.0149 14.6189 11.451
28 1136220 71676 38.5087 39.5228 14.3098 11.256
29 1136220 68420 38.2054 39.07 14.0789 11.1673
30 1136220 65024 37.8971 38.624 13.8465 10.9335
31 1136220 62157 37.6401 38.3808 13.648 10.8002
32 1136220 59536 37.3877 38.0269 13.454 10.7388
33 1136220 57039 37.1209 37.6282 13.2379 10.6101
34 1136220 55031 36.9066 37.3201 13.074 10.511
35 1136220 53179 36.7395 37.1234 12.9526 10.433
36 1136220 51564 36.571 36.9158 12.8162 10.3051
37 1136220 49566 36.3492 36.6336 12.6547 10.2921
38 1136220 47045 36.0494 36.2657 12.4298 10.1604
39 1136220 44560 35.7431 35.9099 12.1986 10.0968
40 1136220 41891 35.4299 35.5534 11.9415 9.93786
41 1136220 40145 35.1943 35.2731 11.779 9.81518
42 1136220 37224 34.7633 34.7125 11.422 9.59793
43 1136220 34490 34.3859 34.2466 11.1131 9.39252
44 1136220 32318 34.0595 33.7944 10.8388 9.20923
45 1136220 30446 33.7474 33.3652 10.5947 9.09241
46 1136220 28602 33.4648 32.9754 10.3402 8.85717
47 1136220 27050 33.1833 32.5849 10.1022 8.71184
48 1136220 25829 32.9566 32.2828 9.91821 8.61797
49 1136220 24100 32.6509 31.8809 9.63994 8.41259
50 1136220 22638 32.3641 31.458 9.38653 8.26627
51 1136220 21223 32.085 31.1265 9.16572 8.09697
52 1136220 20180 31.8311 30.7412 8.96146 7.94805
53 1136220 18635 31.5537 30.3746 8.72429 7.74021
54 1136220 17600 31.2903 29.9245 8.45707 7.51633
55 1136220 16433 31.0585 29.5987 8.26585 7.37728
56 1136220 15219 30.7856 29.1859 8.02022 7.14194
57 1136220 14024 30.5249 28.6931 7.7292 6.90295
58 1136220 12869 30.2521 28.2688 7.49582 6.71594
59 1136220 12115 30.0415 27.9553 7.31426 6.53654
60 1136220 11280 29.8421 27.6512 7.13808 6.37502
61 1136220 10514 29.6128 27.2849 6.93943 6.18155
62 1136220 9762 29.3924 26.9514 6.75941 6.02617
63 1136220 9108 29.1872 26.5953 6.57569 5.84302
