1 1309468 548912 49.5475 52.6209 24.1326 15.1029
2 1309468 511360 49.0648 52.2585 23.6772 15.008
3 1309468 445455 47.7575 51.1666 22.5637 14.9018
4 1309468 422862 47.295 50.7702 22.1839 14.7457
5 1309468 380418 46.252 49.7489 21.3024 14.5535
6 1309468 336452 44.9602 48.5691 20.1811 14.3666
7 1309468 310933 44.2075 47.9077 19.5366 14.221
8 1309468 286531 43.4081 47.1876 18.8485 14.1128
9 1309468 277337 43.2284 46.9521 18.7129 14.1202
10 1309468 241689 41.9765 45.6513 17.5809 13.8485
11 1309468 233714 41.7237 45.3008 17.3721 13.7938
12 1309468 216729 41.0621 44.5889 16.7818 13.6558
13 1309468 192757 40.0802 43.4813 15.8551 13.4774
14 1309468 187630 39.8903 43.2355 15.6951 13.463
15 1309468 179918 39.5668 42.9826 15.3977 13.3806
16 1309468 170455 39.1795 42.5751 15.028 13.3187
17 1309468 168747 39.1144 42.5227 14.9898 13.3731
18 1309468 154845 38.4919 41.866 14.3875 13.2721
19 1309468 150362 38.3002 41.5319 14.208 13.1613
20 1309468 145770 38.0829 41.2848 13.9891 13.0472
21 1309468 137722 37.7216 40.7684 13.6383 12.8997
22 1309468 134683 37.5839 40.5029 13.5105 12.9538
23 1309468 130270 37.3503 40.2857 13.2721 12.809
24 1309468 124389 37.0792 39.9345 13.0152 12.706
25 1309468 120188 36.9126 39.6124 12.8603 12.7081
26 1309468 115601 36.6965 39.3654 12.6421 12.5824
27 1309468 106469 36.2921 38.7265 12.2437 12.3746
28 1309468 97544 35.838 38.0546 11.7664 12.112
29 1309468 91133 35.5212 37.5031 11.4628 11.968
30 1309468 85304 35.2367 37.0322 11.1864 11.7519
31 1309468 79604 34.9477 36.6332 10.8683 11.57
32 1309468 74987 34.7147 36.2241 10.6438 11.4166
33 1309468 70386 34.4522 35.7445 10.3717 11.2203
34 1309468 66796 34.2545 35.3587 10.164 11.0147
35 1309468 64020 34.1385 35.1957 10.0563 10.9763
36 1309468 61260 33.9741 34.921 9.89382 10.8327
37 1309468 57508 33.7591 34.5719 9.66274 10.6492
38 1309468 53438 33.5186 34.1382 9.41527 10.403
39 1309468 49186 33.2738 33.7518 9.16927 10.2118
40 1309468 45267 33.035 33.3672 8.91654 9.9927
41 1309468 42513 32.8499 32.9793 8.70622 9.72172
42 1309468 37822 32.53 32.3487 8.35874 9.33248
43 1309468 33945 32.2804 31.9203 8.10076 9.0544
44 1309468 30959 32.0513 31.4234 7.82616 8.65032
45 1309468 28225 31.8467 31.0371 7.61711 8.37555
46 1309468 25821 31.6693 30.6775 7.42292 8.14665
47 1309468 23757 31.4832 30.2902 7.22666 7.90386
48 1309468 22429 31.3664 30.0772 7.10872 7.77157
49 1309468 20428 31.1851 29.7097 6.9087 7.50762
50 1309468 18647 31.0195 29.3807 6.73745 7.28314
51 1309468 17201 30.8758 29.1013 6.5892 7.0637
52 1309468 16086 30.7452 28.855 6.45395 6.89188
53 1309468 14759 30.613 28.5989 6.33646 6.72162
54 1309468 13712 30.48 28.3287 6.2036 6.4994
55 1309468 12766 30.3679 28.1163 6.10182 6.36779
56 1309468 11728 30.2225 27.8395 5.97857 6.21222
57 1309468 10882 30.1133 27.6382 5.87928 6.06278
58 1309468 9949 29.972 27.3793 5.75217 5.86521
59 1309468 9384 29.8715 27.1986 5.65484 5.7057
60 1309468 8855 29.767 27.0143 5.57244 5.58583
61 1309468 8326 29.6404 26.7932 5.45785 5.40503
62 1309468 7840 29.542 26.6112 5.37809 5.30725
63 1309468 7365 29.4359 26.4268 5.29747 5.17639
