1 921600 45393 0 0 23.6066 0
2 921600 37794 0 0 23.1045 0
3 921600 27603 0 0 22.3858 0
4 921600 24038 0 0 22.0562 0
5 921600 19303 0 0 21.6069 0
6 921600 15295 0 0 21.1161 0
7 921600 13598 0 0 20.8728 0
8 921600 11842 0 0 20.5885 0
9 921600 10626 0 0 20.4342 0
10 921600 8772 0 0 19.9946 0
11 921600 8147 0 0 19.8611 0
12 921600 7427 0 0 19.6372 0
13 921600 6198 0 0 19.2631 0
14 921600 5968 0 0 19.1323 0
15 921600 5914 0 0 19.0694 0
16 921600 5482 0 0 18.8821 0
17 921600 5426 0 0 18.8694 0
18 921600 4960 0 0 18.66 0
19 921600 4799 0 0 18.5673 0
20 921600 4754 0 0 18.5091 0
21 921600 4525 0 0 18.3703 0
22 921600 4354 0 0 18.2889 0
23 921600 4247 0 0 18.199 0
24 921600 4138 0 0 18.156 0
25 921600 3895 0 0 18.0013 0
26 921600 3706 0 0 17.9389 0
27 921600 3625 0 0 17.7742 0
28 921600 3257 0 0 17.5818 0
29 921600 3289 0 0 17.453 0
30 921600 3058 0 0 17.2792 0
31 921600 2966 0 0 17.1477 0
32 921600 2831 0 0 16.95 0
33 921600 2685 0 0 16.8043 0
34 921600 2572 0 0 16.669 0
35 921600 2545 0 0 16.5984 0
36 921600 2531 0 0 16.526 0
37 921600 2418 0 0 16.3586 0
38 921600 2208 0 0 16.1662 0
39 921600 2152 0 0 16.0495 0
40 921600 2016 0 0 15.9027 0
41 921600 2066 0 0 15.7471 0
42 921600 1827 0 0 15.5553 0
43 921600 1856 0 0 15.3983 0
44 921600 1805 0 0 15.1662 0
45 921600 1719 0 0 14.9974 0
46 921600 1676 0 0 14.893 0
47 921600 1550 0 0 14.7043 0
48 921600 1564 0 0 14.6341 0
49 921600 1568 0 0 14.4867 0
50 921600 1390 0 0 14.2569 0
51 921600 1358 0 0 14.1734 0
52 921600 1317 0 0 14.095 0
53 921600 1254 0 0 13.8226 0
54 921600 1290 0 0 13.8024 0
55 921600 1184 0 0 13.6549 0
56 921600 1140 0 0 13.4703 0
57 921600 1055 0 0 13.3678 0
58 921600 1038 0 0 13.2753 0
59 921600 913 0 0 13.1249 0
60 921600 924 0 0 13.0265 0
61 921600 928 0 0 12.9816 0
62 921600 892 0 0 12.7588 0
63 921600 495 0 0 12.0897 0
