1 921600 55550 0 0 23.92 0
2 921600 50884 0 0 23.628 0
3 921600 38739 0 0 22.9743 0
4 921600 36007 0 0 22.7241 0
5 921600 30006 0 0 22.2309 0
6 921600 24786 0 0 21.6623 0
7 921600 22261 0 0 21.366 0
8 921600 19996 0 0 21.0661 0
9 921600 18885 0 0 20.9521 0
10 921600 15880 0 0 20.4331 0
11 921600 15274 0 0 20.3142 0
12 921600 14085 0 0 20.078 0
13 921600 12591 0 0 19.6898 0
14 921600 12227 0 0 19.6045 0
15 921600 11842 0 0 19.5086 0
16 921600 11184 0 0 19.3677 0
17 921600 11109 0 0 19.3598 0
18 921600 10390 0 0 19.1096 0
19 921600 10096 0 0 19.0256 0
20 921600 9858 0 0 18.9306 0
21 921600 9368 0 0 18.7776 0
22 921600 9198 0 0 18.7006 0
23 921600 9042 0 0 18.6171 0
24 921600 8572 0 0 18.4763 0
25 921600 8411 0 0 18.3775 0
26 921600 8159 0 0 18.298 0
27 921600 7752 0 0 18.1169 0
28 921600 7311 0 0 17.8688 0
29 921600 6982 0 0 17.7587 0
30 921600 6634 0 0 17.5461 0
31 921600 6416 0 0 17.4403 0
32 921600 6187 0 0 17.2693 0
33 921600 5991 0 0 17.1299 0
34 921600 5818 0 0 17.0026 0
35 921600 5706 0 0 16.9569 0
36 921600 5557 0 0 16.853 0
37 921600 5396 0 0 16.7347 0
38 921600 5184 0 0 16.5634 0
39 921600 5000 0 0 16.4295 0
40 921600 4806 0 0 16.2809 0
41 921600 4646 0 0 16.1154 0
42 921600 4437 0 0 15.9011 0
43 921600 4243 0 0 15.704 0
44 921600 4051 0 0 15.4648 0
45 921600 3910 0 0 15.2818 0
46 921600 3737 0 0 15.1471 0
47 921600 3601 0 0 14.9895 0
48 921600 3504 0 0 14.8406 0
49 921600 3356 0 0 14.6478 0
50 921600 3283 0 0 14.5131 0
51 921600 3169 0 0 14.4332 0
52 921600 3095 0 0 14.3306 0
53 921600 2957 0 0 14.1039 0
54 921600 2869 0 0 13.9872 0
55 921600 2804 0 0 13.8856 0
56 921600 2716 0 0 13.6923 0
57 921600 2629 0 0 13.5887 0
58 921600 2554 0 0 13.4514 0
59 921600 2482 0 0 13.349 0
60 921600 2445 0 0 13.2878 0
61 921600 2391 0 0 13.1747 0
62 921600 2344 0 0 13.0803 0
63 921600 2291 0 0 12.9937 0
