1 921600 45712 0 0 23.5905 0
2 921600 38840 0 0 23.1494 0
3 921600 27709 0 0 22.4333 0
4 921600 24088 0 0 22.1261 0
5 921600 19030 0 0 21.6772 0
6 921600 14964 0 0 21.1996 0
7 921600 12859 0 0 20.921 0
8 921600 11212 0 0 20.632 0
9 921600 10021 0 0 20.4868 0
10 921600 8131 0 0 20.0519 0
11 921600 7555 0 0 19.934 0
12 921600 6854 0 0 19.6927 0
13 921600 5782 0 0 19.345 0
14 921600 5495 0 0 19.2469 0
15 921600 5366 0 0 19.1402 0
16 921600 5087 0 0 19.0163 0
17 921600 5023 0 0 19.0037 0
18 921600 4593 0 0 18.7777 0
19 921600 4465 0 0 18.6961 0
20 921600 4529 0 0 18.6404 0
21 921600 4132 0 0 18.4899 0
22 921600 4044 0 0 18.3976 0
23 921600 3939 0 0 18.3102 0
24 921600 3821 0 0 18.2311 0
25 921600 3683 0 0 18.134 0
26 921600 3564 0 0 18.0615 0
27 921600 3403 0 0 17.9204 0
28 921600 3160 0 0 17.7252 0
29 921600 2999 0 0 17.5764 0
30 921600 2864 0 0 17.3774 0
31 921600 2724 0 0 17.235 0
32 921600 2646 0 0 17.0626 0
33 921600 2539 0 0 16.9138 0
34 921600 2428 0 0 16.8059 0
35 921600 2336 0 0 16.7286 0
36 921600 2298 0 0 16.638 0
37 921600 2277 0 0 16.5149 0
38 921600 2213 0 0 16.3428 0
39 921600 2025 0 0 16.204 0
40 921600 1947 0 0 16.041 0
41 921600 1861 0 0 15.8843 0
42 921600 1801 0 0 15.6885 0
43 921600 1738 0 0 15.5287 0
44 921600 1655 0 0 15.3115 0
45 921600 1581 0 0 15.0988 0
46 921600 1500 0 0 14.9872 0
47 921600 1486 0 0 14.8306 0
48 921600 1419 0 0 14.7063 0
49 921600 1378 0 0 14.5443 0
50 921600 1305 0 0 14.3573 0
51 921600 1220 0 0 14.2725 0
52 921600 1227 0 0 14.2329 0
53 921600 1175 0 0 13.9698 0
54 921600 1117 0 0 13.8899 0
55 921600 1074 0 0 13.7525 0
56 921600 1039 0 0 13.5742 0
57 921600 959 0 0 13.4273 0
58 921600 871 0 0 13.289 0
59 921600 844 0 0 13.1976 0
60 921600 777 0 0 13.0813 0
61 921600 788 0 0 12.9946 0
62 921600 758 0 0 12.8318 0
63 921600 287 0 0 12.4881 0
