1 1201200 332562 49.388 50.1049 20.8795 14.3602
2 1201200 303140 48.7553 49.6658 20.2378 14.1382
3 1201200 225821 47.2563 48.3613 18.7512 13.7905
4 1201200 209384 46.8324 47.991 18.3624 13.682
5 1201200 163767 45.9816 46.9043 17.5571 13.1756
6 1201200 126968 44.9781 45.5206 16.6154 12.487
7 1201200 108461 44.5925 44.8494 16.2807 12.0763
8 1201200 93074 44.2194 44.2291 15.9873 11.8144
9 1201200 88534 44.1583 44.1821 15.9256 11.7948
10 1201200 70407 43.6262 43.2006 15.4938 11.2647
11 1201200 67447 43.5047 42.9071 15.3897 11.0994
12 1201200 61334 43.2511 42.4281 15.187 10.8464
13 1201200 53265 42.8669 41.7548 14.903 10.6082
14 1201200 51232 42.7988 41.6383 14.8485 10.5489
15 1201200 49189 42.7026 41.5028 14.782 10.4937
16 1201200 46156 42.5864 41.3439 14.6912 10.465
17 1201200 45786 42.5729 41.3301 14.6814 10.4292
18 1201200 42482 42.368 41.0112 14.5266 10.267
19 1201200 41000 42.2706 40.8403 14.453 10.1596
20 1201200 39938 42.2051 40.7516 14.4043 10.1148
21 1201200 37811 42.0285 40.4259 14.2723 10.0523
22 1201200 36984 41.9445 40.2557 14.2063 9.94107
23 1201200 36091 41.8636 40.1463 14.1508 9.91606
24 1201200 34567 41.7378 39.9617 14.0561 9.82051
25 1201200 33571 41.6373 39.7784 13.9875 9.77791
26 1201200 32633 41.5789 39.7378 13.9452 9.74191
27 1201200 30333 41.3964 39.4719 13.8109 9.59511
28 1201200 28500 41.18 39.0863 13.6529 9.44704
29 1201200 27087 40.988 38.7503 13.5139 9.23673
30 1201200 25666 40.8125 38.4521 13.3845 9.04714
31 1201200 24625 40.6934 38.31 13.2894 8.99842
32 1201200 23475 40.5403 38.0625 13.1824 8.91835
33 1201200 22470 40.3792 37.8152 13.0743 8.86182
34 1201200 21602 40.2273 37.5743 12.9558 8.72464
35 1201200 20808 40.1579 37.4958 12.9138 8.69538
36 1201200 20344 40.0634 37.3739 12.8409 8.59696
37 1201200 19657 39.9538 37.2038 12.7682 8.53628
38 1201200 18659 39.769 36.9334 12.6331 8.52018
39 1201200 17783 39.6124 36.7336 12.5225 8.42803
40 1201200 16908 39.4455 36.5261 12.3959 8.30947
41 1201200 16167 39.2907 36.3058 12.2804 8.19055
42 1201200 15072 39.0376 35.963 12.1056 8.06412
43 1201200 14211 38.821 35.6794 11.9374 7.87823
44 1201200 13453 38.5701 35.347 11.7565 7.69249
45 1201200 12785 38.386 35.0695 11.6261 7.56567
46 1201200 12109 38.206 34.8533 11.5081 7.51128
47 1201200 11591 37.9947 34.5652 11.3536 7.36673
48 1201200 11179 37.844 34.3829 11.2422 7.28786
49 1201200 10679 37.6685 34.1994 11.1088 7.20446
50 1201200 10165 37.4967 33.9675 10.9622 7.12257
51 1201200 9714 37.317 33.7407 10.8244 7.01425
52 1201200 9324 37.1015 33.4603 10.6736 6.92299
53 1201200 8838 36.9365 33.2709 10.5568 6.78693
54 1201200 8457 36.6981 32.9384 10.3833 6.67102
55 1201200 8059 36.5343 32.7262 10.2741 6.57368
56 1201200 7677 36.3184 32.4315 10.1247 6.45406
57 1201200 7289 36.1324 32.2089 9.99731 6.40737
58 1201200 6841 35.8821 31.8837 9.844 6.27366
59 1201200 6565 35.6342 31.6119 9.688 6.14396
60 1201200 6347 35.46 31.397 9.57407 6.04108
61 1201200 6095 35.2878 31.1734 9.47589 5.98791
62 1201200 5895 35.0969 30.9339 9.34007 5.89301
63 1201200 5636 34.8722 30.6636 9.2188 5.78576
