1 1201200 332562 0 0 20.8795 0
2 1201200 303140 0 0 20.2378 0
3 1201200 225821 0 0 18.7512 0
4 1201200 209384 0 0 18.3624 0
5 1201200 163767 0 0 17.5571 0
6 1201200 126968 0 0 16.6154 0
7 1201200 108461 0 0 16.2807 0
8 1201200 93074 0 0 15.9873 0
9 1201200 88534 0 0 15.9256 0
10 1201200 70407 0 0 15.4938 0
11 1201200 67447 0 0 15.3897 0
12 1201200 61334 0 0 15.187 0
13 1201200 53265 0 0 14.903 0
14 1201200 51232 0 0 14.8485 0
15 1201200 49189 0 0 14.782 0
16 1201200 46156 0 0 14.6912 0
17 1201200 45786 0 0 14.6814 0
18 1201200 42482 0 0 14.5266 0
19 1201200 41000 0 0 14.453 0
20 1201200 39938 0 0 14.4043 0
21 1201200 37811 0 0 14.2723 0
22 1201200 36984 0 0 14.2063 0
23 1201200 36091 0 0 14.1508 0
24 1201200 34567 0 0 14.0561 0
25 1201200 33571 0 0 13.9875 0
26 1201200 32633 0 0 13.9452 0
27 1201200 30333 0 0 13.8109 0
28 1201200 28500 0 0 13.6529 0
29 1201200 27087 0 0 13.5139 0
30 1201200 25666 0 0 13.3845 0
31 1201200 24625 0 0 13.2894 0
32 1201200 23475 0 0 13.1824 0
33 1201200 22470 0 0 13.0743 0
34 1201200 21602 0 0 12.9558 0
35 1201200 20808 0 0 12.9138 0
36 1201200 20344 0 0 12.8409 0
37 1201200 19657 0 0 12.7682 0
38 1201200 18659 0 0 12.6331 0
39 1201200 17783 0 0 12.5225 0
40 1201200 16908 0 0 12.3959 0
41 1201200 16167 0 0 12.2804 0
42 1201200 15072 0 0 12.1056 0
43 1201200 14211 0 0 11.9374 0
44 1201200 13453 0 0 11.7565 0
45 1201200 12785 0 0 11.6261 0
46 1201200 12109 0 0 11.5081 0
47 1201200 11591 0 0 11.3536 0
48 1201200 11179 0 0 11.2422 0
49 1201200 10679 0 0 11.1088 0
50 1201200 10165 0 0 10.9622 0
51 1201200 9714 0 0 10.8244 0
52 1201200 9324 0 0 10.6736 0
53 1201200 8838 0 0 10.5568 0
54 1201200 8457 0 0 10.3833 0
55 1201200 8059 0 0 10.2741 0
56 1201200 7677 0 0 10.1247 0
57 1201200 7289 0 0 9.99731 0
58 1201200 6841 0 0 9.844 0
59 1201200 6565 0 0 9.688 0
60 1201200 6347 0 0 9.57407 0
61 1201200 6095 0 0 9.47589 0
62 1201200 5895 0 0 9.34007 0
63 1201200 5636 0 0 9.2188 0
