1 1119744 468664 0 0 24.1232 0
2 1119744 439212 0 0 23.6595 0
3 1119744 381541 0 0 22.5809 0
4 1119744 363809 0 0 22.2499 0
5 1119744 327879 0 0 21.5433 0
6 1119744 291210 0 0 20.6716 0
7 1119744 271188 0 0 20.2272 0
8 1119744 252830 0 0 19.7914 0
9 1119744 245728 0 0 19.7024 0
10 1119744 220182 0 0 18.9633 0
11 1119744 214267 0 0 18.8134 0
12 1119744 201865 0 0 18.4289 0
13 1119744 185561 0 0 17.859 0
14 1119744 181685 0 0 17.7538 0
15 1119744 176180 0 0 17.5967 0
16 1119744 169880 0 0 17.3768 0
17 1119744 168116 0 0 17.3563 0
18 1119744 159127 0 0 17.0195 0
19 1119744 155745 0 0 16.8892 0
20 1119744 152430 0 0 16.7517 0
21 1119744 147622 0 0 16.5326 0
22 1119744 145061 0 0 16.4012 0
23 1119744 142338 0 0 16.2886 0
24 1119744 138309 0 0 16.1101 0
25 1119744 135477 0 0 15.9747 0
26 1119744 132247 0 0 15.8396 0
27 1119744 125887 0 0 15.5519 0
28 1119744 119571 0 0 15.2172 0
29 1119744 115063 0 0 14.9684 0
30 1119744 110489 0 0 14.7319 0
31 1119744 106136 0 0 14.5274 0
32 1119744 102242 0 0 14.3015 0
33 1119744 98592 0 0 14.0594 0
34 1119744 95470 0 0 13.8736 0
35 1119744 92483 0 0 13.752 0
36 1119744 90041 0 0 13.6008 0
37 1119744 86632 0 0 13.3944 0
38 1119744 82613 0 0 13.1258 0
39 1119744 78308 0 0 12.8792 0
40 1119744 73662 0 0 12.6108 0
41 1119744 70361 0 0 12.4103 0
42 1119744 64659 0 0 12.0246 0
43 1119744 59436 0 0 11.69 0
44 1119744 55095 0 0 11.3607 0
45 1119744 51294 0 0 11.0953 0
46 1119744 47421 0 0 10.8222 0
47 1119744 44044 0 0 10.523 0
48 1119744 41398 0 0 10.317 0
49 1119744 37875 0 0 10.0203 0
50 1119744 34964 0 0 9.7248 0
51 1119744 32164 0 0 9.4531 0
52 1119744 30173 0 0 9.22365 0
53 1119744 27770 0 0 8.98688 0
54 1119744 25661 0 0 8.72647 0
55 1119744 24202 0 0 8.50104 0
56 1119744 22185 0 0 8.19703 0
57 1119744 20446 0 0 7.94442 0
58 1119744 18541 0 0 7.66018 0
59 1119744 17327 0 0 7.4212 0
60 1119744 16045 0 0 7.21763 0
61 1119744 14916 0 0 6.94276 0
62 1119744 13552 0 0 6.66154 0
63 1119744 12511 0 0 6.43822 0
