1 1119744 468664 49.466 52.1169 24.1232 24.1233
2 1119744 439212 49.0143 51.7318 23.6595 23.6556
3 1119744 381541 47.6508 50.6686 22.5809 21.8771
4 1119744 363809 47.2325 50.3035 22.2499 21.4506
5 1119744 327879 46.2617 49.3426 21.5433 20.2455
6 1119744 291210 45.1489 48.1212 20.6716 18.959
7 1119744 271188 44.4846 47.4792 20.2272 18.4381
8 1119744 252830 43.7802 46.8113 19.7914 18.0027
9 1119744 245728 43.6467 46.6949 19.7024 17.968
10 1119744 220182 42.6447 45.5304 18.9633 17.0201
11 1119744 214267 42.38 45.1831 18.8134 16.7521
12 1119744 201865 41.7961 44.5894 18.4289 16.3452
13 1119744 185561 40.9289 43.6373 17.859 15.8902
14 1119744 181685 40.7789 43.4309 17.7538 15.754
15 1119744 176180 40.4935 43.2286 17.5967 15.7313
16 1119744 169880 40.1837 42.926 17.3768 15.6091
17 1119744 168116 40.0714 42.9048 17.3563 15.6024
18 1119744 159127 39.5426 42.3923 17.0195 15.3324
19 1119744 155745 39.3486 42.1265 16.8892 15.1422
20 1119744 152430 39.1059 41.9231 16.7517 15.0188
21 1119744 147622 38.8261 41.5416 16.5326 14.7731
22 1119744 145061 38.6433 41.238 16.4012 14.6598
23 1119744 142338 38.4649 41.1293 16.2886 14.5603
24 1119744 138309 38.1954 40.7779 16.1101 14.4121
25 1119744 135477 38.009 40.5086 15.9747 14.2811
26 1119744 132247 37.799 40.3305 15.8396 14.2167
27 1119744 125887 37.3761 39.8276 15.5519 13.9291
28 1119744 119571 36.9052 39.2597 15.2172 13.5914
29 1119744 115063 36.5679 38.8001 14.9684 13.3356
30 1119744 110489 36.2397 38.352 14.7319 13.0866
31 1119744 106136 35.8695 38.073 14.5274 12.9685
32 1119744 102242 35.5761 37.619 14.3015 12.7512
33 1119744 98592 35.274 37.1821 14.0594 12.5123
34 1119744 95470 35.0191 36.8514 13.8736 12.3645
35 1119744 92483 34.7969 36.6624 13.752 12.3008
36 1119744 90041 34.5766 36.3984 13.6008 12.1513
37 1119744 86632 34.284 36.0688 13.3944 12.0366
38 1119744 82613 33.9124 35.5769 13.1258 11.8737
39 1119744 78308 33.5234 35.1898 12.8792 11.6583
40 1119744 73662 33.0992 34.7644 12.6108 11.4946
41 1119744 70361 32.7739 34.448 12.4103 11.3297
42 1119744 64659 32.2034 33.7885 12.0246 11.0791
43 1119744 59436 31.6767 33.3008 11.69 10.8175
44 1119744 55095 31.2211 32.7439 11.3607 10.5782
45 1119744 51294 30.8032 32.3199 11.0953 10.3632
46 1119744 47421 30.395 31.8645 10.8222 10.2007
47 1119744 44044 30.0192 31.4195 10.523 9.9603
48 1119744 41398 29.7254 31.0781 10.317 9.84984
49 1119744 37875 29.328 30.6086 10.0203 9.65652
50 1119744 34964 28.9599 30.1629 9.7248 9.46687
51 1119744 32164 28.6338 29.7527 9.4531 9.21096
52 1119744 30173 28.322 29.3863 9.22365 9.05545
53 1119744 27770 28.0068 29.0098 8.98688 8.88743
54 1119744 25661 27.716 28.5496 8.72647 8.66259
55 1119744 24202 27.4351 28.2069 8.50104 8.45553
56 1119744 22185 27.0894 27.7805 8.19703 8.20059
57 1119744 20446 26.768 27.3748 7.94442 8.05487
58 1119744 18541 26.4305 26.9356 7.66018 7.79014
59 1119744 17327 26.1526 26.6023 7.4212 7.56943
60 1119744 16045 25.8878 26.3729 7.21763 7.43156
61 1119744 14916 25.5929 26.0247 6.94276 7.1869
62 1119744 13552 25.2744 25.6119 6.66154 6.99458
63 1119744 12511 25.0311 25.353 6.43822 6.78984
