1 1264368 516238 0 0 21.8082 0
2 1264368 478698 0 0 21.2889 0
3 1264368 407379 0 0 19.56 0
4 1264368 384723 0 0 19.0145 0
5 1264368 326109 0 0 17.509 0
6 1264368 265772 0 0 15.3795 0
7 1264368 228370 0 0 14.3997 0
8 1264368 193559 0 0 13.4845 0
9 1264368 185589 0 0 13.3758 0
10 1264368 139312 0 0 12.3308 0
11 1264368 133845 0 0 12.264 0
12 1264368 117425 0 0 11.9852 0
13 1264368 100380 0 0 11.7258 0
14 1264368 97338 0 0 11.6913 0
15 1264368 92965 0 0 11.6427 0
16 1264368 87885 0 0 11.584 0
17 1264368 86876 0 0 11.5786 0
18 1264368 80621 0 0 11.4982 0
19 1264368 78548 0 0 11.4758 0
20 1264368 76276 0 0 11.4472 0
21 1264368 73090 0 0 11.405 0
22 1264368 71731 0 0 11.3849 0
23 1264368 69865 0 0 11.3575 0
24 1264368 67602 0 0 11.3283 0
25 1264368 66021 0 0 11.3105 0
26 1264368 64318 0 0 11.2876 0
27 1264368 60703 0 0 11.2345 0
28 1264368 57413 0 0 11.1758 0
29 1264368 55018 0 0 11.1356 0
30 1264368 52754 0 0 11.0937 0
31 1264368 50611 0 0 11.0524 0
32 1264368 48676 0 0 11.018 0
33 1264368 46874 0 0 10.9755 0
34 1264368 45357 0 0 10.9447 0
35 1264368 44048 0 0 10.9185 0
36 1264368 42964 0 0 10.8932 0
37 1264368 41369 0 0 10.843 0
38 1264368 39411 0 0 10.7965 0
39 1264368 37742 0 0 10.7421 0
40 1264368 35843 0 0 10.6878 0
41 1264368 34519 0 0 10.6485 0
42 1264368 32313 0 0 10.5682 0
43 1264368 30348 0 0 10.4906 0
44 1264368 28718 0 0 10.4198 0
45 1264368 27290 0 0 10.3571 0
46 1264368 26008 0 0 10.2938 0
47 1264368 24864 0 0 10.226 0
48 1264368 23878 0 0 10.1746 0
49 1264368 22837 0 0 10.1015 0
50 1264368 21590 0 0 10.0157 0
51 1264368 20575 0 0 9.92204 0
52 1264368 19791 0 0 9.85934 0
53 1264368 18766 0 0 9.77802 0
54 1264368 17863 0 0 9.69956 0
55 1264368 17043 0 0 9.61951 0
56 1264368 16090 0 0 9.50936 0
57 1264368 15208 0 0 9.39717 0
58 1264368 14430 0 0 9.31141 0
59 1264368 13767 0 0 9.23493 0
60 1264368 13212 0 0 9.1499 0
61 1264368 12600 0 0 9.05958 0
62 1264368 11890 0 0 8.95278 0
63 1264368 11325 0 0 8.86368 0
