1 1264368 516238 49.2528 50.7807 21.8082 16.1854
2 1264368 478698 48.7339 50.3338 21.2889 16.0952
3 1264368 407379 47.0498 49.151 19.56 15.6509
4 1264368 384723 46.4915 48.7392 19.0145 15.5138
5 1264368 326109 45.0924 47.5978 17.509 14.9205
6 1264368 265772 43.0475 46.0325 15.3795 13.9458
7 1264368 228370 42.1687 45.2258 14.3997 13.2566
8 1264368 193559 41.3172 44.3925 13.4845 12.336
9 1264368 185589 41.1833 44.1775 13.3758 12.2917
10 1264368 139312 40.1504 43.1002 12.3308 10.6235
11 1264368 133845 40.034 42.8598 12.264 10.3692
12 1264368 117425 39.6615 42.4385 11.9852 9.72581
13 1264368 100380 39.2162 41.9302 11.7258 9.16212
14 1264368 97338 39.1449 41.8228 11.6913 9.02765
15 1264368 92965 39.0042 41.744 11.6427 8.99689
16 1264368 87885 38.8578 41.5878 11.584 8.90182
17 1264368 86876 38.8182 41.5722 11.5786 8.87157
18 1264368 80621 38.5694 41.3131 11.4982 8.68185
19 1264368 78548 38.4967 41.2118 11.4758 8.59688
20 1264368 76276 38.3821 41.1118 11.4472 8.54877
21 1264368 73090 38.2525 40.9628 11.405 8.47061
22 1264368 71731 38.1874 40.8584 11.3849 8.43169
23 1264368 69865 38.0793 40.7697 11.3575 8.402
24 1264368 67602 37.9565 40.6366 11.3283 8.35185
25 1264368 66021 37.8829 40.52 11.3105 8.31688
26 1264368 64318 37.7837 40.4183 11.2876 8.25992
27 1264368 60703 37.5702 40.1845 11.2345 8.15789
28 1264368 57413 37.3458 39.8964 11.1758 8.05615
29 1264368 55018 37.1747 39.658 11.1356 7.9888
30 1264368 52754 37.0116 39.4234 11.0937 7.89419
31 1264368 50611 36.8306 39.3038 11.0524 7.85929
32 1264368 48676 36.6732 39.0675 11.018 7.81355
33 1264368 46874 36.4989 38.8278 10.9755 7.77502
34 1264368 45357 36.365 38.604 10.9447 7.74167
35 1264368 44048 36.244 38.4465 10.9185 7.70569
36 1264368 42964 36.1316 38.3589 10.8932 7.67693
37 1264368 41369 35.9688 38.1609 10.843 7.66761
38 1264368 39411 35.7588 37.8566 10.7965 7.67475
39 1264368 37742 35.5542 37.6225 10.7421 7.61928
40 1264368 35843 35.313 37.3623 10.6878 7.58684
41 1264368 34519 35.1575 37.104 10.6485 7.54565
42 1264368 32313 34.83 36.6589 10.5682 7.48245
43 1264368 30348 34.5365 36.3061 10.4906 7.41513
44 1264368 28718 34.2597 35.8961 10.4198 7.34358
45 1264368 27290 34.0264 35.5834 10.3571 7.28175
46 1264368 26008 33.7893 35.2514 10.2938 7.22986
47 1264368 24864 33.5342 34.8522 10.226 7.17335
48 1264368 23878 33.3504 34.6068 10.1746 7.15093
49 1264368 22837 33.1084 34.2702 10.1015 7.11547
50 1264368 21590 32.8339 33.8775 10.0157 7.07082
51 1264368 20575 32.5688 33.5006 9.92204 6.98769
52 1264368 19791 32.3687 33.2079 9.85934 6.93463
53 1264368 18766 32.1096 32.7799 9.77802 6.89437
54 1264368 17863 31.86 32.3508 9.69956 6.83271
55 1264368 17043 31.6534 31.9756 9.61951 6.77257
56 1264368 16090 31.3712 31.4447 9.50936 6.73781
57 1264368 15208 31.1126 30.9082 9.39717 6.64169
58 1264368 14430 30.8714 30.4424 9.31141 6.60807
59 1264368 13767 30.6617 30.1001 9.23493 6.59137
60 1264368 13212 30.4699 29.7659 9.1499 6.48725
61 1264368 12600 30.2272 29.3758 9.05958 6.43016
62 1264368 11890 29.9553 28.9059 8.95278 6.37823
63 1264368 11325 29.7465 28.5327 8.86368 6.29543
