1 921600 541206 0 0 29.1563 0
2 921600 511260 0 0 28.7063 0
3 921600 459128 0 0 27.0523 0
4 921600 439101 0 0 26.5353 0
5 921600 398421 0 0 25.2549 0
6 921600 350773 0 0 23.5487 0
7 921600 320968 0 0 22.802 0
8 921600 292694 0 0 22.0281 0
9 921600 284993 0 0 21.8795 0
10 921600 243657 0 0 20.7908 0
11 921600 236930 0 0 20.6284 0
12 921600 218330 0 0 20.1056 0
13 921600 193633 0 0 19.3856 0
14 921600 189346 0 0 19.2607 0
15 921600 180750 0 0 19.0267 0
16 921600 172298 0 0 18.7852 0
17 921600 170429 0 0 18.7401 0
18 921600 157436 0 0 18.321 0
19 921600 153986 0 0 18.2178 0
20 921600 149427 0 0 18.0669 0
21 921600 143163 0 0 17.834 0
22 921600 140723 0 0 17.7109 0
23 921600 136647 0 0 17.5511 0
24 921600 131965 0 0 17.3638 0
25 921600 129061 0 0 17.1749 0
26 921600 125484 0 0 17.0413 0
27 921600 118373 0 0 16.7563 0
28 921600 111474 0 0 16.3782 0
29 921600 106528 0 0 16.1303 0
30 921600 101847 0 0 15.895 0
31 921600 97284 0 0 15.6528 0
32 921600 93412 0 0 15.445 0
33 921600 89584 0 0 15.1549 0
34 921600 86487 0 0 14.9795 0
35 921600 83986 0 0 14.8694 0
36 921600 81747 0 0 14.7418 0
37 921600 78542 0 0 14.4868 0
38 921600 74624 0 0 14.1833 0
39 921600 70986 0 0 13.9411 0
40 921600 67208 0 0 13.656 0
41 921600 64448 0 0 13.4639 0
42 921600 59973 0 0 13.0539 0
43 921600 56169 0 0 12.7159 0
44 921600 53100 0 0 12.3965 0
45 921600 50096 0 0 12.1018 0
46 921600 47538 0 0 11.8374 0
47 921600 45126 0 0 11.5283 0
48 921600 43512 0 0 11.3718 0
49 921600 41314 0 0 11.096 0
50 921600 39056 0 0 10.7604 0
51 921600 37298 0 0 10.4413 0
52 921600 35629 0 0 10.1657 0
53 921600 33495 0 0 9.86975 0
54 921600 31744 0 0 9.55052 0
55 921600 30220 0 0 9.2971 0
56 921600 28285 0 0 8.95831 0
57 921600 26441 0 0 8.61575 0
58 921600 24566 0 0 8.26244 0
59 921600 23249 0 0 8.01406 0
60 921600 21928 0 0 7.72801 0
61 921600 20732 0 0 7.43417 0
62 921600 19396 0 0 7.12406 0
63 921600 17900 0 0 6.78863 0
