1 2764800 474299 0 0 29.3522 0
2 2764800 444187 0 0 28.7606 0
3 2764800 390817 0 0 27.0819 0
4 2764800 369792 0 0 26.3832 0
5 2764800 327739 0 0 25.0979 0
6 2764800 275330 0 0 23.4666 0
7 2764800 244290 0 0 22.6804 0
8 2764800 214818 0 0 21.8941 0
9 2764800 206157 0 0 21.5661 0
10 2764800 162586 0 0 20.4327 0
11 2764800 156025 0 0 20.1865 0
12 2764800 137918 0 0 19.6928 0
13 2764800 114675 0 0 19.0486 0
14 2764800 109069 0 0 18.8568 0
15 2764800 103284 0 0 18.6853 0
16 2764800 95366 0 0 18.4454 0
17 2764800 94474 0 0 18.3902 0
18 2764800 83683 0 0 18.0241 0
19 2764800 81084 0 0 17.8986 0
20 2764800 78514 0 0 17.7797 0
21 2764800 72994 0 0 17.5474 0
22 2764800 70771 0 0 17.4397 0
23 2764800 67119 0 0 17.2618 0
24 2764800 64275 0 0 17.1058 0
25 2764800 60898 0 0 16.9693 0
26 2764800 58104 0 0 16.7987 0
27 2764800 52847 0 0 16.5393 0
28 2764800 47647 0 0 16.2091 0
29 2764800 44648 0 0 15.9841 0
30 2764800 40843 0 0 15.7065 0
31 2764800 38137 0 0 15.4861 0
32 2764800 35656 0 0 15.3041 0
33 2764800 33443 0 0 15.0603 0
34 2764800 31613 0 0 14.8866 0
35 2764800 30331 0 0 14.7472 0
36 2764800 28602 0 0 14.6132 0
37 2764800 26644 0 0 14.3916 0
38 2764800 24796 0 0 14.1513 0
39 2764800 22747 0 0 13.8902 0
40 2764800 21052 0 0 13.6503 0
41 2764800 19810 0 0 13.4434 0
42 2764800 17847 0 0 13.1212 0
43 2764800 16217 0 0 12.7699 0
44 2764800 14922 0 0 12.4736 0
45 2764800 13703 0 0 12.2029 0
46 2764800 12389 0 0 11.9435 0
47 2764800 11824 0 0 11.709 0
48 2764800 10950 0 0 11.5136 0
49 2764800 10003 0 0 11.2194 0
50 2764800 9331 0 0 10.934 0
51 2764800 8581 0 0 10.636 0
52 2764800 8006 0 0 10.377 0
53 2764800 7412 0 0 10.1096 0
54 2764800 6860 0 0 9.8057 0
55 2764800 6161 0 0 9.51083 0
56 2764800 5784 0 0 9.22506 0
57 2764800 5408 0 0 8.91911 0
58 2764800 4953 0 0 8.57613 0
59 2764800 4469 0 0 8.3292 0
60 2764800 4265 0 0 8.052 0
61 2764800 4039 0 0 7.76057 0
62 2764800 3781 0 0 7.4581 0
63 2764800 1213 0 0 6.64103 0
