1 921600 476008 0 0 29.32 0
2 921600 445511 0 0 28.7533 0
3 921600 392818 0 0 27.0521 0
4 921600 370326 0 0 26.3004 0
5 921600 330398 0 0 25.0989 0
6 921600 280448 0 0 23.5865 0
7 921600 250468 0 0 22.7885 0
8 921600 221565 0 0 21.9776 0
9 921600 211623 0 0 21.6372 0
10 921600 169816 0 0 20.5303 0
11 921600 161399 0 0 20.26 0
12 921600 143730 0 0 19.7768 0
13 921600 120832 0 0 19.1074 0
14 921600 115039 0 0 18.8997 0
15 921600 109505 0 0 18.7333 0
16 921600 102144 0 0 18.4912 0
17 921600 100832 0 0 18.4476 0
18 921600 90360 0 0 18.0565 0
19 921600 87763 0 0 17.9551 0
20 921600 84895 0 0 17.8043 0
21 921600 79126 0 0 17.5767 0
22 921600 77410 0 0 17.4811 0
23 921600 73610 0 0 17.2733 0
24 921600 70935 0 0 17.1327 0
25 921600 67748 0 0 16.9928 0
26 921600 64932 0 0 16.8272 0
27 921600 59936 0 0 16.5602 0
28 921600 54883 0 0 16.2177 0
29 921600 51510 0 0 16.0068 0
30 921600 48029 0 0 15.7392 0
31 921600 45603 0 0 15.5192 0
32 921600 42970 0 0 15.3358 0
33 921600 40483 0 0 15.0871 0
34 921600 38414 0 0 14.8926 0
35 921600 36485 0 0 14.7334 0
36 921600 35272 0 0 14.594 0
37 921600 33228 0 0 14.3599 0
38 921600 31312 0 0 14.1418 0
39 921600 29295 0 0 13.8686 0
40 921600 27085 0 0 13.6046 0
41 921600 25625 0 0 13.4128 0
42 921600 23238 0 0 13.047 0
43 921600 21415 0 0 12.7124 0
44 921600 19792 0 0 12.4352 0
45 921600 18338 0 0 12.1428 0
46 921600 17064 0 0 11.8936 0
47 921600 15797 0 0 11.6349 0
48 921600 15227 0 0 11.4406 0
49 921600 14192 0 0 11.1543 0
50 921600 13259 0 0 10.8522 0
51 921600 12161 0 0 10.5807 0
52 921600 11781 0 0 10.3664 0
53 921600 10706 0 0 10.0978 0
54 921600 9936 0 0 9.7818 0
55 921600 9295 0 0 9.52031 0
56 921600 8459 0 0 9.23075 0
57 921600 7640 0 0 8.91888 0
58 921600 7037 0 0 8.60202 0
59 921600 6463 0 0 8.34256 0
60 921600 6090 0 0 8.09115 0
61 921600 5695 0 0 7.79574 0
62 921600 5190 0 0 7.50281 0
63 921600 2124 0 0 6.26277 0
