1 943920 583810 49.2889 54.9319 26.3332 16.7962
2 943920 551093 48.8192 54.4938 25.8568 16.5956
3 943920 498175 47.2822 53.3847 24.4375 16.3918
4 943920 475660 46.7751 52.9669 23.9885 16.2856
5 943920 436781 45.5362 51.9218 22.8312 16.0967
6 943920 391619 43.9337 50.529 21.0996 15.9053
7 943920 365219 43.0657 49.7979 20.2857 15.8325
8 943920 340297 42.1681 48.9305 19.4677 15.6672
9 943920 330681 41.9739 48.5926 19.3217 15.7373
10 943920 293016 40.6467 47.1167 18.0111 15.4208
11 943920 284522 40.3655 46.7498 17.8462 15.4073
12 943920 265951 39.6592 46.0155 17.211 15.2519
13 943920 241438 38.6373 44.6795 16.2678 14.9694
14 943920 235980 38.4593 44.4219 16.1239 15.0131
15 943920 227407 38.1067 44.1177 15.8189 14.8074
16 943920 218402 37.7395 43.5909 15.4723 14.8051
17 943920 215528 37.6228 43.4931 15.4247 14.6963
18 943920 201855 37.0133 42.8334 14.8993 14.5085
19 943920 197134 36.8218 42.5013 14.7414 14.454
20 943920 192058 36.5604 42.2614 14.5377 14.3542
21 943920 184826 36.241 41.7909 14.2584 14.1191
22 943920 181443 36.0848 41.4745 14.145 14.1552
23 943920 176574 35.8401 41.2081 13.9198 13.975
24 943920 170881 35.5717 40.8282 13.7108 13.7657
25 943920 166929 35.3977 40.5453 13.5954 13.8587
26 943920 162325 35.1678 40.2642 13.4074 13.6626
27 943920 153233 34.747 39.6471 13.0771 13.3988
28 943920 144392 34.2765 38.9489 12.6896 13.2672
29 943920 137664 33.936 38.4103 12.4342 13.0183
30 943920 131206 33.6048 37.8669 12.161 12.8799
31 943920 125065 33.2629 37.4569 11.8933 12.8046
32 943920 119758 32.9843 37.026 11.682 12.6309
33 943920 114530 32.685 36.536 11.4437 12.5102
34 943920 110215 32.4425 36.1548 11.2593 12.3691
35 943920 106682 32.252 35.8913 11.1402 12.3201
36 943920 103197 32.0411 35.5683 10.9667 12.1167
37 943920 98600 31.7735 35.1835 10.75 12.0301
38 943920 93421 31.4525 34.6324 10.4889 11.8635
39 943920 87897 31.1079 34.1539 10.2307 11.6794
40 943920 82630 30.7555 33.6514 9.95866 11.428
41 943920 78656 30.4944 33.3256 9.77924 11.3202
42 943920 72027 30.0235 32.5459 9.38769 11.0352
43 943920 66396 29.6318 31.9207 9.03786 10.6792
44 943920 61691 29.2718 31.2803 8.72592 10.3816
45 943920 57460 28.9568 30.7882 8.48081 10.1331
46 943920 53678 28.6652 30.3432 8.23196 9.88162
47 943920 50127 28.3728 29.8664 7.98878 9.6529
48 943920 47433 28.1431 29.5222 7.81675 9.50956
49 943920 44145 27.8632 29.0662 7.57212 9.24115
50 943920 40932 27.5562 28.5502 7.32125 9.00912
51 943920 38120 27.2989 28.1385 7.09948 8.75729
52 943920 35817 27.0781 27.791 6.92064 8.53429
53 943920 33079 26.8152 27.3216 6.70509 8.3134
54 943920 30512 26.5658 26.8629 6.47284 8.01625
55 943920 28499 26.3637 26.5279 6.33234 7.89872
56 943920 26116 26.1114 26.0823 6.1215 7.65324
57 943920 24105 25.8862 25.698 5.94919 7.4669
58 943920 21836 25.6358 25.228 5.74152 7.19633
59 943920 20281 25.4608 24.8126 5.55425 6.96266
60 943920 18896 25.2906 24.5334 5.43357 6.80672
61 943920 17574 25.0971 24.1832 5.28122 6.64103
62 943920 16211 24.9056 23.854 5.14569 6.51239
63 943920 14963 24.7392 23.5456 5.00943 6.3288
