1 943920 583810 0 0 26.3332 0
2 943920 551093 0 0 25.8568 0
3 943920 498175 0 0 24.4375 0
4 943920 475660 0 0 23.9885 0
5 943920 436781 0 0 22.8312 0
6 943920 391619 0 0 21.0996 0
7 943920 365219 0 0 20.2857 0
8 943920 340297 0 0 19.4677 0
9 943920 330681 0 0 19.3217 0
10 943920 293016 0 0 18.0111 0
11 943920 284522 0 0 17.8462 0
12 943920 265951 0 0 17.211 0
13 943920 241438 0 0 16.2678 0
14 943920 235980 0 0 16.1239 0
15 943920 227407 0 0 15.8189 0
16 943920 218402 0 0 15.4723 0
17 943920 215528 0 0 15.4247 0
18 943920 201855 0 0 14.8993 0
19 943920 197134 0 0 14.7414 0
20 943920 192058 0 0 14.5377 0
21 943920 184826 0 0 14.2584 0
22 943920 181443 0 0 14.145 0
23 943920 176574 0 0 13.9198 0
24 943920 170881 0 0 13.7108 0
25 943920 166929 0 0 13.5954 0
26 943920 162325 0 0 13.4074 0
27 943920 153233 0 0 13.0771 0
28 943920 144392 0 0 12.6896 0
29 943920 137664 0 0 12.4342 0
30 943920 131206 0 0 12.161 0
31 943920 125065 0 0 11.8933 0
32 943920 119758 0 0 11.682 0
33 943920 114530 0 0 11.4437 0
34 943920 110215 0 0 11.2593 0
35 943920 106682 0 0 11.1402 0
36 943920 103197 0 0 10.9667 0
37 943920 98600 0 0 10.75 0
38 943920 93421 0 0 10.4889 0
39 943920 87897 0 0 10.2307 0
40 943920 82630 0 0 9.95866 0
41 943920 78656 0 0 9.77924 0
42 943920 72027 0 0 9.38769 0
43 943920 66396 0 0 9.03786 0
44 943920 61691 0 0 8.72592 0
45 943920 57460 0 0 8.48081 0
46 943920 53678 0 0 8.23196 0
47 943920 50127 0 0 7.98878 0
48 943920 47433 0 0 7.81675 0
49 943920 44145 0 0 7.57212 0
50 943920 40932 0 0 7.32125 0
51 943920 38120 0 0 7.09948 0
52 943920 35817 0 0 6.92064 0
53 943920 33079 0 0 6.70509 0
54 943920 30512 0 0 6.47284 0
55 943920 28499 0 0 6.33234 0
56 943920 26116 0 0 6.1215 0
57 943920 24105 0 0 5.94919 0
58 943920 21836 0 0 5.74152 0
59 943920 20281 0 0 5.55425 0
60 943920 18896 0 0 5.43357 0
61 943920 17574 0 0 5.28122 0
62 943920 16211 0 0 5.14569 0
63 943920 14963 0 0 5.00943 0
