1 1119744 281732 0 0 21.5296 0
2 1119744 257281 0 0 20.8519 0
3 1119744 193637 0 0 19.4715 0
4 1119744 180797 0 0 19.1143 0
5 1119744 144845 0 0 18.4568 0
6 1119744 117110 0 0 17.8336 0
7 1119744 103691 0 0 17.6592 0
8 1119744 92576 0 0 17.5132 0
9 1119744 89308 0 0 17.4695 0
10 1119744 76003 0 0 17.2792 0
11 1119744 73425 0 0 17.2339 0
12 1119744 68405 0 0 17.1523 0
13 1119744 61840 0 0 17.044 0
14 1119744 60492 0 0 17.0057 0
15 1119744 58502 0 0 16.9839 0
16 1119744 55998 0 0 16.944 0
17 1119744 55483 0 0 16.9381 0
18 1119744 52246 0 0 16.8603 0
19 1119744 51014 0 0 16.8328 0
20 1119744 49754 0 0 16.7921 0
21 1119744 47783 0 0 16.7478 0
22 1119744 47155 0 0 16.7054 0
23 1119744 45995 0 0 16.6804 0
24 1119744 44537 0 0 16.623 0
25 1119744 43675 0 0 16.5857 0
26 1119744 42653 0 0 16.562 0
27 1119744 40485 0 0 16.4777 0
28 1119744 38445 0 0 16.3808 0
29 1119744 36903 0 0 16.2934 0
30 1119744 35443 0 0 16.2017 0
31 1119744 34234 0 0 16.143 0
32 1119744 32879 0 0 16.0387 0
33 1119744 31785 0 0 15.959 0
34 1119744 30833 0 0 15.8614 0
35 1119744 29986 0 0 15.8291 0
36 1119744 29420 0 0 15.7736 0
37 1119744 28447 0 0 15.691 0
38 1119744 27180 0 0 15.568 0
39 1119744 26153 0 0 15.4623 0
40 1119744 25021 0 0 15.3387 0
41 1119744 24097 0 0 15.2512 0
42 1119744 22827 0 0 15.0717 0
43 1119744 21804 0 0 14.9399 0
44 1119744 20758 0 0 14.8066 0
45 1119744 19966 0 0 14.6976 0
46 1119744 19137 0 0 14.5439 0
47 1119744 18449 0 0 14.4175 0
48 1119744 17903 0 0 14.3113 0
49 1119744 17167 0 0 14.1716 0
50 1119744 16566 0 0 13.9893 0
51 1119744 15905 0 0 13.8509 0
52 1119744 15467 0 0 13.7358 0
53 1119744 14766 0 0 13.5527 0
54 1119744 14102 0 0 13.4026 0
55 1119744 13705 0 0 13.2879 0
56 1119744 13027 0 0 13.1095 0
57 1119744 12492 0 0 12.9472 0
58 1119744 11801 0 0 12.7257 0
59 1119744 11321 0 0 12.6256 0
60 1119744 11034 0 0 12.4898 0
61 1119744 10619 0 0 12.3472 0
62 1119744 10228 0 0 12.1433 0
63 1119744 9881 0 0 11.995 0
