1 1112736 507597 49.4724 53.1264 26.2358 23.2705
2 1112736 478405 49.0592 52.8951 25.8527 22.446
3 1112736 428001 47.5868 52.0509 24.642 21.361
4 1112736 409271 47.1177 51.7226 24.256 21.3297
5 1112736 374134 45.9609 50.8732 23.2909 20.6319
6 1112736 335200 44.4835 49.6805 21.829 19.8308
7 1112736 312210 43.689 49.0619 21.1809 19.6411
8 1112736 290451 42.8347 48.2753 20.469 19.2292
9 1112736 282258 42.6704 47.9813 20.3592 19.1995
10 1112736 250419 41.4361 46.7481 19.2742 18.4899
11 1112736 243617 41.1991 46.4591 19.1419 18.4117
12 1112736 227774 40.5386 45.7757 18.6055 18.181
13 1112736 206747 39.5883 44.6814 17.7974 17.4951
14 1112736 202363 39.4269 44.4075 17.6671 17.4314
15 1112736 195439 39.1064 44.1386 17.4252 17.6122
16 1112736 187487 38.7522 43.7245 17.1245 17.3092
17 1112736 185534 38.652 43.6424 17.0886 17.2224
18 1112736 173590 38.0657 43.0399 16.6051 16.8098
19 1112736 169911 37.9035 42.7626 16.4833 16.6437
20 1112736 165616 37.66 42.5246 16.2896 16.5293
21 1112736 159365 37.3594 42.0681 16.0349 16.2697
22 1112736 156827 37.2193 41.8649 15.9232 16.1531
23 1112736 152689 36.9876 41.5938 15.7167 15.9606
24 1112736 147756 36.7187 41.1814 15.4972 15.8226
25 1112736 144512 36.5693 40.9378 15.3902 15.7291
26 1112736 140748 36.3501 40.6852 15.212 15.5376
27 1112736 133268 35.9599 40.1648 14.9267 15.31
28 1112736 125712 35.5034 39.5269 14.5476 15.0462
29 1112736 120404 35.2004 38.9977 14.291 14.6745
30 1112736 115127 34.8938 38.5574 14.0495 14.3962
31 1112736 109971 34.558 38.155 13.7911 14.1784
32 1112736 105744 34.296 37.7347 13.5783 13.9497
33 1112736 101385 34.018 37.3539 13.3623 13.7972
34 1112736 97859 33.7924 37.0037 13.1784 13.6661
35 1112736 95069 33.6004 36.6884 13.035 13.4717
36 1112736 92183 33.4032 36.4076 12.8666 13.3271
37 1112736 88621 33.1594 36.0958 12.6672 13.1724
38 1112736 84365 32.8386 35.6351 12.431 13.003
39 1112736 79925 32.5052 35.1848 12.1719 12.7596
40 1112736 75318 32.14 34.7638 11.9206 12.5325
41 1112736 72013 31.869 34.3916 11.7179 12.4072
42 1112736 66535 31.3952 33.7483 11.3589 12.1021
43 1112736 62067 30.9947 33.1687 11.0242 11.7161
44 1112736 58013 30.6238 32.6185 10.7525 11.5177
45 1112736 54637 30.2933 32.1555 10.4875 11.243
46 1112736 51391 29.9668 31.6755 10.2274 11.0551
47 1112736 48369 29.6659 31.2409 9.97334 10.758
48 1112736 46056 29.4244 30.8936 9.75824 10.5668
49 1112736 43115 29.096 30.4076 9.47339 10.285
50 1112736 40460 28.7813 29.929 9.21781 10.1205
51 1112736 37819 28.4833 29.5233 8.95756 9.8891
52 1112736 35635 28.2221 29.0955 8.72019 9.62411
53 1112736 33136 27.9276 28.6087 8.46218 9.41273
54 1112736 30731 27.6502 28.1119 8.18279 9.09838
55 1112736 28683 27.3956 27.7024 7.93932 8.84196
56 1112736 26510 27.113 27.2203 7.69089 8.60625
57 1112736 24454 26.8405 26.7904 7.46471 8.38538
58 1112736 22479 26.571 26.3295 7.20772 8.10104
59 1112736 21042 26.3696 25.8475 6.96981 7.82379
60 1112736 19683 26.1512 25.4882 6.76423 7.61211
61 1112736 18433 25.9403 25.0991 6.57656 7.41815
62 1112736 17129 25.7153 24.6894 6.36723 7.19603
63 1112736 15799 25.5084 24.3151 6.18054 6.99449
