1 1285288 600845 0 0 26.2255 0
2 1285288 564345 0 0 25.8184 0
3 1285288 502176 0 0 24.65 0
4 1285288 478543 0 0 24.2524 0
5 1285288 434820 0 0 23.3003 0
6 1285288 386527 0 0 21.9532 0
7 1285288 357463 0 0 21.2609 0
8 1285288 330228 0 0 20.5319 0
9 1285288 320641 0 0 20.3872 0
10 1285288 280454 0 0 19.2306 0
11 1285288 272602 0 0 19.0679 0
12 1285288 253305 0 0 18.4974 0
13 1285288 227088 0 0 17.5976 0
14 1285288 221831 0 0 17.4605 0
15 1285288 213391 0 0 17.1726 0
16 1285288 203482 0 0 16.8169 0
17 1285288 201346 0 0 16.7574 0
18 1285288 187022 0 0 16.233 0
19 1285288 182382 0 0 16.0948 0
20 1285288 177316 0 0 15.8706 0
21 1285288 169685 0 0 15.5513 0
22 1285288 166718 0 0 15.4389 0
23 1285288 161645 0 0 15.2053 0
24 1285288 155909 0 0 14.9562 0
25 1285288 151980 0 0 14.8299 0
26 1285288 147315 0 0 14.6388 0
27 1285288 138436 0 0 14.2906 0
28 1285288 129416 0 0 13.8421 0
29 1285288 123101 0 0 13.5783 0
30 1285288 116947 0 0 13.3149 0
31 1285288 111365 0 0 13.0268 0
32 1285288 106315 0 0 12.8038 0
33 1285288 101585 0 0 12.4568 0
34 1285288 97766 0 0 12.2679 0
35 1285288 94552 0 0 12.1372 0
36 1285288 91514 0 0 11.9598 0
37 1285288 87357 0 0 11.7362 0
38 1285288 82734 0 0 11.456 0
39 1285288 78274 0 0 11.1912 0
40 1285288 73505 0 0 10.9113 0
41 1285288 70158 0 0 10.7131 0
42 1285288 64647 0 0 10.3233 0
43 1285288 60107 0 0 10.0249 0
44 1285288 56172 0 0 9.74616 0
45 1285288 52938 0 0 9.52151 0
46 1285288 49818 0 0 9.31035 0
47 1285288 47055 0 0 9.07705 0
48 1285288 45069 0 0 8.91639 0
49 1285288 42367 0 0 8.65175 0
50 1285288 39830 0 0 8.41316 0
51 1285288 37701 0 0 8.23536 0
52 1285288 35881 0 0 8.05621 0
53 1285288 33471 0 0 7.85238 0
54 1285288 31446 0 0 7.66295 0
55 1285288 29888 0 0 7.51354 0
56 1285288 27754 0 0 7.29606 0
57 1285288 26025 0 0 7.0933 0
58 1285288 24000 0 0 6.907 0
59 1285288 22709 0 0 6.77557 0
60 1285288 21427 0 0 6.63023 0
61 1285288 20399 0 0 6.48343 0
62 1285288 19028 0 0 6.30219 0
63 1285288 17718 0 0 6.15414 0
