1 1040000 602712 0 0 29.4491 0
2 1040000 569705 0 0 29.0425 0
3 1040000 514435 0 0 27.7161 0
4 1040000 492157 0 0 27.3034 0
5 1040000 452937 0 0 26.2561 0
6 1040000 407914 0 0 25.0572 0
7 1040000 382158 0 0 24.313 0
8 1040000 357934 0 0 23.5358 0
9 1040000 348434 0 0 23.3742 0
10 1040000 312791 0 0 22.1949 0
11 1040000 304552 0 0 21.9501 0
12 1040000 286113 0 0 21.3181 0
13 1040000 261768 0 0 20.3961 0
14 1040000 256466 0 0 20.2316 0
15 1040000 247880 0 0 19.9277 0
16 1040000 238714 0 0 19.5722 0
17 1040000 235984 0 0 19.4739 0
18 1040000 221695 0 0 18.9058 0
19 1040000 216858 0 0 18.7233 0
20 1040000 211742 0 0 18.4926 0
21 1040000 204164 0 0 18.1651 0
22 1040000 201051 0 0 18.0274 0
23 1040000 195935 0 0 17.7802 0
24 1040000 190091 0 0 17.5086 0
25 1040000 185982 0 0 17.3551 0
26 1040000 181366 0 0 17.1385 0
27 1040000 172041 0 0 16.7653 0
28 1040000 162627 0 0 16.2827 0
29 1040000 155867 0 0 15.9401 0
30 1040000 149401 0 0 15.6492 0
31 1040000 142871 0 0 15.2553 0
32 1040000 137365 0 0 14.9983 0
33 1040000 131895 0 0 14.6829 0
34 1040000 127557 0 0 14.446 0
35 1040000 123557 0 0 14.2841 0
36 1040000 120094 0 0 14.0986 0
37 1040000 115405 0 0 13.8091 0
38 1040000 109687 0 0 13.5072 0
39 1040000 104005 0 0 13.1663 0
40 1040000 98339 0 0 12.806 0
41 1040000 94070 0 0 12.5674 0
42 1040000 87166 0 0 12.0707 0
43 1040000 81276 0 0 11.6989 0
44 1040000 76222 0 0 11.3182 0
45 1040000 71726 0 0 10.9833 0
46 1040000 67595 0 0 10.6989 0
47 1040000 63742 0 0 10.348 0
48 1040000 61018 0 0 10.1374 0
49 1040000 57522 0 0 9.84882 0
50 1040000 54014 0 0 9.50188 0
51 1040000 50951 0 0 9.24707 0
52 1040000 48303 0 0 8.99142 0
53 1040000 45219 0 0 8.65615 0
54 1040000 42346 0 0 8.35656 0
55 1040000 40119 0 0 8.1761 0
56 1040000 37165 0 0 7.85013 0
57 1040000 34681 0 0 7.58005 0
58 1040000 31978 0 0 7.3028 0
59 1040000 29894 0 0 7.05379 0
60 1040000 28118 0 0 6.85474 0
61 1040000 26499 0 0 6.64626 0
62 1040000 24710 0 0 6.39124 0
63 1040000 22902 0 0 6.16729 0
