1 1040000 602712 49.3221 55.8493 29.4491 30.0863
2 1040000 569705 48.9095 55.6559 29.0425 29.6203
3 1040000 514435 47.4214 54.5487 27.7161 29.3705
4 1040000 492157 46.9524 54.2145 27.3034 28.2821
5 1040000 452937 45.7861 53.132 26.2561 27.2235
6 1040000 407914 44.501 51.8662 25.0572 26.7424
7 1040000 382158 43.672 51.1293 24.313 26.0218
8 1040000 357934 42.7943 50.2324 23.5358 25.7099
9 1040000 348434 42.6109 49.9142 23.3742 25.8304
10 1040000 312791 41.343 48.6151 22.1949 25.0215
11 1040000 304552 41.0658 48.133 21.9501 24.7041
12 1040000 286113 40.3567 47.3632 21.3181 24.3004
13 1040000 261768 39.3639 46.1023 20.3961 23.5677
14 1040000 256466 39.1864 45.7857 20.2316 23.5614
15 1040000 247880 38.8382 45.5248 19.9277 23.5706
16 1040000 238714 38.4707 45.0555 19.5722 23.2424
17 1040000 235984 38.3524 44.9249 19.4739 23.3922
18 1040000 221695 37.7324 44.2917 18.9058 22.9877
19 1040000 216858 37.534 43.9396 18.7233 22.7025
20 1040000 211742 37.2729 43.6766 18.4926 22.4951
21 1040000 204164 36.9477 43.1482 18.1651 22.1543
22 1040000 201051 36.7915 42.8391 18.0274 21.9803
23 1040000 195935 36.5412 42.5525 17.7802 22.0028
24 1040000 190091 36.2602 42.0919 17.5086 21.5619
25 1040000 185982 36.0886 41.8026 17.3551 21.42
26 1040000 181366 35.8638 41.4843 17.1385 21.2634
27 1040000 172041 35.4353 40.8579 16.7653 20.9462
28 1040000 162627 34.9454 40.1254 16.2827 20.6193
29 1040000 155867 34.5877 39.4752 15.9401 20.274
30 1040000 149401 34.2685 38.9821 15.6492 20.1159
31 1040000 142871 33.9059 38.4577 15.2553 19.5419
32 1040000 137365 33.6258 37.956 14.9983 19.3911
33 1040000 131895 33.3254 37.4063 14.6829 18.9103
34 1040000 127557 33.0785 36.9966 14.446 18.6892
35 1040000 123557 32.8788 36.7265 14.2841 18.5772
36 1040000 120094 32.6756 36.47 14.0986 18.5009
37 1040000 115405 32.4008 36.0294 13.8091 18.1826
38 1040000 109687 32.0584 35.4645 13.5072 17.887
39 1040000 104005 31.7146 34.9758 13.1663 17.5595
40 1040000 98339 31.3651 34.4668 12.806 17.1789
41 1040000 94070 31.0869 34.0484 12.5674 16.9339
42 1040000 87166 30.6035 33.2532 12.0707 16.3588
43 1040000 81276 30.2073 32.6642 11.6989 15.9375
44 1040000 76222 29.8318 32.0027 11.3182 15.479
45 1040000 71726 29.4982 31.4526 10.9833 15.1255
46 1040000 67595 29.2096 30.9602 10.6989 14.7972
47 1040000 63742 28.891 30.4252 10.348 14.3446
48 1040000 61018 28.6698 30.0709 10.1374 14.1593
49 1040000 57522 28.3664 29.6399 9.84882 13.8084
50 1040000 54014 28.0561 29.0313 9.50188 13.3651
51 1040000 50951 27.7874 28.6381 9.24707 13.0609
52 1040000 48303 27.5363 28.2335 8.99142 12.747
53 1040000 45219 27.2557 27.6194 8.65615 12.2778
54 1040000 42346 26.989 27.1028 8.35656 11.8295
55 1040000 40119 26.783 26.801 8.1761 11.6772
56 1040000 37165 26.4933 26.2315 7.85013 11.1975
57 1040000 34681 26.2309 25.7461 7.58005 10.8256
58 1040000 31978 25.9502 25.217 7.3028 10.4373
59 1040000 29894 25.7186 24.8123 7.05379 10.0862
60 1040000 28118 25.4981 24.4206 6.85474 9.83149
61 1040000 26499 25.2829 24.0562 6.64626 9.56742
62 1040000 24710 25.0402 23.6113 6.39124 9.18358
63 1040000 22902 24.803 23.2039 6.16729 8.88747
