1 1117440 505179 0 0 23.2931 0
2 1117440 470351 0 0 22.7691 0
3 1117440 414448 0 0 21.1577 0
4 1117440 392957 0 0 20.6406 0
5 1117440 351616 0 0 19.2792 0
6 1117440 306120 0 0 16.8303 0
7 1117440 275866 0 0 15.9783 0
8 1117440 246523 0 0 15.0897 0
9 1117440 236887 0 0 14.9762 0
10 1117440 191172 0 0 13.5168 0
11 1117440 183806 0 0 13.41 0
12 1117440 163656 0 0 12.7798 0
13 1117440 135399 0 0 11.8414 0
14 1117440 130512 0 0 11.7322 0
15 1117440 121673 0 0 11.4501 0
16 1117440 111353 0 0 11.1449 0
17 1117440 110284 0 0 11.1342 0
18 1117440 96112 0 0 10.67 0
19 1117440 92639 0 0 10.5599 0
20 1117440 88102 0 0 10.4056 0
21 1117440 81070 0 0 10.189 0
22 1117440 78947 0 0 10.118 0
23 1117440 74637 0 0 9.9471 0
24 1117440 70100 0 0 9.81106 0
25 1117440 67253 0 0 9.73041 0
26 1117440 63782 0 0 9.61816 0
27 1117440 57447 0 0 9.42471 0
28 1117440 51200 0 0 9.1827 0
29 1117440 47247 0 0 9.02678 0
30 1117440 43669 0 0 8.87889 0
31 1117440 40281 0 0 8.73563 0
32 1117440 37484 0 0 8.62417 0
33 1117440 35010 0 0 8.51589 0
34 1117440 32872 0 0 8.3977 0
35 1117440 31518 0 0 8.36249 0
36 1117440 30132 0 0 8.29046 0
37 1117440 28094 0 0 8.18808 0
38 1117440 25965 0 0 8.07735 0
39 1117440 24012 0 0 7.98002 0
40 1117440 22241 0 0 7.85818 0
41 1117440 20779 0 0 7.77237 0
42 1117440 18793 0 0 7.6357 0
43 1117440 17063 0 0 7.50621 0
44 1117440 15742 0 0 7.39773 0
45 1117440 14617 0 0 7.30562 0
46 1117440 13643 0 0 7.23268 0
47 1117440 12834 0 0 7.15086 0
48 1117440 12294 0 0 7.09248 0
49 1117440 11508 0 0 7.00677 0
50 1117440 10748 0 0 6.92678 0
51 1117440 10135 0 0 6.85654 0
52 1117440 9706 0 0 6.79871 0
53 1117440 9137 0 0 6.7307 0
54 1117440 8575 0 0 6.64405 0
55 1117440 8162 0 0 6.58868 0
56 1117440 7739 0 0 6.51803 0
57 1117440 7284 0 0 6.4592 0
58 1117440 6828 0 0 6.38397 0
59 1117440 6440 0 0 6.29246 0
60 1117440 6158 0 0 6.24703 0
61 1117440 5908 0 0 6.16362 0
62 1117440 5592 0 0 6.10392 0
63 1117440 5337 0 0 6.02421 0
