1 1117440 505179 49.3177 52.8813 23.2931 17.4096
2 1117440 470351 48.7816 52.399 22.7691 17.3531
3 1117440 414448 47.2035 51.1659 21.1577 17.1998
4 1117440 392957 46.6572 50.711 20.6406 17.1535
5 1117440 351616 45.3439 49.4473 19.2792 16.7478
6 1117440 306120 43.1234 47.7194 16.8303 15.9799
7 1117440 275866 42.2792 46.8222 15.9783 15.6469
8 1117440 246523 41.4041 45.8474 15.0897 15.3352
9 1117440 236887 41.2329 45.4646 14.9762 15.3866
10 1117440 191172 39.829 43.9034 13.5168 14.4452
11 1117440 183806 39.6641 43.5492 13.41 14.3476
12 1117440 163656 39.028 42.7973 12.7798 13.8588
13 1117440 135399 38.0865 41.5304 11.8414 12.9523
14 1117440 130512 37.9526 41.3202 11.7322 12.9202
15 1117440 121673 37.6572 40.9167 11.4501 12.6665
16 1117440 111353 37.3421 40.5067 11.1449 12.3697
17 1117440 110284 37.3108 40.4858 11.1342 12.3583
18 1117440 96112 36.8176 39.8501 10.67 11.7768
19 1117440 92639 36.691 39.5994 10.5599 11.5986
20 1117440 88102 36.5302 39.3776 10.4056 11.4257
21 1117440 81070 36.2801 38.9491 10.189 11.066
22 1117440 78947 36.1997 38.7204 10.118 10.933
23 1117440 74637 36.023 38.5164 9.9471 10.7231
24 1117440 70100 35.8583 38.2356 9.81106 10.5411
25 1117440 67253 35.7609 38.0027 9.73041 10.415
26 1117440 63782 35.6238 37.8197 9.61816 10.2973
27 1117440 57447 35.3884 37.4295 9.42471 10.0395
28 1117440 51200 35.1169 36.912 9.1827 9.62412
29 1117440 47247 34.928 36.4986 9.02678 9.33833
30 1117440 43669 34.7576 36.1513 8.87889 9.04079
31 1117440 40281 34.6007 35.906 8.73563 8.83934
32 1117440 37484 34.4642 35.5919 8.62417 8.65243
33 1117440 35010 34.3284 35.3047 8.51589 8.46952
34 1117440 32872 34.2017 34.9889 8.3977 8.27943
35 1117440 31518 34.1435 34.9123 8.36249 8.26942
36 1117440 30132 34.0606 34.7388 8.29046 8.13549
37 1117440 28094 33.9427 34.5257 8.18808 8.00081
38 1117440 25965 33.7987 34.198 8.07735 7.88109
39 1117440 24012 33.6788 33.9857 7.98002 7.70146
40 1117440 22241 33.5495 33.6883 7.85818 7.52223
41 1117440 20779 33.4404 33.4406 7.77237 7.36268
42 1117440 18793 33.2717 33.062 7.6357 7.13415
43 1117440 17063 33.1334 32.7358 7.50621 6.85755
44 1117440 15742 33.002 32.4338 7.39773 6.63286
45 1117440 14617 32.89 32.1676 7.30562 6.48644
46 1117440 13643 32.7889 31.9399 7.23268 6.37423
47 1117440 12834 32.6865 31.7169 7.15086 6.24287
48 1117440 12294 32.6201 31.5524 7.09248 6.1094
49 1117440 11508 32.519 31.3176 7.00677 6.00849
50 1117440 10748 32.4202 31.0968 6.92678 5.89179
51 1117440 10135 32.3349 30.9175 6.85654 5.76012
52 1117440 9706 32.2528 30.7301 6.79871 5.68391
53 1117440 9137 32.1601 30.5287 6.7307 5.55855
54 1117440 8575 32.0463 30.2732 6.64405 5.41498
55 1117440 8162 31.9697 30.101 6.58868 5.31603
56 1117440 7739 31.8696 29.8943 6.51803 5.19647
57 1117440 7284 31.7683 29.6862 6.4592 5.19655
58 1117440 6828 31.6638 29.4785 6.38397 5.06052
59 1117440 6440 31.5487 29.2316 6.29246 4.9138
60 1117440 6158 31.4624 29.0685 6.24703 4.85355
61 1117440 5908 31.3583 28.8651 6.16362 4.71871
62 1117440 5592 31.2519 28.6646 6.10392 4.6928
63 1117440 5337 31.1375 28.4523 6.02421 4.5875
