1 1005312 485202 49.4822 53.2064 25.2336 22.2807
2 1005312 458202 49.1023 52.9382 24.9181 21.7357
3 1005312 409899 47.7075 52.2399 23.863 20.6384
4 1005312 392356 47.2622 51.9567 23.526 20.2867
5 1005312 358339 46.1654 51.1683 22.6539 19.8705
6 1005312 320477 44.8228 50.1362 21.3438 19.4167
7 1005312 297683 44.0365 49.5469 20.6889 19.2338
8 1005312 276449 43.2214 48.7106 20.012 19.0255
9 1005312 269744 43.0606 48.461 19.9006 18.9491
10 1005312 237503 41.7984 47.1159 18.7746 18.4545
11 1005312 231323 41.5721 46.862 18.6188 18.3378
12 1005312 215446 40.901 46.0752 18.0355 18.1157
13 1005312 193674 39.9364 44.94 17.1307 17.7007
14 1005312 189738 39.7823 44.7175 17.0295 17.6368
15 1005312 182228 39.4372 44.3687 16.7323 17.5466
16 1005312 173968 39.0656 43.8902 16.406 17.3932
17 1005312 172073 38.9835 43.8449 16.3769 17.408
18 1005312 159237 38.3911 43.1805 15.8677 17.1709
19 1005312 155694 38.198 42.854 15.6638 16.9943
20 1005312 151029 37.9694 42.557 15.4659 16.9081
21 1005312 144555 37.6423 42.1278 15.1684 16.6747
22 1005312 142233 37.5104 41.8842 15.0708 16.6138
23 1005312 137736 37.2702 41.6381 14.8221 16.4785
24 1005312 132713 36.99 41.212 14.5639 16.3217
25 1005312 129753 36.8425 40.9628 14.4311 16.1711
26 1005312 125618 36.6126 40.6664 14.2002 16.0293
27 1005312 118178 36.2089 40.0677 13.8464 15.7744
28 1005312 110163 35.7496 39.3529 13.391 15.3694
29 1005312 104683 35.4171 38.7818 13.0514 14.9795
30 1005312 99628 35.106 38.289 12.7666 14.6718
31 1005312 94311 34.7788 37.8061 12.4629 14.4447
32 1005312 90009 34.5139 37.3833 12.2336 14.2441
33 1005312 85903 34.2394 36.8791 11.957 13.9096
34 1005312 82520 34.0178 36.5011 11.762 13.7227
35 1005312 79897 33.8338 36.2405 11.6374 13.6981
36 1005312 77050 33.6462 35.9795 11.4646 13.5367
37 1005312 73404 33.3961 35.6007 11.2338 13.2928
38 1005312 69224 33.0806 35.0416 10.9639 13.0272
39 1005312 64967 32.7587 34.5884 10.6777 12.7779
40 1005312 60654 32.4305 34.0741 10.3835 12.5299
41 1005312 57758 32.1825 33.7351 10.1759 12.3636
42 1005312 52702 31.7559 32.9083 9.72348 11.7717
43 1005312 48391 31.3989 32.3657 9.4185 11.4767
44 1005312 44851 31.0605 31.8035 9.10333 11.1045
45 1005312 41651 30.7522 31.2268 8.75483 10.5664
46 1005312 38731 30.457 30.7609 8.48572 10.2693
47 1005312 36091 30.1898 30.2731 8.20217 9.93809
48 1005312 34288 29.9692 29.9077 8.00857 9.73657
49 1005312 31991 29.7025 29.467 7.71539 9.35291
50 1005312 29535 29.3883 28.9324 7.4147 9.01063
51 1005312 27621 29.1413 28.5284 7.18156 8.71288
52 1005312 25867 28.8934 28.1093 6.95247 8.43851
53 1005312 23897 28.6421 27.6939 6.73226 8.21089
54 1005312 21987 28.3764 27.2165 6.48558 7.88347
55 1005312 20391 28.1466 26.8467 6.28099 7.6649
56 1005312 18590 27.8812 26.4062 6.05572 7.36019
57 1005312 17233 27.6328 26.0269 5.86984 7.16219
58 1005312 15505 27.381 25.49 5.62019 6.82782
59 1005312 14445 27.1889 25.1647 5.44771 6.53124
60 1005312 13409 26.9745 24.813 5.26317 6.31289
61 1005312 12387 26.7629 24.4534 5.09732 6.09522
62 1005312 11437 26.5554 24.1083 4.93143 5.92227
63 1005312 10571 26.358 23.7804 4.76617 5.68024
