1 1005312 485202 0 0 25.2336 0
2 1005312 458202 0 0 24.9181 0
3 1005312 409899 0 0 23.863 0
4 1005312 392356 0 0 23.526 0
5 1005312 358339 0 0 22.6539 0
6 1005312 320477 0 0 21.3438 0
7 1005312 297683 0 0 20.6889 0
8 1005312 276449 0 0 20.012 0
9 1005312 269744 0 0 19.9006 0
10 1005312 237503 0 0 18.7746 0
11 1005312 231323 0 0 18.6188 0
12 1005312 215446 0 0 18.0355 0
13 1005312 193674 0 0 17.1307 0
14 1005312 189738 0 0 17.0295 0
15 1005312 182228 0 0 16.7323 0
16 1005312 173968 0 0 16.406 0
17 1005312 172073 0 0 16.3769 0
18 1005312 159237 0 0 15.8677 0
19 1005312 155694 0 0 15.6638 0
20 1005312 151029 0 0 15.4659 0
21 1005312 144555 0 0 15.1684 0
22 1005312 142233 0 0 15.0708 0
23 1005312 137736 0 0 14.8221 0
24 1005312 132713 0 0 14.5639 0
25 1005312 129753 0 0 14.4311 0
26 1005312 125618 0 0 14.2002 0
27 1005312 118178 0 0 13.8464 0
28 1005312 110163 0 0 13.391 0
29 1005312 104683 0 0 13.0514 0
30 1005312 99628 0 0 12.7666 0
31 1005312 94311 0 0 12.4629 0
32 1005312 90009 0 0 12.2336 0
33 1005312 85903 0 0 11.957 0
34 1005312 82520 0 0 11.762 0
35 1005312 79897 0 0 11.6374 0
36 1005312 77050 0 0 11.4646 0
37 1005312 73404 0 0 11.2338 0
38 1005312 69224 0 0 10.9639 0
39 1005312 64967 0 0 10.6777 0
40 1005312 60654 0 0 10.3835 0
41 1005312 57758 0 0 10.1759 0
42 1005312 52702 0 0 9.72348 0
43 1005312 48391 0 0 9.4185 0
44 1005312 44851 0 0 9.10333 0
45 1005312 41651 0 0 8.75483 0
46 1005312 38731 0 0 8.48572 0
47 1005312 36091 0 0 8.20217 0
48 1005312 34288 0 0 8.00857 0
49 1005312 31991 0 0 7.71539 0
50 1005312 29535 0 0 7.4147 0
51 1005312 27621 0 0 7.18156 0
52 1005312 25867 0 0 6.95247 0
53 1005312 23897 0 0 6.73226 0
54 1005312 21987 0 0 6.48558 0
55 1005312 20391 0 0 6.28099 0
56 1005312 18590 0 0 6.05572 0
57 1005312 17233 0 0 5.86984 0
58 1005312 15505 0 0 5.62019 0
59 1005312 14445 0 0 5.44771 0
60 1005312 13409 0 0 5.26317 0
61 1005312 12387 0 0 5.09732 0
62 1005312 11437 0 0 4.93143 0
63 1005312 10571 0 0 4.76617 0
