1 1119744 523686 49.302 50.5923 23.1835 20.4223
2 1119744 490555 48.7916 50.1884 22.5918 19.7897
3 1119744 423452 47.3111 49.1832 21.1948 17.635
4 1119744 400535 46.83 48.8351 20.7418 16.9674
5 1119744 356516 45.8017 48.1709 19.9565 15.5266
6 1119744 311294 44.5543 47.3841 19.0078 14.3606
7 1119744 287111 43.918 46.9892 18.7036 13.7501
8 1119744 266189 43.2705 46.607 18.4752 13.2659
9 1119744 258319 43.1279 46.4135 18.4218 13.1274
10 1119744 230385 42.2025 45.7738 18.1634 12.5996
11 1119744 223879 41.9545 45.5758 18.1117 12.5052
12 1119744 210498 41.4061 45.2664 17.9946 12.373
13 1119744 193497 40.6396 44.9655 17.8303 12.3147
14 1119744 189678 40.4923 44.8356 17.7991 12.2678
15 1119744 183749 40.2104 44.7055 17.7491 12.2959
16 1119744 177183 39.9051 44.5524 17.6958 12.2541
17 1119744 174884 39.7789 44.4965 17.6721 12.2451
18 1119744 164824 39.2569 44.2733 17.5671 12.1926
19 1119744 161306 39.0674 44.0709 17.5206 12.1432
20 1119744 157489 38.831 43.9447 17.468 12.1235
21 1119744 152336 38.5502 43.6673 17.3922 12.0911
22 1119744 149959 38.3895 43.5355 17.3486 12.0598
23 1119744 146256 38.1847 43.4007 17.2992 12.0491
24 1119744 142081 37.9224 43.1376 17.2245 12.0204
25 1119744 139294 37.7535 42.968 17.183 11.997
26 1119744 135760 37.5335 42.7567 17.1162 11.9626
27 1119744 129326 37.133 42.3428 17.001 11.903
28 1119744 122667 36.6732 41.8831 16.8584 11.8426
29 1119744 117815 36.3417 41.4455 16.7427 11.785
30 1119744 113148 36.0268 41.0683 16.6273 11.7305
31 1119744 108404 35.6557 40.7543 16.4971 11.6849
32 1119744 104446 35.3759 40.3341 16.3867 11.6351
33 1119744 100586 35.078 39.8712 16.2701 11.6048
34 1119744 97566 34.8398 39.5324 16.1647 11.5542
35 1119744 94541 34.618 39.3302 16.0906 11.5498
36 1119744 91994 34.3951 39.0477 15.9977 11.5074
37 1119744 88601 34.1286 38.6957 15.8891 11.5235
38 1119744 84546 33.7785 38.2405 15.7236 11.5003
39 1119744 80274 33.4134 37.7695 15.5546 11.4782
40 1119744 76043 33.0267 37.3228 15.3675 11.3777
41 1119744 72843 32.7289 36.9611 15.2279 11.346
42 1119744 67600 32.2301 36.1938 14.9474 11.2294
43 1119744 63095 31.7924 35.6263 14.7001 11.1554
44 1119744 59332 31.4012 35.0238 14.4799 11.0755
45 1119744 55861 31.0424 34.4675 14.2653 10.99
46 1119744 52595 30.7021 33.9425 14.0638 10.9221
47 1119744 49783 30.3779 33.3957 13.8625 10.8568
48 1119744 47736 30.1451 33.0231 13.7099 10.8034
49 1119744 44986 29.8292 32.5072 13.4952 10.737
50 1119744 42356 29.4971 32.0141 13.233 10.5769
51 1119744 39905 29.1882 31.4387 12.9903 10.4724
52 1119744 38015 28.949 31.0225 12.8067 10.4083
53 1119744 35584 28.6628 30.3749 12.5574 10.3208
54 1119744 33354 28.3941 29.8214 12.3405 10.2007
55 1119744 31652 28.1692 29.4093 12.1716 10.1393
56 1119744 29554 27.8871 28.8547 11.9223 9.98732
57 1119744 27652 27.6165 28.316 11.6755 9.88524
58 1119744 25529 27.3562 27.7705 11.4459 9.7272
59 1119744 24066 27.1353 27.3593 11.258 9.60874
60 1119744 22770 26.9296 26.9483 11.0638 9.50776
61 1119744 21548 26.7029 26.5029 10.8676 9.38963
62 1119744 20167 26.4724 26.0189 10.6358 9.21257
63 1119744 18927 26.2545 25.5924 10.443 9.07014
