1 1119744 523686 0 0 23.1835 0
2 1119744 490555 0 0 22.5918 0
3 1119744 423452 0 0 21.1948 0
4 1119744 400535 0 0 20.7418 0
5 1119744 356516 0 0 19.9565 0
6 1119744 311294 0 0 19.0078 0
7 1119744 287111 0 0 18.7036 0
8 1119744 266189 0 0 18.4752 0
9 1119744 258319 0 0 18.4218 0
10 1119744 230385 0 0 18.1634 0
11 1119744 223879 0 0 18.1117 0
12 1119744 210498 0 0 17.9946 0
13 1119744 193497 0 0 17.8303 0
14 1119744 189678 0 0 17.7991 0
15 1119744 183749 0 0 17.7491 0
16 1119744 177183 0 0 17.6958 0
17 1119744 174884 0 0 17.6721 0
18 1119744 164824 0 0 17.5671 0
19 1119744 161306 0 0 17.5206 0
20 1119744 157489 0 0 17.468 0
21 1119744 152336 0 0 17.3922 0
22 1119744 149959 0 0 17.3486 0
23 1119744 146256 0 0 17.2992 0
24 1119744 142081 0 0 17.2245 0
25 1119744 139294 0 0 17.183 0
26 1119744 135760 0 0 17.1162 0
27 1119744 129326 0 0 17.001 0
28 1119744 122667 0 0 16.8584 0
29 1119744 117815 0 0 16.7427 0
30 1119744 113148 0 0 16.6273 0
31 1119744 108404 0 0 16.4971 0
32 1119744 104446 0 0 16.3867 0
33 1119744 100586 0 0 16.2701 0
34 1119744 97566 0 0 16.1647 0
35 1119744 94541 0 0 16.0906 0
36 1119744 91994 0 0 15.9977 0
37 1119744 88601 0 0 15.8891 0
38 1119744 84546 0 0 15.7236 0
39 1119744 80274 0 0 15.5546 0
40 1119744 76043 0 0 15.3675 0
41 1119744 72843 0 0 15.2279 0
42 1119744 67600 0 0 14.9474 0
43 1119744 63095 0 0 14.7001 0
44 1119744 59332 0 0 14.4799 0
45 1119744 55861 0 0 14.2653 0
46 1119744 52595 0 0 14.0638 0
47 1119744 49783 0 0 13.8625 0
48 1119744 47736 0 0 13.7099 0
49 1119744 44986 0 0 13.4952 0
50 1119744 42356 0 0 13.233 0
51 1119744 39905 0 0 12.9903 0
52 1119744 38015 0 0 12.8067 0
53 1119744 35584 0 0 12.5574 0
54 1119744 33354 0 0 12.3405 0
55 1119744 31652 0 0 12.1716 0
56 1119744 29554 0 0 11.9223 0
57 1119744 27652 0 0 11.6755 0
58 1119744 25529 0 0 11.4459 0
59 1119744 24066 0 0 11.258 0
60 1119744 22770 0 0 11.0638 0
61 1119744 21548 0 0 10.8676 0
62 1119744 20167 0 0 10.6358 0
63 1119744 18927 0 0 10.443 0
