1 1284640 386607 0 0 22.6488 0
2 1284640 359158 0 0 22.4008 0
3 1284640 313484 0 0 21.9919 0
4 1284640 297692 0 0 21.8368 0
5 1284640 274093 0 0 21.6323 0
6 1284640 248146 0 0 21.4413 0
7 1284640 233291 0 0 21.3142 0
8 1284640 219300 0 0 21.1657 0
9 1284640 213605 0 0 21.0944 0
10 1284640 192662 0 0 20.8335 0
11 1284640 187655 0 0 20.7611 0
12 1284640 176627 0 0 20.5968 0
13 1284640 162063 0 0 20.2936 0
14 1284640 159058 0 0 20.253 0
15 1284640 153497 0 0 20.1531 0
16 1284640 147915 0 0 20.054 0
17 1284640 146043 0 0 20.0161 0
18 1284640 136918 0 0 19.8172 0
19 1284640 134144 0 0 19.7561 0
20 1284640 130370 0 0 19.651 0
21 1284640 125935 0 0 19.5208 0
22 1284640 124028 0 0 19.4685 0
23 1284640 120391 0 0 19.3723 0
24 1284640 116784 0 0 19.2502 0
25 1284640 114371 0 0 19.1732 0
26 1284640 111540 0 0 19.0803 0
27 1284640 105930 0 0 18.891 0
28 1284640 99942 0 0 18.6558 0
29 1284640 95824 0 0 18.4909 0
30 1284640 91767 0 0 18.326 0
31 1284640 87587 0 0 18.1334 0
32 1284640 84277 0 0 17.991 0
33 1284640 81098 0 0 17.8261 0
34 1284640 78469 0 0 17.6885 0
35 1284640 76250 0 0 17.5746 0
36 1284640 74099 0 0 17.4477 0
37 1284640 70997 0 0 17.2215 0
38 1284640 67578 0 0 17.0319 0
39 1284640 64191 0 0 16.8336 0
40 1284640 60570 0 0 16.6068 0
41 1284640 57770 0 0 16.4206 0
42 1284640 53557 0 0 16.0854 0
43 1284640 49688 0 0 15.8052 0
44 1284640 46845 0 0 15.5174 0
45 1284640 44129 0 0 15.2741 0
46 1284640 41536 0 0 15.0265 0
47 1284640 39327 0 0 14.7524 0
48 1284640 37687 0 0 14.58 0
49 1284640 35468 0 0 14.2773 0
50 1284640 33583 0 0 14.0356 0
51 1284640 31722 0 0 13.8025 0
52 1284640 30121 0 0 13.5736 0
53 1284640 28230 0 0 13.3283 0
54 1284640 26536 0 0 13.0824 0
55 1284640 25290 0 0 12.8645 0
56 1284640 23621 0 0 12.605 0
57 1284640 22152 0 0 12.3551 0
58 1284640 20608 0 0 12.0864 0
59 1284640 19559 0 0 11.8898 0
60 1284640 18572 0 0 11.6674 0
61 1284640 17595 0 0 11.4783 0
62 1284640 16702 0 0 11.2787 0
63 1284640 15783 0 0 11.0507 0
