1 1084204 518843 0 0 25.6269 0
2 1084204 487757 0 0 25.1626 0
3 1084204 432450 0 0 23.8026 0
4 1084204 411996 0 0 23.3726 0
5 1084204 373536 0 0 22.3522 0
6 1084204 330501 0 0 20.8314 0
7 1084204 305969 0 0 20.2226 0
8 1084204 282585 0 0 19.5599 0
9 1084204 273948 0 0 19.4318 0
10 1084204 239741 0 0 18.4109 0
11 1084204 232710 0 0 18.2587 0
12 1084204 216627 0 0 17.7593 0
13 1084204 194533 0 0 17.0374 0
14 1084204 189975 0 0 16.9061 0
15 1084204 182674 0 0 16.6925 0
16 1084204 174265 0 0 16.4203 0
17 1084204 172420 0 0 16.4051 0
18 1084204 160110 0 0 15.9463 0
19 1084204 156290 0 0 15.8294 0
20 1084204 152175 0 0 15.6836 0
21 1084204 145348 0 0 15.4066 0
22 1084204 142912 0 0 15.2857 0
23 1084204 138399 0 0 15.0945 0
24 1084204 133367 0 0 14.9047 0
25 1084204 130172 0 0 14.7843 0
26 1084204 125968 0 0 14.6268 0
27 1084204 118276 0 0 14.3424 0
28 1084204 110782 0 0 14.0072 0
29 1084204 105055 0 0 13.744 0
30 1084204 100138 0 0 13.5256 0
31 1084204 94977 0 0 13.3116 0
32 1084204 90702 0 0 13.1253 0
33 1084204 86564 0 0 12.8926 0
34 1084204 83287 0 0 12.7333 0
35 1084204 80306 0 0 12.6339 0
36 1084204 77894 0 0 12.4965 0
37 1084204 74327 0 0 12.2944 0
38 1084204 70218 0 0 12.0652 0
39 1084204 66153 0 0 11.8503 0
40 1084204 62283 0 0 11.6161 0
41 1084204 59260 0 0 11.4232 0
42 1084204 54377 0 0 11.1295 0
43 1084204 50657 0 0 10.8766 0
44 1084204 47443 0 0 10.6355 0
45 1084204 44530 0 0 10.4087 0
46 1084204 41652 0 0 10.212 0
47 1084204 39588 0 0 10.0147 0
48 1084204 37835 0 0 9.87228 0
49 1084204 35591 0 0 9.66611 0
50 1084204 33408 0 0 9.47212 0
51 1084204 31591 0 0 9.30274 0
52 1084204 30123 0 0 9.13669 0
53 1084204 27988 0 0 8.91587 0
54 1084204 26342 0 0 8.69469 0
55 1084204 24939 0 0 8.55925 0
56 1084204 23174 0 0 8.3504 0
57 1084204 21368 0 0 8.11259 0
58 1084204 19685 0 0 7.88993 0
59 1084204 18482 0 0 7.73362 0
60 1084204 17402 0 0 7.56813 0
61 1084204 16315 0 0 7.38484 0
62 1084204 15171 0 0 7.2158 0
63 1084204 14027 0 0 7.03037 0
