1 1084204 518843 49.3826 53.4247 25.6269 17.532
2 1084204 487757 48.9211 53.0872 25.1626 17.4805
3 1084204 432450 47.4409 51.9312 23.8026 17.2565
4 1084204 411996 46.9675 51.5533 23.3726 17.1231
5 1084204 373536 45.82 50.4555 22.3522 16.9608
6 1084204 330501 44.3313 48.8897 20.8314 16.3525
7 1084204 305969 43.5849 48.1924 20.2226 16.1173
8 1084204 282585 42.788 47.3409 19.5599 15.9592
9 1084204 273948 42.6173 47.1105 19.4318 15.7122
10 1084204 239741 41.4225 45.6688 18.4109 15.2482
11 1084204 232710 41.1908 45.3773 18.2587 15.2241
12 1084204 216627 40.5626 44.644 17.7593 14.9118
13 1084204 194533 39.6589 43.4983 17.0374 14.6373
14 1084204 189975 39.4899 43.2669 16.9061 14.4892
15 1084204 182674 39.1837 42.9785 16.6925 14.5362
16 1084204 174265 38.8404 42.5946 16.4203 14.3614
17 1084204 172420 38.7626 42.5656 16.4051 14.3054
18 1084204 160110 38.1974 41.9089 15.9463 14.0456
19 1084204 156290 38.0319 41.6231 15.8294 13.9807
20 1084204 152175 37.8228 41.4608 15.6836 13.8814
21 1084204 145348 37.5015 40.9223 15.4066 13.627
22 1084204 142912 37.3689 40.6963 15.2857 13.5746
23 1084204 138399 37.1342 40.4113 15.0945 13.3863
24 1084204 133367 36.8879 40.0432 14.9047 13.2214
25 1084204 130172 36.7416 39.7836 14.7843 13.0929
26 1084204 125968 36.527 39.572 14.6268 13.0521
27 1084204 118276 36.1559 39.0389 14.3424 12.8657
28 1084204 110782 35.7281 38.4713 14.0072 12.59
29 1084204 105055 35.4079 37.9198 13.744 12.3879
30 1084204 100138 35.1299 37.5044 13.5256 12.092
31 1084204 94977 34.8227 37.1806 13.3116 11.9684
32 1084204 90702 34.5784 36.8072 13.1253 11.8799
33 1084204 86564 34.31 36.3573 12.8926 11.6344
34 1084204 83287 34.0918 36.0508 12.7333 11.4673
35 1084204 80306 33.9278 35.8354 12.6339 11.4902
36 1084204 77894 33.7546 35.5687 12.4965 11.3091
37 1084204 74327 33.5185 35.1813 12.2944 11.142
38 1084204 70218 33.2259 34.743 12.0652 11.0009
39 1084204 66153 32.9361 34.3428 11.8503 10.8408
40 1084204 62283 32.651 33.9198 11.6161 10.6244
41 1084204 59260 32.4162 33.5461 11.4232 10.4891
42 1084204 54377 32.0208 32.9135 11.1295 10.2328
43 1084204 50657 31.7106 32.4618 10.8766 9.9619
44 1084204 47443 31.4052 31.9768 10.6355 9.72231
45 1084204 44530 31.1349 31.5143 10.4087 9.52212
46 1084204 41652 30.8779 31.0894 10.212 9.37428
47 1084204 39588 30.6411 30.6438 10.0147 9.17891
48 1084204 37835 30.4626 30.37 9.87228 9.05758
49 1084204 35591 30.2103 29.9501 9.66611 8.89049
50 1084204 33408 29.9514 29.5102 9.47212 8.72959
51 1084204 31591 29.7404 29.1775 9.30274 8.56973
52 1084204 30123 29.5395 28.8625 9.13669 8.4255
53 1084204 27988 29.2876 28.3512 8.91587 8.18841
54 1084204 26342 29.0448 27.8852 8.69469 7.9685
55 1084204 24939 28.873 27.601 8.55925 7.8812
56 1084204 23174 28.6081 27.1367 8.3504 7.6733
57 1084204 21368 28.3475 26.6621 8.11259 7.46539
58 1084204 19685 28.0997 26.2337 7.88993 7.27579
59 1084204 18482 27.9003 25.9039 7.73362 7.12331
60 1084204 17402 27.696 25.5666 7.56813 6.9786
61 1084204 16315 27.4876 25.2404 7.38484 6.81178
62 1084204 15171 27.2652 24.8481 7.2158 6.67948
63 1084204 14027 27.0359 24.4761 7.03037 6.48839
