1 1031940 532375 49.4991 54.1192 27.8899 15.8276
2 1031940 501868 49.0942 53.9046 27.5233 15.7824
3 1031940 451304 47.6543 53.0918 26.3148 15.7703
4 1031940 431297 47.1888 52.8306 25.9161 15.6417
5 1031940 395446 46.0358 51.9425 24.9062 15.7197
6 1031940 353680 44.6734 50.8843 23.6312 15.6023
7 1031940 329161 43.8369 50.3236 22.8844 15.658
8 1031940 305564 42.9426 49.5073 22.0859 15.4885
9 1031940 297035 42.7504 49.1103 21.8954 15.5579
10 1031940 261805 41.4591 47.9247 20.6998 15.4459
11 1031940 254358 41.1873 47.4967 20.4807 15.4183
12 1031940 237173 40.495 46.7878 19.8695 15.419
13 1031940 213587 39.4961 45.6345 18.9569 15.2666
14 1031940 208826 39.3139 45.2969 18.798 15.3117
15 1031940 200830 38.9689 45.003 18.5011 15.1089
16 1031940 192104 38.585 44.5152 18.1368 15.0452
17 1031940 190005 38.4746 44.4647 18.0623 15.1393
18 1031940 176815 37.85 43.8311 17.5092 15.1882
19 1031940 172674 37.6681 43.5202 17.351 14.9864
20 1031940 167771 37.4065 43.2401 17.1137 15.0151
21 1031940 160803 37.0677 42.6862 16.8072 14.9907
22 1031940 158309 36.9427 42.3881 16.6829 14.7393
23 1031940 153682 36.6852 42.1507 16.4522 14.8293
24 1031940 148407 36.4014 41.7214 16.2086 14.8085
25 1031940 144806 36.2424 41.423 16.0548 14.716
26 1031940 140660 36.0134 41.1798 15.8657 14.648
27 1031940 132165 35.5927 40.4631 15.4794 14.6791
28 1031940 123641 35.1072 39.7263 15.0259 14.4794
29 1031940 117576 34.7631 39.1408 14.7126 14.4123
30 1031940 111750 34.4378 38.6027 14.4177 14.2599
31 1031940 106053 34.1006 38.2816 14.13 14.164
32 1031940 101145 33.8222 37.7555 13.8686 14.0605
33 1031940 96420 33.5332 37.2384 13.5881 13.8232
34 1031940 92395 33.2844 36.7985 13.35 13.7332
35 1031940 89455 33.1019 36.5428 13.2011 13.7958
36 1031940 86311 32.9053 36.1783 12.9922 13.6254
37 1031940 82346 32.6481 35.7308 12.7435 13.5665
38 1031940 77638 32.333 35.1971 12.4399 13.3898
39 1031940 72897 32.013 34.7197 12.1406 13.1824
40 1031940 68280 31.6976 34.2138 11.8443 13.0171
41 1031940 64886 31.4444 33.7828 11.606 12.7193
42 1031940 59653 31.0397 33.0195 11.1915 12.5747
43 1031940 54959 30.7033 32.4354 10.8583 12.3984
44 1031940 51348 30.4126 31.8258 10.547 12.0744
45 1031940 48062 30.1454 31.3311 10.277 11.8081
46 1031940 45045 29.9018 30.8839 10.0376 11.5798
47 1031940 42466 29.6493 30.3074 9.74806 11.3682
48 1031940 40647 29.4727 29.9641 9.54977 11.1444
49 1031940 38244 29.2514 29.525 9.32753 10.9479
50 1031940 36029 28.9871 28.9964 9.03191 10.6768
51 1031940 34096 28.7927 28.6282 8.84645 10.4979
52 1031940 32404 28.581 28.1975 8.61076 10.2585
53 1031940 30141 28.3474 27.6408 8.31997 9.91915
54 1031940 28253 28.1057 27.1552 8.05073 9.63658
55 1031940 26724 27.914 26.7836 7.83849 9.43085
56 1031940 24754 27.678 26.2775 7.56295 9.06353
57 1031940 22987 27.4288 25.8045 7.28899 8.75979
58 1031940 21069 27.1785 25.3063 6.99799 8.44158
59 1031940 19857 27.0058 24.9948 6.81041 8.24479
60 1031940 18690 26.8168 24.6428 6.59432 8.00986
61 1031940 17639 26.6425 24.3438 6.40932 7.80665
62 1031940 16316 26.4164 23.9439 6.17507 7.5506
63 1031940 15350 26.2398 23.6378 6.00441 7.36241
