1 1119744 206332 49.2585 48.8335 20.4231 18.6931
2 1119744 186955 48.6136 48.3811 19.7533 18.1514
3 1119744 129002 47.2098 47.1281 18.3545 15.8215
4 1119744 116376 46.7991 46.6976 17.9595 15.0961
5 1119744 85518 46.1122 45.8097 17.3362 13.2078
6 1119744 61616 45.4389 44.9827 16.7865 11.5634
7 1119744 52088 45.1767 44.6473 16.6294 10.9441
8 1119744 45233 44.9213 44.3786 16.5128 10.4636
9 1119744 42861 44.8446 44.2883 16.4661 10.2072
10 1119744 35571 44.4609 43.852 16.3083 9.76593
11 1119744 34048 44.3626 43.6863 16.2633 9.6145
12 1119744 31497 44.1709 43.4548 16.1925 9.48485
13 1119744 28396 43.9237 43.1853 16.1032 9.618
14 1119744 27687 43.8654 43.1171 16.0835 9.57682
15 1119744 26769 43.7888 43.0782 16.0711 9.61998
16 1119744 25597 43.6853 42.9897 16.041 9.58307
17 1119744 25383 43.6569 42.97 16.0314 9.57073
18 1119744 23792 43.4752 42.8026 15.9822 9.51433
19 1119744 23184 43.4143 42.7024 15.9592 9.47698
20 1119744 22697 43.321 42.5958 15.9311 9.45669
21 1119744 21597 43.1907 42.4136 15.8818 9.38514
22 1119744 21174 43.098 42.3249 15.838 9.29215
23 1119744 20771 43.0264 42.2283 15.818 9.27065
24 1119744 20123 42.9233 42.0647 15.7782 9.23459
25 1119744 19519 42.8157 41.9314 15.7292 9.17259
26 1119744 19039 42.7275 41.831 15.7034 9.12829
27 1119744 17922 42.5536 41.6168 15.6475 9.05993
28 1119744 16911 42.32 41.2301 15.5521 8.972
29 1119744 16259 42.1482 40.9976 15.4859 8.89363
30 1119744 15474 41.9689 40.7126 15.4113 8.82233
31 1119744 14855 41.834 40.543 15.3639 8.79448
32 1119744 14291 41.6654 40.2669 15.2901 8.71687
33 1119744 13795 41.4993 40.0062 15.2198 8.65892
34 1119744 13265 41.3749 39.8186 15.1644 8.59325
35 1119744 12927 41.2994 39.6882 15.1226 8.51983
36 1119744 12728 41.2041 39.5368 15.0854 8.52595
37 1119744 12189 41.052 39.3124 14.9954 8.51357
38 1119744 11647 40.834 38.9839 14.9016 8.46195
39 1119744 11169 40.6623 38.7502 14.825 8.40875
40 1119744 10719 40.5009 38.5268 14.7432 8.32411
41 1119744 10373 40.3585 38.3081 14.6779 8.2796
42 1119744 9793 40.078 37.8431 14.5403 8.18884
43 1119744 9284 39.8416 37.5678 14.4365 8.10302
44 1119744 8857 39.6203 37.2336 14.3349 8.03616
45 1119744 8474 39.412 36.9011 14.23 7.95644
46 1119744 8096 39.2203 36.6301 14.1337 7.89817
47 1119744 7785 39.0456 36.3123 14.0331 7.85673
48 1119744 7516 38.8804 36.097 13.9479 7.79106
49 1119744 7266 38.6903 35.8597 13.8473 7.76134
50 1119744 6943 38.4853 35.5387 13.6904 7.66666
51 1119744 6716 38.2931 35.2943 13.6038 7.6226
52 1119744 6426 38.1075 34.9946 13.4988 7.57341
53 1119744 6197 37.9149 34.7224 13.3853 7.48209
54 1119744 5927 37.6698 34.3699 13.2686 7.4147
55 1119744 5700 37.5756 34.2223 13.2126 7.40697
56 1119744 5467 37.3332 33.9001 13.0855 7.30598
57 1119744 5241 37.0974 33.5442 12.9254 7.26105
58 1119744 5002 36.8456 33.2006 12.7883 7.14991
59 1119744 4827 36.686 32.9989 12.6716 7.07774
60 1119744 4675 36.455 32.6726 12.4998 6.98449
61 1119744 4492 36.2209 32.3726 12.3752 6.93571
62 1119744 4338 36.0068 32.0909 12.2471 6.85874
63 1119744 4169 35.7875 31.8219 12.0911 6.75605
