1 1119744 206332 0 0 20.4231 0
2 1119744 186955 0 0 19.7533 0
3 1119744 129002 0 0 18.3545 0
4 1119744 116376 0 0 17.9595 0
5 1119744 85518 0 0 17.3362 0
6 1119744 61616 0 0 16.7865 0
7 1119744 52088 0 0 16.6294 0
8 1119744 45233 0 0 16.5128 0
9 1119744 42861 0 0 16.4661 0
10 1119744 35571 0 0 16.3083 0
11 1119744 34048 0 0 16.2633 0
12 1119744 31497 0 0 16.1925 0
13 1119744 28396 0 0 16.1032 0
14 1119744 27687 0 0 16.0835 0
15 1119744 26769 0 0 16.0711 0
16 1119744 25597 0 0 16.041 0
17 1119744 25383 0 0 16.0314 0
18 1119744 23792 0 0 15.9822 0
19 1119744 23184 0 0 15.9592 0
20 1119744 22697 0 0 15.9311 0
21 1119744 21597 0 0 15.8818 0
22 1119744 21174 0 0 15.838 0
23 1119744 20771 0 0 15.818 0
24 1119744 20123 0 0 15.7782 0
25 1119744 19519 0 0 15.7292 0
26 1119744 19039 0 0 15.7034 0
27 1119744 17922 0 0 15.6475 0
28 1119744 16911 0 0 15.5521 0
29 1119744 16259 0 0 15.4859 0
30 1119744 15474 0 0 15.4113 0
31 1119744 14855 0 0 15.3639 0
32 1119744 14291 0 0 15.2901 0
33 1119744 13795 0 0 15.2198 0
34 1119744 13265 0 0 15.1644 0
35 1119744 12927 0 0 15.1226 0
36 1119744 12728 0 0 15.0854 0
37 1119744 12189 0 0 14.9954 0
38 1119744 11647 0 0 14.9016 0
39 1119744 11169 0 0 14.825 0
40 1119744 10719 0 0 14.7432 0
41 1119744 10373 0 0 14.6779 0
42 1119744 9793 0 0 14.5403 0
43 1119744 9284 0 0 14.4365 0
44 1119744 8857 0 0 14.3349 0
45 1119744 8474 0 0 14.23 0
46 1119744 8096 0 0 14.1337 0
47 1119744 7785 0 0 14.0331 0
48 1119744 7516 0 0 13.9479 0
49 1119744 7266 0 0 13.8473 0
50 1119744 6943 0 0 13.6904 0
51 1119744 6716 0 0 13.6038 0
52 1119744 6426 0 0 13.4988 0
53 1119744 6197 0 0 13.3853 0
54 1119744 5927 0 0 13.2686 0
55 1119744 5700 0 0 13.2126 0
56 1119744 5467 0 0 13.0855 0
57 1119744 5241 0 0 12.9254 0
58 1119744 5002 0 0 12.7883 0
59 1119744 4827 0 0 12.6716 0
60 1119744 4675 0 0 12.4998 0
61 1119744 4492 0 0 12.3752 0
62 1119744 4338 0 0 12.2471 0
63 1119744 4169 0 0 12.0911 0
