1 956160 345341 0 0 23.9063 0
2 956160 321644 0 0 23.4391 0
3 956160 276546 0 0 22.0103 0
4 956160 262793 0 0 21.5514 0
5 956160 231880 0 0 20.453 0
6 956160 200570 0 0 18.8163 0
7 956160 181518 0 0 18.1182 0
8 956160 164164 0 0 17.439 0
9 956160 158492 0 0 17.3066 0
10 956160 133584 0 0 16.2033 0
11 956160 129103 0 0 16.0818 0
12 956160 118332 0 0 15.5452 0
13 956160 103231 0 0 14.7325 0
14 956160 100361 0 0 14.6391 0
15 956160 95719 0 0 14.3737 0
16 956160 90119 0 0 14.0882 0
17 956160 89220 0 0 14.0702 0
18 956160 81603 0 0 13.5945 0
19 956160 79227 0 0 13.4966 0
20 956160 76686 0 0 13.3281 0
21 956160 72243 0 0 13.038 0
22 956160 70851 0 0 12.9617 0
23 956160 68339 0 0 12.7608 0
24 956160 65309 0 0 12.5725 0
25 956160 63366 0 0 12.4653 0
26 956160 61163 0 0 12.333 0
27 956160 56443 0 0 12.0333 0
28 956160 52291 0 0 11.7194 0
29 956160 49131 0 0 11.4762 0
30 956160 46303 0 0 11.2658 0
31 956160 43801 0 0 11.0857 0
32 956160 41394 0 0 10.9105 0
33 956160 39468 0 0 10.7293 0
34 956160 37726 0 0 10.5813 0
35 956160 36322 0 0 10.5177 0
36 956160 35282 0 0 10.3681 0
37 956160 33581 0 0 10.2075 0
38 956160 31470 0 0 9.99258 0
39 956160 29534 0 0 9.81716 0
40 956160 27742 0 0 9.63509 0
41 956160 26277 0 0 9.48033 0
42 956160 24102 0 0 9.21604 0
43 956160 22264 0 0 8.99134 0
44 956160 20761 0 0 8.78645 0
45 956160 19406 0 0 8.60839 0
46 956160 18223 0 0 8.46846 0
47 956160 17083 0 0 8.30434 0
48 956160 16405 0 0 8.18596 0
49 956160 15422 0 0 8.04197 0
50 956160 14518 0 0 7.89161 0
51 956160 13633 0 0 7.73693 0
52 956160 12936 0 0 7.62779 0
53 956160 12081 0 0 7.47104 0
54 956160 11363 0 0 7.31124 0
55 956160 10756 0 0 7.20794 0
56 956160 10008 0 0 7.02795 0
57 956160 9254 0 0 6.87384 0
58 956160 8549 0 0 6.69873 0
59 956160 8028 0 0 6.56206 0
60 956160 7639 0 0 6.46382 0
61 956160 7287 0 0 6.36775 0
62 956160 6833 0 0 6.22214 0
63 956160 6432 0 0 6.11057 0
