1 956160 345341 49.446 53.461 23.9063 23.2606
2 956160 321644 48.9742 53.0841 23.4391 23.3362
3 956160 276546 47.5029 51.8084 22.0103 23.2192
4 956160 262793 47.0082 51.3748 21.5514 22.0479
5 956160 231880 45.8826 50.1622 20.453 21.6485
6 956160 200570 44.3458 48.4712 18.8163 20.9527
7 956160 181518 43.6182 47.6554 18.1182 20.3693
8 956160 164164 42.876 46.772 17.439 19.6332
9 956160 158492 42.7211 46.4943 17.3066 19.5298
10 956160 133584 41.5782 45.0106 16.2033 18.6887
11 956160 129103 41.4035 44.6685 16.0818 18.5666
12 956160 118332 40.8346 43.8932 15.5452 18.1928
13 956160 103231 40.0072 42.6161 14.7325 17.1458
14 956160 100361 39.8762 42.4612 14.6391 17.2676
15 956160 95719 39.5975 42.0969 14.3737 16.9871
16 956160 90119 39.3039 41.7344 14.0882 16.7788
17 956160 89220 39.2519 41.6633 14.0702 16.829
18 956160 81603 38.7692 40.9842 13.5945 16.019
19 956160 79227 38.6443 40.7417 13.4966 16.1218
20 956160 76686 38.4653 40.5405 13.3281 15.7148
21 956160 72243 38.1809 40.004 13.038 15.3898
22 956160 70851 38.0823 39.7969 12.9617 15.22
23 956160 68339 37.886 39.5211 12.7608 14.9863
24 956160 65309 37.6795 39.1802 12.5725 14.5685
25 956160 63366 37.5608 38.9234 12.4653 14.6643
26 956160 61163 37.4147 38.7314 12.333 14.454
27 956160 56443 37.0938 38.2007 12.0333 14.0952
28 956160 52291 36.7551 37.6357 11.7194 13.6753
29 956160 49131 36.4917 37.1137 11.4762 13.2956
30 956160 46303 36.2677 36.7329 11.2658 12.9176
31 956160 43801 36.0526 36.458 11.0857 12.7568
32 956160 41394 35.8437 36.0768 10.9105 12.4799
33 956160 39468 35.6409 35.7107 10.7293 12.2394
34 956160 37726 35.473 35.4025 10.5813 12.0151
35 956160 36322 35.3636 35.2857 10.5177 12.0232
36 956160 35282 35.2374 35.0094 10.3681 11.7263
37 956160 33581 35.0479 34.6934 10.2075 11.4924
38 956160 31470 34.8117 34.2375 9.99258 11.1854
39 956160 29534 34.5897 33.9086 9.81716 10.9728
40 956160 27742 34.3759 33.5889 9.63509 10.7594
41 956160 26277 34.1767 33.2468 9.48033 10.5552
42 956160 24102 33.8594 32.7102 9.21604 10.1952
43 956160 22264 33.6163 32.2833 8.99134 9.7859
44 956160 20761 33.3657 31.8569 8.78645 9.43925
45 956160 19406 33.1444 31.4832 8.60839 9.22234
46 956160 18223 32.9578 31.1884 8.46846 9.04388
47 956160 17083 32.7431 30.83 8.30434 8.81938
48 956160 16405 32.6009 30.5861 8.18596 8.64733
49 956160 15422 32.4041 30.2618 8.04197 8.45369
50 956160 14518 32.2027 29.9403 7.89161 8.25486
51 956160 13633 32.0048 29.6296 7.73693 8.04594
52 956160 12936 31.8399 29.3795 7.62779 7.94251
53 956160 12081 31.6243 29.0404 7.47104 7.73378
54 956160 11363 31.4189 28.7026 7.31124 7.51347
55 956160 10756 31.2542 28.4575 7.20794 7.36663
56 956160 10008 31.025 28.0331 7.02795 7.14502
57 956160 9254 30.811 27.6949 6.87384 6.94731
58 956160 8549 30.5795 27.3375 6.69873 6.73266
59 956160 8028 30.4016 27.045 6.56206 6.5701
60 956160 7639 30.2399 26.8269 6.46382 6.44289
61 956160 7287 30.0889 26.6134 6.36775 6.33551
62 956160 6833 29.8733 26.2921 6.22214 6.17978
63 956160 6432 29.6825 26.0464 6.11057 6.06896
