1 974656 377503 0 0 24.339 0
2 974656 351937 0 0 23.8521 0
3 974656 301164 0 0 22.7403 0
4 974656 286734 0 0 22.4239 0
5 974656 254951 0 0 21.7197 0
6 974656 224075 0 0 20.872 0
7 974656 207045 0 0 20.4618 0
8 974656 191337 0 0 20.0189 0
9 974656 185568 0 0 19.9202 0
10 974656 163491 0 0 19.2372 0
11 974656 158839 0 0 19.0838 0
12 974656 148746 0 0 18.7337 0
13 974656 134876 0 0 18.1755 0
14 974656 131647 0 0 18.0597 0
15 974656 127161 0 0 17.8774 0
16 974656 121733 0 0 17.6874 0
17 974656 120423 0 0 17.6573 0
18 974656 112530 0 0 17.2679 0
19 974656 110024 0 0 17.1797 0
20 974656 107273 0 0 17.0274 0
21 974656 103233 0 0 16.7936 0
22 974656 101631 0 0 16.6699 0
23 974656 98860 0 0 16.5267 0
24 974656 95429 0 0 16.3094 0
25 974656 93621 0 0 16.1965 0
26 974656 90928 0 0 16.0784 0
27 974656 86141 0 0 15.8054 0
28 974656 81201 0 0 15.4726 0
29 974656 77843 0 0 15.2228 0
30 974656 74561 0 0 15.0026 0
31 974656 71226 0 0 14.7576 0
32 974656 68444 0 0 14.5696 0
33 974656 65871 0 0 14.3372 0
34 974656 63674 0 0 14.16 0
35 974656 61954 0 0 14.0923 0
36 974656 60262 0 0 13.9461 0
37 974656 58002 0 0 13.7433 0
38 974656 55200 0 0 13.5198 0
39 974656 52483 0 0 13.3337 0
40 974656 49760 0 0 13.1019 0
41 974656 47800 0 0 12.9268 0
42 974656 44455 0 0 12.5695 0
43 974656 41682 0 0 12.2766 0
44 974656 39436 0 0 12.0185 0
45 974656 37137 0 0 11.7503 0
46 974656 35267 0 0 11.5619 0
47 974656 33459 0 0 11.2901 0
48 974656 32203 0 0 11.1304 0
49 974656 30445 0 0 10.9062 0
50 974656 28837 0 0 10.6494 0
51 974656 27272 0 0 10.4027 0
52 974656 26163 0 0 10.2446 0
53 974656 24655 0 0 10.0099 0
54 974656 23325 0 0 9.70261 0
55 974656 22265 0 0 9.5541 0
56 974656 20879 0 0 9.27084 0
57 974656 19711 0 0 9 0
58 974656 18455 0 0 8.76522 0
59 974656 17500 0 0 8.55756 0
60 974656 16622 0 0 8.36798 0
61 974656 15828 0 0 8.14231 0
62 974656 14929 0 0 7.95778 0
63 974656 14102 0 0 7.75502 0
