1 974656 377503 49.452 51.9281 24.339 20.4178
2 974656 351937 48.9852 51.5956 23.8521 20.2674
3 974656 301164 47.6603 50.5637 22.7403 19.2816
4 974656 286734 47.2672 50.2561 22.4239 19.3327
5 974656 254951 46.325 49.3049 21.7197 18.6222
6 974656 224075 45.2596 48.2395 20.872 17.9533
7 974656 207045 44.6237 47.7286 20.4618 17.8062
8 974656 191337 43.9324 47.0434 20.0189 17.4056
9 974656 185568 43.7913 46.9002 19.9202 17.4332
10 974656 163491 42.768 45.9196 19.2372 16.6689
11 974656 158839 42.5545 45.634 19.0838 16.6589
12 974656 148746 41.9958 45.1003 18.7337 16.4701
13 974656 134876 41.1863 44.1925 18.1755 16.0702
14 974656 131647 41.0324 43.9638 18.0597 15.87
15 974656 127161 40.7565 43.7416 17.8774 15.7673
16 974656 121733 40.4518 43.4691 17.6874 15.7134
17 974656 120423 40.3836 43.433 17.6573 15.7426
18 974656 112530 39.8365 42.9442 17.2679 15.4419
19 974656 110024 39.6919 42.7078 17.1797 15.4236
20 974656 107273 39.4701 42.5314 17.0274 15.2852
21 974656 103233 39.1996 42.1021 16.7936 15.0511
22 974656 101631 39.054 41.8065 16.6699 14.9436
23 974656 98860 38.8392 41.6595 16.5267 14.876
24 974656 95429 38.5835 41.2909 16.3094 14.5384
25 974656 93621 38.4364 41.0334 16.1965 14.5447
26 974656 90928 38.2514 40.9126 16.0784 14.4066
27 974656 86141 37.8909 40.4063 15.8054 14.1194
28 974656 81201 37.4613 39.8303 15.4726 13.8835
29 974656 77843 37.1559 39.3218 15.2228 13.549
30 974656 74561 36.8714 38.9176 15.0026 13.381
31 974656 71226 36.5658 38.5479 14.7576 13.2379
32 974656 68444 36.3173 38.1887 14.5696 13.0716
33 974656 65871 36.0567 37.7588 14.3372 12.8105
34 974656 63674 35.8354 37.4185 14.16 12.6639
35 974656 61954 35.6925 37.2524 14.0923 12.616
36 974656 60262 35.5235 37.011 13.9461 12.5494
37 974656 58002 35.2777 36.6705 13.7433 12.4234
38 974656 55200 34.9818 36.2143 13.5198 12.2671
39 974656 52483 34.6827 35.9149 13.3337 12.1308
40 974656 49760 34.3719 35.5199 13.1019 11.9875
41 974656 47800 34.1435 35.1858 12.9268 11.822
42 974656 44455 33.7 34.5053 12.5695 11.5282
43 974656 41682 33.3558 34.0468 12.2766 11.1942
44 974656 39436 33.0131 33.5406 12.0185 10.949
45 974656 37137 32.6937 33.1019 11.7503 10.7855
46 974656 35267 32.4237 32.7184 11.5619 10.5985
47 974656 33459 32.1204 32.2365 11.2901 10.3858
48 974656 32203 31.9177 31.944 11.1304 10.3001
49 974656 30445 31.624 31.5155 10.9062 10.1201
50 974656 28837 31.316 31.0515 10.6494 9.97564
51 974656 27272 31.023 30.6076 10.4027 9.7474
52 974656 26163 30.7925 30.3222 10.2446 9.69477
53 974656 24655 30.5241 29.8567 10.0099 9.45725
54 974656 23325 30.2186 29.3072 9.70261 9.16561
55 974656 22265 30.0116 29.079 9.5541 9.01161
56 974656 20879 29.6945 28.5293 9.27084 8.71924
57 974656 19711 29.4185 28.0272 9 8.53761
58 974656 18455 29.1432 27.6192 8.76522 8.27816
59 974656 17500 28.8977 27.2539 8.55756 8.0674
60 974656 16622 28.6478 26.8751 8.36798 7.89693
61 974656 15828 28.4116 26.4957 8.14231 7.67867
62 974656 14929 28.1596 26.1153 7.95778 7.57246
63 974656 14102 27.9017 25.7581 7.75502 7.35242
