1 2073600 680608 0 0 21.9213 0
2 2073600 631421 0 0 21.3927 0
3 2073600 538276 0 0 19.7358 0
4 2073600 511177 0 0 19.2153 0
5 2073600 436372 0 0 17.8686 0
6 2073600 355324 0 0 15.4663 0
7 2073600 299737 0 0 14.7307 0
8 2073600 247437 0 0 13.9832 0
9 2073600 235672 0 0 13.8833 0
10 2073600 164626 0 0 12.8189 0
11 2073600 157853 0 0 12.7504 0
12 2073600 133647 0 0 12.3679 0
13 2073600 103426 0 0 11.8966 0
14 2073600 98312 0 0 11.8413 0
15 2073600 90901 0 0 11.7276 0
16 2073600 81820 0 0 11.6058 0
17 2073600 81329 0 0 11.6012 0
18 2073600 71574 0 0 11.4423 0
19 2073600 68550 0 0 11.4001 0
20 2073600 66135 0 0 11.3541 0
21 2073600 61180 0 0 11.2638 0
22 2073600 59369 0 0 11.2259 0
23 2073600 57568 0 0 11.1921 0
24 2073600 54491 0 0 11.1367 0
25 2073600 52510 0 0 11.0948 0
26 2073600 50548 0 0 11.071 0
27 2073600 46518 0 0 11.0078 0
28 2073600 43225 0 0 10.9177 0
29 2073600 40754 0 0 10.8332 0
30 2073600 38470 0 0 10.7687 0
31 2073600 36682 0 0 10.729 0
32 2073600 34979 0 0 10.6787 0
33 2073600 33371 0 0 10.6199 0
34 2073600 31996 0 0 10.5651 0
35 2073600 30933 0 0 10.547 0
36 2073600 30108 0 0 10.5119 0
37 2073600 28973 0 0 10.4632 0
38 2073600 27566 0 0 10.4101 0
39 2073600 26241 0 0 10.3564 0
40 2073600 24952 0 0 10.2897 0
41 2073600 23884 0 0 10.2318 0
42 2073600 22468 0 0 10.1389 0
43 2073600 21174 0 0 10.0478 0
44 2073600 20114 0 0 9.95377 0
45 2073600 19151 0 0 9.88574 0
46 2073600 18259 0 0 9.80836 0
47 2073600 17483 0 0 9.73391 0
48 2073600 16917 0 0 9.67142 0
49 2073600 16057 0 0 9.57188 0
50 2073600 15351 0 0 9.49248 0
51 2073600 14751 0 0 9.40014 0
52 2073600 14199 0 0 9.32411 0
53 2073600 13630 0 0 9.24787 0
54 2073600 12924 0 0 9.12372 0
55 2073600 12447 0 0 9.04835 0
56 2073600 11920 0 0 8.93889 0
57 2073600 11433 0 0 8.85148 0
58 2073600 10782 0 0 8.71915 0
59 2073600 10414 0 0 8.64649 0
60 2073600 10037 0 0 8.55101 0
61 2073600 9742 0 0 8.4628 0
62 2073600 9369 0 0 8.39179 0
63 2073600 9009 0 0 8.29803 0
