1 2073600 680608 49.354 51.2209 21.9213 20.7458
2 2073600 631421 48.8096 50.819 21.3927 20.4299
3 2073600 538276 47.1762 49.5804 19.7358 19.7798
4 2073600 511177 46.6308 49.1479 19.2153 19.0883
5 2073600 436372 45.3256 47.9379 17.8686 18.373
6 2073600 355324 43.0042 46.02 15.4663 16.442
7 2073600 299737 42.2763 45.209 14.7307 15.8696
8 2073600 247437 41.5443 44.2464 13.9832 14.9747
9 2073600 235672 41.4173 44.0052 13.8833 14.8944
10 2073600 164626 40.3861 42.4992 12.8189 13.2262
11 2073600 157853 40.2941 42.2537 12.7504 13.1527
12 2073600 133647 39.9068 41.6118 12.3679 12.3767
13 2073600 103426 39.4214 40.6684 11.8966 11.3372
14 2073600 98312 39.3578 40.5487 11.8413 11.2178
15 2073600 90901 39.2353 40.3174 11.7276 10.9802
16 2073600 81820 39.1068 40.0906 11.6058 10.6982
17 2073600 81329 39.1002 40.0692 11.6012 10.7019
18 2073600 71574 38.9186 39.6874 11.4423 10.2335
19 2073600 68550 38.8675 39.5361 11.4001 10.1216
20 2073600 66135 38.8162 39.4353 11.3541 9.97734
21 2073600 61180 38.7087 39.1468 11.2638 9.75274
22 2073600 59369 38.662 39.0154 11.2259 9.65217
23 2073600 57568 38.6162 38.9381 11.1921 9.5595
24 2073600 54491 38.5384 38.7396 11.1367 9.44627
25 2073600 52510 38.4861 38.604 11.0948 9.32872
26 2073600 50548 38.451 38.5496 11.071 9.28392
27 2073600 46518 38.354 38.3306 11.0078 9.14084
28 2073600 43225 38.2347 38.0049 10.9177 8.94038
29 2073600 40754 38.1258 37.7135 10.8332 8.74141
30 2073600 38470 38.0378 37.5095 10.7687 8.5823
31 2073600 36682 37.9807 37.384 10.729 8.51148
32 2073600 34979 37.9085 37.2021 10.6787 8.44305
33 2073600 33371 37.8172 36.9977 10.6199 8.36098
34 2073600 31996 37.741 36.8088 10.5651 8.27634
35 2073600 30933 37.7108 36.7554 10.547 8.24728
36 2073600 30108 37.6637 36.6542 10.5119 8.18225
37 2073600 28973 37.5848 36.4838 10.4632 8.1294
38 2073600 27566 37.4937 36.2826 10.4101 8.11823
39 2073600 26241 37.4158 36.1458 10.3564 8.00918
40 2073600 24952 37.3245 35.9553 10.2897 7.91565
41 2073600 23884 37.2342 35.7756 10.2318 7.8356
42 2073600 22468 37.0904 35.4779 10.1389 7.71495
43 2073600 21174 36.9658 35.2081 10.0478 7.58165
44 2073600 20114 36.8308 34.9479 9.95377 7.43414
45 2073600 19151 36.7229 34.7379 9.88574 7.34918
46 2073600 18259 36.5998 34.5202 9.80836 7.26089
47 2073600 17483 36.4739 34.2859 9.73391 7.15253
48 2073600 16917 36.3876 34.1239 9.67142 7.07725
49 2073600 16057 36.2496 33.8791 9.57188 6.97403
50 2073600 15351 36.1343 33.6754 9.49248 6.90554
51 2073600 14751 36.0085 33.4605 9.40014 6.78113
52 2073600 14199 35.8949 33.2577 9.32411 6.70448
53 2073600 13630 35.7623 33.0386 9.24787 6.605
54 2073600 12924 35.5693 32.7336 9.12372 6.43749
55 2073600 12447 35.4559 32.5403 9.04835 6.33432
56 2073600 11920 35.2768 32.2583 8.93889 6.25045
57 2073600 11433 35.1437 32.0513 8.85148 6.20294
58 2073600 10782 34.9203 31.7004 8.71915 6.06359
59 2073600 10414 34.7916 31.5095 8.64649 5.96444
60 2073600 10037 34.6362 31.2774 8.55101 5.8792
61 2073600 9742 34.4938 31.0707 8.4628 5.76572
62 2073600 9369 34.3467 30.8605 8.39179 5.75922
63 2073600 9009 34.1798 30.6148 8.29803 5.6393
