1 1120264 317727 0 0 24.4666 0
2 1120264 296291 0 0 24.1639 0
3 1120264 249471 0 0 23.3595 0
4 1120264 237239 0 0 23.1018 0
5 1120264 208542 0 0 22.4673 0
6 1120264 181047 0 0 21.6821 0
7 1120264 165391 0 0 21.256 0
8 1120264 150657 0 0 20.8195 0
9 1120264 145939 0 0 20.7244 0
10 1120264 126091 0 0 19.9803 0
11 1120264 122347 0 0 19.8191 0
12 1120264 113728 0 0 19.4705 0
13 1120264 102042 0 0 18.8745 0
14 1120264 99533 0 0 18.7826 0
15 1120264 95878 0 0 18.6286 0
16 1120264 91508 0 0 18.4297 0
17 1120264 90741 0 0 18.415 0
18 1120264 84661 0 0 18.0791 0
19 1120264 82725 0 0 17.9644 0
20 1120264 80631 0 0 17.8623 0
21 1120264 77149 0 0 17.6024 0
22 1120264 76069 0 0 17.5263 0
23 1120264 74191 0 0 17.3826 0
24 1120264 71640 0 0 17.2065 0
25 1120264 70008 0 0 17.0532 0
26 1120264 68222 0 0 16.9838 0
27 1120264 64198 0 0 16.6983 0
28 1120264 60617 0 0 16.3505 0
29 1120264 58004 0 0 16.0377 0
30 1120264 55183 0 0 15.7702 0
31 1120264 52999 0 0 15.6421 0
32 1120264 50880 0 0 15.3998 0
33 1120264 48936 0 0 15.1672 0
34 1120264 47241 0 0 14.9701 0
35 1120264 45812 0 0 14.8932 0
36 1120264 44748 0 0 14.7806 0
37 1120264 42987 0 0 14.5819 0
38 1120264 41071 0 0 14.3242 0
39 1120264 39247 0 0 14.1384 0
40 1120264 37319 0 0 13.9264 0
41 1120264 35836 0 0 13.7267 0
42 1120264 33592 0 0 13.3762 0
43 1120264 31579 0 0 13.1464 0
44 1120264 29912 0 0 12.8673 0
45 1120264 28458 0 0 12.5945 0
46 1120264 27011 0 0 12.3955 0
47 1120264 25709 0 0 12.1069 0
48 1120264 24864 0 0 11.9601 0
49 1120264 23667 0 0 11.7083 0
50 1120264 22501 0 0 11.4864 0
51 1120264 21507 0 0 11.2716 0
52 1120264 20649 0 0 11.0637 0
53 1120264 19375 0 0 10.8426 0
54 1120264 18349 0 0 10.5781 0
55 1120264 17563 0 0 10.3965 0
56 1120264 16629 0 0 10.1564 0
57 1120264 15666 0 0 9.9199 0
58 1120264 14657 0 0 9.67385 0
59 1120264 13871 0 0 9.43828 0
60 1120264 13221 0 0 9.25403 0
61 1120264 12640 0 0 9.05651 0
62 1120264 11979 0 0 8.83336 0
63 1120264 11417 0 0 8.63405 0
