1 1120264 317727 49.9317 51.1792 24.4666 16.2829
2 1120264 296291 49.5752 50.9525 24.1639 16.0585
3 1120264 249471 48.4725 50.1077 23.3595 15.7236
4 1120264 237239 48.1146 49.8517 23.1018 15.5659
5 1120264 208542 47.2578 48.9909 22.4673 15.3524
6 1120264 181047 46.3014 47.9212 21.6821 15.1386
7 1120264 165391 45.6999 47.3179 21.256 14.8091
8 1120264 150657 45.0688 46.7192 20.8195 14.7273
9 1120264 145939 44.94 46.6291 20.7244 14.8663
10 1120264 126091 43.9678 45.5127 19.9803 14.5131
11 1120264 122347 43.7635 45.1209 19.8191 14.414
12 1120264 113728 43.2784 44.5949 19.4705 14.2752
13 1120264 102042 42.5238 43.685 18.8745 13.9804
14 1120264 99533 42.396 43.5246 18.7826 13.9382
15 1120264 95878 42.1563 43.2902 18.6286 13.8572
16 1120264 91508 41.9022 43.112 18.4297 13.8647
17 1120264 90741 41.8383 43.047 18.415 13.8334
18 1120264 84661 41.3909 42.6011 18.0791 13.689
19 1120264 82725 41.2617 42.3575 17.9644 13.5873
20 1120264 80631 41.0817 42.2129 17.8623 13.5538
21 1120264 77149 40.7834 41.7771 17.6024 13.4132
22 1120264 76069 40.671 41.6096 17.5263 13.3484
23 1120264 74191 40.4786 41.4056 17.3826 13.2942
24 1120264 71640 40.2523 41.1068 17.2065 13.2086
25 1120264 70008 40.0914 40.7889 17.0532 13.1206
26 1120264 68222 39.9472 40.7176 16.9838 13.0481
27 1120264 64198 39.5941 40.2275 16.6983 12.9228
28 1120264 60617 39.2049 39.6474 16.3505 12.6686
29 1120264 58004 38.9004 39.1009 16.0377 12.5056
30 1120264 55183 38.6122 38.6693 15.7702 12.325
31 1120264 52999 38.3791 38.4917 15.6421 12.2952
32 1120264 50880 38.1235 38.0607 15.3998 12.0923
33 1120264 48936 37.8463 37.68 15.1672 11.9799
34 1120264 47241 37.6411 37.3081 14.9701 11.846
35 1120264 45812 37.5097 37.1854 14.8932 11.8216
36 1120264 44748 37.3592 37.0289 14.7806 11.7272
37 1120264 42987 37.1208 36.6755 14.5819 11.6597
38 1120264 41071 36.8311 36.2326 14.3242 11.46
39 1120264 39247 36.5759 35.9453 14.1384 11.3454
40 1120264 37319 36.3002 35.6368 13.9264 11.2418
41 1120264 35836 36.0813 35.2959 13.7267 11.0753
42 1120264 33592 35.6514 34.7136 13.3762 10.8494
43 1120264 31579 35.3398 34.3634 13.1464 10.6963
44 1120264 29912 35.0118 33.8791 12.8673 10.4698
45 1120264 28458 34.7119 33.4748 12.5945 10.286
46 1120264 27011 34.4448 33.1266 12.3955 10.1675
47 1120264 25709 34.1495 32.6673 12.1069 9.94387
48 1120264 24864 33.9457 32.3871 11.9601 9.85883
49 1120264 23667 33.6874 31.9756 11.7083 9.68133
50 1120264 22501 33.4192 31.6121 11.4864 9.52436
51 1120264 21507 33.1772 31.2921 11.2716 9.33621
52 1120264 20649 32.9266 30.9349 11.0637 9.20737
53 1120264 19375 32.664 30.5385 10.8426 9.04773
54 1120264 18349 32.3853 30.1426 10.5781 8.81956
55 1120264 17563 32.1538 29.8233 10.3965 8.66725
56 1120264 16629 31.8545 29.394 10.1564 8.49216
57 1120264 15666 31.5561 28.9894 9.9199 8.35545
58 1120264 14657 31.2612 28.5946 9.67385 8.16136
59 1120264 13871 30.9892 28.1969 9.43828 7.95993
60 1120264 13221 30.7783 27.9166 9.25403 7.82072
61 1120264 12640 30.5305 27.5643 9.05651 7.64859
62 1120264 11979 30.2661 27.2021 8.83336 7.51311
63 1120264 11417 30.0116 26.8585 8.63405 7.29852
