1 931788 474460 49.2 53.067 25.3646 15.8511
2 931788 445739 48.7056 52.6759 24.7841 15.7928
3 931788 389570 47.0809 51.4621 23.0915 15.6448
4 931788 370975 46.5852 51.0195 22.5812 15.4369
5 931788 331862 45.4138 49.9631 21.5242 15.2521
6 931788 290527 43.9555 48.4841 20.1756 14.7863
7 931788 267320 43.2501 47.825 19.7241 14.4774
8 931788 246738 42.5141 47.1382 19.2963 14.2319
9 931788 239887 42.3845 46.9588 19.2199 14.1394
10 931788 212206 41.3596 45.9659 18.6386 13.9715
11 931788 206667 41.1272 45.6278 18.5437 13.7831
12 931788 193631 40.5583 45.1138 18.2495 13.6246
13 931788 177316 39.7352 44.2875 17.8283 13.3971
14 931788 173754 39.5959 44.0523 17.7488 13.4551
15 931788 168126 39.2992 43.8722 17.614 13.3298
16 931788 162106 39.0009 43.5943 17.4721 13.4253
17 931788 160198 38.8886 43.5285 17.4284 13.3067
18 931788 151034 38.3612 43.059 17.1485 13.1618
19 931788 148118 38.1925 42.8069 17.0709 13.1261
20 931788 144684 37.9601 42.6468 16.9531 13.0904
21 931788 139981 37.7065 42.3076 16.7915 13.0406
22 931788 137833 37.5539 42.1148 16.7275 12.8675
23 931788 134807 37.3444 41.9388 16.6082 12.827
24 931788 130947 37.0876 41.5973 16.4727 12.7912
25 931788 128432 36.9362 41.4091 16.3981 12.782
26 931788 125532 36.7282 41.1629 16.2863 12.7915
27 931788 119519 36.3409 40.7663 16.084 12.6191
28 931788 113828 35.9062 40.1801 15.8144 12.4482
29 931788 109582 35.5914 39.7383 15.6319 12.3241
30 931788 105431 35.2959 39.3759 15.4585 12.2189
31 931788 101536 34.9558 39.0654 15.2858 12.1534
32 931788 98032 34.7044 38.7198 15.1306 12.1006
33 931788 94689 34.4328 38.3199 14.9631 11.9091
34 931788 91867 34.1991 38.0165 14.8188 11.7916
35 931788 89381 33.9933 37.7988 14.7303 11.8567
36 931788 87224 33.7915 37.5974 14.6029 11.7986
37 931788 84260 33.5312 37.2567 14.4506 11.6711
38 931788 80748 33.202 36.778 14.2558 11.6492
39 931788 77125 32.8542 36.4243 14.0728 11.5359
40 931788 73350 32.4801 35.9721 13.8292 11.4069
41 931788 70629 32.2064 35.6618 13.6822 11.3002
42 931788 66033 31.7049 34.9895 13.355 11.1355
43 931788 62134 31.2764 34.5058 13.1344 11.0358
44 931788 58796 30.8917 33.9865 12.8746 10.8955
45 931788 55810 30.534 33.4735 12.6394 10.7658
46 931788 53047 30.1922 32.9948 12.4248 10.6359
47 931788 50372 29.8544 32.5066 12.1855 10.5556
48 931788 48634 29.6136 32.1765 12.0057 10.4473
49 931788 46217 29.2702 31.6654 11.7775 10.3622
50 931788 43836 28.9201 31.1543 11.5158 10.2162
51 931788 41531 28.593 30.6766 11.2779 10.1125
52 931788 39596 28.2848 30.2983 11.0977 10.0388
53 931788 37374 27.977 29.7371 10.8488 9.85659
54 931788 35290 27.6822 29.1894 10.6167 9.76025
55 931788 33594 27.4106 28.7954 10.4097 9.59797
56 931788 31523 27.0831 28.2406 10.1845 9.56575
57 931788 29563 26.7694 27.5912 9.90254 9.39873
58 931788 27701 26.4634 27.0707 9.63962 9.1999
59 931788 26244 26.2244 26.7111 9.44791 9.04761
60 931788 24861 25.9776 26.2916 9.26673 8.95579
61 931788 23583 25.7063 25.7956 9.02747 8.8364
62 931788 22175 25.4446 25.3097 8.79718 8.68182
63 931788 20910 25.2087 24.9188 8.60339 8.54751
