1 1119744 416133 49.2934 49.8807 21.0087 20.7746
2 1119744 385200 48.6929 49.463 20.3652 20.2731
3 1119744 315186 46.9635 48.2518 18.569 18.3826
4 1119744 295503 46.4313 47.8158 18.0302 17.8634
5 1119744 247730 45.3305 46.7556 16.9332 16.0948
6 1119744 203867 44.0376 45.4889 15.6518 13.9643
7 1119744 181108 43.5578 44.9462 15.2834 12.9444
8 1119744 162289 43.114 44.4205 15.0177 12.174
9 1119744 156476 43.0241 44.2637 14.9515 12.0239
10 1119744 135414 42.4349 43.5888 14.6658 10.8347
11 1119744 130796 42.2681 43.314 14.5931 10.487
12 1119744 122295 41.9335 43.0049 14.482 10.0446
13 1119744 111849 41.444 42.6861 14.3568 9.76022
14 1119744 109184 41.3474 42.58 14.3219 9.57206
15 1119744 105834 41.1608 42.5225 14.3004 9.639
16 1119744 101943 40.9778 42.4251 14.2577 9.5688
17 1119744 100810 40.9035 42.397 14.2412 9.51577
18 1119744 94824 40.5474 42.2207 14.1694 9.33701
19 1119744 92797 40.4203 42.0972 14.1365 9.2102
20 1119744 90639 40.2515 42.0409 14.1079 9.16044
21 1119744 87683 40.0637 41.8711 14.0598 9.07416
22 1119744 86429 39.9642 41.8013 14.0369 8.98006
23 1119744 84350 39.8151 41.7385 14.0076 8.95351
24 1119744 82016 39.6239 41.6267 13.9719 8.92124
25 1119744 80572 39.5092 41.5149 13.9494 8.87224
26 1119744 78520 39.3463 41.422 13.9177 8.80831
27 1119744 74916 39.0507 41.2323 13.8586 8.70313
28 1119744 71246 38.7005 40.982 13.7783 8.57446
29 1119744 68609 38.4399 40.695 13.7172 8.4952
30 1119744 65841 38.1879 40.5086 13.6571 8.42114
31 1119744 63428 37.9132 40.3496 13.6047 8.38689
32 1119744 61221 37.694 40.1017 13.555 8.34363
33 1119744 59030 37.448 39.8535 13.4872 8.30362
34 1119744 57345 37.2424 39.6453 13.4352 8.24676
35 1119744 55775 37.0636 39.4808 13.4049 8.22969
36 1119744 54296 36.8911 39.3718 13.3628 8.20472
37 1119744 52493 36.6669 39.1718 13.3044 8.22452
38 1119744 50200 36.374 38.9258 13.226 8.22007
39 1119744 47940 36.0716 38.6459 13.1571 8.15817
40 1119744 45635 35.7567 38.3962 13.0884 8.15682
41 1119744 43886 35.4949 38.1545 13.0211 8.07152
42 1119744 41070 35.047 37.6964 12.8966 8.01818
43 1119744 38569 34.6434 37.2811 12.7891 7.96631
44 1119744 36477 34.2985 36.9072 12.687 7.92098
45 1119744 34725 33.9683 36.5247 12.5931 7.87218
46 1119744 32894 33.6376 36.1454 12.4878 7.84584
47 1119744 31302 33.3407 35.7521 12.3851 7.78172
48 1119744 29979 33.0705 35.3796 12.2899 7.77866
49 1119744 28541 32.779 35.0465 12.1752 7.6996
50 1119744 26916 32.435 34.6019 12.044 7.63939
51 1119744 25623 32.1497 34.2211 11.9439 7.61791
52 1119744 24387 31.8675 33.8483 11.8316 7.55545
53 1119744 23098 31.5884 33.372 11.7391 7.53188
54 1119744 21940 31.3012 32.9489 11.6106 7.47845
55 1119744 20900 31.0521 32.5386 11.5179 7.43155
56 1119744 19746 30.781 32.0511 11.3895 7.38586
57 1119744 18565 30.4817 31.5491 11.2372 7.36011
58 1119744 17449 30.1783 31.0234 11.0971 7.26767
59 1119744 16597 29.9552 30.6528 10.9869 7.21798
60 1119744 15771 29.6853 30.2034 10.8413 7.15682
61 1119744 15046 29.432 29.7474 10.6959 7.07502
62 1119744 14359 29.1837 29.3824 10.5613 7.00333
63 1119744 13552 28.9195 28.8922 10.4207 6.93296
