1 1119744 416133 0 0 21.0087 0
2 1119744 385200 0 0 20.3652 0
3 1119744 315186 0 0 18.569 0
4 1119744 295503 0 0 18.0302 0
5 1119744 247730 0 0 16.9332 0
6 1119744 203867 0 0 15.6518 0
7 1119744 181108 0 0 15.2834 0
8 1119744 162289 0 0 15.0177 0
9 1119744 156476 0 0 14.9515 0
10 1119744 135414 0 0 14.6658 0
11 1119744 130796 0 0 14.5931 0
12 1119744 122295 0 0 14.482 0
13 1119744 111849 0 0 14.3568 0
14 1119744 109184 0 0 14.3219 0
15 1119744 105834 0 0 14.3004 0
16 1119744 101943 0 0 14.2577 0
17 1119744 100810 0 0 14.2412 0
18 1119744 94824 0 0 14.1694 0
19 1119744 92797 0 0 14.1365 0
20 1119744 90639 0 0 14.1079 0
21 1119744 87683 0 0 14.0598 0
22 1119744 86429 0 0 14.0369 0
23 1119744 84350 0 0 14.0076 0
24 1119744 82016 0 0 13.9719 0
25 1119744 80572 0 0 13.9494 0
26 1119744 78520 0 0 13.9177 0
27 1119744 74916 0 0 13.8586 0
28 1119744 71246 0 0 13.7783 0
29 1119744 68609 0 0 13.7172 0
30 1119744 65841 0 0 13.6571 0
31 1119744 63428 0 0 13.6047 0
32 1119744 61221 0 0 13.555 0
33 1119744 59030 0 0 13.4872 0
34 1119744 57345 0 0 13.4352 0
35 1119744 55775 0 0 13.4049 0
36 1119744 54296 0 0 13.3628 0
37 1119744 52493 0 0 13.3044 0
38 1119744 50200 0 0 13.226 0
39 1119744 47940 0 0 13.1571 0
40 1119744 45635 0 0 13.0884 0
41 1119744 43886 0 0 13.0211 0
42 1119744 41070 0 0 12.8966 0
43 1119744 38569 0 0 12.7891 0
44 1119744 36477 0 0 12.687 0
45 1119744 34725 0 0 12.5931 0
46 1119744 32894 0 0 12.4878 0
47 1119744 31302 0 0 12.3851 0
48 1119744 29979 0 0 12.2899 0
49 1119744 28541 0 0 12.1752 0
50 1119744 26916 0 0 12.044 0
51 1119744 25623 0 0 11.9439 0
52 1119744 24387 0 0 11.8316 0
53 1119744 23098 0 0 11.7391 0
54 1119744 21940 0 0 11.6106 0
55 1119744 20900 0 0 11.5179 0
56 1119744 19746 0 0 11.3895 0
57 1119744 18565 0 0 11.2372 0
58 1119744 17449 0 0 11.0971 0
59 1119744 16597 0 0 10.9869 0
60 1119744 15771 0 0 10.8413 0
61 1119744 15046 0 0 10.6959 0
62 1119744 14359 0 0 10.5613 0
63 1119744 13552 0 0 10.4207 0
