1 42860544 732212 0 0 27.3373 0
2 42860544 686503 0 0 26.9011 0
3 42860544 565271 0 0 25.9705 0
4 42860544 535725 0 0 25.5883 0
5 42860544 469094 0 0 24.9192 0
6 42860544 406196 0 0 24.26 0
7 42860544 372032 0 0 23.8655 0
8 42860544 337262 0 0 23.4367 0
9 42860544 319353 0 0 23.2633 0
10 42860544 273733 0 0 22.5311 0
11 42860544 264409 0 0 22.3347 0
12 42860544 246481 0 0 21.9632 0
13 42860544 220972 0 0 21.5414 0
14 42860544 214445 0 0 21.447 0
15 42860544 208047 0 0 21.351 0
16 42860544 197354 0 0 21.1901 0
17 42860544 195889 0 0 21.1651 0
18 42860544 183431 0 0 20.9021 0
19 42860544 178504 0 0 20.7643 0
20 42860544 174364 0 0 20.6704 0
21 42860544 166554 0 0 20.4614 0
22 42860544 163686 0 0 20.3604 0
23 42860544 159911 0 0 20.2675 0
24 42860544 153787 0 0 20.1235 0
25 42860544 149723 0 0 20.0085 0
26 42860544 145558 0 0 19.9289 0
27 42860544 136768 0 0 19.6865 0
28 42860544 129353 0 0 19.4524 0
29 42860544 123748 0 0 19.2146 0
30 42860544 118129 0 0 18.9953 0
31 42860544 113594 0 0 18.8718 0
32 42860544 108670 0 0 18.7145 0
33 42860544 104681 0 0 18.5465 0
34 42860544 101485 0 0 18.384 0
35 42860544 98423 0 0 18.3127 0
36 42860544 96284 0 0 18.202 0
37 42860544 93005 0 0 18.0707 0
38 42860544 88993 0 0 17.8844 0
39 42860544 85109 0 0 17.7416 0
40 42860544 81351 0 0 17.58 0
41 42860544 78516 0 0 17.4304 0
42 42860544 74233 0 0 17.218 0
43 42860544 70396 0 0 17.0127 0
44 42860544 67207 0 0 16.766 0
45 42860544 64297 0 0 16.6038 0
46 42860544 61464 0 0 16.4183 0
47 42860544 59210 0 0 16.2325 0
48 42860544 57376 0 0 16.102 0
49 42860544 55105 0 0 15.9183 0
50 42860544 52851 0 0 15.7161 0
51 42860544 50824 0 0 15.5421 0
52 42860544 49344 0 0 15.3921 0
53 42860544 47143 0 0 15.1998 0
54 42860544 45259 0 0 14.9773 0
55 42860544 43655 0 0 14.8142 0
56 42860544 41804 0 0 14.598 0
57 42860544 39981 0 0 14.4115 0
58 42860544 38169 0 0 14.2017 0
59 42860544 36816 0 0 14.0294 0
60 42860544 35623 0 0 13.8778 0
61 42860544 34615 0 0 13.6952 0
62 42860544 33238 0 0 13.4747 0
63 42860544 32119 0 0 13.2956 0
