1 7143424 589029 0 0 27.3845 0
2 7143424 529449 0 0 26.7457 0
3 7143424 418327 0 0 25.7115 0
4 7143424 384480 0 0 25.3789 0
5 7143424 327572 0 0 24.8745 0
6 7143424 279560 0 0 24.2554 0
7 7143424 254048 0 0 23.9503 0
8 7143424 229283 0 0 23.5985 0
9 7143424 213733 0 0 23.3773 0
10 7143424 182116 0 0 22.874 0
11 7143424 173189 0 0 22.6499 0
12 7143424 159648 0 0 22.3353 0
13 7143424 142832 0 0 21.6963 0
14 7143424 137371 0 0 21.552 0
15 7143424 134531 0 0 21.4823 0
16 7143424 126179 0 0 21.3516 0
17 7143424 125215 0 0 21.3114 0
18 7143424 116904 0 0 21.1182 0
19 7143424 113417 0 0 21.0025 0
20 7143424 110889 0 0 20.9335 0
21 7143424 105118 0 0 20.7665 0
22 7143424 101710 0 0 20.6545 0
23 7143424 98995 0 0 20.5814 0
24 7143424 95647 0 0 20.4927 0
25 7143424 92486 0 0 20.3912 0
26 7143424 89748 0 0 20.3077 0
27 7143424 83057 0 0 20.1191 0
28 7143424 78081 0 0 19.9531 0
29 7143424 74058 0 0 19.7254 0
30 7143424 69878 0 0 19.5283 0
31 7143424 67011 0 0 19.3993 0
32 7143424 63903 0 0 19.2192 0
33 7143424 61260 0 0 19.0017 0
34 7143424 58725 0 0 18.8806 0
35 7143424 56757 0 0 18.7752 0
36 7143424 54995 0 0 18.667 0
37 7143424 53244 0 0 18.4759 0
38 7143424 50491 0 0 18.2216 0
39 7143424 47979 0 0 18.0924 0
40 7143424 45289 0 0 17.9304 0
41 7143424 44043 0 0 17.8071 0
42 7143424 41387 0 0 17.6105 0
43 7143424 39052 0 0 17.3959 0
44 7143424 36999 0 0 17.2176 0
45 7143424 35141 0 0 17.0219 0
46 7143424 34056 0 0 16.8569 0
47 7143424 32469 0 0 16.689 0
48 7143424 31467 0 0 16.5807 0
49 7143424 30422 0 0 16.3704 0
50 7143424 28533 0 0 16.0744 0
51 7143424 27606 0 0 15.9135 0
52 7143424 26701 0 0 15.7694 0
53 7143424 25359 0 0 15.5829 0
54 7143424 24493 0 0 15.381 0
55 7143424 23590 0 0 15.215 0
56 7143424 22599 0 0 15.0091 0
57 7143424 21668 0 0 14.6798 0
58 7143424 20675 0 0 14.4639 0
59 7143424 19841 0 0 14.3052 0
60 7143424 19117 0 0 14.1476 0
61 7143424 18388 0 0 13.9488 0
62 7143424 17767 0 0 13.673 0
63 7143424 12847 0 0 11.9425 0
