1 42860544 543856 0 0 26.9944 0
2 42860544 493943 0 0 26.477 0
3 42860544 389769 0 0 25.6254 0
4 42860544 359550 0 0 25.2202 0
5 42860544 307187 0 0 24.6382 0
6 42860544 258307 0 0 24.1402 0
7 42860544 234002 0 0 23.7685 0
8 42860544 210882 0 0 23.4026 0
9 42860544 196115 0 0 23.216 0
10 42860544 165583 0 0 22.5918 0
11 42860544 157317 0 0 22.4028 0
12 42860544 144788 0 0 22.0557 0
13 42860544 129781 0 0 21.5396 0
14 42860544 124555 0 0 21.3986 0
15 42860544 121676 0 0 21.3376 0
16 42860544 115053 0 0 21.2079 0
17 42860544 114073 0 0 21.1677 0
18 42860544 106482 0 0 20.9406 0
19 42860544 102774 0 0 20.8381 0
20 42860544 101195 0 0 20.7579 0
21 42860544 95809 0 0 20.5851 0
22 42860544 92863 0 0 20.485 0
23 42860544 90552 0 0 20.4068 0
24 42860544 87958 0 0 20.312 0
25 42860544 84739 0 0 20.1935 0
26 42860544 82781 0 0 20.1198 0
27 42860544 76424 0 0 19.9144 0
28 42860544 72006 0 0 19.7213 0
29 42860544 68792 0 0 19.509 0
30 42860544 64879 0 0 19.2866 0
31 42860544 62721 0 0 19.1579 0
32 42860544 59829 0 0 18.9586 0
33 42860544 57797 0 0 18.7945 0
34 42860544 55622 0 0 18.6351 0
35 42860544 54170 0 0 18.5444 0
36 42860544 52544 0 0 18.4046 0
37 42860544 50534 0 0 18.2638 0
38 42860544 47961 0 0 18.026 0
39 42860544 45750 0 0 17.8949 0
40 42860544 43475 0 0 17.7556 0
41 42860544 42121 0 0 17.5999 0
42 42860544 39826 0 0 17.3983 0
43 42860544 37451 0 0 17.1961 0
44 42860544 35903 0 0 16.9785 0
45 42860544 34150 0 0 16.8232 0
46 42860544 32947 0 0 16.661 0
47 42860544 31730 0 0 16.4638 0
48 42860544 30851 0 0 16.3231 0
49 42860544 29663 0 0 16.1608 0
50 42860544 28589 0 0 15.9045 0
51 42860544 27181 0 0 15.713 0
52 42860544 26421 0 0 15.5957 0
53 42860544 25175 0 0 15.3972 0
54 42860544 24322 0 0 15.16 0
55 42860544 23405 0 0 14.9934 0
56 42860544 22308 0 0 14.7696 0
57 42860544 21156 0 0 14.5395 0
58 42860544 20221 0 0 14.3285 0
59 42860544 19395 0 0 14.1606 0
60 42860544 18659 0 0 13.9758 0
61 42860544 18181 0 0 13.7839 0
62 42860544 17550 0 0 13.5568 0
63 42860544 11303 0 0 12.122 0
