1 7143424 472532 0 0 27.6832 0
2 7143424 423115 0 0 27.0266 0
3 7143424 328032 0 0 26.208 0
4 7143424 301511 0 0 25.8443 0
5 7143424 257877 0 0 25.3558 0
6 7143424 217742 0 0 24.7837 0
7 7143424 198491 0 0 24.4735 0
8 7143424 178701 0 0 24.1742 0
9 7143424 166803 0 0 23.9704 0
10 7143424 141938 0 0 23.4822 0
11 7143424 134796 0 0 23.2862 0
12 7143424 124674 0 0 22.9757 0
13 7143424 111280 0 0 22.3844 0
14 7143424 105986 0 0 22.2517 0
15 7143424 104295 0 0 22.1873 0
16 7143424 98594 0 0 22.056 0
17 7143424 98001 0 0 22.025 0
18 7143424 91890 0 0 21.8395 0
19 7143424 89107 0 0 21.7408 0
20 7143424 87099 0 0 21.671 0
21 7143424 82457 0 0 21.5259 0
22 7143424 79949 0 0 21.4417 0
23 7143424 78815 0 0 21.3755 0
24 7143424 75285 0 0 21.2683 0
25 7143424 72351 0 0 21.1649 0
26 7143424 70733 0 0 21.0818 0
27 7143424 65999 0 0 20.9077 0
28 7143424 61882 0 0 20.7591 0
29 7143424 59162 0 0 20.5483 0
30 7143424 55879 0 0 20.3503 0
31 7143424 54510 0 0 20.2403 0
32 7143424 52267 0 0 20.0669 0
33 7143424 49667 0 0 19.8632 0
34 7143424 47635 0 0 19.7177 0
35 7143424 46597 0 0 19.6346 0
36 7143424 44946 0 0 19.5077 0
37 7143424 44137 0 0 19.3226 0
38 7143424 41671 0 0 19.0269 0
39 7143424 40093 0 0 18.9398 0
40 7143424 38256 0 0 18.7649 0
41 7143424 36949 0 0 18.6327 0
42 7143424 35015 0 0 18.423 0
43 7143424 33200 0 0 18.2559 0
44 7143424 31799 0 0 18.09 0
45 7143424 30509 0 0 17.9057 0
46 7143424 30137 0 0 17.7223 0
47 7143424 28644 0 0 17.5365 0
48 7143424 28107 0 0 17.4122 0
49 7143424 26878 0 0 17.1884 0
50 7143424 25681 0 0 16.8361 0
51 7143424 24642 0 0 16.6942 0
52 7143424 24485 0 0 16.5827 0
53 7143424 23283 0 0 16.3886 0
54 7143424 22496 0 0 16.1907 0
55 7143424 21827 0 0 16.0314 0
56 7143424 20851 0 0 15.8477 0
57 7143424 19882 0 0 15.4897 0
58 7143424 19087 0 0 15.2874 0
59 7143424 18643 0 0 15.1656 0
60 7143424 17889 0 0 14.9617 0
61 7143424 17630 0 0 14.8381 0
62 7143424 16977 0 0 14.4841 0
63 7143424 11837 0 0 12.9144 0
