1 42860544 665379 0 0 27.1811 0
2 42860544 609491 0 0 26.635 0
3 42860544 490517 0 0 25.6846 0
4 42860544 454876 0 0 25.2698 0
5 42860544 392520 0 0 24.7403 0
6 42860544 331551 0 0 24.062 0
7 42860544 301742 0 0 23.7081 0
8 42860544 271471 0 0 23.3389 0
9 42860544 254712 0 0 23.135 0
10 42860544 216093 0 0 22.5524 0
11 42860544 205885 0 0 22.336 0
12 42860544 190516 0 0 22.0119 0
13 42860544 169002 0 0 21.3845 0
14 42860544 161533 0 0 21.2335 0
15 42860544 157849 0 0 21.1676 0
16 42860544 149898 0 0 21.0416 0
17 42860544 147902 0 0 21.0105 0
18 42860544 138314 0 0 20.7954 0
19 42860544 133966 0 0 20.6701 0
20 42860544 131248 0 0 20.6105 0
21 42860544 124847 0 0 20.4201 0
22 42860544 121234 0 0 20.2953 0
23 42860544 118212 0 0 20.237 0
24 42860544 113835 0 0 20.1304 0
25 42860544 109755 0 0 20.0074 0
26 42860544 106711 0 0 19.9061 0
27 42860544 98631 0 0 19.7209 0
28 42860544 93091 0 0 19.5688 0
29 42860544 88174 0 0 19.3143 0
30 42860544 83114 0 0 19.0887 0
31 42860544 80064 0 0 18.9489 0
32 42860544 76404 0 0 18.7935 0
33 42860544 72817 0 0 18.5925 0
34 42860544 69916 0 0 18.4566 0
35 42860544 67796 0 0 18.3768 0
36 42860544 65567 0 0 18.2215 0
37 42860544 62897 0 0 18.0709 0
38 42860544 59994 0 0 17.853 0
39 42860544 57189 0 0 17.7091 0
40 42860544 54492 0 0 17.5493 0
41 42860544 52313 0 0 17.4043 0
42 42860544 49151 0 0 17.1999 0
43 42860544 46081 0 0 16.9769 0
44 42860544 44120 0 0 16.7744 0
45 42860544 42022 0 0 16.6005 0
46 42860544 40369 0 0 16.4403 0
47 42860544 38697 0 0 16.2544 0
48 42860544 37929 0 0 16.1233 0
49 42860544 35895 0 0 15.9329 0
50 42860544 34491 0 0 15.6966 0
51 42860544 33141 0 0 15.5457 0
52 42860544 32269 0 0 15.3995 0
53 42860544 30603 0 0 15.1864 0
54 42860544 29316 0 0 14.9702 0
55 42860544 28322 0 0 14.8018 0
56 42860544 27274 0 0 14.594 0
57 42860544 25529 0 0 14.3176 0
58 42860544 24501 0 0 14.1332 0
59 42860544 23510 0 0 13.9606 0
60 42860544 22692 0 0 13.7935 0
61 42860544 21816 0 0 13.6235 0
62 42860544 20967 0 0 13.3579 0
63 42860544 14440 0 0 11.6803 0
