1 42860544 545093 0 0 27.3709 0
2 42860544 490326 0 0 26.792 0
3 42860544 387664 0 0 25.9768 0
4 42860544 357056 0 0 25.615 0
5 42860544 304443 0 0 25.1094 0
6 42860544 255640 0 0 24.5747 0
7 42860544 233434 0 0 24.2511 0
8 42860544 210442 0 0 23.9192 0
9 42860544 195439 0 0 23.7212 0
10 42860544 167017 0 0 23.213 0
11 42860544 158622 0 0 23.0171 0
12 42860544 146902 0 0 22.7105 0
13 42860544 129934 0 0 22.11 0
14 42860544 122910 0 0 21.9845 0
15 42860544 121259 0 0 21.9285 0
16 42860544 115659 0 0 21.8005 0
17 42860544 114906 0 0 21.7739 0
18 42860544 107153 0 0 21.5669 0
19 42860544 103307 0 0 21.4464 0
20 42860544 102079 0 0 21.3894 0
21 42860544 96701 0 0 21.2191 0
22 42860544 93604 0 0 21.1323 0
23 42860544 91569 0 0 21.0633 0
24 42860544 88037 0 0 20.9674 0
25 42860544 85385 0 0 20.862 0
26 42860544 83469 0 0 20.7638 0
27 42860544 77761 0 0 20.5828 0
28 42860544 73010 0 0 20.4075 0
29 42860544 69142 0 0 20.183 0
30 42860544 65081 0 0 19.9807 0
31 42860544 63488 0 0 19.8436 0
32 42860544 60591 0 0 19.658 0
33 42860544 57656 0 0 19.4856 0
34 42860544 55645 0 0 19.2984 0
35 42860544 53532 0 0 19.228 0
36 42860544 52609 0 0 19.094 0
37 42860544 50429 0 0 18.9222 0
38 42860544 48179 0 0 18.6372 0
39 42860544 46214 0 0 18.5144 0
40 42860544 43921 0 0 18.3575 0
41 42860544 42461 0 0 18.2042 0
42 42860544 39931 0 0 17.9991 0
43 42860544 37990 0 0 17.8084 0
44 42860544 36602 0 0 17.6231 0
45 42860544 34508 0 0 17.443 0
46 42860544 33455 0 0 17.2738 0
47 42860544 32126 0 0 17.0901 0
48 42860544 31756 0 0 16.9411 0
49 42860544 30117 0 0 16.7464 0
50 42860544 28959 0 0 16.4399 0
51 42860544 27811 0 0 16.271 0
52 42860544 27285 0 0 16.1454 0
53 42860544 26204 0 0 15.9662 0
54 42860544 24764 0 0 15.7472 0
55 42860544 24092 0 0 15.5654 0
56 42860544 23195 0 0 15.3588 0
57 42860544 21687 0 0 15.0914 0
58 42860544 20828 0 0 14.8735 0
59 42860544 20027 0 0 14.6951 0
60 42860544 19481 0 0 14.5299 0
61 42860544 19318 0 0 14.3454 0
62 42860544 18581 0 0 14.0772 0
63 42860544 12870 0 0 12.5157 0
