1 960000 156332 49.9853 49.6461 22.2342 19.836
2 960000 141816 49.601 49.3515 21.8688 19.3601
3 960000 107857 48.7206 48.5134 21.1555 17.6034
4 960000 101445 48.4201 48.1872 20.9181 17.1918
5 960000 84526 47.8561 47.2887 20.4125 16.1085
6 960000 70967 47.2889 46.5766 19.9886 15.3892
7 960000 64032 46.9273 46.0665 19.7193 15.0416
8 960000 57631 46.5529 45.6032 19.4688 14.7545
9 960000 55113 46.4841 45.5359 19.4109 14.7022
10 960000 46902 45.8953 44.7287 18.9866 14.1273
11 960000 45273 45.7336 44.3823 18.8667 13.9445
12 960000 42387 45.4153 43.9922 18.6556 13.7571
13 960000 38216 44.9598 43.3669 18.332 13.5626
14 960000 37186 44.8663 43.2618 18.2716 13.5172
15 960000 36055 44.7436 43.1227 18.2015 13.4925
16 960000 34170 44.6015 42.8709 18.0462 13.4122
17 960000 34022 44.5722 42.9787 18.0804 13.4559
18 960000 32090 44.3117 42.5146 17.8555 13.2483
19 960000 31231 44.1915 42.3073 17.766 13.1354
20 960000 30601 44.1061 42.1838 17.7092 13.0948
21 960000 29398 43.884 41.8571 17.5461 12.9643
22 960000 28894 43.7672 41.6678 17.4696 12.9104
23 960000 28299 43.6728 41.5648 17.4004 12.8381
24 960000 27350 43.5001 41.2939 17.2719 12.7619
25 960000 26640 43.3725 41.1295 17.1828 12.6607
26 960000 26034 43.2902 41.0129 17.1324 12.637
27 960000 24496 43.0576 40.7115 16.9657 12.518
28 960000 23238 42.7558 40.3187 16.7579 12.3168
29 960000 22386 42.4982 39.8888 16.5616 12.1474
30 960000 21341 42.2065 39.4938 16.3612 11.991
31 960000 20621 42.1092 39.4139 16.2814 11.905
32 960000 19876 41.881 39.064 16.1096 11.7916
33 960000 19095 41.6417 38.7486 15.9333 11.6928
34 960000 18534 41.4462 38.4605 15.7865 11.5969
35 960000 17975 41.3347 38.3335 15.7277 11.5586
36 960000 17598 41.2151 38.1789 15.6261 11.4656
37 960000 17018 41.0111 37.9404 15.4729 11.4237
38 960000 16266 40.7502 37.5562 15.2834 11.3194
39 960000 15625 40.5503 37.3201 15.1185 11.1703
40 960000 14961 40.3414 37.056 14.9687 11.0606
41 960000 14438 40.121 36.7284 14.76 10.9108
42 960000 13736 39.7665 36.2188 14.4925 10.7601
43 960000 13007 39.5239 35.9005 14.2781 10.5729
44 960000 12371 39.1921 35.4811 14.0104 10.3705
45 960000 11847 38.9163 35.1017 13.7931 10.2295
46 960000 11311 38.6561 34.7783 13.5828 10.0517
47 960000 10854 38.3753 34.4184 13.3669 9.92406
48 960000 10509 38.1412 34.1317 13.1858 9.78241
49 960000 9933 37.8459 33.7568 12.9335 9.56177
50 960000 9544 37.5807 33.4253 12.7126 9.43518
51 960000 9112 37.3371 33.1218 12.508 9.31256
52 960000 8799 37.101 32.8282 12.3117 9.15249
53 960000 8319 36.791 32.4474 12.0824 8.9761
54 960000 7904 36.4925 32.1032 11.8692 8.80816
55 960000 7586 36.2854 31.8902 11.7003 8.66649
56 960000 7262 35.9784 31.4919 11.4842 8.53519
57 960000 6886 35.7344 31.2292 11.2744 8.39411
58 960000 6453 35.38 30.8392 11.0284 8.2225
59 960000 6226 35.1786 30.5831 10.8772 8.0674
60 960000 6019 34.9308 30.3097 10.723 7.93453
61 960000 5736 34.7019 30.0746 10.5418 7.7989
62 960000 5528 34.4394 29.7797 10.3326 7.61556
63 960000 5281 34.1474 29.4682 10.1098 7.42253
