1 1119744 507578 0 0 26.534 0
2 1119744 477417 0 0 26.1558 0
3 1119744 422842 0 0 25.0428 0
4 1119744 403361 0 0 24.683 0
5 1119744 366527 0 0 23.8058 0
6 1119744 326098 0 0 22.5736 0
7 1119744 302195 0 0 21.9276 0
8 1119744 279950 0 0 21.2534 0
9 1119744 271961 0 0 21.1181 0
10 1119744 239135 0 0 20.0115 0
11 1119744 232417 0 0 19.8409 0
12 1119744 216682 0 0 19.251 0
13 1119744 195392 0 0 18.429 0
14 1119744 191016 0 0 18.2713 0
15 1119744 184003 0 0 17.9815 0
16 1119744 175935 0 0 17.6585 0
17 1119744 174198 0 0 17.6229 0
18 1119744 162123 0 0 17.0744 0
19 1119744 158301 0 0 16.9254 0
20 1119744 154235 0 0 16.7345 0
21 1119744 147646 0 0 16.4316 0
22 1119744 145103 0 0 16.2994 0
23 1119744 141095 0 0 16.0885 0
24 1119744 136376 0 0 15.8465 0
25 1119744 133041 0 0 15.7307 0
26 1119744 129439 0 0 15.5402 0
27 1119744 121890 0 0 15.2179 0
28 1119744 114563 0 0 14.7846 0
29 1119744 109042 0 0 14.5058 0
30 1119744 104031 0 0 14.2454 0
31 1119744 99325 0 0 13.9175 0
32 1119744 95157 0 0 13.6991 0
33 1119744 91006 0 0 13.4344 0
34 1119744 87638 0 0 13.23 0
35 1119744 84982 0 0 13.107 0
36 1119744 82366 0 0 12.9167 0
37 1119744 79015 0 0 12.6985 0
38 1119744 74786 0 0 12.402 0
39 1119744 70946 0 0 12.1349 0
40 1119744 66958 0 0 11.8453 0
41 1119744 63911 0 0 11.6344 0
42 1119744 59139 0 0 11.2595 0
43 1119744 55098 0 0 10.9292 0
44 1119744 51682 0 0 10.6213 0
45 1119744 48535 0 0 10.3486 0
46 1119744 45864 0 0 10.1327 0
47 1119744 43399 0 0 9.90017 0
48 1119744 41621 0 0 9.72156 0
49 1119744 39190 0 0 9.49483 0
50 1119744 37049 0 0 9.24514 0
51 1119744 34988 0 0 8.97918 0
52 1119744 33356 0 0 8.80095 0
53 1119744 31294 0 0 8.5722 0
54 1119744 29453 0 0 8.34337 0
55 1119744 27916 0 0 8.15348 0
56 1119744 26059 0 0 7.93205 0
57 1119744 24447 0 0 7.72629 0
58 1119744 22673 0 0 7.48321 0
59 1119744 21310 0 0 7.33574 0
60 1119744 20190 0 0 7.16432 0
61 1119744 19175 0 0 7.00647 0
62 1119744 17917 0 0 6.81352 0
63 1119744 16911 0 0 6.66322 0
