1 1119744 349653 0 0 23.4236 0
2 1119744 323821 0 0 22.8309 0
3 1119744 261509 0 0 21.4738 0
4 1119744 246719 0 0 21.0851 0
5 1119744 208884 0 0 20.3661 0
6 1119744 176529 0 0 19.5992 0
7 1119744 159114 0 0 19.2681 0
8 1119744 143884 0 0 18.9467 0
9 1119744 138794 0 0 18.8799 0
10 1119744 118380 0 0 18.3564 0
11 1119744 114740 0 0 18.2251 0
12 1119744 106209 0 0 17.9344 0
13 1119744 94471 0 0 17.5025 0
14 1119744 91950 0 0 17.4267 0
15 1119744 88636 0 0 17.3053 0
16 1119744 83726 0 0 17.1443 0
17 1119744 83174 0 0 17.1367 0
18 1119744 77346 0 0 16.8784 0
19 1119744 75322 0 0 16.7708 0
20 1119744 73361 0 0 16.6785 0
21 1119744 70012 0 0 16.4852 0
22 1119744 68615 0 0 16.3994 0
23 1119744 66771 0 0 16.301 0
24 1119744 64144 0 0 16.1545 0
25 1119744 62690 0 0 16.0373 0
26 1119744 60588 0 0 15.9679 0
27 1119744 56786 0 0 15.7761 0
28 1119744 53213 0 0 15.4975 0
29 1119744 50491 0 0 15.2638 0
30 1119744 47994 0 0 15.1084 0
31 1119744 45919 0 0 14.9803 0
32 1119744 44017 0 0 14.8043 0
33 1119744 42113 0 0 14.6225 0
34 1119744 40624 0 0 14.4802 0
35 1119744 39360 0 0 14.4308 0
36 1119744 38225 0 0 14.3233 0
37 1119744 36694 0 0 14.1752 0
38 1119744 34975 0 0 13.9762 0
39 1119744 33293 0 0 13.8407 0
40 1119744 31540 0 0 13.637 0
41 1119744 30289 0 0 13.4566 0
42 1119744 28242 0 0 13.2098 0
43 1119744 26504 0 0 12.9976 0
44 1119744 25130 0 0 12.7633 0
45 1119744 23754 0 0 12.5788 0
46 1119744 22516 0 0 12.3935 0
47 1119744 21445 0 0 12.2272 0
48 1119744 20623 0 0 12.0737 0
49 1119744 19636 0 0 11.8868 0
50 1119744 18618 0 0 11.6709 0
51 1119744 17685 0 0 11.5003 0
52 1119744 16959 0 0 11.3197 0
53 1119744 16019 0 0 11.1444 0
54 1119744 15118 0 0 10.9146 0
55 1119744 14459 0 0 10.8289 0
56 1119744 13685 0 0 10.6116 0
57 1119744 12944 0 0 10.4423 0
58 1119744 12063 0 0 10.2087 0
59 1119744 11486 0 0 10.0457 0
60 1119744 10933 0 0 9.86599 0
61 1119744 10411 0 0 9.68194 0
62 1119744 10022 0 0 9.55513 0
63 1119744 9530 0 0 9.40026 0
