1 1119744 349653 49.4178 51.643 23.4236 24.106
2 1119744 323821 48.8646 51.2193 22.8309 23.5471
3 1119744 261509 47.4501 50.0038 21.4738 21.7078
4 1119744 246719 47.0259 49.6227 21.0851 21.2277
5 1119744 208884 46.1635 48.5577 20.3661 19.7799
6 1119744 176529 45.2099 47.3494 19.5992 18.5672
7 1119744 159114 44.7011 46.7417 19.2681 18.0579
8 1119744 143884 44.1828 46.1527 18.9467 17.7076
9 1119744 138794 44.0639 46.0593 18.8799 17.6413
10 1119744 118380 43.2394 45.0079 18.3564 16.9963
11 1119744 114740 43.0675 44.6364 18.2251 16.8023
12 1119744 106209 42.6229 44.0564 17.9344 16.4861
13 1119744 94471 41.9882 43.1284 17.5025 16.0865
14 1119744 91950 41.8761 42.9903 17.4267 16.0297
15 1119744 88636 41.68 42.8012 17.3053 15.9409
16 1119744 83726 41.432 42.5289 17.1443 15.8473
17 1119744 83174 41.4054 42.5409 17.1367 15.8415
18 1119744 77346 41.0234 42.0654 16.8784 15.6318
19 1119744 75322 40.8896 41.8192 16.7708 15.4807
20 1119744 73361 40.7491 41.643 16.6785 15.4042
21 1119744 70012 40.5021 41.2223 16.4852 15.2426
22 1119744 68615 40.3784 41.0018 16.3994 15.1252
23 1119744 66771 40.2338 40.8841 16.301 15.0587
24 1119744 64144 40.037 40.5512 16.1545 14.9495
25 1119744 62690 39.8929 40.2697 16.0373 14.7854
26 1119744 60588 39.773 40.1635 15.9679 14.743
27 1119744 56786 39.4975 39.7764 15.7761 14.572
28 1119744 53213 39.138 39.2103 15.4975 14.3136
29 1119744 50491 38.8652 38.6636 15.2638 14.0757
30 1119744 47994 38.6539 38.3401 15.1084 13.9259
31 1119744 45919 38.4692 38.1164 14.9803 13.8062
32 1119744 44017 38.2736 37.7836 14.8043 13.622
33 1119744 42113 38.049 37.371 14.6225 13.4483
34 1119744 40624 37.869 37.076 14.4802 13.3364
35 1119744 39360 37.7701 36.9481 14.4308 13.321
36 1119744 38225 37.6373 36.7569 14.3233 13.2088
37 1119744 36694 37.461 36.4825 14.1752 13.1077
38 1119744 34975 37.2093 36.0534 13.9762 12.9583
39 1119744 33293 37.02 35.7857 13.8407 12.8356
40 1119744 31540 36.7908 35.4584 13.637 12.6527
41 1119744 30289 36.597 35.1246 13.4566 12.4725
42 1119744 28242 36.2728 34.6412 13.2098 12.2405
43 1119744 26504 36.0118 34.2688 12.9976 12.0518
44 1119744 25130 35.7503 33.8269 12.7633 11.8117
45 1119744 23754 35.5195 33.4703 12.5788 11.6098
46 1119744 22516 35.3068 33.1516 12.3935 11.4456
47 1119744 21445 35.0712 32.7853 12.2272 11.2774
48 1119744 20623 34.9285 32.5496 12.0737 11.0995
49 1119744 19636 34.7173 32.2354 11.8868 10.9134
50 1119744 18618 34.4678 31.8789 11.6709 10.6977
51 1119744 17685 34.2753 31.5752 11.5003 10.5354
52 1119744 16959 34.0609 31.2782 11.3197 10.3526
53 1119744 16019 33.8533 30.9698 11.1444 10.1815
54 1119744 15118 33.5953 30.5696 10.9146 9.93487
55 1119744 14459 33.4661 30.3847 10.8289 9.84629
56 1119744 13685 33.1948 30.0098 10.6116 9.6278
57 1119744 12944 32.9789 29.6967 10.4423 9.51365
58 1119744 12063 32.6876 29.2714 10.2087 9.26532
59 1119744 11486 32.4846 28.9941 10.0457 9.10813
60 1119744 10933 32.271 28.6849 9.86599 8.88934
61 1119744 10411 32.0357 28.3686 9.68194 8.71019
62 1119744 10022 31.8538 28.1192 9.55513 8.61517
63 1119744 9530 31.6455 27.8548 9.40026 8.44239
