1 1007216 266783 49.574 50.8021 23.7506 16.4586
2 1007216 247700 49.1004 50.5166 23.2969 16.3567
3 1007216 200241 47.7498 49.5164 22.1097 15.9228
4 1007216 189172 47.3341 49.1399 21.749 15.7423
5 1007216 159614 46.4348 48.1769 20.9947 15.134
6 1007216 132963 45.3569 47.0191 20.0085 14.5428
7 1007216 118761 44.8406 46.4747 19.6327 14.2797
8 1007216 106535 44.3083 45.8624 19.2716 13.9857
9 1007216 102811 44.2071 45.6988 19.1877 13.9032
10 1007216 86952 43.4297 44.764 18.6211 13.3614
11 1007216 84238 43.2803 44.5134 18.5151 13.2781
12 1007216 77977 42.8797 44.0658 18.2537 13.0453
13 1007216 69749 42.3018 43.3187 17.8695 12.794
14 1007216 67965 42.1877 43.1686 17.803 12.8328
15 1007216 65492 41.9833 42.9869 17.6912 12.8023
16 1007216 62273 41.7532 42.7811 17.5515 12.7564
17 1007216 61787 41.7189 42.7396 17.5463 12.7599
18 1007216 57503 41.322 42.3864 17.3041 12.6048
19 1007216 56186 41.2077 42.163 17.2223 12.5393
20 1007216 54633 41.0418 42.0217 17.1376 12.4851
21 1007216 52248 40.8208 41.6775 16.956 12.3328
22 1007216 51408 40.7112 41.459 16.8788 12.2596
23 1007216 50075 40.5437 41.335 16.7808 12.1755
24 1007216 48297 40.3681 41.0856 16.6669 12.0055
25 1007216 47160 40.2321 40.8894 16.6009 12.0634
26 1007216 45884 40.0792 40.744 16.4912 12.005
27 1007216 43196 39.7942 40.38 16.3194 11.8796
28 1007216 40636 39.4366 39.9436 16.0602 11.6977
29 1007216 38917 39.1782 39.5051 15.8748 11.5259
30 1007216 37180 38.9279 39.1766 15.7201 11.3445
31 1007216 35739 38.6898 38.9567 15.5832 11.3406
32 1007216 34207 38.4698 38.6571 15.4492 11.2183
33 1007216 32883 38.2435 38.2637 15.2533 11.0796
34 1007216 31782 38.053 37.9519 15.108 10.9837
35 1007216 30901 37.9086 37.8277 15.0423 10.9403
36 1007216 30155 37.7696 37.6363 14.951 10.8665
37 1007216 29174 37.5606 37.356 14.8159 10.8341
38 1007216 27837 37.2803 36.9719 14.6233 10.7933
39 1007216 26677 37.0438 36.7326 14.4817 10.6993
40 1007216 25311 36.7513 36.3423 14.3036 10.6169
41 1007216 24372 36.5499 36.1061 14.1702 10.4602
42 1007216 22853 36.1539 35.5706 13.9194 10.3341
43 1007216 21537 35.8114 35.1391 13.6912 10.2264
44 1007216 20529 35.5049 34.681 13.4521 10.0433
45 1007216 19620 35.2176 34.3432 13.2721 9.90764
46 1007216 18630 34.9743 33.9909 13.1236 9.82046
47 1007216 17981 34.717 33.6608 12.9643 9.69782
48 1007216 17295 34.508 33.3517 12.8148 9.61771
49 1007216 16601 34.2403 32.9832 12.5869 9.44178
50 1007216 15905 33.9444 32.5769 12.3367 9.26495
51 1007216 15165 33.6891 32.1686 12.1238 9.11734
52 1007216 14628 33.4515 31.8582 11.9569 9.09783
53 1007216 13918 33.202 31.5069 11.7621 8.86836
54 1007216 13275 32.8873 30.9746 11.5038 8.7592
55 1007216 12740 32.6656 30.6579 11.3325 8.60977
56 1007216 12175 32.4066 30.2899 11.1276 8.48339
57 1007216 11629 32.1258 29.8885 10.9001 8.30633
58 1007216 10913 31.7823 29.3835 10.6211 8.19928
59 1007216 10468 31.543 29.0582 10.4015 8.00996
60 1007216 10076 31.2902 28.6913 10.2143 7.94214
61 1007216 9662 31.0379 28.3434 10.016 7.81499
62 1007216 9219 30.763 27.9165 9.75475 7.64292
63 1007216 8794 30.4817 27.5182 9.5532 7.51549
