1 1007216 266783 0 0 23.7506 0
2 1007216 247700 0 0 23.2969 0
3 1007216 200241 0 0 22.1097 0
4 1007216 189172 0 0 21.749 0
5 1007216 159614 0 0 20.9947 0
6 1007216 132963 0 0 20.0085 0
7 1007216 118761 0 0 19.6327 0
8 1007216 106535 0 0 19.2716 0
9 1007216 102811 0 0 19.1877 0
10 1007216 86952 0 0 18.6211 0
11 1007216 84238 0 0 18.5151 0
12 1007216 77977 0 0 18.2537 0
13 1007216 69749 0 0 17.8695 0
14 1007216 67965 0 0 17.803 0
15 1007216 65492 0 0 17.6912 0
16 1007216 62273 0 0 17.5515 0
17 1007216 61787 0 0 17.5463 0
18 1007216 57503 0 0 17.3041 0
19 1007216 56186 0 0 17.2223 0
20 1007216 54633 0 0 17.1376 0
21 1007216 52248 0 0 16.956 0
22 1007216 51408 0 0 16.8788 0
23 1007216 50075 0 0 16.7808 0
24 1007216 48297 0 0 16.6669 0
25 1007216 47160 0 0 16.6009 0
26 1007216 45884 0 0 16.4912 0
27 1007216 43196 0 0 16.3194 0
28 1007216 40636 0 0 16.0602 0
29 1007216 38917 0 0 15.8748 0
30 1007216 37180 0 0 15.7201 0
31 1007216 35739 0 0 15.5832 0
32 1007216 34207 0 0 15.4492 0
33 1007216 32883 0 0 15.2533 0
34 1007216 31782 0 0 15.108 0
35 1007216 30901 0 0 15.0423 0
36 1007216 30155 0 0 14.951 0
37 1007216 29174 0 0 14.8159 0
38 1007216 27837 0 0 14.6233 0
39 1007216 26677 0 0 14.4817 0
40 1007216 25311 0 0 14.3036 0
41 1007216 24372 0 0 14.1702 0
42 1007216 22853 0 0 13.9194 0
43 1007216 21537 0 0 13.6912 0
44 1007216 20529 0 0 13.4521 0
45 1007216 19620 0 0 13.2721 0
46 1007216 18630 0 0 13.1236 0
47 1007216 17981 0 0 12.9643 0
48 1007216 17295 0 0 12.8148 0
49 1007216 16601 0 0 12.5869 0
50 1007216 15905 0 0 12.3367 0
51 1007216 15165 0 0 12.1238 0
52 1007216 14628 0 0 11.9569 0
53 1007216 13918 0 0 11.7621 0
54 1007216 13275 0 0 11.5038 0
55 1007216 12740 0 0 11.3325 0
56 1007216 12175 0 0 11.1276 0
57 1007216 11629 0 0 10.9001 0
58 1007216 10913 0 0 10.6211 0
59 1007216 10468 0 0 10.4015 0
60 1007216 10076 0 0 10.2143 0
61 1007216 9662 0 0 10.016 0
62 1007216 9219 0 0 9.75475 0
63 1007216 8794 0 0 9.5532 0
