1 1170000 437755 0 0 23.538 0
2 1170000 409951 0 0 22.9783 0
3 1170000 345384 0 0 21.3315 0
4 1170000 327928 0 0 20.8569 0
5 1170000 281530 0 0 19.7746 0
6 1170000 235387 0 0 18.3385 0
7 1170000 209166 0 0 17.8849 0
8 1170000 186236 0 0 17.4991 0
9 1170000 179715 0 0 17.4225 0
10 1170000 151297 0 0 16.963 0
11 1170000 146373 0 0 16.8746 0
12 1170000 135295 0 0 16.6975 0
13 1170000 120740 0 0 16.4541 0
14 1170000 117622 0 0 16.3989 0
15 1170000 113358 0 0 16.3536 0
16 1170000 108014 0 0 16.2661 0
17 1170000 106916 0 0 16.2404 0
18 1170000 99829 0 0 16.1115 0
19 1170000 97491 0 0 16.0374 0
20 1170000 95063 0 0 15.9896 0
21 1170000 90913 0 0 15.888 0
22 1170000 89427 0 0 15.8433 0
23 1170000 87204 0 0 15.7825 0
24 1170000 84281 0 0 15.702 0
25 1170000 82332 0 0 15.6498 0
26 1170000 80091 0 0 15.5947 0
27 1170000 75777 0 0 15.4821 0
28 1170000 71436 0 0 15.326 0
29 1170000 68292 0 0 15.1965 0
30 1170000 65312 0 0 15.0788 0
31 1170000 62877 0 0 14.9912 0
32 1170000 60389 0 0 14.8831 0
33 1170000 58025 0 0 14.7596 0
34 1170000 56223 0 0 14.6553 0
35 1170000 54544 0 0 14.6168 0
36 1170000 53202 0 0 14.5534 0
37 1170000 51336 0 0 14.4609 0
38 1170000 49009 0 0 14.3075 0
39 1170000 46796 0 0 14.1945 0
40 1170000 44611 0 0 14.0613 0
41 1170000 42942 0 0 13.9462 0
42 1170000 40400 0 0 13.7226 0
43 1170000 38171 0 0 13.5431 0
44 1170000 36259 0 0 13.3585 0
45 1170000 34665 0 0 13.2291 0
46 1170000 33074 0 0 13.0726 0
47 1170000 31622 0 0 12.8815 0
48 1170000 30750 0 0 12.7616 0
49 1170000 29418 0 0 12.6258 0
50 1170000 28177 0 0 12.4356 0
51 1170000 26999 0 0 12.279 0
52 1170000 26093 0 0 12.128 0
53 1170000 24658 0 0 11.9319 0
54 1170000 23665 0 0 11.7379 0
55 1170000 22734 0 0 11.5878 0
56 1170000 21503 0 0 11.3538 0
57 1170000 20379 0 0 11.1407 0
58 1170000 19270 0 0 10.9571 0
59 1170000 18391 0 0 10.7247 0
60 1170000 17587 0 0 10.5438 0
61 1170000 16960 0 0 10.3474 0
62 1170000 16240 0 0 10.1728 0
63 1170000 15529 0 0 10.0038 0
