1 1170000 437755 49.3177 51.9403 23.538 17.3339
2 1170000 409951 48.8031 51.5508 22.9783 17.3468
3 1170000 345384 47.1906 50.2518 21.3315 16.9632
4 1170000 327928 46.7019 49.8175 20.8569 16.5931
5 1170000 281530 45.5902 48.646 19.7746 16.2992
6 1170000 235387 44.1925 47.1681 18.3385 15.4263
7 1170000 209166 43.6047 46.5152 17.8849 15.0259
8 1170000 186236 43.0516 45.8624 17.4991 14.752
9 1170000 179715 42.9291 45.7348 17.4225 14.7897
10 1170000 151297 42.1579 44.7697 16.963 14.2572
11 1170000 146373 42.0024 44.4701 16.8746 14.167
12 1170000 135295 41.6254 43.9718 16.6975 13.8814
13 1170000 120740 41.0652 43.2183 16.4541 13.7738
14 1170000 117622 40.9651 43.0658 16.3989 13.5596
15 1170000 113358 40.7956 42.9523 16.3536 13.6533
16 1170000 108014 40.5853 42.726 16.2661 13.6099
17 1170000 106916 40.5318 42.6671 16.2404 13.4735
18 1170000 99829 40.1847 42.3056 16.1115 13.4487
19 1170000 97491 40.0535 42.0076 16.0374 13.3485
20 1170000 95063 39.911 41.8809 15.9896 13.3784
21 1170000 90913 39.7102 41.5229 15.888 13.2052
22 1170000 89427 39.6183 41.3456 15.8433 13.2382
23 1170000 87204 39.4756 41.1896 15.7825 13.1974
24 1170000 84281 39.3059 40.8895 15.702 13.1815
25 1170000 82332 39.1997 40.6827 15.6498 13.0486
26 1170000 80091 39.0675 40.5507 15.5947 12.987
27 1170000 75777 38.8171 40.2175 15.4821 12.9008
28 1170000 71436 38.4992 39.7296 15.326 12.7854
29 1170000 68292 38.2628 39.2974 15.1965 12.6438
30 1170000 65312 38.0395 38.9146 15.0788 12.5322
31 1170000 62877 37.8483 38.7372 14.9912 12.4874
32 1170000 60389 37.6643 38.3741 14.8831 12.3849
33 1170000 58025 37.4321 37.9756 14.7596 12.2951
34 1170000 56223 37.2628 37.6647 14.6553 12.1841
35 1170000 54544 37.1555 37.5606 14.6168 12.1412
36 1170000 53202 37.0318 37.3822 14.5534 12.1539
37 1170000 51336 36.8456 37.0656 14.4609 12.0551
38 1170000 49009 36.5813 36.6168 14.3075 11.9909
39 1170000 46796 36.343 36.3032 14.1945 11.842
40 1170000 44611 36.1 35.976 14.0613 11.7397
41 1170000 42942 35.9065 35.6801 13.9462 11.6217
42 1170000 40400 35.5318 35.0536 13.7226 11.4634
43 1170000 38171 35.2507 34.6086 13.5431 11.2766
44 1170000 36259 34.9555 34.1218 13.3585 11.1038
45 1170000 34665 34.7286 33.7804 13.2291 11.0481
46 1170000 33074 34.4999 33.4498 13.0726 10.886
47 1170000 31622 34.2244 32.9714 12.8815 10.7044
48 1170000 30750 34.0588 32.7411 12.7616 10.5846
49 1170000 29418 33.8282 32.4136 12.6258 10.4706
50 1170000 28177 33.5656 32.0012 12.4356 10.3428
51 1170000 26999 33.3469 31.7012 12.279 10.2061
52 1170000 26093 33.1302 31.3808 12.128 10.0462
53 1170000 24658 32.8427 30.9566 11.9319 9.9136
54 1170000 23665 32.5844 30.5445 11.7379 9.71283
55 1170000 22734 32.3807 30.2584 11.5878 9.63241
56 1170000 21503 32.0397 29.7491 11.3538 9.4373
57 1170000 20379 31.7451 29.2881 11.1407 9.2959
58 1170000 19270 31.4632 28.8782 10.9571 9.18074
59 1170000 18391 31.1913 28.4742 10.7247 8.98377
60 1170000 17587 30.9564 28.1435 10.5438 8.85995
61 1170000 16960 30.6933 27.7894 10.3474 8.74986
62 1170000 16240 30.4201 27.401 10.1728 8.63085
63 1170000 15529 30.1769 27.0746 10.0038 8.48889
