1 1268064 384474 0 0 24.4015 0
2 1268064 355566 0 0 23.9711 0
3 1268064 292410 0 0 22.8946 0
4 1268064 276842 0 0 22.5629 0
5 1268064 239210 0 0 21.8237 0
6 1268064 204898 0 0 20.9886 0
7 1268064 186087 0 0 20.5477 0
8 1268064 169133 0 0 20.1014 0
9 1268064 163201 0 0 20.0025 0
10 1268064 140554 0 0 19.2958 0
11 1268064 136292 0 0 19.1547 0
12 1268064 127223 0 0 18.7841 0
13 1268064 114112 0 0 18.2104 0
14 1268064 111164 0 0 18.1333 0
15 1268064 107478 0 0 17.9832 0
16 1268064 102502 0 0 17.7799 0
17 1268064 101632 0 0 17.75 0
18 1268064 95347 0 0 17.417 0
19 1268064 92811 0 0 17.2996 0
20 1268064 90736 0 0 17.1774 0
21 1268064 86797 0 0 16.8514 0
22 1268064 85468 0 0 16.8035 0
23 1268064 83415 0 0 16.6711 0
24 1268064 80592 0 0 16.3871 0
25 1268064 78477 0 0 16.3505 0
26 1268064 76403 0 0 16.2138 0
27 1268064 71994 0 0 15.9442 0
28 1268064 67914 0 0 15.53 0
29 1268064 64769 0 0 15.2572 0
30 1268064 61777 0 0 15.0096 0
31 1268064 59343 0 0 14.8277 0
32 1268064 56707 0 0 14.5999 0
33 1268064 54419 0 0 14.3208 0
34 1268064 52697 0 0 14.1274 0
35 1268064 50892 0 0 14.0511 0
36 1268064 49676 0 0 13.8949 0
37 1268064 47676 0 0 13.6634 0
38 1268064 45312 0 0 13.3901 0
39 1268064 43250 0 0 13.1558 0
40 1268064 41026 0 0 12.961 0
41 1268064 39416 0 0 12.7306 0
42 1268064 36796 0 0 12.3523 0
43 1268064 34347 0 0 12.0251 0
44 1268064 32435 0 0 11.7506 0
45 1268064 30642 0 0 11.479 0
46 1268064 28896 0 0 11.2171 0
47 1268064 27411 0 0 10.9483 0
48 1268064 26384 0 0 10.7817 0
49 1268064 24880 0 0 10.4852 0
50 1268064 23596 0 0 10.2345 0
51 1268064 22478 0 0 10.0416 0
52 1268064 21463 0 0 9.82932 0
53 1268064 20260 0 0 9.64667 0
54 1268064 19122 0 0 9.38706 0
55 1268064 18287 0 0 9.23077 0
56 1268064 17204 0 0 9.00872 0
57 1268064 16278 0 0 8.78177 0
58 1268064 15236 0 0 8.56153 0
59 1268064 14531 0 0 8.40522 0
60 1268064 13818 0 0 8.22663 0
61 1268064 13150 0 0 8.03532 0
62 1268064 12424 0 0 7.85296 0
63 1268064 11745 0 0 7.66927 0
