1 1268064 384474 49.558 52.1165 24.4015 22.2939
2 1268064 355566 49.1054 51.7849 23.9711 21.7423
3 1268064 292410 47.8158 50.716 22.8946 20.6423
4 1268064 276842 47.4158 50.3566 22.5629 20.3838
5 1268064 239210 46.5201 49.2951 21.8237 19.7362
6 1268064 204898 45.5291 47.9975 20.9886 18.7489
7 1268064 186087 44.9721 47.3134 20.5477 18.3737
8 1268064 169133 44.3761 46.5993 20.1014 18.3308
9 1268064 163201 44.2553 46.4526 20.0025 18.1634
10 1268064 140554 43.3746 45.245 19.2958 17.3508
11 1268064 136292 43.2062 44.8931 19.1547 17.1909
12 1268064 127223 42.744 44.232 18.7841 16.8165
13 1268064 114112 42.0428 43.1352 18.2104 16.446
14 1268064 111164 41.9273 42.9928 18.1333 16.2073
15 1268064 107478 41.7141 42.7562 17.9832 16.3766
16 1268064 102502 41.463 42.4557 17.7799 16.1515
17 1268064 101632 41.4168 42.4176 17.75 16.2188
18 1268064 95347 40.9869 41.8923 17.417 15.9494
19 1268064 92811 40.8486 41.627 17.2996 15.6731
20 1268064 90736 40.6804 41.4487 17.1774 15.7484
21 1268064 86797 40.3702 40.8153 16.8514 15.3434
22 1268064 85468 40.2816 40.7406 16.8035 15.2978
23 1268064 83415 40.0946 40.53 16.6711 15.268
24 1268064 80592 39.8443 40.0019 16.3871 15.0248
25 1268064 78477 39.7317 39.9533 16.3505 14.9365
26 1268064 76403 39.5679 39.7895 16.2138 14.9595
27 1268064 71994 39.246 39.3114 15.9442 14.7281
28 1268064 67914 38.8508 38.5399 15.53 14.3782
29 1268064 64769 38.5562 38.0399 15.2572 13.9853
30 1268064 61777 38.2898 37.6178 15.0096 13.8071
31 1268064 59343 38.0613 37.3951 14.8277 13.5804
32 1268064 56707 37.8262 36.9833 14.5999 13.4278
33 1268064 54419 37.5536 36.5353 14.3208 13.1792
34 1268064 52697 37.3356 36.1997 14.1274 12.9406
35 1268064 50892 37.2185 36.0879 14.0511 12.956
36 1268064 49676 37.066 35.8662 13.8949 12.7881
37 1268064 47676 36.8337 35.5179 13.6634 12.5693
38 1268064 45312 36.5419 35.0686 13.3901 12.4627
39 1268064 43250 36.2667 34.6979 13.1558 12.1904
40 1268064 41026 36.0275 34.3979 12.961 12.0314
41 1268064 39416 35.7942 34.0461 12.7306 11.8153
42 1268064 36796 35.3862 33.4637 12.3523 11.4975
43 1268064 34347 35.0614 33.0113 12.0251 11.1828
44 1268064 32435 34.7581 32.5827 11.7506 10.909
45 1268064 30642 34.4751 32.1768 11.479 10.6548
46 1268064 28896 34.2096 31.8015 11.2171 10.4325
47 1268064 27411 33.9219 31.3979 10.9483 10.2109
48 1268064 26384 33.7529 31.1517 10.7817 9.9976
49 1268064 24880 33.4725 30.7139 10.4852 9.74083
50 1268064 23596 33.1991 30.354 10.2345 9.5259
51 1268064 22478 33.0024 30.0874 10.0416 9.32308
52 1268064 21463 32.7551 29.7332 9.82932 9.14095
53 1268064 20260 32.5195 29.414 9.64667 8.98409
54 1268064 19122 32.2549 29.0494 9.38706 8.68724
55 1268064 18287 32.0608 28.7963 9.23077 8.54174
56 1268064 17204 31.8002 28.4561 9.00872 8.35784
57 1268064 16278 31.5443 28.0935 8.78177 8.11198
58 1268064 15236 31.2848 27.7417 8.56153 7.86036
59 1268064 14531 31.0869 27.4808 8.40522 7.73048
60 1268064 13818 30.8693 27.1871 8.22663 7.54221
61 1268064 13150 30.6314 26.8771 8.03532 7.37753
62 1268064 12424 30.373 26.5396 7.85296 7.18435
63 1268064 11745 30.1408 26.238 7.66927 6.98367
