1 1314144 484168 0 0 25.3888 0
2 1314144 453650 0 0 24.9932 0
3 1314144 395607 0 0 23.6988 0
4 1314144 376546 0 0 23.2772 0
5 1314144 337117 0 0 22.2886 0
6 1314144 296517 0 0 21.0605 0
7 1314144 272970 0 0 20.3973 0
8 1314144 250923 0 0 19.6933 0
9 1314144 242810 0 0 19.5637 0
10 1314144 211704 0 0 18.4519 0
11 1314144 204980 0 0 18.2626 0
12 1314144 190359 0 0 17.7087 0
13 1314144 170927 0 0 16.8859 0
14 1314144 166496 0 0 16.7675 0
15 1314144 160330 0 0 16.4956 0
16 1314144 152955 0 0 16.1703 0
17 1314144 151155 0 0 16.1265 0
18 1314144 140695 0 0 15.623 0
19 1314144 137268 0 0 15.4865 0
20 1314144 133547 0 0 15.2879 0
21 1314144 127536 0 0 14.9921 0
22 1314144 125129 0 0 14.8705 0
23 1314144 121758 0 0 14.6495 0
24 1314144 117389 0 0 14.4096 0
25 1314144 114323 0 0 14.2801 0
26 1314144 110980 0 0 14.1069 0
27 1314144 103958 0 0 13.7695 0
28 1314144 97254 0 0 13.3253 0
29 1314144 92336 0 0 13.0556 0
30 1314144 87769 0 0 12.7813 0
31 1314144 83412 0 0 12.5104 0
32 1314144 79757 0 0 12.2854 0
33 1314144 75953 0 0 12.0041 0
34 1314144 72891 0 0 11.8101 0
35 1314144 70328 0 0 11.6992 0
36 1314144 68156 0 0 11.5395 0
37 1314144 64964 0 0 11.3011 0
38 1314144 61297 0 0 10.9997 0
39 1314144 57818 0 0 10.7172 0
40 1314144 54374 0 0 10.4346 0
41 1314144 51624 0 0 10.2119 0
42 1314144 47375 0 0 9.84453 0
43 1314144 43793 0 0 9.50486 0
44 1314144 40783 0 0 9.18861 0
45 1314144 37911 0 0 8.902 0
46 1314144 35468 0 0 8.63569 0
47 1314144 33089 0 0 8.36045 0
48 1314144 31642 0 0 8.17253 0
49 1314144 29346 0 0 7.90554 0
50 1314144 27322 0 0 7.62743 0
51 1314144 25508 0 0 7.3843 0
52 1314144 23782 0 0 7.13923 0
53 1314144 21752 0 0 6.88888 0
54 1314144 19889 0 0 6.61394 0
55 1314144 18362 0 0 6.39997 0
56 1314144 16589 0 0 6.14409 0
57 1314144 15050 0 0 5.88394 0
58 1314144 13508 0 0 5.64143 0
59 1314144 12329 0 0 5.42584 0
60 1314144 11370 0 0 5.26836 0
61 1314144 10377 0 0 5.08361 0
62 1314144 9506 0 0 4.93088 0
63 1314144 8719 0 0 4.80087 0
