1 1119744 196916 0 0 23.6734 0
2 1119744 179007 0 0 23.372 0
3 1119744 140749 0 0 22.8521 0
4 1119744 132052 0 0 22.6148 0
5 1119744 113502 0 0 22.3246 0
6 1119744 98185 0 0 22.0488 0
7 1119744 89983 0 0 21.9084 0
8 1119744 82321 0 0 21.7409 0
9 1119744 79306 0 0 21.6602 0
10 1119744 68988 0 0 21.3602 0
11 1119744 66954 0 0 21.2748 0
12 1119744 62768 0 0 21.1283 0
13 1119744 56869 0 0 20.8889 0
14 1119744 55611 0 0 20.8169 0
15 1119744 53769 0 0 20.7554 0
16 1119744 51216 0 0 20.6944 0
17 1119744 50870 0 0 20.6536 0
18 1119744 47849 0 0 20.5529 0
19 1119744 46743 0 0 20.4697 0
20 1119744 45639 0 0 20.4269 0
21 1119744 44002 0 0 20.3242 0
22 1119744 43292 0 0 20.2514 0
23 1119744 42274 0 0 20.1833 0
24 1119744 40987 0 0 20.1189 0
25 1119744 40135 0 0 20.0369 0
26 1119744 39191 0 0 20.0051 0
27 1119744 36957 0 0 19.8588 0
28 1119744 35125 0 0 19.7052 0
29 1119744 33874 0 0 19.539 0
30 1119744 32560 0 0 19.4174 0
31 1119744 31332 0 0 19.3133 0
32 1119744 30235 0 0 19.1936 0
33 1119744 29177 0 0 19.0455 0
34 1119744 28411 0 0 18.9362 0
35 1119744 27549 0 0 18.886 0
36 1119744 27061 0 0 18.7843 0
37 1119744 26142 0 0 18.5985 0
38 1119744 25098 0 0 18.4293 0
39 1119744 24144 0 0 18.3072 0
40 1119744 23123 0 0 18.1396 0
41 1119744 22362 0 0 18.0034 0
42 1119744 21152 0 0 17.7333 0
43 1119744 19989 0 0 17.5395 0
44 1119744 19189 0 0 17.3214 0
45 1119744 18391 0 0 17.1495 0
46 1119744 17595 0 0 16.9714 0
47 1119744 17013 0 0 16.7985 0
48 1119744 16595 0 0 16.6627 0
49 1119744 15839 0 0 16.4033 0
50 1119744 15301 0 0 16.1628 0
51 1119744 14689 0 0 15.9748 0
52 1119744 14234 0 0 15.8122 0
53 1119744 13651 0 0 15.57 0
54 1119744 13040 0 0 15.3155 0
55 1119744 12561 0 0 15.1342 0
56 1119744 12017 0 0 14.8599 0
57 1119744 11388 0 0 14.5733 0
58 1119744 10835 0 0 14.3031 0
59 1119744 10455 0 0 14.0607 0
60 1119744 10051 0 0 13.8748 0
61 1119744 9626 0 0 13.5767 0
62 1119744 9342 0 0 13.3937 0
63 1119744 8984 0 0 13.0828 0
