1 1119744 196916 50.1601 49.4056 23.6734 18.7501
2 1119744 179007 49.8278 49.1297 23.372 18.2353
3 1119744 140749 49.0395 48.4227 22.8521 16.3204
4 1119744 132052 48.783 48.0825 22.6148 15.7593
5 1119744 113502 48.2841 47.5181 22.3246 14.8107
6 1119744 98185 47.7032 46.9991 22.0488 14.219
7 1119744 89983 47.3246 46.6944 21.9084 14.0888
8 1119744 82321 46.9072 46.3492 21.7409 13.8581
9 1119744 79306 46.7948 46.2612 21.6602 13.7288
10 1119744 68988 46.1162 45.5748 21.3602 13.4381
11 1119744 66954 45.9508 45.309 21.2748 13.2915
12 1119744 62768 45.5876 44.9515 21.1283 13.2138
13 1119744 56869 45.0988 44.4929 20.8889 13.1619
14 1119744 55611 44.9677 44.3333 20.8169 13.1017
15 1119744 53769 44.8053 44.1777 20.7554 13.1078
16 1119744 51216 44.6126 44.0555 20.6944 13.0866
17 1119744 50870 44.5563 43.9822 20.6536 13.0611
18 1119744 47849 44.2503 43.7347 20.5529 12.9858
19 1119744 46743 44.1164 43.5274 20.4697 12.9303
20 1119744 45639 43.999 43.4633 20.4269 12.9003
21 1119744 44002 43.7664 43.1683 20.3242 12.8549
22 1119744 43292 43.6539 42.9498 20.2514 12.7929
23 1119744 42274 43.5091 42.8275 20.1833 12.7698
24 1119744 40987 43.3259 42.61 20.1189 12.7362
25 1119744 40135 43.1903 42.3985 20.0369 12.6768
26 1119744 39191 43.0795 42.3215 20.0051 12.6505
27 1119744 36957 42.8146 41.934 19.8588 12.563
28 1119744 35125 42.4613 41.5095 19.7052 12.4937
29 1119744 33874 42.1867 41.069 19.539 12.3975
30 1119744 32560 41.9483 40.7502 19.4174 12.3435
31 1119744 31332 41.7539 40.5618 19.3133 12.2766
32 1119744 30235 41.5216 40.218 19.1936 12.2207
33 1119744 29177 41.2666 39.8342 19.0455 12.1613
34 1119744 28411 41.096 39.6068 18.9362 12.0991
35 1119744 27549 40.9653 39.4613 18.886 12.0965
36 1119744 27061 40.825 39.3262 18.7843 12.0339
37 1119744 26142 40.589 38.9346 18.5985 11.9288
38 1119744 25098 40.3213 38.5988 18.4293 11.9543
39 1119744 24144 40.0859 38.3596 18.3072 11.8537
40 1119744 23123 39.8304 38.046 18.1396 11.7646
41 1119744 22362 39.6131 37.7188 18.0034 11.707
42 1119744 21152 39.2141 37.1797 17.7333 11.5698
43 1119744 19989 38.8909 36.7755 17.5395 11.4556
44 1119744 19189 38.5914 36.3446 17.3214 11.3483
45 1119744 18391 38.3084 35.9407 17.1495 11.2742
46 1119744 17595 38.0663 35.6335 16.9714 11.1633
47 1119744 17013 37.7974 35.2394 16.7985 11.1113
48 1119744 16595 37.6227 35.0136 16.6627 10.9743
49 1119744 15839 37.2896 34.563 16.4033 10.8343
50 1119744 15301 37.038 34.2424 16.1628 10.6778
51 1119744 14689 36.7726 33.8716 15.9748 10.5433
52 1119744 14234 36.5282 33.5501 15.8122 10.4875
53 1119744 13651 36.2556 33.1919 15.57 10.3314
54 1119744 13040 35.9413 32.7557 15.3155 10.1543
55 1119744 12561 35.677 32.4605 15.1342 10.0493
56 1119744 12017 35.3104 31.9487 14.8599 9.93229
57 1119744 11388 34.9711 31.4842 14.5733 9.81594
58 1119744 10835 34.6276 31.062 14.3031 9.65273
59 1119744 10455 34.3762 30.7503 14.0607 9.54912
60 1119744 10051 34.1219 30.4532 13.8748 9.4116
61 1119744 9626 33.7419 29.9936 13.5767 9.25658
62 1119744 9342 33.5027 29.655 13.3937 9.11908
63 1119744 8984 33.162 29.2439 13.0828 8.93247
