1 923520 396046 0 0 24.4776 0
2 923520 368878 0 0 23.919 0
3 923520 317595 0 0 22.3475 0
4 923520 301301 0 0 21.873 0
5 923520 265093 0 0 20.7625 0
6 923520 227440 0 0 19.0285 0
7 923520 205425 0 0 18.4573 0
8 923520 185498 0 0 17.9146 0
9 923520 179161 0 0 17.8159 0
10 923520 151398 0 0 17.0269 0
11 923520 146928 0 0 16.9379 0
12 923520 135040 0 0 16.6045 0
13 923520 119232 0 0 16.1391 0
14 923520 116093 0 0 16.0707 0
15 923520 111397 0 0 15.9428 0
16 923520 105567 0 0 15.7771 0
17 923520 104517 0 0 15.7633 0
18 923520 96568 0 0 15.5181 0
19 923520 94154 0 0 15.4457 0
20 923520 91598 0 0 15.3598 0
21 923520 87361 0 0 15.2088 0
22 923520 85733 0 0 15.1422 0
23 923520 83238 0 0 15.0618 0
24 923520 80532 0 0 14.9519 0
25 923520 78358 0 0 14.8826 0
26 923520 76117 0 0 14.819 0
27 923520 71678 0 0 14.6523 0
28 923520 67381 0 0 14.4535 0
29 923520 64238 0 0 14.2998 0
30 923520 61300 0 0 14.1674 0
31 923520 58794 0 0 14.0521 0
32 923520 56236 0 0 13.9255 0
33 923520 53987 0 0 13.7847 0
34 923520 52198 0 0 13.6808 0
35 923520 50545 0 0 13.61 0
36 923520 49158 0 0 13.5277 0
37 923520 47249 0 0 13.4009 0
38 923520 45000 0 0 13.2325 0
39 923520 42877 0 0 13.1129 0
40 923520 40700 0 0 12.9454 0
41 923520 39063 0 0 12.8255 0
42 923520 36578 0 0 12.5682 0
43 923520 34391 0 0 12.374 0
44 923520 32572 0 0 12.1703 0
45 923520 30876 0 0 11.9876 0
46 923520 29333 0 0 11.8024 0
47 923520 28009 0 0 11.5683 0
48 923520 26921 0 0 11.4433 0
49 923520 25719 0 0 11.2487 0
50 923520 24429 0 0 11.0557 0
51 923520 23310 0 0 10.8773 0
52 923520 22293 0 0 10.6886 0
53 923520 20905 0 0 10.4527 0
54 923520 19762 0 0 10.241 0
55 923520 18904 0 0 10.0744 0
56 923520 17800 0 0 9.77465 0
57 923520 16664 0 0 9.53633 0
58 923520 15527 0 0 9.26808 0
59 923520 14700 0 0 9.07385 0
60 923520 13957 0 0 8.86222 0
61 923520 13093 0 0 8.61807 0
62 923520 12280 0 0 8.39777 0
63 923520 11409 0 0 8.13885 0
