1 923520 396046 49.2372 52.8471 24.4776 25.5792
2 923520 368878 48.7208 52.4608 23.919 25.2498
3 923520 317595 47.141 51.2472 22.3475 23.2511
4 923520 301301 46.6407 50.8252 21.873 22.8798
5 923520 265093 45.466 49.665 20.7625 21.3484
6 923520 227440 43.8667 48.1293 19.0285 19.4842
7 923520 205425 43.1731 47.5046 18.4573 18.9122
8 923520 185498 42.4682 46.7199 17.9146 18.302
9 923520 179161 42.308 46.5291 17.8159 18.264
10 923520 151398 41.262 45.2921 17.0269 17.1914
11 923520 146928 41.0913 45.0111 16.9379 17.1682
12 923520 135040 40.571 44.4008 16.6045 16.5993
13 923520 119232 39.8392 43.43 16.1391 16.1295
14 923520 116093 39.7085 43.275 16.0707 16.1515
15 923520 111397 39.476 43.0435 15.9428 15.9386
16 923520 105567 39.2011 42.7086 15.7771 15.809
17 923520 104517 39.1426 42.6522 15.7633 15.8012
18 923520 96568 38.7053 42.1473 15.5181 15.5015
19 923520 94154 38.5828 41.9128 15.4457 15.4082
20 923520 91598 38.4126 41.7262 15.3598 15.2903
21 923520 87361 38.1679 41.3452 15.2088 15.0521
22 923520 85733 38.0603 41.108 15.1422 14.9819
23 923520 83238 37.8962 40.9491 15.0618 14.9025
24 923520 80532 37.7169 40.6736 14.9519 14.7684
25 923520 78358 37.5893 40.4327 14.8826 14.6659
26 923520 76117 37.4388 40.3013 14.819 14.5865
27 923520 71678 37.1394 39.8496 14.6523 14.4939
28 923520 67381 36.79 39.2154 14.4535 14.2808
29 923520 64238 36.5485 38.7743 14.2998 14.0799
30 923520 61300 36.3261 38.3762 14.1674 13.8924
31 923520 58794 36.094 38.0886 14.0521 13.8781
32 923520 56236 35.8873 37.6706 13.9255 13.7516
33 923520 53987 35.6565 37.2576 13.7847 13.6453
34 923520 52198 35.4841 36.9571 13.6808 13.5413
35 923520 50545 35.336 36.7383 13.61 13.5035
36 923520 49158 35.2087 36.5594 13.5277 13.4579
37 923520 47249 35.0016 36.1978 13.4009 13.3041
38 923520 45000 34.7357 35.7045 13.2325 13.1961
39 923520 42877 34.5048 35.3257 13.1129 13.0926
40 923520 40700 34.2582 34.9121 12.9454 12.9587
41 923520 39063 34.073 34.6136 12.8255 12.7855
42 923520 36578 33.7067 33.9196 12.5682 12.5692
43 923520 34391 33.4356 33.4725 12.374 12.3976
44 923520 32572 33.1483 32.9481 12.1703 12.2098
45 923520 30876 32.8962 32.5369 11.9876 12.0318
46 923520 29333 32.6497 32.1223 11.8024 11.8046
47 923520 28009 32.3759 31.5161 11.5683 11.6215
48 923520 26921 32.21 31.268 11.4433 11.4883
49 923520 25719 31.976 30.8534 11.2487 11.3163
50 923520 24429 31.722 30.4122 11.0557 11.1235
51 923520 23310 31.4893 30.0322 10.8773 10.9733
52 923520 22293 31.285 29.6516 10.6886 10.7448
53 923520 20905 31.0069 29.2069 10.4527 10.5355
54 923520 19762 30.7544 28.7461 10.241 10.382
55 923520 18904 30.5546 28.4031 10.0744 10.2379
56 923520 17800 30.2263 27.8644 9.77465 9.95076
57 923520 16664 29.9472 27.3963 9.53633 9.74558
58 923520 15527 29.6376 26.9186 9.26808 9.49186
59 923520 14700 29.399 26.5487 9.07385 9.32818
60 923520 13957 29.1861 26.1928 8.86222 9.15899
61 923520 13093 28.89 25.7459 8.61807 8.91044
62 923520 12280 28.6281 25.3495 8.39777 8.72794
63 923520 11409 28.3296 24.9041 8.13885 8.47189
