1 1088416 406895 49.6888 52.3465 24.3446 21.4681
2 1088416 380781 49.2798 52.0698 23.9746 21.5881
3 1088416 333334 48.0083 50.9758 22.9313 21.0791
4 1088416 317360 47.5776 50.5935 22.5776 20.3264
5 1088416 287470 46.5701 49.5774 21.7493 19.7888
6 1088416 256693 45.374 48.2397 20.7162 18.8969
7 1088416 239279 44.6609 47.5743 20.1326 18.9812
8 1088416 222819 43.8926 46.7323 19.5094 18.5797
9 1088416 215916 43.7519 46.696 19.416 18.5247
10 1088416 191934 42.5959 45.4221 18.403 17.9715
11 1088416 186099 42.3415 45.0449 18.2268 17.6928
12 1088416 174553 41.7052 44.3798 17.6971 17.2285
13 1088416 159028 40.7733 43.2682 16.8898 16.6966
14 1088416 155151 40.6175 43.1083 16.7743 16.6007
15 1088416 150255 40.3069 42.8725 16.5114 16.4958
16 1088416 143908 39.9678 42.5119 16.2058 16.2419
17 1088416 142291 39.8598 42.5109 16.1667 16.2503
18 1088416 133320 39.2895 41.943 15.6658 15.9146
19 1088416 130040 39.1016 41.64 15.5109 15.8466
20 1088416 127038 38.8781 41.4593 15.3318 15.6356
21 1088416 121858 38.5524 40.9796 15.0262 15.3194
22 1088416 119589 38.3938 40.7048 14.8977 15.1762
23 1088416 116669 38.1624 40.5021 14.6716 15.0652
24 1088416 112812 37.8951 40.1799 14.4362 14.8678
25 1088416 109887 37.722 39.9034 14.3094 14.6721
26 1088416 107026 37.5154 39.7479 14.1433 14.6535
27 1088416 100638 37.1051 39.2396 13.8066 14.3164
28 1088416 94520 36.6349 38.6805 13.4001 13.9298
29 1088416 90038 36.2899 38.1645 13.109 13.5097
30 1088416 85413 35.9607 37.7168 12.8333 13.323
31 1088416 81611 35.638 37.4396 12.57 13.027
32 1088416 77932 35.369 37.0763 12.3698 12.8516
33 1088416 74463 35.0692 36.6548 12.11 12.5625
34 1088416 71478 34.8308 36.3183 11.9279 12.3987
35 1088416 69130 34.6536 36.161 11.8253 12.2997
36 1088416 66798 34.4494 35.9543 11.674 12.1421
37 1088416 63664 34.1736 35.6095 11.4411 11.9013
38 1088416 60066 33.845 35.191 11.2091 11.6858
39 1088416 56483 33.5011 34.7945 10.9434 11.4559
40 1088416 52813 33.1624 34.4331 10.6891 11.1656
41 1088416 49973 32.8838 34.0596 10.4869 10.9305
42 1088416 45726 32.4413 33.5165 10.1633 10.6385
43 1088416 41984 32.0403 33.0826 9.87229 10.2866
44 1088416 38989 31.6967 32.6085 9.61138 10
45 1088416 36052 31.3617 32.2075 9.37257 9.75399
46 1088416 33371 31.0626 31.819 9.16602 9.54507
47 1088416 31163 30.7884 31.4573 8.97599 9.34964
48 1088416 29471 30.5686 31.1507 8.79779 9.09791
49 1088416 27209 30.278 30.7567 8.56788 8.87555
50 1088416 25134 29.9978 30.4065 8.37728 8.69261
51 1088416 23395 29.75 30.0502 8.1749 8.44918
52 1088416 21832 29.5144 29.7344 8.02261 8.3278
53 1088416 20041 29.2715 29.3777 7.845 8.14231
54 1088416 18605 29.041 28.9535 7.65595 7.89549
55 1088416 17386 28.8562 28.6955 7.50885 7.71929
56 1088416 15861 28.6077 28.2992 7.30926 7.49467
57 1088416 14569 28.3884 27.9069 7.13592 7.32999
58 1088416 13261 28.1629 27.5184 6.94224 7.05055
59 1088416 12319 27.9876 27.218 6.808 6.91073
60 1088416 11471 27.8116 26.8682 6.66184 6.73375
61 1088416 10664 27.6412 26.525 6.50596 6.52002
62 1088416 9910 27.4912 26.2734 6.39369 6.45115
63 1088416 9158 27.3387 25.9868 6.26501 6.2715
