1 938400 508375 0 0 27.3344 0
2 938400 478783 0 0 26.8747 0
3 938400 431626 0 0 25.5121 0
4 938400 412011 0 0 25.0874 0
5 938400 379064 0 0 24.0601 0
6 938400 340942 0 0 22.6531 0
7 938400 319822 0 0 21.9825 0
8 938400 299805 0 0 21.2811 0
9 938400 291259 0 0 21.1502 0
10 938400 261967 0 0 20.0973 0
11 938400 254603 0 0 19.919 0
12 938400 239584 0 0 19.3918 0
13 938400 220107 0 0 18.5792 0
14 938400 215371 0 0 18.4558 0
15 938400 208717 0 0 18.2008 0
16 938400 201231 0 0 17.9221 0
17 938400 198675 0 0 17.85 0
18 938400 187650 0 0 17.3787 0
19 938400 183694 0 0 17.2426 0
20 938400 179466 0 0 17.0576 0
21 938400 173394 0 0 16.769 0
22 938400 170388 0 0 16.6431 0
23 938400 166501 0 0 16.4406 0
24 938400 161686 0 0 16.2109 0
25 938400 158124 0 0 16.0685 0
26 938400 154247 0 0 15.8931 0
27 938400 146256 0 0 15.5664 0
28 938400 138546 0 0 15.1635 0
29 938400 132573 0 0 14.8664 0
30 938400 126918 0 0 14.6023 0
31 938400 121452 0 0 14.3311 0
32 938400 116869 0 0 14.0986 0
33 938400 112178 0 0 13.8474 0
34 938400 108225 0 0 13.6281 0
35 938400 104757 0 0 13.5138 0
36 938400 101736 0 0 13.3213 0
37 938400 97701 0 0 13.0889 0
38 938400 92911 0 0 12.8242 0
39 938400 87955 0 0 12.5672 0
40 938400 82947 0 0 12.2609 0
41 938400 79030 0 0 12.0406 0
42 938400 73047 0 0 11.6581 0
43 938400 67784 0 0 11.3293 0
44 938400 63584 0 0 11.0208 0
45 938400 59524 0 0 10.7409 0
46 938400 55765 0 0 10.482 0
47 938400 52496 0 0 10.2225 0
48 938400 50174 0 0 10.0406 0
49 938400 46974 0 0 9.77848 0
50 938400 43952 0 0 9.52286 0
51 938400 41277 0 0 9.2961 0
52 938400 38926 0 0 9.06867 0
53 938400 36132 0 0 8.83176 0
54 938400 33734 0 0 8.5407 0
55 938400 31632 0 0 8.34062 0
56 938400 29278 0 0 8.06178 0
57 938400 27169 0 0 7.84061 0
58 938400 24938 0 0 7.59725 0
59 938400 23293 0 0 7.40314 0
60 938400 21868 0 0 7.23135 0
61 938400 20397 0 0 7.00822 0
62 938400 18792 0 0 6.77685 0
63 938400 17308 0 0 6.58811 0
