1 938400 508375 49.2982 54.5453 27.3344 16.6945
2 938400 478783 48.8405 54.3255 26.8747 16.5604
3 938400 431626 47.3191 53.1982 25.5121 16.5302
4 938400 412011 46.8336 52.8047 25.0874 16.5325
5 938400 379064 45.6618 51.7576 24.0601 16.3344
6 938400 340942 44.2191 50.2681 22.6531 16.1491
7 938400 319822 43.4076 49.5019 21.9825 16.1838
8 938400 299805 42.5606 48.5749 21.2811 15.9484
9 938400 291259 42.3829 48.3282 21.1502 16.0365
10 938400 261967 41.1546 46.9152 20.0973 15.8462
11 938400 254603 40.8637 46.5667 19.919 15.7323
12 938400 239584 40.1859 45.8917 19.3918 15.5311
13 938400 220107 39.2025 44.5822 18.5792 15.3117
14 938400 215371 39.0232 44.4056 18.4558 15.3241
15 938400 208717 38.6887 44.1167 18.2008 15.2032
16 938400 201231 38.3304 43.7172 17.9221 15.1294
17 938400 198675 38.2069 43.6294 17.85 15.1179
18 938400 187650 37.6035 42.9866 17.3787 15.0608
19 938400 183694 37.4079 42.6867 17.2426 15.0011
20 938400 179466 37.1442 42.4494 17.0576 14.8369
21 938400 173394 36.8297 41.9815 16.769 14.5922
22 938400 170388 36.6602 41.6957 16.6431 14.7522
23 938400 166501 36.4301 41.4207 16.4406 14.6414
24 938400 161686 36.1415 41.0412 16.2109 14.4553
25 938400 158124 35.9616 40.7228 16.0685 14.4102
26 938400 154247 35.7344 40.5177 15.8931 14.3375
27 938400 146256 35.3071 39.9391 15.5664 14.2377
28 938400 138546 34.8282 39.2721 15.1635 14.0076
29 938400 132573 34.4786 38.6951 14.8664 13.7814
30 938400 126918 34.1442 38.1972 14.6023 13.6171
31 938400 121452 33.7826 37.8307 14.3311 13.4984
32 938400 116869 33.4981 37.4302 14.0986 13.3324
33 938400 112178 33.1956 36.9219 13.8474 13.1532
34 938400 108225 32.9375 36.5339 13.6281 13.0305
35 938400 104757 32.7266 36.3228 13.5138 13.0372
36 938400 101736 32.5183 35.9825 13.3213 12.8828
37 938400 97701 32.2401 35.5711 13.0889 12.6921
38 938400 92911 31.8888 35.0658 12.8242 12.5424
39 938400 87955 31.5415 34.7027 12.5672 12.3816
40 938400 82947 31.1763 34.1806 12.2609 12.254
41 938400 79030 30.8792 33.7558 12.0406 12.1558
42 938400 73047 30.4033 33.0938 11.6581 11.789
43 938400 67784 29.9764 32.5651 11.3293 11.6518
44 938400 63584 29.6208 31.9777 11.0208 11.3784
45 938400 59524 29.2814 31.4703 10.7409 11.169
46 938400 55765 28.9579 31.0389 10.482 10.9731
47 938400 52496 28.656 30.5225 10.2225 10.7651
48 938400 50174 28.4384 30.1667 10.0406 10.6345
49 938400 46974 28.1277 29.6899 9.77848 10.4529
50 938400 43952 27.8226 29.2065 9.52286 10.231
51 938400 41277 27.5586 28.8135 9.2961 10.0264
52 938400 38926 27.3056 28.3922 9.06867 9.83499
53 938400 36132 27.0403 27.8986 8.83176 9.66558
54 938400 33734 26.7834 27.2985 8.5407 9.36213
55 938400 31632 26.5717 26.9458 8.34062 9.16529
56 938400 29278 26.3109 26.4176 8.06178 8.88545
57 938400 27169 26.0615 25.9391 7.84061 8.72222
58 938400 24938 25.8063 25.4485 7.59725 8.46252
59 938400 23293 25.604 25.0597 7.40314 8.29525
60 938400 21868 25.4022 24.6846 7.23135 8.11263
61 938400 20397 25.1808 24.2484 7.00822 7.88884
62 938400 18792 24.9528 23.8204 6.77685 7.65944
63 938400 17308 24.7385 23.4058 6.58811 7.49086
