1 1155600 406501 49.3248 50.4453 21.1798 19.8517
2 1155600 376174 48.7538 49.9919 20.6123 19.8076
3 1155600 300338 47.0749 48.7146 18.8866 18.2432
4 1155600 280829 46.5354 48.2827 18.3655 17.9116
5 1155600 227412 45.359 47.1091 17.201 16.5104
6 1155600 178255 43.7546 45.539 15.6425 14.4375
7 1155600 151958 43.1608 44.8024 15.1015 13.445
8 1155600 129550 42.6078 44.1243 14.6312 12.5037
9 1155600 123359 42.4888 43.9366 14.5453 12.3993
10 1155600 96679 41.6969 42.9318 13.9248 11.0848
11 1155600 92549 41.5764 42.695 13.8398 10.8337
12 1155600 83114 41.1983 42.2561 13.5746 10.3704
13 1155600 71443 40.6749 41.6481 13.2079 10.0618
14 1155600 68995 40.5873 41.567 13.1552 9.97705
15 1155600 65707 40.4146 41.4207 13.0423 9.94095
16 1155600 61542 40.2008 41.1777 12.8838 9.82101
17 1155600 60920 40.1712 41.1627 12.874 9.8259
18 1155600 55262 39.816 40.7926 12.6221 9.61819
19 1155600 53496 39.7193 40.6197 12.5511 9.53627
20 1155600 51778 39.6005 40.4958 12.4713 9.51095
21 1155600 48688 39.3946 40.1938 12.3154 9.35547
22 1155600 47565 39.3134 40.057 12.2615 9.2663
23 1155600 46082 39.1843 39.9165 12.1643 9.21569
24 1155600 44005 39.027 39.6986 12.0522 9.12469
25 1155600 42593 38.9405 39.5302 11.9901 9.05477
26 1155600 41108 38.8242 39.4186 11.9064 9.00775
27 1155600 37997 38.5948 39.0472 11.7319 8.87114
28 1155600 34980 38.3097 38.6339 11.5151 8.69922
29 1155600 32968 38.1207 38.3392 11.3824 8.58676
30 1155600 31001 37.946 38.0667 11.259 8.48387
31 1155600 29357 37.751 37.8016 11.1045 8.39583
32 1155600 27810 37.6012 37.573 11.0028 8.29
33 1155600 26380 37.4217 37.2787 10.8786 8.20965
34 1155600 25159 37.284 37.0411 10.7782 8.10517
35 1155600 24411 37.1974 36.8727 10.7006 8.06097
36 1155600 23569 37.0913 36.7204 10.6138 7.99144
37 1155600 22486 36.931 36.4733 10.5038 7.93915
38 1155600 21070 36.7434 36.1196 10.3422 7.83058
39 1155600 19873 36.5712 35.8709 10.2099 7.72493
40 1155600 18603 36.3844 35.5869 10.0702 7.64786
41 1155600 17615 36.2308 35.3227 9.95751 7.56632
42 1155600 16254 35.9725 34.8621 9.74767 7.38695
43 1155600 14953 35.7438 34.5282 9.56725 7.22599
44 1155600 14026 35.548 34.1769 9.41127 7.08251
45 1155600 13100 35.3504 33.8736 9.27028 6.97122
46 1155600 12227 35.1755 33.6128 9.13663 6.87134
47 1155600 11571 35.0019 33.2895 8.99387 6.73684
48 1155600 11006 34.8631 33.0429 8.88235 6.65177
49 1155600 10338 34.7049 32.7772 8.76136 6.53615
50 1155600 9660 34.5072 32.4499 8.59658 6.38908
51 1155600 9144 34.3539 32.2097 8.48144 6.27766
52 1155600 8787 34.198 31.8911 8.35447 6.20793
53 1155600 8163 34.0366 31.6895 8.25753 6.09551
54 1155600 7683 33.8602 31.3895 8.12786 5.98415
55 1155600 7313 33.7341 31.2012 8.04278 5.9219
56 1155600 6824 33.5496 30.8527 7.90114 5.78056
57 1155600 6516 33.4381 30.6829 7.81598 5.73148
58 1155600 6097 33.2406 30.3554 7.67667 5.60405
59 1155600 5711 33.1009 30.1441 7.59208 5.54534
60 1155600 5393 32.9438 29.8672 7.47641 5.42866
61 1155600 5133 32.8189 29.6785 7.39655 5.34239
62 1155600 4917 32.6633 29.4285 7.28478 5.24426
63 1155600 4676 32.535 29.2345 7.21074 5.14439
